<?xml version="1.0" encoding="UTF-8"?>
<!-- Generated by org.testng.reporters.JUnitReportReporter -->
<testsuite hostname="DeskTop-Prakash" name="samplePackage.SampleTest1" tests="100" failures="0" timestamp="8 Jul 2017 17:02:03 GMT" time="2260.516" errors="0">
  <testcase name="test1" time="24.216" classname="samplePackage.SampleTest1"/>
  <testcase name="test1" time="21.876" classname="samplePackage.SampleTest1"/>
  <testcase name="test1" time="20.110" classname="samplePackage.SampleTest1"/>
  <testcase name="test1" time="24.567" classname="samplePackage.SampleTest1"/>
  <testcase name="test1" time="23.333" classname="samplePackage.SampleTest1"/>
  <testcase name="test1" time="21.785" classname="samplePackage.SampleTest1"/>
  <testcase name="test1" time="20.345" classname="samplePackage.SampleTest1"/>
  <testcase name="test1" time="22.298" classname="samplePackage.SampleTest1"/>
  <testcase name="test1" time="18.787" classname="samplePackage.SampleTest1"/>
  <testcase name="test1" time="20.470" classname="samplePackage.SampleTest1"/>
  <testcase name="test1" time="24.418" classname="samplePackage.SampleTest1"/>
  <testcase name="test1" time="21.735" classname="samplePackage.SampleTest1"/>
  <testcase name="test1" time="23.172" classname="samplePackage.SampleTest1"/>
  <testcase name="test1" time="25.587" classname="samplePackage.SampleTest1"/>
  <testcase name="test1" time="24.392" classname="samplePackage.SampleTest1"/>
  <testcase name="test1" time="21.860" classname="samplePackage.SampleTest1"/>
  <testcase name="test1" time="24.137" classname="samplePackage.SampleTest1"/>
  <testcase name="test1" time="24.266" classname="samplePackage.SampleTest1"/>
  <testcase name="test1" time="23.046" classname="samplePackage.SampleTest1"/>
  <testcase name="test1" time="19.875" classname="samplePackage.SampleTest1"/>
  <testcase name="test1" time="23.758" classname="samplePackage.SampleTest1"/>
  <testcase name="test1" time="19.766" classname="samplePackage.SampleTest1"/>
  <testcase name="test1" time="21.556" classname="samplePackage.SampleTest1"/>
  <testcase name="test1" time="22.241" classname="samplePackage.SampleTest1"/>
  <testcase name="test1" time="24.646" classname="samplePackage.SampleTest1"/>
  <testcase name="test1" time="28.681" classname="samplePackage.SampleTest1"/>
  <testcase name="test1" time="22.372" classname="samplePackage.SampleTest1"/>
  <testcase name="test1" time="25.454" classname="samplePackage.SampleTest1"/>
  <testcase name="test1" time="23.126" classname="samplePackage.SampleTest1"/>
  <testcase name="test1" time="27.381" classname="samplePackage.SampleTest1"/>
  <testcase name="test1" time="25.323" classname="samplePackage.SampleTest1"/>
  <testcase name="test1" time="20.267" classname="samplePackage.SampleTest1"/>
  <testcase name="test1" time="23.644" classname="samplePackage.SampleTest1"/>
  <testcase name="test1" time="21.315" classname="samplePackage.SampleTest1"/>
  <testcase name="test1" time="20.845" classname="samplePackage.SampleTest1"/>
  <testcase name="test1" time="21.579" classname="samplePackage.SampleTest1"/>
  <testcase name="test1" time="22.579" classname="samplePackage.SampleTest1"/>
  <testcase name="test1" time="20.798" classname="samplePackage.SampleTest1"/>
  <testcase name="test1" time="27.132" classname="samplePackage.SampleTest1"/>
  <testcase name="test1" time="32.483" classname="samplePackage.SampleTest1"/>
  <testcase name="test1" time="19.454" classname="samplePackage.SampleTest1"/>
  <testcase name="test1" time="24.095" classname="samplePackage.SampleTest1"/>
  <testcase name="test1" time="24.021" classname="samplePackage.SampleTest1"/>
  <testcase name="test1" time="23.579" classname="samplePackage.SampleTest1"/>
  <testcase name="test1" time="23.486" classname="samplePackage.SampleTest1"/>
  <testcase name="test1" time="23.894" classname="samplePackage.SampleTest1"/>
  <testcase name="test1" time="20.987" classname="samplePackage.SampleTest1"/>
  <testcase name="test1" time="23.211" classname="samplePackage.SampleTest1"/>
  <testcase name="test1" time="23.959" classname="samplePackage.SampleTest1"/>
  <testcase name="test1" time="19.610" classname="samplePackage.SampleTest1"/>
  <testcase name="test1" time="20.810" classname="samplePackage.SampleTest1"/>
  <testcase name="test1" time="22.848" classname="samplePackage.SampleTest1"/>
  <testcase name="test1" time="22.547" classname="samplePackage.SampleTest1"/>
  <testcase name="test1" time="21.206" classname="samplePackage.SampleTest1"/>
  <testcase name="test1" time="21.658" classname="samplePackage.SampleTest1"/>
  <testcase name="test1" time="20.610" classname="samplePackage.SampleTest1"/>
  <testcase name="test1" time="20.001" classname="samplePackage.SampleTest1"/>
  <testcase name="test1" time="23.817" classname="samplePackage.SampleTest1"/>
  <testcase name="test1" time="20.181" classname="samplePackage.SampleTest1"/>
  <testcase name="test1" time="23.413" classname="samplePackage.SampleTest1"/>
  <testcase name="test1" time="19.133" classname="samplePackage.SampleTest1"/>
  <testcase name="test1" time="22.579" classname="samplePackage.SampleTest1"/>
  <testcase name="test1" time="23.123" classname="samplePackage.SampleTest1"/>
  <testcase name="test1" time="27.250" classname="samplePackage.SampleTest1"/>
  <testcase name="test1" time="23.453" classname="samplePackage.SampleTest1"/>
  <testcase name="test1" time="19.979" classname="samplePackage.SampleTest1"/>
  <testcase name="test1" time="21.032" classname="samplePackage.SampleTest1"/>
  <testcase name="test1" time="23.190" classname="samplePackage.SampleTest1"/>
  <testcase name="test1" time="23.130" classname="samplePackage.SampleTest1"/>
  <testcase name="test1" time="24.178" classname="samplePackage.SampleTest1"/>
  <testcase name="test1" time="19.157" classname="samplePackage.SampleTest1"/>
  <testcase name="test1" time="20.142" classname="samplePackage.SampleTest1"/>
  <testcase name="test1" time="28.060" classname="samplePackage.SampleTest1"/>
  <testcase name="test1" time="20.329" classname="samplePackage.SampleTest1"/>
  <testcase name="test1" time="21.669" classname="samplePackage.SampleTest1"/>
  <testcase name="test1" time="25.751" classname="samplePackage.SampleTest1"/>
  <testcase name="test1" time="21.141" classname="samplePackage.SampleTest1"/>
  <testcase name="test1" time="27.775" classname="samplePackage.SampleTest1"/>
  <testcase name="test1" time="23.829" classname="samplePackage.SampleTest1"/>
  <testcase name="test1" time="21.794" classname="samplePackage.SampleTest1"/>
  <testcase name="test1" time="22.285" classname="samplePackage.SampleTest1"/>
  <testcase name="test1" time="21.642" classname="samplePackage.SampleTest1"/>
  <testcase name="test1" time="23.719" classname="samplePackage.SampleTest1"/>
  <testcase name="test1" time="21.087" classname="samplePackage.SampleTest1"/>
  <testcase name="test1" time="22.560" classname="samplePackage.SampleTest1"/>
  <testcase name="test1" time="20.873" classname="samplePackage.SampleTest1"/>
  <testcase name="test1" time="19.688" classname="samplePackage.SampleTest1"/>
  <testcase name="test1" time="23.072" classname="samplePackage.SampleTest1"/>
  <testcase name="test1" time="22.766" classname="samplePackage.SampleTest1"/>
  <testcase name="test1" time="24.105" classname="samplePackage.SampleTest1"/>
  <testcase name="test1" time="19.047" classname="samplePackage.SampleTest1"/>
  <testcase name="test1" time="21.063" classname="samplePackage.SampleTest1"/>
  <testcase name="test1" time="20.923" classname="samplePackage.SampleTest1"/>
  <testcase name="test1" time="22.116" classname="samplePackage.SampleTest1"/>
  <testcase name="test1" time="24.714" classname="samplePackage.SampleTest1"/>
  <testcase name="test1" time="19.759" classname="samplePackage.SampleTest1"/>
  <testcase name="test1" time="21.689" classname="samplePackage.SampleTest1"/>
  <testcase name="test1" time="24.013" classname="samplePackage.SampleTest1"/>
  <testcase name="test1" time="20.313" classname="samplePackage.SampleTest1"/>
  <testcase name="test1" time="19.780" classname="samplePackage.SampleTest1"/>
</testsuite> <!-- samplePackage.SampleTest1 -->
