<?xml version="1.0" encoding="UTF-8"?>
<!-- Generated by org.testng.reporters.JUnitReportReporter -->
<testsuite hostname="DeskTop-Prakash" name="samplePackage.SampleTest" tests="10000" failures="0" timestamp="9 Jul 2017 05:48:48 GMT" time="48440.391" errors="4">
  <testcase name="test1" time="2.872" classname="samplePackage.SampleTest"/>
  <testcase name="test1" time="3.547" classname="samplePackage.SampleTest"/>
  <testcase name="test1" time="3.703" classname="samplePackage.SampleTest"/>
  <testcase name="test1" time="2.735" classname="samplePackage.SampleTest"/>
  <testcase name="test1" time="2.831" classname="samplePackage.SampleTest"/>
  <testcase name="test1" time="3.652" classname="samplePackage.SampleTest"/>
  <testcase name="test1" time="2.735" classname="samplePackage.SampleTest"/>
  <testcase name="test1" time="0.000" classname="samplePackage.SampleTest"/>
  <testcase name="test1" time="0.000" classname="samplePackage.SampleTest"/>
  <testcase name="test1" time="4.134" classname="samplePackage.SampleTest"/>
  <testcase name="test1" time="2.828" classname="samplePackage.SampleTest"/>
  <testcase name="test1" time="2.687" classname="samplePackage.SampleTest"/>
  <testcase name="test1" time="3.140" classname="samplePackage.SampleTest"/>
  <testcase name="test1" time="0.000" classname="samplePackage.SampleTest"/>
  <testcase name="test1" time="4.063" classname="samplePackage.SampleTest"/>
  <testcase name="test1" time="0.000" classname="samplePackage.SampleTest"/>
  <testcase name="test1" time="2.642" classname="samplePackage.SampleTest"/>
  <testcase name="test1" time="0.016" classname="samplePackage.SampleTest"/>
  <testcase name="test1" time="2.830" classname="samplePackage.SampleTest"/>
  <testcase name="test1" time="3.328" classname="samplePackage.SampleTest"/>
  <testcase name="test1" time="0.000" classname="samplePackage.SampleTest"/>
  <testcase name="test1" time="2.750" classname="samplePackage.SampleTest"/>
  <testcase name="test1" time="4.228" classname="samplePackage.SampleTest"/>
  <testcase name="test1" time="3.046" classname="samplePackage.SampleTest"/>
  <testcase name="test1" time="2.766" classname="samplePackage.SampleTest"/>
  <testcase name="test1" time="7.376" classname="samplePackage.SampleTest"/>
  <testcase name="test1" time="3.250" classname="samplePackage.SampleTest"/>
  <testcase name="test1" time="2.719" classname="samplePackage.SampleTest"/>
  <testcase name="test1" time="2.625" classname="samplePackage.SampleTest"/>
  <testcase name="test1" time="3.000" classname="samplePackage.SampleTest"/>
  <testcase name="test1" time="3.781" classname="samplePackage.SampleTest"/>
  <testcase name="test1" time="2.703" classname="samplePackage.SampleTest"/>
  <testcase name="test1" time="0.000" classname="samplePackage.SampleTest"/>
  <testcase name="test1" time="3.266" classname="samplePackage.SampleTest"/>
  <testcase name="test1" time="42.580" classname="samplePackage.SampleTest"/>
  <testcase name="test1" time="0.000" classname="samplePackage.SampleTest"/>
  <testcase name="test1" time="4.361" classname="samplePackage.SampleTest"/>
  <testcase name="test1" time="3.307" classname="samplePackage.SampleTest"/>
  <testcase name="test1" time="0.000" classname="samplePackage.SampleTest"/>
  <testcase name="test1" time="0.000" classname="samplePackage.SampleTest"/>
  <testcase name="test1" time="3.281" classname="samplePackage.SampleTest"/>
  <testcase name="test1" time="0.016" classname="samplePackage.SampleTest"/>
  <testcase name="test1" time="3.375" classname="samplePackage.SampleTest"/>
  <testcase name="test1" time="3.766" classname="samplePackage.SampleTest"/>
  <testcase name="test1" time="2.703" classname="samplePackage.SampleTest"/>
  <testcase name="test1" time="0.000" classname="samplePackage.SampleTest"/>
  <testcase name="test1" time="4.109" classname="samplePackage.SampleTest"/>
  <testcase name="test1" time="2.875" classname="samplePackage.SampleTest"/>
  <testcase name="test1" time="2.969" classname="samplePackage.SampleTest"/>
  <testcase name="test1" time="0.000" classname="samplePackage.SampleTest"/>
  <testcase name="test1" time="3.938" classname="samplePackage.SampleTest"/>
  <testcase name="test1" time="3.740" classname="samplePackage.SampleTest"/>
  <testcase name="test1" time="7.516" classname="samplePackage.SampleTest"/>
  <testcase name="test1" time="2.719" classname="samplePackage.SampleTest"/>
  <testcase name="test1" time="0.000" classname="samplePackage.SampleTest"/>
  <testcase name="test1" time="2.750" classname="samplePackage.SampleTest"/>
  <testcase name="test1" time="6.953" classname="samplePackage.SampleTest"/>
  <testcase name="test1" time="4.090" classname="samplePackage.SampleTest"/>
  <testcase name="test1" time="3.021" classname="samplePackage.SampleTest"/>
  <testcase name="test1" time="3.860" classname="samplePackage.SampleTest"/>
  <testcase name="test1" time="3.141" classname="samplePackage.SampleTest"/>
  <testcase name="test1" time="4.115" classname="samplePackage.SampleTest"/>
  <testcase name="test1" time="4.235" classname="samplePackage.SampleTest"/>
  <testcase name="test1" time="0.000" classname="samplePackage.SampleTest"/>
  <testcase name="test1" time="2.797" classname="samplePackage.SampleTest"/>
  <testcase name="test1" time="4.063" classname="samplePackage.SampleTest"/>
  <testcase name="test1" time="2.719" classname="samplePackage.SampleTest"/>
  <testcase name="test1" time="3.266" classname="samplePackage.SampleTest"/>
  <testcase name="test1" time="3.083" classname="samplePackage.SampleTest"/>
  <testcase name="test1" time="3.535" classname="samplePackage.SampleTest"/>
  <testcase name="test1" time="2.782" classname="samplePackage.SampleTest"/>
  <testcase name="test1" time="2.687" classname="samplePackage.SampleTest"/>
  <testcase name="test1" time="2.898" classname="samplePackage.SampleTest"/>
  <testcase name="test1" time="2.812" classname="samplePackage.SampleTest"/>
  <testcase name="test1" time="0.000" classname="samplePackage.SampleTest"/>
  <testcase name="test1" time="3.797" classname="samplePackage.SampleTest"/>
  <testcase name="test1" time="4.000" classname="samplePackage.SampleTest"/>
  <testcase name="test1" time="4.062" classname="samplePackage.SampleTest"/>
  <testcase name="test1" time="0.000" classname="samplePackage.SampleTest"/>
  <testcase name="test1" time="0.000" classname="samplePackage.SampleTest"/>
  <testcase name="test1" time="2.782" classname="samplePackage.SampleTest"/>
  <testcase name="test1" time="2.766" classname="samplePackage.SampleTest"/>
  <testcase name="test1" time="2.911" classname="samplePackage.SampleTest"/>
  <testcase name="test1" time="3.547" classname="samplePackage.SampleTest"/>
  <testcase name="test1" time="3.406" classname="samplePackage.SampleTest"/>
  <testcase name="test1" time="0.000" classname="samplePackage.SampleTest"/>
  <testcase name="test1" time="2.953" classname="samplePackage.SampleTest"/>
  <testcase name="test1" time="3.104" classname="samplePackage.SampleTest"/>
  <testcase name="test1" time="3.031" classname="samplePackage.SampleTest"/>
  <testcase name="test1" time="3.063" classname="samplePackage.SampleTest"/>
  <testcase name="test1" time="2.735" classname="samplePackage.SampleTest"/>
  <testcase name="test1" time="3.156" classname="samplePackage.SampleTest"/>
  <testcase name="test1" time="2.891" classname="samplePackage.SampleTest"/>
  <testcase name="test1" time="7.063" classname="samplePackage.SampleTest"/>
  <testcase name="test1" time="0.000" classname="samplePackage.SampleTest"/>
  <testcase name="test1" time="2.782" classname="samplePackage.SampleTest"/>
  <testcase name="test1" time="0.016" classname="samplePackage.SampleTest"/>
  <testcase name="test1" time="2.500" classname="samplePackage.SampleTest"/>
  <testcase name="test1" time="0.000" classname="samplePackage.SampleTest"/>
  <testcase name="test1" time="2.734" classname="samplePackage.SampleTest"/>
  <testcase name="test1" time="2.937" classname="samplePackage.SampleTest"/>
  <testcase name="test1" time="0.000" classname="samplePackage.SampleTest"/>
  <testcase name="test1" time="3.875" classname="samplePackage.SampleTest"/>
  <testcase name="test1" time="0.000" classname="samplePackage.SampleTest"/>
  <testcase name="test1" time="0.000" classname="samplePackage.SampleTest"/>
  <testcase name="test1" time="2.869" classname="samplePackage.SampleTest"/>
  <testcase name="test1" time="2.821" classname="samplePackage.SampleTest"/>
  <testcase name="test1" time="3.406" classname="samplePackage.SampleTest"/>
  <testcase name="test1" time="0.000" classname="samplePackage.SampleTest"/>
  <testcase name="test1" time="2.735" classname="samplePackage.SampleTest"/>
  <testcase name="test1" time="0.000" classname="samplePackage.SampleTest"/>
  <testcase name="test1" time="3.109" classname="samplePackage.SampleTest"/>
  <testcase name="test1" time="3.703" classname="samplePackage.SampleTest"/>
  <testcase name="test1" time="2.922" classname="samplePackage.SampleTest"/>
  <testcase name="test1" time="3.328" classname="samplePackage.SampleTest"/>
  <testcase name="test1" time="4.281" classname="samplePackage.SampleTest"/>
  <testcase name="test1" time="6.813" classname="samplePackage.SampleTest"/>
  <testcase name="test1" time="3.524" classname="samplePackage.SampleTest"/>
  <testcase name="test1" time="0.000" classname="samplePackage.SampleTest"/>
  <testcase name="test1" time="3.000" classname="samplePackage.SampleTest"/>
  <testcase name="test1" time="3.016" classname="samplePackage.SampleTest"/>
  <testcase name="test1" time="0.016" classname="samplePackage.SampleTest"/>
  <testcase name="test1" time="0.016" classname="samplePackage.SampleTest"/>
  <testcase name="test1" time="2.875" classname="samplePackage.SampleTest"/>
  <testcase name="test1" time="3.438" classname="samplePackage.SampleTest"/>
  <testcase name="test1" time="4.313" classname="samplePackage.SampleTest"/>
  <testcase name="test1" time="2.766" classname="samplePackage.SampleTest"/>
  <testcase name="test1" time="3.797" classname="samplePackage.SampleTest"/>
  <testcase name="test1" time="0.000" classname="samplePackage.SampleTest"/>
  <testcase name="test1" time="3.344" classname="samplePackage.SampleTest"/>
  <testcase name="test1" time="2.703" classname="samplePackage.SampleTest"/>
  <testcase name="test1" time="4.640" classname="samplePackage.SampleTest"/>
  <testcase name="test1" time="0.016" classname="samplePackage.SampleTest"/>
  <testcase name="test1" time="0.000" classname="samplePackage.SampleTest"/>
  <testcase name="test1" time="3.907" classname="samplePackage.SampleTest"/>
  <testcase name="test1" time="2.781" classname="samplePackage.SampleTest"/>
  <testcase name="test1" time="2.766" classname="samplePackage.SampleTest"/>
  <testcase name="test1" time="3.156" classname="samplePackage.SampleTest"/>
  <testcase name="test1" time="2.990" classname="samplePackage.SampleTest"/>
  <testcase name="test1" time="2.735" classname="samplePackage.SampleTest"/>
  <testcase name="test1" time="0.000" classname="samplePackage.SampleTest"/>
  <testcase name="test1" time="3.891" classname="samplePackage.SampleTest"/>
  <testcase name="test1" time="0.000" classname="samplePackage.SampleTest"/>
  <testcase name="test1" time="7.563" classname="samplePackage.SampleTest"/>
  <testcase name="test1" time="0.000" classname="samplePackage.SampleTest"/>
  <testcase name="test1" time="2.704" classname="samplePackage.SampleTest"/>
  <testcase name="test1" time="0.000" classname="samplePackage.SampleTest"/>
  <testcase name="test1" time="2.844" classname="samplePackage.SampleTest"/>
  <testcase name="test1" time="4.477" classname="samplePackage.SampleTest"/>
  <testcase name="test1" time="3.922" classname="samplePackage.SampleTest"/>
  <testcase name="test1" time="3.251" classname="samplePackage.SampleTest"/>
  <testcase name="test1" time="4.001" classname="samplePackage.SampleTest"/>
  <testcase name="test1" time="0.016" classname="samplePackage.SampleTest"/>
  <testcase name="test1" time="3.656" classname="samplePackage.SampleTest"/>
  <testcase name="test1" time="2.965" classname="samplePackage.SampleTest"/>
  <testcase name="test1" time="3.938" classname="samplePackage.SampleTest"/>
  <testcase name="test1" time="3.125" classname="samplePackage.SampleTest"/>
  <testcase name="test1" time="2.781" classname="samplePackage.SampleTest"/>
  <testcase name="test1" time="2.734" classname="samplePackage.SampleTest"/>
  <testcase name="test1" time="0.000" classname="samplePackage.SampleTest"/>
  <testcase name="test1" time="2.859" classname="samplePackage.SampleTest"/>
  <testcase name="test1" time="2.719" classname="samplePackage.SampleTest"/>
  <testcase name="test1" time="0.000" classname="samplePackage.SampleTest"/>
  <testcase name="test1" time="2.860" classname="samplePackage.SampleTest"/>
  <testcase name="test1" time="4.094" classname="samplePackage.SampleTest"/>
  <testcase name="test1" time="0.000" classname="samplePackage.SampleTest"/>
  <testcase name="test1" time="3.157" classname="samplePackage.SampleTest"/>
  <testcase name="test1" time="3.017" classname="samplePackage.SampleTest"/>
  <testcase name="test1" time="2.781" classname="samplePackage.SampleTest"/>
  <testcase name="test1" time="0.000" classname="samplePackage.SampleTest"/>
  <testcase name="test1" time="0.016" classname="samplePackage.SampleTest"/>
  <testcase name="test1" time="0.000" classname="samplePackage.SampleTest"/>
  <testcase name="test1" time="0.000" classname="samplePackage.SampleTest"/>
  <testcase name="test1" time="4.797" classname="samplePackage.SampleTest"/>
  <testcase name="test1" time="3.098" classname="samplePackage.SampleTest"/>
  <testcase name="test1" time="0.000" classname="samplePackage.SampleTest"/>
  <testcase name="test1" time="3.922" classname="samplePackage.SampleTest"/>
  <testcase name="test1" time="2.657" classname="samplePackage.SampleTest"/>
  <testcase name="test1" time="0.000" classname="samplePackage.SampleTest"/>
  <testcase name="test1" time="2.766" classname="samplePackage.SampleTest"/>
  <testcase name="test1" time="3.469" classname="samplePackage.SampleTest"/>
  <testcase name="test1" time="0.000" classname="samplePackage.SampleTest"/>
  <testcase name="test1" time="18.282" classname="samplePackage.SampleTest"/>
  <testcase name="test1" time="2.703" classname="samplePackage.SampleTest"/>
  <testcase name="test1" time="2.856" classname="samplePackage.SampleTest"/>
  <testcase name="test1" time="2.734" classname="samplePackage.SampleTest"/>
  <testcase name="test1" time="2.766" classname="samplePackage.SampleTest"/>
  <testcase name="test1" time="6.156" classname="samplePackage.SampleTest"/>
  <testcase name="test1" time="3.922" classname="samplePackage.SampleTest"/>
  <testcase name="test1" time="4.047" classname="samplePackage.SampleTest"/>
  <testcase name="test1" time="0.016" classname="samplePackage.SampleTest"/>
  <testcase name="test1" time="3.496" classname="samplePackage.SampleTest"/>
  <testcase name="test1" time="0.015" classname="samplePackage.SampleTest"/>
  <testcase name="test1" time="6.969" classname="samplePackage.SampleTest"/>
  <testcase name="test1" time="3.043" classname="samplePackage.SampleTest"/>
  <testcase name="test1" time="12.578" classname="samplePackage.SampleTest">
    <error type="org.openqa.selenium.WebDriverException" message="javax.net.ssl.SSLHandshakeException: Remote host closed connection during handshake
Build info: version: &#039;2.53.1&#039;, revision: &#039;a36b8b1&#039;, time: &#039;2016-06-30 17:32:46&#039;
System info: host: &#039;DeskTop-Prakash&#039;, ip: &#039;192.168.1.106&#039;, os.name: &#039;Windows 10&#039;, os.arch: &#039;amd64&#039;, os.version: &#039;10.0&#039;, java.version: &#039;1.8.0_131&#039;
Driver info: driver.version: HtmlUnitDriver">
      <![CDATA[org.openqa.selenium.WebDriverException: javax.net.ssl.SSLHandshakeException: Remote host closed connection during handshake
Build info: version: '2.53.1', revision: 'a36b8b1', time: '2016-06-30 17:32:46'
System info: host: 'DeskTop-Prakash', ip: '192.168.1.106', os.name: 'Windows 10', os.arch: 'amd64', os.version: '10.0', java.version: '1.8.0_131'
Driver info: driver.version: HtmlUnitDriver
	at org.openqa.selenium.htmlunit.HtmlUnitDriver.get(HtmlUnitDriver.java:554)
	at org.openqa.selenium.htmlunit.HtmlUnitDriver.get(HtmlUnitDriver.java:530)
	at org.openqa.selenium.htmlunit.HtmlUnitDriver$HtmlUnitNavigation.to(HtmlUnitDriver.java:1435)
	at samplePackage.SampleTest.test1(SampleTest.java:14)
	at sun.reflect.GeneratedMethodAccessor1.invoke(Unknown Source)
	at sun.reflect.DelegatingMethodAccessorImpl.invoke(Unknown Source)
	at java.lang.reflect.Method.invoke(Unknown Source)
	at org.testng.internal.MethodInvocationHelper.invokeMethod(MethodInvocationHelper.java:85)
	at org.testng.internal.Invoker.invokeMethod(Invoker.java:639)
	at org.testng.internal.Invoker.invokeTestMethod(Invoker.java:821)
	at org.testng.internal.Invoker.invokeTestMethods(Invoker.java:1131)
	at org.testng.internal.TestMethodWorker.invokeTestMethods(TestMethodWorker.java:124)
	at org.testng.internal.TestMethodWorker.run(TestMethodWorker.java:108)
	at org.testng.TestRunner.privateRun(TestRunner.java:773)
	at org.testng.TestRunner.run(TestRunner.java:623)
	at org.testng.SuiteRunner.runTest(SuiteRunner.java:357)
	at org.testng.SuiteRunner.runSequentially(SuiteRunner.java:352)
	at org.testng.SuiteRunner.privateRun(SuiteRunner.java:310)
	at org.testng.SuiteRunner.run(SuiteRunner.java:259)
	at org.testng.SuiteRunnerWorker.runSuite(SuiteRunnerWorker.java:52)
	at org.testng.SuiteRunnerWorker.run(SuiteRunnerWorker.java:86)
	at org.testng.TestNG.runSuitesSequentially(TestNG.java:1185)
	at org.testng.TestNG.runSuitesLocally(TestNG.java:1110)
	at org.testng.TestNG.run(TestNG.java:1018)
	at org.testng.TestNG.privateMain(TestNG.java:1325)
	at org.testng.TestNG.main(TestNG.java:1294)
Caused by: javax.net.ssl.SSLHandshakeException: Remote host closed connection during handshake
	at sun.security.ssl.SSLSocketImpl.readRecord(Unknown Source)
	at sun.security.ssl.SSLSocketImpl.performInitialHandshake(Unknown Source)
	at sun.security.ssl.SSLSocketImpl.startHandshake(Unknown Source)
	at sun.security.ssl.SSLSocketImpl.startHandshake(Unknown Source)
	at org.apache.http.conn.ssl.SSLConnectionSocketFactory.createLayeredSocket(SSLConnectionSocketFactory.java:394)
	at org.apache.http.conn.ssl.SSLConnectionSocketFactory.connectSocket(SSLConnectionSocketFactory.java:353)
	at com.gargoylesoftware.htmlunit.httpclient.HtmlUnitSSLConnectionSocketFactory.connectSocket(HtmlUnitSSLConnectionSocketFactory.java:189)
	at org.apache.http.impl.conn.DefaultHttpClientConnectionOperator.connect(DefaultHttpClientConnectionOperator.java:134)
	at org.apache.http.impl.conn.PoolingHttpClientConnectionManager.connect(PoolingHttpClientConnectionManager.java:353)
	at org.apache.http.impl.execchain.MainClientExec.establishRoute(MainClientExec.java:380)
	at org.apache.http.impl.execchain.MainClientExec.execute(MainClientExec.java:236)
	at org.apache.http.impl.execchain.ProtocolExec.execute(ProtocolExec.java:184)
	at org.apache.http.impl.execchain.RetryExec.execute(RetryExec.java:88)
	at org.apache.http.impl.execchain.RedirectExec.execute(RedirectExec.java:110)
	at org.apache.http.impl.client.InternalHttpClient.doExecute(InternalHttpClient.java:184)
	at org.apache.http.impl.client.CloseableHttpClient.execute(CloseableHttpClient.java:71)
	at com.gargoylesoftware.htmlunit.HttpWebConnection.getResponse(HttpWebConnection.java:179)
	at com.gargoylesoftware.htmlunit.WebClient.loadWebResponseFromWebConnection(WebClient.java:1321)
	at com.gargoylesoftware.htmlunit.WebClient.loadWebResponse(WebClient.java:1238)
	at com.gargoylesoftware.htmlunit.WebClient.getPage(WebClient.java:346)
	at com.gargoylesoftware.htmlunit.WebClient.getPage(WebClient.java:415)
	at org.openqa.selenium.htmlunit.HtmlUnitDriver.get(HtmlUnitDriver.java:541)
	... 25 more
Caused by: java.io.EOFException: SSL peer shut down incorrectly
	at sun.security.ssl.InputRecord.read(Unknown Source)
	... 47 more
]]>
    </error>
  </testcase> <!-- test1 -->
  <testcase name="test1" time="0.000" classname="samplePackage.SampleTest"/>
  <testcase name="test1" time="3.313" classname="samplePackage.SampleTest"/>
  <testcase name="test1" time="2.578" classname="samplePackage.SampleTest"/>
  <testcase name="test1" time="3.500" classname="samplePackage.SampleTest"/>
  <testcase name="test1" time="0.000" classname="samplePackage.SampleTest"/>
  <testcase name="test1" time="3.393" classname="samplePackage.SampleTest"/>
  <testcase name="test1" time="3.078" classname="samplePackage.SampleTest"/>
  <testcase name="test1" time="2.626" classname="samplePackage.SampleTest"/>
  <testcase name="test1" time="0.016" classname="samplePackage.SampleTest"/>
  <testcase name="test1" time="2.907" classname="samplePackage.SampleTest"/>
  <testcase name="test1" time="3.772" classname="samplePackage.SampleTest"/>
  <testcase name="test1" time="0.000" classname="samplePackage.SampleTest"/>
  <testcase name="test1" time="3.062" classname="samplePackage.SampleTest"/>
  <testcase name="test1" time="3.015" classname="samplePackage.SampleTest"/>
  <testcase name="test1" time="3.469" classname="samplePackage.SampleTest"/>
  <testcase name="test1" time="2.765" classname="samplePackage.SampleTest"/>
  <testcase name="test1" time="2.882" classname="samplePackage.SampleTest"/>
  <testcase name="test1" time="3.952" classname="samplePackage.SampleTest"/>
  <testcase name="test1" time="0.016" classname="samplePackage.SampleTest"/>
  <testcase name="test1" time="0.000" classname="samplePackage.SampleTest"/>
  <testcase name="test1" time="3.938" classname="samplePackage.SampleTest"/>
  <testcase name="test1" time="3.625" classname="samplePackage.SampleTest"/>
  <testcase name="test1" time="0.000" classname="samplePackage.SampleTest"/>
  <testcase name="test1" time="0.000" classname="samplePackage.SampleTest"/>
  <testcase name="test1" time="2.880" classname="samplePackage.SampleTest"/>
  <testcase name="test1" time="0.000" classname="samplePackage.SampleTest"/>
  <testcase name="test1" time="2.922" classname="samplePackage.SampleTest"/>
  <testcase name="test1" time="0.016" classname="samplePackage.SampleTest"/>
  <testcase name="test1" time="5.906" classname="samplePackage.SampleTest"/>
  <testcase name="test1" time="4.797" classname="samplePackage.SampleTest"/>
  <testcase name="test1" time="0.000" classname="samplePackage.SampleTest"/>
  <testcase name="test1" time="2.734" classname="samplePackage.SampleTest"/>
  <testcase name="test1" time="3.641" classname="samplePackage.SampleTest"/>
  <testcase name="test1" time="4.079" classname="samplePackage.SampleTest"/>
  <testcase name="test1" time="3.016" classname="samplePackage.SampleTest"/>
  <testcase name="test1" time="2.765" classname="samplePackage.SampleTest"/>
  <testcase name="test1" time="0.000" classname="samplePackage.SampleTest"/>
  <testcase name="test1" time="3.203" classname="samplePackage.SampleTest"/>
  <testcase name="test1" time="4.201" classname="samplePackage.SampleTest"/>
  <testcase name="test1" time="2.890" classname="samplePackage.SampleTest"/>
  <testcase name="test1" time="3.297" classname="samplePackage.SampleTest"/>
  <testcase name="test1" time="3.438" classname="samplePackage.SampleTest"/>
  <testcase name="test1" time="4.610" classname="samplePackage.SampleTest"/>
  <testcase name="test1" time="0.000" classname="samplePackage.SampleTest"/>
  <testcase name="test1" time="3.761" classname="samplePackage.SampleTest"/>
  <testcase name="test1" time="4.219" classname="samplePackage.SampleTest"/>
  <testcase name="test1" time="8.813" classname="samplePackage.SampleTest"/>
  <testcase name="test1" time="0.000" classname="samplePackage.SampleTest"/>
  <testcase name="test1" time="0.016" classname="samplePackage.SampleTest"/>
  <testcase name="test1" time="2.750" classname="samplePackage.SampleTest"/>
  <testcase name="test1" time="2.806" classname="samplePackage.SampleTest"/>
  <testcase name="test1" time="3.828" classname="samplePackage.SampleTest"/>
  <testcase name="test1" time="4.000" classname="samplePackage.SampleTest"/>
  <testcase name="test1" time="3.485" classname="samplePackage.SampleTest"/>
  <testcase name="test1" time="3.719" classname="samplePackage.SampleTest"/>
  <testcase name="test1" time="0.000" classname="samplePackage.SampleTest"/>
  <testcase name="test1" time="3.141" classname="samplePackage.SampleTest"/>
  <testcase name="test1" time="2.797" classname="samplePackage.SampleTest"/>
  <testcase name="test1" time="3.766" classname="samplePackage.SampleTest"/>
  <testcase name="test1" time="3.391" classname="samplePackage.SampleTest"/>
  <testcase name="test1" time="3.812" classname="samplePackage.SampleTest"/>
  <testcase name="test1" time="0.000" classname="samplePackage.SampleTest"/>
  <testcase name="test1" time="0.000" classname="samplePackage.SampleTest"/>
  <testcase name="test1" time="3.607" classname="samplePackage.SampleTest"/>
  <testcase name="test1" time="0.000" classname="samplePackage.SampleTest"/>
  <testcase name="test1" time="4.625" classname="samplePackage.SampleTest"/>
  <testcase name="test1" time="5.937" classname="samplePackage.SampleTest"/>
  <testcase name="test1" time="0.000" classname="samplePackage.SampleTest"/>
  <testcase name="test1" time="0.000" classname="samplePackage.SampleTest"/>
  <testcase name="test1" time="4.640" classname="samplePackage.SampleTest"/>
  <testcase name="test1" time="3.329" classname="samplePackage.SampleTest"/>
  <testcase name="test1" time="0.000" classname="samplePackage.SampleTest"/>
  <testcase name="test1" time="2.735" classname="samplePackage.SampleTest"/>
  <testcase name="test1" time="3.092" classname="samplePackage.SampleTest"/>
  <testcase name="test1" time="4.211" classname="samplePackage.SampleTest"/>
  <testcase name="test1" time="2.765" classname="samplePackage.SampleTest"/>
  <testcase name="test1" time="2.798" classname="samplePackage.SampleTest"/>
  <testcase name="test1" time="3.500" classname="samplePackage.SampleTest"/>
  <testcase name="test1" time="0.031" classname="samplePackage.SampleTest"/>
  <testcase name="test1" time="2.797" classname="samplePackage.SampleTest"/>
  <testcase name="test1" time="2.779" classname="samplePackage.SampleTest"/>
  <testcase name="test1" time="3.125" classname="samplePackage.SampleTest"/>
  <testcase name="test1" time="3.375" classname="samplePackage.SampleTest"/>
  <testcase name="test1" time="2.734" classname="samplePackage.SampleTest"/>
  <testcase name="test1" time="3.750" classname="samplePackage.SampleTest"/>
  <testcase name="test1" time="0.000" classname="samplePackage.SampleTest"/>
  <testcase name="test1" time="0.000" classname="samplePackage.SampleTest"/>
  <testcase name="test1" time="2.765" classname="samplePackage.SampleTest"/>
  <testcase name="test1" time="2.792" classname="samplePackage.SampleTest"/>
  <testcase name="test1" time="2.718" classname="samplePackage.SampleTest"/>
  <testcase name="test1" time="3.750" classname="samplePackage.SampleTest"/>
  <testcase name="test1" time="4.390" classname="samplePackage.SampleTest"/>
  <testcase name="test1" time="4.447" classname="samplePackage.SampleTest"/>
  <testcase name="test1" time="3.922" classname="samplePackage.SampleTest"/>
  <testcase name="test1" time="2.694" classname="samplePackage.SampleTest"/>
  <testcase name="test1" time="3.360" classname="samplePackage.SampleTest"/>
  <testcase name="test1" time="3.281" classname="samplePackage.SampleTest"/>
  <testcase name="test1" time="3.844" classname="samplePackage.SampleTest"/>
  <testcase name="test1" time="3.063" classname="samplePackage.SampleTest"/>
  <testcase name="test1" time="2.865" classname="samplePackage.SampleTest"/>
  <testcase name="test1" time="3.234" classname="samplePackage.SampleTest"/>
  <testcase name="test1" time="2.719" classname="samplePackage.SampleTest"/>
  <testcase name="test1" time="3.360" classname="samplePackage.SampleTest"/>
  <testcase name="test1" time="3.562" classname="samplePackage.SampleTest"/>
  <testcase name="test1" time="8.078" classname="samplePackage.SampleTest"/>
  <testcase name="test1" time="2.914" classname="samplePackage.SampleTest"/>
  <testcase name="test1" time="0.016" classname="samplePackage.SampleTest"/>
  <testcase name="test1" time="2.891" classname="samplePackage.SampleTest"/>
  <testcase name="test1" time="2.953" classname="samplePackage.SampleTest"/>
  <testcase name="test1" time="0.000" classname="samplePackage.SampleTest"/>
  <testcase name="test1" time="3.281" classname="samplePackage.SampleTest"/>
  <testcase name="test1" time="2.824" classname="samplePackage.SampleTest"/>
  <testcase name="test1" time="2.813" classname="samplePackage.SampleTest"/>
  <testcase name="test1" time="4.206" classname="samplePackage.SampleTest"/>
  <testcase name="test1" time="2.985" classname="samplePackage.SampleTest"/>
  <testcase name="test1" time="0.000" classname="samplePackage.SampleTest"/>
  <testcase name="test1" time="2.891" classname="samplePackage.SampleTest"/>
  <testcase name="test1" time="2.864" classname="samplePackage.SampleTest"/>
  <testcase name="test1" time="2.829" classname="samplePackage.SampleTest"/>
  <testcase name="test1" time="2.735" classname="samplePackage.SampleTest"/>
  <testcase name="test1" time="4.036" classname="samplePackage.SampleTest"/>
  <testcase name="test1" time="2.846" classname="samplePackage.SampleTest"/>
  <testcase name="test1" time="3.094" classname="samplePackage.SampleTest"/>
  <testcase name="test1" time="3.155" classname="samplePackage.SampleTest"/>
  <testcase name="test1" time="8.407" classname="samplePackage.SampleTest"/>
  <testcase name="test1" time="2.891" classname="samplePackage.SampleTest"/>
  <testcase name="test1" time="0.016" classname="samplePackage.SampleTest"/>
  <testcase name="test1" time="2.870" classname="samplePackage.SampleTest"/>
  <testcase name="test1" time="0.015" classname="samplePackage.SampleTest"/>
  <testcase name="test1" time="0.000" classname="samplePackage.SampleTest"/>
  <testcase name="test1" time="2.719" classname="samplePackage.SampleTest"/>
  <testcase name="test1" time="2.796" classname="samplePackage.SampleTest"/>
  <testcase name="test1" time="2.484" classname="samplePackage.SampleTest"/>
  <testcase name="test1" time="2.997" classname="samplePackage.SampleTest"/>
  <testcase name="test1" time="0.016" classname="samplePackage.SampleTest"/>
  <testcase name="test1" time="0.000" classname="samplePackage.SampleTest"/>
  <testcase name="test1" time="0.000" classname="samplePackage.SampleTest"/>
  <testcase name="test1" time="0.000" classname="samplePackage.SampleTest"/>
  <testcase name="test1" time="0.015" classname="samplePackage.SampleTest"/>
  <testcase name="test1" time="0.000" classname="samplePackage.SampleTest"/>
  <testcase name="test1" time="2.829" classname="samplePackage.SampleTest"/>
  <testcase name="test1" time="2.637" classname="samplePackage.SampleTest"/>
  <testcase name="test1" time="0.000" classname="samplePackage.SampleTest"/>
  <testcase name="test1" time="0.000" classname="samplePackage.SampleTest"/>
  <testcase name="test1" time="3.172" classname="samplePackage.SampleTest"/>
  <testcase name="test1" time="13.766" classname="samplePackage.SampleTest"/>
  <testcase name="test1" time="3.187" classname="samplePackage.SampleTest"/>
  <testcase name="test1" time="3.250" classname="samplePackage.SampleTest"/>
  <testcase name="test1" time="2.953" classname="samplePackage.SampleTest"/>
  <testcase name="test1" time="0.000" classname="samplePackage.SampleTest"/>
  <testcase name="test1" time="2.812" classname="samplePackage.SampleTest"/>
  <testcase name="test1" time="2.797" classname="samplePackage.SampleTest"/>
  <testcase name="test1" time="2.831" classname="samplePackage.SampleTest"/>
  <testcase name="test1" time="3.172" classname="samplePackage.SampleTest"/>
  <testcase name="test1" time="2.841" classname="samplePackage.SampleTest"/>
  <testcase name="test1" time="0.000" classname="samplePackage.SampleTest"/>
  <testcase name="test1" time="2.971" classname="samplePackage.SampleTest"/>
  <testcase name="test1" time="2.846" classname="samplePackage.SampleTest"/>
  <testcase name="test1" time="3.313" classname="samplePackage.SampleTest"/>
  <testcase name="test1" time="0.016" classname="samplePackage.SampleTest"/>
  <testcase name="test1" time="2.750" classname="samplePackage.SampleTest"/>
  <testcase name="test1" time="0.000" classname="samplePackage.SampleTest"/>
  <testcase name="test1" time="0.000" classname="samplePackage.SampleTest"/>
  <testcase name="test1" time="3.672" classname="samplePackage.SampleTest"/>
  <testcase name="test1" time="0.000" classname="samplePackage.SampleTest"/>
  <testcase name="test1" time="0.000" classname="samplePackage.SampleTest"/>
  <testcase name="test1" time="3.703" classname="samplePackage.SampleTest"/>
  <testcase name="test1" time="2.718" classname="samplePackage.SampleTest"/>
  <testcase name="test1" time="2.954" classname="samplePackage.SampleTest"/>
  <testcase name="test1" time="0.000" classname="samplePackage.SampleTest"/>
  <testcase name="test1" time="4.312" classname="samplePackage.SampleTest"/>
  <testcase name="test1" time="0.000" classname="samplePackage.SampleTest"/>
  <testcase name="test1" time="3.734" classname="samplePackage.SampleTest"/>
  <testcase name="test1" time="0.000" classname="samplePackage.SampleTest"/>
  <testcase name="test1" time="2.765" classname="samplePackage.SampleTest"/>
  <testcase name="test1" time="2.750" classname="samplePackage.SampleTest"/>
  <testcase name="test1" time="2.849" classname="samplePackage.SampleTest"/>
  <testcase name="test1" time="0.000" classname="samplePackage.SampleTest"/>
  <testcase name="test1" time="2.828" classname="samplePackage.SampleTest"/>
  <testcase name="test1" time="2.891" classname="samplePackage.SampleTest"/>
  <testcase name="test1" time="3.235" classname="samplePackage.SampleTest"/>
  <testcase name="test1" time="3.203" classname="samplePackage.SampleTest"/>
  <testcase name="test1" time="3.468" classname="samplePackage.SampleTest"/>
  <testcase name="test1" time="2.719" classname="samplePackage.SampleTest"/>
  <testcase name="test1" time="2.750" classname="samplePackage.SampleTest"/>
  <testcase name="test1" time="3.079" classname="samplePackage.SampleTest"/>
  <testcase name="test1" time="2.625" classname="samplePackage.SampleTest"/>
  <testcase name="test1" time="4.906" classname="samplePackage.SampleTest"/>
  <testcase name="test1" time="0.000" classname="samplePackage.SampleTest"/>
  <testcase name="test1" time="3.437" classname="samplePackage.SampleTest"/>
  <testcase name="test1" time="4.422" classname="samplePackage.SampleTest"/>
  <testcase name="test1" time="5.074" classname="samplePackage.SampleTest"/>
  <testcase name="test1" time="0.000" classname="samplePackage.SampleTest"/>
  <testcase name="test1" time="0.000" classname="samplePackage.SampleTest"/>
  <testcase name="test1" time="2.922" classname="samplePackage.SampleTest"/>
  <testcase name="test1" time="2.868" classname="samplePackage.SampleTest"/>
  <testcase name="test1" time="3.078" classname="samplePackage.SampleTest"/>
  <testcase name="test1" time="4.016" classname="samplePackage.SampleTest"/>
  <testcase name="test1" time="0.000" classname="samplePackage.SampleTest"/>
  <testcase name="test1" time="2.750" classname="samplePackage.SampleTest"/>
  <testcase name="test1" time="0.000" classname="samplePackage.SampleTest"/>
  <testcase name="test1" time="2.797" classname="samplePackage.SampleTest"/>
  <testcase name="test1" time="2.844" classname="samplePackage.SampleTest"/>
  <testcase name="test1" time="3.532" classname="samplePackage.SampleTest"/>
  <testcase name="test1" time="3.047" classname="samplePackage.SampleTest"/>
  <testcase name="test1" time="0.000" classname="samplePackage.SampleTest"/>
  <testcase name="test1" time="2.782" classname="samplePackage.SampleTest"/>
  <testcase name="test1" time="3.467" classname="samplePackage.SampleTest"/>
  <testcase name="test1" time="3.891" classname="samplePackage.SampleTest"/>
  <testcase name="test1" time="2.735" classname="samplePackage.SampleTest"/>
  <testcase name="test1" time="3.313" classname="samplePackage.SampleTest"/>
  <testcase name="test1" time="2.765" classname="samplePackage.SampleTest"/>
  <testcase name="test1" time="2.719" classname="samplePackage.SampleTest"/>
  <testcase name="test1" time="4.688" classname="samplePackage.SampleTest"/>
  <testcase name="test1" time="2.750" classname="samplePackage.SampleTest"/>
  <testcase name="test1" time="2.738" classname="samplePackage.SampleTest"/>
  <testcase name="test1" time="2.816" classname="samplePackage.SampleTest"/>
  <testcase name="test1" time="3.969" classname="samplePackage.SampleTest"/>
  <testcase name="test1" time="2.719" classname="samplePackage.SampleTest"/>
  <testcase name="test1" time="2.735" classname="samplePackage.SampleTest"/>
  <testcase name="test1" time="4.656" classname="samplePackage.SampleTest"/>
  <testcase name="test1" time="3.031" classname="samplePackage.SampleTest"/>
  <testcase name="test1" time="2.515" classname="samplePackage.SampleTest"/>
  <testcase name="test1" time="0.000" classname="samplePackage.SampleTest"/>
  <testcase name="test1" time="3.560" classname="samplePackage.SampleTest"/>
  <testcase name="test1" time="0.000" classname="samplePackage.SampleTest"/>
  <testcase name="test1" time="0.000" classname="samplePackage.SampleTest"/>
  <testcase name="test1" time="4.750" classname="samplePackage.SampleTest"/>
  <testcase name="test1" time="3.578" classname="samplePackage.SampleTest"/>
  <testcase name="test1" time="0.000" classname="samplePackage.SampleTest"/>
  <testcase name="test1" time="3.093" classname="samplePackage.SampleTest"/>
  <testcase name="test1" time="4.092" classname="samplePackage.SampleTest"/>
  <testcase name="test1" time="2.944" classname="samplePackage.SampleTest"/>
  <testcase name="test1" time="8.266" classname="samplePackage.SampleTest"/>
  <testcase name="test1" time="2.750" classname="samplePackage.SampleTest"/>
  <testcase name="test1" time="2.937" classname="samplePackage.SampleTest"/>
  <testcase name="test1" time="0.000" classname="samplePackage.SampleTest"/>
  <testcase name="test1" time="3.391" classname="samplePackage.SampleTest"/>
  <testcase name="test1" time="0.000" classname="samplePackage.SampleTest"/>
  <testcase name="test1" time="0.000" classname="samplePackage.SampleTest"/>
  <testcase name="test1" time="3.282" classname="samplePackage.SampleTest"/>
  <testcase name="test1" time="0.016" classname="samplePackage.SampleTest"/>
  <testcase name="test1" time="3.813" classname="samplePackage.SampleTest"/>
  <testcase name="test1" time="0.000" classname="samplePackage.SampleTest"/>
  <testcase name="test1" time="0.015" classname="samplePackage.SampleTest"/>
  <testcase name="test1" time="0.000" classname="samplePackage.SampleTest"/>
  <testcase name="test1" time="3.250" classname="samplePackage.SampleTest"/>
  <testcase name="test1" time="2.852" classname="samplePackage.SampleTest"/>
  <testcase name="test1" time="0.000" classname="samplePackage.SampleTest"/>
  <testcase name="test1" time="0.000" classname="samplePackage.SampleTest"/>
  <testcase name="test1" time="3.031" classname="samplePackage.SampleTest"/>
  <testcase name="test1" time="4.070" classname="samplePackage.SampleTest"/>
  <testcase name="test1" time="3.103" classname="samplePackage.SampleTest"/>
  <testcase name="test1" time="3.188" classname="samplePackage.SampleTest"/>
  <testcase name="test1" time="3.250" classname="samplePackage.SampleTest"/>
  <testcase name="test1" time="3.547" classname="samplePackage.SampleTest"/>
  <testcase name="test1" time="4.250" classname="samplePackage.SampleTest"/>
  <testcase name="test1" time="0.000" classname="samplePackage.SampleTest"/>
  <testcase name="test1" time="0.000" classname="samplePackage.SampleTest"/>
  <testcase name="test1" time="2.703" classname="samplePackage.SampleTest"/>
  <testcase name="test1" time="3.037" classname="samplePackage.SampleTest"/>
  <testcase name="test1" time="2.751" classname="samplePackage.SampleTest"/>
  <testcase name="test1" time="3.485" classname="samplePackage.SampleTest"/>
  <testcase name="test1" time="3.109" classname="samplePackage.SampleTest"/>
  <testcase name="test1" time="2.989" classname="samplePackage.SampleTest"/>
  <testcase name="test1" time="3.500" classname="samplePackage.SampleTest"/>
  <testcase name="test1" time="0.000" classname="samplePackage.SampleTest"/>
  <testcase name="test1" time="0.000" classname="samplePackage.SampleTest"/>
  <testcase name="test1" time="0.000" classname="samplePackage.SampleTest"/>
  <testcase name="test1" time="2.813" classname="samplePackage.SampleTest"/>
  <testcase name="test1" time="2.734" classname="samplePackage.SampleTest"/>
  <testcase name="test1" time="2.735" classname="samplePackage.SampleTest"/>
  <testcase name="test1" time="2.819" classname="samplePackage.SampleTest"/>
  <testcase name="test1" time="0.000" classname="samplePackage.SampleTest"/>
  <testcase name="test1" time="2.734" classname="samplePackage.SampleTest"/>
  <testcase name="test1" time="3.910" classname="samplePackage.SampleTest"/>
  <testcase name="test1" time="0.000" classname="samplePackage.SampleTest"/>
  <testcase name="test1" time="0.000" classname="samplePackage.SampleTest"/>
  <testcase name="test1" time="0.000" classname="samplePackage.SampleTest"/>
  <testcase name="test1" time="3.078" classname="samplePackage.SampleTest"/>
  <testcase name="test1" time="0.000" classname="samplePackage.SampleTest"/>
  <testcase name="test1" time="0.000" classname="samplePackage.SampleTest"/>
  <testcase name="test1" time="3.002" classname="samplePackage.SampleTest"/>
  <testcase name="test1" time="4.219" classname="samplePackage.SampleTest"/>
  <testcase name="test1" time="2.781" classname="samplePackage.SampleTest"/>
  <testcase name="test1" time="3.007" classname="samplePackage.SampleTest"/>
  <testcase name="test1" time="2.735" classname="samplePackage.SampleTest"/>
  <testcase name="test1" time="0.000" classname="samplePackage.SampleTest"/>
  <testcase name="test1" time="3.422" classname="samplePackage.SampleTest"/>
  <testcase name="test1" time="3.219" classname="samplePackage.SampleTest"/>
  <testcase name="test1" time="3.026" classname="samplePackage.SampleTest"/>
  <testcase name="test1" time="21.329" classname="samplePackage.SampleTest"/>
  <testcase name="test1" time="0.016" classname="samplePackage.SampleTest"/>
  <testcase name="test1" time="4.547" classname="samplePackage.SampleTest"/>
  <testcase name="test1" time="0.000" classname="samplePackage.SampleTest"/>
  <testcase name="test1" time="3.260" classname="samplePackage.SampleTest"/>
  <testcase name="test1" time="4.844" classname="samplePackage.SampleTest"/>
  <testcase name="test1" time="2.735" classname="samplePackage.SampleTest"/>
  <testcase name="test1" time="0.000" classname="samplePackage.SampleTest"/>
  <testcase name="test1" time="0.000" classname="samplePackage.SampleTest"/>
  <testcase name="test1" time="3.719" classname="samplePackage.SampleTest"/>
  <testcase name="test1" time="2.750" classname="samplePackage.SampleTest"/>
  <testcase name="test1" time="3.515" classname="samplePackage.SampleTest"/>
  <testcase name="test1" time="0.000" classname="samplePackage.SampleTest"/>
  <testcase name="test1" time="7.350" classname="samplePackage.SampleTest"/>
  <testcase name="test1" time="0.000" classname="samplePackage.SampleTest"/>
  <testcase name="test1" time="0.015" classname="samplePackage.SampleTest"/>
  <testcase name="test1" time="2.953" classname="samplePackage.SampleTest"/>
  <testcase name="test1" time="2.641" classname="samplePackage.SampleTest"/>
  <testcase name="test1" time="3.591" classname="samplePackage.SampleTest"/>
  <testcase name="test1" time="0.000" classname="samplePackage.SampleTest"/>
  <testcase name="test1" time="5.828" classname="samplePackage.SampleTest"/>
  <testcase name="test1" time="3.781" classname="samplePackage.SampleTest"/>
  <testcase name="test1" time="0.000" classname="samplePackage.SampleTest"/>
  <testcase name="test1" time="0.000" classname="samplePackage.SampleTest"/>
  <testcase name="test1" time="3.940" classname="samplePackage.SampleTest"/>
  <testcase name="test1" time="0.000" classname="samplePackage.SampleTest"/>
  <testcase name="test1" time="3.141" classname="samplePackage.SampleTest"/>
  <testcase name="test1" time="0.015" classname="samplePackage.SampleTest"/>
  <testcase name="test1" time="2.770" classname="samplePackage.SampleTest"/>
  <testcase name="test1" time="2.829" classname="samplePackage.SampleTest"/>
  <testcase name="test1" time="3.070" classname="samplePackage.SampleTest"/>
  <testcase name="test1" time="0.000" classname="samplePackage.SampleTest"/>
  <testcase name="test1" time="109.488" classname="samplePackage.SampleTest"/>
  <testcase name="test1" time="2.797" classname="samplePackage.SampleTest"/>
  <testcase name="test1" time="2.719" classname="samplePackage.SampleTest"/>
  <testcase name="test1" time="0.000" classname="samplePackage.SampleTest"/>
  <testcase name="test1" time="0.000" classname="samplePackage.SampleTest"/>
  <testcase name="test1" time="3.977" classname="samplePackage.SampleTest"/>
  <testcase name="test1" time="0.016" classname="samplePackage.SampleTest"/>
  <testcase name="test1" time="0.000" classname="samplePackage.SampleTest"/>
  <testcase name="test1" time="2.797" classname="samplePackage.SampleTest"/>
  <testcase name="test1" time="0.000" classname="samplePackage.SampleTest"/>
  <testcase name="test1" time="3.781" classname="samplePackage.SampleTest"/>
  <testcase name="test1" time="0.016" classname="samplePackage.SampleTest"/>
  <testcase name="test1" time="2.938" classname="samplePackage.SampleTest"/>
  <testcase name="test1" time="3.500" classname="samplePackage.SampleTest"/>
  <testcase name="test1" time="3.672" classname="samplePackage.SampleTest"/>
  <testcase name="test1" time="3.133" classname="samplePackage.SampleTest"/>
  <testcase name="test1" time="3.672" classname="samplePackage.SampleTest"/>
  <testcase name="test1" time="2.734" classname="samplePackage.SampleTest"/>
  <testcase name="test1" time="2.813" classname="samplePackage.SampleTest"/>
  <testcase name="test1" time="3.813" classname="samplePackage.SampleTest"/>
  <testcase name="test1" time="2.875" classname="samplePackage.SampleTest"/>
  <testcase name="test1" time="0.000" classname="samplePackage.SampleTest"/>
  <testcase name="test1" time="2.734" classname="samplePackage.SampleTest"/>
  <testcase name="test1" time="3.891" classname="samplePackage.SampleTest"/>
  <testcase name="test1" time="4.485" classname="samplePackage.SampleTest"/>
  <testcase name="test1" time="3.234" classname="samplePackage.SampleTest"/>
  <testcase name="test1" time="7.175" classname="samplePackage.SampleTest"/>
  <testcase name="test1" time="0.000" classname="samplePackage.SampleTest"/>
  <testcase name="test1" time="2.719" classname="samplePackage.SampleTest"/>
  <testcase name="test1" time="3.469" classname="samplePackage.SampleTest"/>
  <testcase name="test1" time="4.266" classname="samplePackage.SampleTest"/>
  <testcase name="test1" time="3.844" classname="samplePackage.SampleTest"/>
  <testcase name="test1" time="4.616" classname="samplePackage.SampleTest"/>
  <testcase name="test1" time="3.172" classname="samplePackage.SampleTest"/>
  <testcase name="test1" time="0.000" classname="samplePackage.SampleTest"/>
  <testcase name="test1" time="0.016" classname="samplePackage.SampleTest"/>
  <testcase name="test1" time="2.766" classname="samplePackage.SampleTest"/>
  <testcase name="test1" time="2.828" classname="samplePackage.SampleTest"/>
  <testcase name="test1" time="3.188" classname="samplePackage.SampleTest"/>
  <testcase name="test1" time="0.000" classname="samplePackage.SampleTest"/>
  <testcase name="test1" time="2.782" classname="samplePackage.SampleTest"/>
  <testcase name="test1" time="2.766" classname="samplePackage.SampleTest"/>
  <testcase name="test1" time="2.969" classname="samplePackage.SampleTest"/>
  <testcase name="test1" time="2.766" classname="samplePackage.SampleTest"/>
  <testcase name="test1" time="4.078" classname="samplePackage.SampleTest"/>
  <testcase name="test1" time="3.187" classname="samplePackage.SampleTest"/>
  <testcase name="test1" time="2.838" classname="samplePackage.SampleTest"/>
  <testcase name="test1" time="0.000" classname="samplePackage.SampleTest"/>
  <testcase name="test1" time="3.359" classname="samplePackage.SampleTest"/>
  <testcase name="test1" time="0.000" classname="samplePackage.SampleTest"/>
  <testcase name="test1" time="0.000" classname="samplePackage.SampleTest"/>
  <testcase name="test1" time="0.000" classname="samplePackage.SampleTest"/>
  <testcase name="test1" time="3.156" classname="samplePackage.SampleTest"/>
  <testcase name="test1" time="3.219" classname="samplePackage.SampleTest"/>
  <testcase name="test1" time="3.209" classname="samplePackage.SampleTest"/>
  <testcase name="test1" time="3.426" classname="samplePackage.SampleTest"/>
  <testcase name="test1" time="4.110" classname="samplePackage.SampleTest"/>
  <testcase name="test1" time="0.000" classname="samplePackage.SampleTest"/>
  <testcase name="test1" time="2.750" classname="samplePackage.SampleTest"/>
  <testcase name="test1" time="3.656" classname="samplePackage.SampleTest"/>
  <testcase name="test1" time="10.532" classname="samplePackage.SampleTest"/>
  <testcase name="test1" time="5.360" classname="samplePackage.SampleTest"/>
  <testcase name="test1" time="2.797" classname="samplePackage.SampleTest"/>
  <testcase name="test1" time="0.000" classname="samplePackage.SampleTest"/>
  <testcase name="test1" time="4.032" classname="samplePackage.SampleTest"/>
  <testcase name="test1" time="0.016" classname="samplePackage.SampleTest"/>
  <testcase name="test1" time="2.703" classname="samplePackage.SampleTest"/>
  <testcase name="test1" time="0.000" classname="samplePackage.SampleTest"/>
  <testcase name="test1" time="3.563" classname="samplePackage.SampleTest"/>
  <testcase name="test1" time="0.015" classname="samplePackage.SampleTest"/>
  <testcase name="test1" time="2.610" classname="samplePackage.SampleTest"/>
  <testcase name="test1" time="2.992" classname="samplePackage.SampleTest"/>
  <testcase name="test1" time="9.266" classname="samplePackage.SampleTest"/>
  <testcase name="test1" time="3.024" classname="samplePackage.SampleTest"/>
  <testcase name="test1" time="2.625" classname="samplePackage.SampleTest"/>
  <testcase name="test1" time="0.016" classname="samplePackage.SampleTest"/>
  <testcase name="test1" time="2.777" classname="samplePackage.SampleTest"/>
  <testcase name="test1" time="3.203" classname="samplePackage.SampleTest"/>
  <testcase name="test1" time="3.091" classname="samplePackage.SampleTest"/>
  <testcase name="test1" time="4.516" classname="samplePackage.SampleTest"/>
  <testcase name="test1" time="4.594" classname="samplePackage.SampleTest"/>
  <testcase name="test1" time="0.000" classname="samplePackage.SampleTest"/>
  <testcase name="test1" time="0.016" classname="samplePackage.SampleTest"/>
  <testcase name="test1" time="3.172" classname="samplePackage.SampleTest"/>
  <testcase name="test1" time="2.877" classname="samplePackage.SampleTest"/>
  <testcase name="test1" time="3.407" classname="samplePackage.SampleTest"/>
  <testcase name="test1" time="0.000" classname="samplePackage.SampleTest"/>
  <testcase name="test1" time="3.016" classname="samplePackage.SampleTest"/>
  <testcase name="test1" time="2.656" classname="samplePackage.SampleTest"/>
  <testcase name="test1" time="3.044" classname="samplePackage.SampleTest"/>
  <testcase name="test1" time="2.906" classname="samplePackage.SampleTest"/>
  <testcase name="test1" time="2.926" classname="samplePackage.SampleTest"/>
  <testcase name="test1" time="2.797" classname="samplePackage.SampleTest"/>
  <testcase name="test1" time="2.531" classname="samplePackage.SampleTest"/>
  <testcase name="test1" time="0.000" classname="samplePackage.SampleTest"/>
  <testcase name="test1" time="0.000" classname="samplePackage.SampleTest"/>
  <testcase name="test1" time="0.000" classname="samplePackage.SampleTest"/>
  <testcase name="test1" time="0.016" classname="samplePackage.SampleTest"/>
  <testcase name="test1" time="2.735" classname="samplePackage.SampleTest"/>
  <testcase name="test1" time="0.000" classname="samplePackage.SampleTest"/>
  <testcase name="test1" time="2.944" classname="samplePackage.SampleTest"/>
  <testcase name="test1" time="3.391" classname="samplePackage.SampleTest"/>
  <testcase name="test1" time="2.882" classname="samplePackage.SampleTest"/>
  <testcase name="test1" time="4.446" classname="samplePackage.SampleTest"/>
  <testcase name="test1" time="3.688" classname="samplePackage.SampleTest"/>
  <testcase name="test1" time="2.810" classname="samplePackage.SampleTest"/>
  <testcase name="test1" time="2.766" classname="samplePackage.SampleTest"/>
  <testcase name="test1" time="3.031" classname="samplePackage.SampleTest"/>
  <testcase name="test1" time="3.235" classname="samplePackage.SampleTest"/>
  <testcase name="test1" time="0.000" classname="samplePackage.SampleTest"/>
  <testcase name="test1" time="0.000" classname="samplePackage.SampleTest"/>
  <testcase name="test1" time="0.000" classname="samplePackage.SampleTest"/>
  <testcase name="test1" time="0.000" classname="samplePackage.SampleTest"/>
  <testcase name="test1" time="0.016" classname="samplePackage.SampleTest"/>
  <testcase name="test1" time="0.000" classname="samplePackage.SampleTest"/>
  <testcase name="test1" time="2.734" classname="samplePackage.SampleTest"/>
  <testcase name="test1" time="0.000" classname="samplePackage.SampleTest"/>
  <testcase name="test1" time="3.906" classname="samplePackage.SampleTest"/>
  <testcase name="test1" time="3.141" classname="samplePackage.SampleTest"/>
  <testcase name="test1" time="2.844" classname="samplePackage.SampleTest"/>
  <testcase name="test1" time="4.521" classname="samplePackage.SampleTest"/>
  <testcase name="test1" time="2.922" classname="samplePackage.SampleTest"/>
  <testcase name="test1" time="0.000" classname="samplePackage.SampleTest"/>
  <testcase name="test1" time="2.594" classname="samplePackage.SampleTest"/>
  <testcase name="test1" time="2.750" classname="samplePackage.SampleTest"/>
  <testcase name="test1" time="0.000" classname="samplePackage.SampleTest"/>
  <testcase name="test1" time="4.204" classname="samplePackage.SampleTest"/>
  <testcase name="test1" time="3.313" classname="samplePackage.SampleTest"/>
  <testcase name="test1" time="0.000" classname="samplePackage.SampleTest"/>
  <testcase name="test1" time="3.219" classname="samplePackage.SampleTest"/>
  <testcase name="test1" time="0.000" classname="samplePackage.SampleTest"/>
  <testcase name="test1" time="2.532" classname="samplePackage.SampleTest"/>
  <testcase name="test1" time="3.234" classname="samplePackage.SampleTest"/>
  <testcase name="test1" time="0.000" classname="samplePackage.SampleTest"/>
  <testcase name="test1" time="2.875" classname="samplePackage.SampleTest"/>
  <testcase name="test1" time="0.000" classname="samplePackage.SampleTest"/>
  <testcase name="test1" time="3.391" classname="samplePackage.SampleTest"/>
  <testcase name="test1" time="2.876" classname="samplePackage.SampleTest"/>
  <testcase name="test1" time="2.962" classname="samplePackage.SampleTest"/>
  <testcase name="test1" time="3.719" classname="samplePackage.SampleTest"/>
  <testcase name="test1" time="2.922" classname="samplePackage.SampleTest"/>
  <testcase name="test1" time="2.938" classname="samplePackage.SampleTest"/>
  <testcase name="test1" time="3.125" classname="samplePackage.SampleTest"/>
  <testcase name="test1" time="0.000" classname="samplePackage.SampleTest"/>
  <testcase name="test1" time="0.000" classname="samplePackage.SampleTest"/>
  <testcase name="test1" time="3.482" classname="samplePackage.SampleTest"/>
  <testcase name="test1" time="2.965" classname="samplePackage.SampleTest"/>
  <testcase name="test1" time="0.000" classname="samplePackage.SampleTest"/>
  <testcase name="test1" time="3.407" classname="samplePackage.SampleTest"/>
  <testcase name="test1" time="0.016" classname="samplePackage.SampleTest"/>
  <testcase name="test1" time="0.000" classname="samplePackage.SampleTest"/>
  <testcase name="test1" time="3.017" classname="samplePackage.SampleTest"/>
  <testcase name="test1" time="2.805" classname="samplePackage.SampleTest"/>
  <testcase name="test1" time="0.000" classname="samplePackage.SampleTest"/>
  <testcase name="test1" time="0.000" classname="samplePackage.SampleTest"/>
  <testcase name="test1" time="0.000" classname="samplePackage.SampleTest"/>
  <testcase name="test1" time="0.000" classname="samplePackage.SampleTest"/>
  <testcase name="test1" time="3.532" classname="samplePackage.SampleTest"/>
  <testcase name="test1" time="0.000" classname="samplePackage.SampleTest"/>
  <testcase name="test1" time="2.800" classname="samplePackage.SampleTest"/>
  <testcase name="test1" time="4.109" classname="samplePackage.SampleTest"/>
  <testcase name="test1" time="3.188" classname="samplePackage.SampleTest"/>
  <testcase name="test1" time="2.766" classname="samplePackage.SampleTest"/>
  <testcase name="test1" time="0.016" classname="samplePackage.SampleTest"/>
  <testcase name="test1" time="0.016" classname="samplePackage.SampleTest"/>
  <testcase name="test1" time="0.000" classname="samplePackage.SampleTest"/>
  <testcase name="test1" time="3.906" classname="samplePackage.SampleTest"/>
  <testcase name="test1" time="2.874" classname="samplePackage.SampleTest"/>
  <testcase name="test1" time="0.000" classname="samplePackage.SampleTest"/>
  <testcase name="test1" time="3.390" classname="samplePackage.SampleTest"/>
  <testcase name="test1" time="3.078" classname="samplePackage.SampleTest"/>
  <testcase name="test1" time="0.016" classname="samplePackage.SampleTest"/>
  <testcase name="test1" time="0.000" classname="samplePackage.SampleTest"/>
  <testcase name="test1" time="2.891" classname="samplePackage.SampleTest"/>
  <testcase name="test1" time="0.000" classname="samplePackage.SampleTest"/>
  <testcase name="test1" time="3.141" classname="samplePackage.SampleTest"/>
  <testcase name="test1" time="0.016" classname="samplePackage.SampleTest"/>
  <testcase name="test1" time="3.229" classname="samplePackage.SampleTest"/>
  <testcase name="test1" time="7.548" classname="samplePackage.SampleTest"/>
  <testcase name="test1" time="0.000" classname="samplePackage.SampleTest"/>
  <testcase name="test1" time="3.359" classname="samplePackage.SampleTest"/>
  <testcase name="test1" time="2.938" classname="samplePackage.SampleTest"/>
  <testcase name="test1" time="28.657" classname="samplePackage.SampleTest"/>
  <testcase name="test1" time="2.851" classname="samplePackage.SampleTest"/>
  <testcase name="test1" time="0.000" classname="samplePackage.SampleTest"/>
  <testcase name="test1" time="2.844" classname="samplePackage.SampleTest"/>
  <testcase name="test1" time="3.769" classname="samplePackage.SampleTest"/>
  <testcase name="test1" time="2.844" classname="samplePackage.SampleTest"/>
  <testcase name="test1" time="4.391" classname="samplePackage.SampleTest"/>
  <testcase name="test1" time="0.000" classname="samplePackage.SampleTest"/>
  <testcase name="test1" time="3.019" classname="samplePackage.SampleTest"/>
  <testcase name="test1" time="2.713" classname="samplePackage.SampleTest"/>
  <testcase name="test1" time="0.000" classname="samplePackage.SampleTest"/>
  <testcase name="test1" time="2.880" classname="samplePackage.SampleTest"/>
  <testcase name="test1" time="2.810" classname="samplePackage.SampleTest"/>
  <testcase name="test1" time="2.922" classname="samplePackage.SampleTest"/>
  <testcase name="test1" time="2.719" classname="samplePackage.SampleTest"/>
  <testcase name="test1" time="0.000" classname="samplePackage.SampleTest"/>
  <testcase name="test1" time="3.151" classname="samplePackage.SampleTest"/>
  <testcase name="test1" time="0.000" classname="samplePackage.SampleTest"/>
  <testcase name="test1" time="3.188" classname="samplePackage.SampleTest"/>
  <testcase name="test1" time="2.969" classname="samplePackage.SampleTest"/>
  <testcase name="test1" time="2.703" classname="samplePackage.SampleTest"/>
  <testcase name="test1" time="3.750" classname="samplePackage.SampleTest"/>
  <testcase name="test1" time="3.063" classname="samplePackage.SampleTest"/>
  <testcase name="test1" time="3.352" classname="samplePackage.SampleTest"/>
  <testcase name="test1" time="2.828" classname="samplePackage.SampleTest"/>
  <testcase name="test1" time="5.531" classname="samplePackage.SampleTest"/>
  <testcase name="test1" time="3.735" classname="samplePackage.SampleTest"/>
  <testcase name="test1" time="2.797" classname="samplePackage.SampleTest"/>
  <testcase name="test1" time="0.000" classname="samplePackage.SampleTest"/>
  <testcase name="test1" time="0.000" classname="samplePackage.SampleTest"/>
  <testcase name="test1" time="3.015" classname="samplePackage.SampleTest"/>
  <testcase name="test1" time="2.703" classname="samplePackage.SampleTest"/>
  <testcase name="test1" time="2.750" classname="samplePackage.SampleTest"/>
  <testcase name="test1" time="2.734" classname="samplePackage.SampleTest"/>
  <testcase name="test1" time="2.797" classname="samplePackage.SampleTest"/>
  <testcase name="test1" time="2.781" classname="samplePackage.SampleTest"/>
  <testcase name="test1" time="2.797" classname="samplePackage.SampleTest"/>
  <testcase name="test1" time="0.000" classname="samplePackage.SampleTest"/>
  <testcase name="test1" time="0.000" classname="samplePackage.SampleTest"/>
  <testcase name="test1" time="3.156" classname="samplePackage.SampleTest"/>
  <testcase name="test1" time="3.453" classname="samplePackage.SampleTest"/>
  <testcase name="test1" time="2.812" classname="samplePackage.SampleTest"/>
  <testcase name="test1" time="3.515" classname="samplePackage.SampleTest"/>
  <testcase name="test1" time="4.031" classname="samplePackage.SampleTest"/>
  <testcase name="test1" time="0.000" classname="samplePackage.SampleTest"/>
  <testcase name="test1" time="2.500" classname="samplePackage.SampleTest"/>
  <testcase name="test1" time="4.703" classname="samplePackage.SampleTest"/>
  <testcase name="test1" time="2.937" classname="samplePackage.SampleTest"/>
  <testcase name="test1" time="3.583" classname="samplePackage.SampleTest"/>
  <testcase name="test1" time="3.391" classname="samplePackage.SampleTest"/>
  <testcase name="test1" time="2.813" classname="samplePackage.SampleTest"/>
  <testcase name="test1" time="0.000" classname="samplePackage.SampleTest"/>
  <testcase name="test1" time="2.719" classname="samplePackage.SampleTest"/>
  <testcase name="test1" time="3.078" classname="samplePackage.SampleTest"/>
  <testcase name="test1" time="4.016" classname="samplePackage.SampleTest"/>
  <testcase name="test1" time="0.000" classname="samplePackage.SampleTest"/>
  <testcase name="test1" time="2.922" classname="samplePackage.SampleTest"/>
  <testcase name="test1" time="2.875" classname="samplePackage.SampleTest"/>
  <testcase name="test1" time="2.750" classname="samplePackage.SampleTest"/>
  <testcase name="test1" time="2.828" classname="samplePackage.SampleTest"/>
  <testcase name="test1" time="6.484" classname="samplePackage.SampleTest"/>
  <testcase name="test1" time="3.198" classname="samplePackage.SampleTest"/>
  <testcase name="test1" time="3.482" classname="samplePackage.SampleTest"/>
  <testcase name="test1" time="2.812" classname="samplePackage.SampleTest"/>
  <testcase name="test1" time="0.000" classname="samplePackage.SampleTest"/>
  <testcase name="test1" time="3.516" classname="samplePackage.SampleTest"/>
  <testcase name="test1" time="4.259" classname="samplePackage.SampleTest"/>
  <testcase name="test1" time="3.531" classname="samplePackage.SampleTest"/>
  <testcase name="test1" time="4.593" classname="samplePackage.SampleTest"/>
  <testcase name="test1" time="3.203" classname="samplePackage.SampleTest"/>
  <testcase name="test1" time="0.015" classname="samplePackage.SampleTest"/>
  <testcase name="test1" time="3.907" classname="samplePackage.SampleTest"/>
  <testcase name="test1" time="4.313" classname="samplePackage.SampleTest"/>
  <testcase name="test1" time="0.000" classname="samplePackage.SampleTest"/>
  <testcase name="test1" time="3.125" classname="samplePackage.SampleTest"/>
  <testcase name="test1" time="3.594" classname="samplePackage.SampleTest"/>
  <testcase name="test1" time="3.266" classname="samplePackage.SampleTest"/>
  <testcase name="test1" time="0.000" classname="samplePackage.SampleTest"/>
  <testcase name="test1" time="3.250" classname="samplePackage.SampleTest"/>
  <testcase name="test1" time="18.548" classname="samplePackage.SampleTest"/>
  <testcase name="test1" time="2.844" classname="samplePackage.SampleTest"/>
  <testcase name="test1" time="0.000" classname="samplePackage.SampleTest"/>
  <testcase name="test1" time="3.384" classname="samplePackage.SampleTest"/>
  <testcase name="test1" time="3.204" classname="samplePackage.SampleTest"/>
  <testcase name="test1" time="3.104" classname="samplePackage.SampleTest"/>
  <testcase name="test1" time="0.015" classname="samplePackage.SampleTest"/>
  <testcase name="test1" time="3.594" classname="samplePackage.SampleTest"/>
  <testcase name="test1" time="0.000" classname="samplePackage.SampleTest"/>
  <testcase name="test1" time="3.054" classname="samplePackage.SampleTest"/>
  <testcase name="test1" time="0.000" classname="samplePackage.SampleTest"/>
  <testcase name="test1" time="4.239" classname="samplePackage.SampleTest"/>
  <testcase name="test1" time="4.594" classname="samplePackage.SampleTest"/>
  <testcase name="test1" time="2.906" classname="samplePackage.SampleTest"/>
  <testcase name="test1" time="2.812" classname="samplePackage.SampleTest"/>
  <testcase name="test1" time="0.000" classname="samplePackage.SampleTest"/>
  <testcase name="test1" time="4.672" classname="samplePackage.SampleTest"/>
  <testcase name="test1" time="2.861" classname="samplePackage.SampleTest"/>
  <testcase name="test1" time="5.516" classname="samplePackage.SampleTest"/>
  <testcase name="test1" time="3.016" classname="samplePackage.SampleTest"/>
  <testcase name="test1" time="3.167" classname="samplePackage.SampleTest"/>
  <testcase name="test1" time="4.547" classname="samplePackage.SampleTest"/>
  <testcase name="test1" time="2.641" classname="samplePackage.SampleTest"/>
  <testcase name="test1" time="0.000" classname="samplePackage.SampleTest"/>
  <testcase name="test1" time="0.000" classname="samplePackage.SampleTest"/>
  <testcase name="test1" time="2.734" classname="samplePackage.SampleTest"/>
  <testcase name="test1" time="0.000" classname="samplePackage.SampleTest"/>
  <testcase name="test1" time="2.672" classname="samplePackage.SampleTest"/>
  <testcase name="test1" time="0.000" classname="samplePackage.SampleTest"/>
  <testcase name="test1" time="0.000" classname="samplePackage.SampleTest"/>
  <testcase name="test1" time="2.828" classname="samplePackage.SampleTest"/>
  <testcase name="test1" time="2.812" classname="samplePackage.SampleTest"/>
  <testcase name="test1" time="2.953" classname="samplePackage.SampleTest"/>
  <testcase name="test1" time="0.000" classname="samplePackage.SampleTest"/>
  <testcase name="test1" time="2.515" classname="samplePackage.SampleTest"/>
  <testcase name="test1" time="2.765" classname="samplePackage.SampleTest"/>
  <testcase name="test1" time="2.750" classname="samplePackage.SampleTest"/>
  <testcase name="test1" time="11.157" classname="samplePackage.SampleTest"/>
  <testcase name="test1" time="2.969" classname="samplePackage.SampleTest"/>
  <testcase name="test1" time="0.000" classname="samplePackage.SampleTest"/>
  <testcase name="test1" time="3.140" classname="samplePackage.SampleTest"/>
  <testcase name="test1" time="3.844" classname="samplePackage.SampleTest"/>
  <testcase name="test1" time="4.966" classname="samplePackage.SampleTest"/>
  <testcase name="test1" time="0.000" classname="samplePackage.SampleTest"/>
  <testcase name="test1" time="3.063" classname="samplePackage.SampleTest"/>
  <testcase name="test1" time="2.759" classname="samplePackage.SampleTest"/>
  <testcase name="test1" time="4.625" classname="samplePackage.SampleTest"/>
  <testcase name="test1" time="0.000" classname="samplePackage.SampleTest"/>
  <testcase name="test1" time="3.031" classname="samplePackage.SampleTest"/>
  <testcase name="test1" time="0.000" classname="samplePackage.SampleTest"/>
  <testcase name="test1" time="0.000" classname="samplePackage.SampleTest"/>
  <testcase name="test1" time="3.126" classname="samplePackage.SampleTest"/>
  <testcase name="test1" time="2.719" classname="samplePackage.SampleTest"/>
  <testcase name="test1" time="0.016" classname="samplePackage.SampleTest"/>
  <testcase name="test1" time="0.000" classname="samplePackage.SampleTest"/>
  <testcase name="test1" time="2.703" classname="samplePackage.SampleTest"/>
  <testcase name="test1" time="2.891" classname="samplePackage.SampleTest"/>
  <testcase name="test1" time="0.000" classname="samplePackage.SampleTest"/>
  <testcase name="test1" time="2.890" classname="samplePackage.SampleTest"/>
  <testcase name="test1" time="6.392" classname="samplePackage.SampleTest"/>
  <testcase name="test1" time="2.828" classname="samplePackage.SampleTest"/>
  <testcase name="test1" time="2.896" classname="samplePackage.SampleTest"/>
  <testcase name="test1" time="3.172" classname="samplePackage.SampleTest"/>
  <testcase name="test1" time="0.000" classname="samplePackage.SampleTest"/>
  <testcase name="test1" time="0.000" classname="samplePackage.SampleTest"/>
  <testcase name="test1" time="2.687" classname="samplePackage.SampleTest"/>
  <testcase name="test1" time="2.979" classname="samplePackage.SampleTest"/>
  <testcase name="test1" time="3.234" classname="samplePackage.SampleTest"/>
  <testcase name="test1" time="4.141" classname="samplePackage.SampleTest"/>
  <testcase name="test1" time="3.265" classname="samplePackage.SampleTest"/>
  <testcase name="test1" time="0.000" classname="samplePackage.SampleTest"/>
  <testcase name="test1" time="0.000" classname="samplePackage.SampleTest"/>
  <testcase name="test1" time="0.000" classname="samplePackage.SampleTest"/>
  <testcase name="test1" time="2.797" classname="samplePackage.SampleTest"/>
  <testcase name="test1" time="3.297" classname="samplePackage.SampleTest"/>
  <testcase name="test1" time="7.906" classname="samplePackage.SampleTest"/>
  <testcase name="test1" time="0.015" classname="samplePackage.SampleTest"/>
  <testcase name="test1" time="2.750" classname="samplePackage.SampleTest"/>
  <testcase name="test1" time="3.516" classname="samplePackage.SampleTest"/>
  <testcase name="test1" time="2.906" classname="samplePackage.SampleTest"/>
  <testcase name="test1" time="3.625" classname="samplePackage.SampleTest"/>
  <testcase name="test1" time="3.235" classname="samplePackage.SampleTest"/>
  <testcase name="test1" time="0.000" classname="samplePackage.SampleTest"/>
  <testcase name="test1" time="2.990" classname="samplePackage.SampleTest"/>
  <testcase name="test1" time="2.719" classname="samplePackage.SampleTest"/>
  <testcase name="test1" time="3.463" classname="samplePackage.SampleTest"/>
  <testcase name="test1" time="17.469" classname="samplePackage.SampleTest"/>
  <testcase name="test1" time="2.860" classname="samplePackage.SampleTest"/>
  <testcase name="test1" time="3.172" classname="samplePackage.SampleTest"/>
  <testcase name="test1" time="0.000" classname="samplePackage.SampleTest"/>
  <testcase name="test1" time="2.703" classname="samplePackage.SampleTest"/>
  <testcase name="test1" time="2.719" classname="samplePackage.SampleTest"/>
  <testcase name="test1" time="3.516" classname="samplePackage.SampleTest"/>
  <testcase name="test1" time="2.765" classname="samplePackage.SampleTest"/>
  <testcase name="test1" time="3.590" classname="samplePackage.SampleTest"/>
  <testcase name="test1" time="0.000" classname="samplePackage.SampleTest"/>
  <testcase name="test1" time="2.844" classname="samplePackage.SampleTest"/>
  <testcase name="test1" time="3.783" classname="samplePackage.SampleTest"/>
  <testcase name="test1" time="3.129" classname="samplePackage.SampleTest"/>
  <testcase name="test1" time="3.063" classname="samplePackage.SampleTest"/>
  <testcase name="test1" time="0.016" classname="samplePackage.SampleTest"/>
  <testcase name="test1" time="0.000" classname="samplePackage.SampleTest"/>
  <testcase name="test1" time="2.719" classname="samplePackage.SampleTest"/>
  <testcase name="test1" time="3.578" classname="samplePackage.SampleTest"/>
  <testcase name="test1" time="2.957" classname="samplePackage.SampleTest"/>
  <testcase name="test1" time="2.704" classname="samplePackage.SampleTest"/>
  <testcase name="test1" time="3.109" classname="samplePackage.SampleTest"/>
  <testcase name="test1" time="0.000" classname="samplePackage.SampleTest"/>
  <testcase name="test1" time="0.000" classname="samplePackage.SampleTest"/>
  <testcase name="test1" time="0.000" classname="samplePackage.SampleTest"/>
  <testcase name="test1" time="2.847" classname="samplePackage.SampleTest"/>
  <testcase name="test1" time="0.000" classname="samplePackage.SampleTest"/>
  <testcase name="test1" time="3.500" classname="samplePackage.SampleTest"/>
  <testcase name="test1" time="3.328" classname="samplePackage.SampleTest"/>
  <testcase name="test1" time="0.000" classname="samplePackage.SampleTest"/>
  <testcase name="test1" time="3.156" classname="samplePackage.SampleTest"/>
  <testcase name="test1" time="0.000" classname="samplePackage.SampleTest"/>
  <testcase name="test1" time="2.987" classname="samplePackage.SampleTest"/>
  <testcase name="test1" time="2.794" classname="samplePackage.SampleTest"/>
  <testcase name="test1" time="0.000" classname="samplePackage.SampleTest"/>
  <testcase name="test1" time="2.875" classname="samplePackage.SampleTest"/>
  <testcase name="test1" time="0.000" classname="samplePackage.SampleTest"/>
  <testcase name="test1" time="2.734" classname="samplePackage.SampleTest"/>
  <testcase name="test1" time="0.015" classname="samplePackage.SampleTest"/>
  <testcase name="test1" time="3.625" classname="samplePackage.SampleTest"/>
  <testcase name="test1" time="2.896" classname="samplePackage.SampleTest"/>
  <testcase name="test1" time="3.640" classname="samplePackage.SampleTest"/>
  <testcase name="test1" time="2.891" classname="samplePackage.SampleTest"/>
  <testcase name="test1" time="2.750" classname="samplePackage.SampleTest"/>
  <testcase name="test1" time="3.328" classname="samplePackage.SampleTest"/>
  <testcase name="test1" time="0.000" classname="samplePackage.SampleTest"/>
  <testcase name="test1" time="3.907" classname="samplePackage.SampleTest"/>
  <testcase name="test1" time="3.638" classname="samplePackage.SampleTest"/>
  <testcase name="test1" time="2.766" classname="samplePackage.SampleTest"/>
  <testcase name="test1" time="0.000" classname="samplePackage.SampleTest"/>
  <testcase name="test1" time="3.125" classname="samplePackage.SampleTest"/>
  <testcase name="test1" time="3.025" classname="samplePackage.SampleTest"/>
  <testcase name="test1" time="2.991" classname="samplePackage.SampleTest"/>
  <testcase name="test1" time="3.188" classname="samplePackage.SampleTest"/>
  <testcase name="test1" time="2.750" classname="samplePackage.SampleTest"/>
  <testcase name="test1" time="0.000" classname="samplePackage.SampleTest"/>
  <testcase name="test1" time="2.954" classname="samplePackage.SampleTest"/>
  <testcase name="test1" time="2.781" classname="samplePackage.SampleTest"/>
  <testcase name="test1" time="3.118" classname="samplePackage.SampleTest"/>
  <testcase name="test1" time="3.453" classname="samplePackage.SampleTest"/>
  <testcase name="test1" time="0.000" classname="samplePackage.SampleTest"/>
  <testcase name="test1" time="3.610" classname="samplePackage.SampleTest"/>
  <testcase name="test1" time="2.750" classname="samplePackage.SampleTest"/>
  <testcase name="test1" time="6.954" classname="samplePackage.SampleTest"/>
  <testcase name="test1" time="2.750" classname="samplePackage.SampleTest"/>
  <testcase name="test1" time="2.703" classname="samplePackage.SampleTest"/>
  <testcase name="test1" time="3.593" classname="samplePackage.SampleTest"/>
  <testcase name="test1" time="2.938" classname="samplePackage.SampleTest"/>
  <testcase name="test1" time="2.766" classname="samplePackage.SampleTest"/>
  <testcase name="test1" time="5.391" classname="samplePackage.SampleTest"/>
  <testcase name="test1" time="2.828" classname="samplePackage.SampleTest"/>
  <testcase name="test1" time="2.837" classname="samplePackage.SampleTest"/>
  <testcase name="test1" time="5.563" classname="samplePackage.SampleTest"/>
  <testcase name="test1" time="2.881" classname="samplePackage.SampleTest"/>
  <testcase name="test1" time="3.906" classname="samplePackage.SampleTest"/>
  <testcase name="test1" time="3.860" classname="samplePackage.SampleTest"/>
  <testcase name="test1" time="4.126" classname="samplePackage.SampleTest"/>
  <testcase name="test1" time="4.375" classname="samplePackage.SampleTest"/>
  <testcase name="test1" time="2.531" classname="samplePackage.SampleTest"/>
  <testcase name="test1" time="4.031" classname="samplePackage.SampleTest"/>
  <testcase name="test1" time="2.961" classname="samplePackage.SampleTest"/>
  <testcase name="test1" time="3.797" classname="samplePackage.SampleTest"/>
  <testcase name="test1" time="3.000" classname="samplePackage.SampleTest"/>
  <testcase name="test1" time="2.942" classname="samplePackage.SampleTest"/>
  <testcase name="test1" time="0.000" classname="samplePackage.SampleTest"/>
  <testcase name="test1" time="3.266" classname="samplePackage.SampleTest"/>
  <testcase name="test1" time="3.297" classname="samplePackage.SampleTest"/>
  <testcase name="test1" time="2.500" classname="samplePackage.SampleTest"/>
  <testcase name="test1" time="2.672" classname="samplePackage.SampleTest"/>
  <testcase name="test1" time="3.406" classname="samplePackage.SampleTest"/>
  <testcase name="test1" time="2.922" classname="samplePackage.SampleTest"/>
  <testcase name="test1" time="0.000" classname="samplePackage.SampleTest"/>
  <testcase name="test1" time="3.626" classname="samplePackage.SampleTest"/>
  <testcase name="test1" time="0.000" classname="samplePackage.SampleTest"/>
  <testcase name="test1" time="2.750" classname="samplePackage.SampleTest"/>
  <testcase name="test1" time="0.016" classname="samplePackage.SampleTest"/>
  <testcase name="test1" time="3.672" classname="samplePackage.SampleTest"/>
  <testcase name="test1" time="4.625" classname="samplePackage.SampleTest"/>
  <testcase name="test1" time="3.297" classname="samplePackage.SampleTest"/>
  <testcase name="test1" time="2.891" classname="samplePackage.SampleTest"/>
  <testcase name="test1" time="3.266" classname="samplePackage.SampleTest"/>
  <testcase name="test1" time="0.000" classname="samplePackage.SampleTest"/>
  <testcase name="test1" time="0.016" classname="samplePackage.SampleTest"/>
  <testcase name="test1" time="2.938" classname="samplePackage.SampleTest"/>
  <testcase name="test1" time="3.172" classname="samplePackage.SampleTest"/>
  <testcase name="test1" time="4.062" classname="samplePackage.SampleTest"/>
  <testcase name="test1" time="0.000" classname="samplePackage.SampleTest"/>
  <testcase name="test1" time="2.718" classname="samplePackage.SampleTest"/>
  <testcase name="test1" time="0.000" classname="samplePackage.SampleTest"/>
  <testcase name="test1" time="2.766" classname="samplePackage.SampleTest"/>
  <testcase name="test1" time="2.984" classname="samplePackage.SampleTest"/>
  <testcase name="test1" time="3.656" classname="samplePackage.SampleTest"/>
  <testcase name="test1" time="0.000" classname="samplePackage.SampleTest"/>
  <testcase name="test1" time="3.125" classname="samplePackage.SampleTest"/>
  <testcase name="test1" time="2.891" classname="samplePackage.SampleTest"/>
  <testcase name="test1" time="0.000" classname="samplePackage.SampleTest"/>
  <testcase name="test1" time="4.337" classname="samplePackage.SampleTest"/>
  <testcase name="test1" time="0.015" classname="samplePackage.SampleTest"/>
  <testcase name="test1" time="0.000" classname="samplePackage.SampleTest"/>
  <testcase name="test1" time="3.438" classname="samplePackage.SampleTest"/>
  <testcase name="test1" time="0.000" classname="samplePackage.SampleTest"/>
  <testcase name="test1" time="0.000" classname="samplePackage.SampleTest"/>
  <testcase name="test1" time="3.391" classname="samplePackage.SampleTest"/>
  <testcase name="test1" time="2.823" classname="samplePackage.SampleTest"/>
  <testcase name="test1" time="0.000" classname="samplePackage.SampleTest"/>
  <testcase name="test1" time="0.016" classname="samplePackage.SampleTest"/>
  <testcase name="test1" time="3.500" classname="samplePackage.SampleTest"/>
  <testcase name="test1" time="2.890" classname="samplePackage.SampleTest"/>
  <testcase name="test1" time="3.309" classname="samplePackage.SampleTest"/>
  <testcase name="test1" time="2.704" classname="samplePackage.SampleTest"/>
  <testcase name="test1" time="0.015" classname="samplePackage.SampleTest"/>
  <testcase name="test1" time="2.734" classname="samplePackage.SampleTest"/>
  <testcase name="test1" time="0.000" classname="samplePackage.SampleTest"/>
  <testcase name="test1" time="2.516" classname="samplePackage.SampleTest"/>
  <testcase name="test1" time="2.735" classname="samplePackage.SampleTest"/>
  <testcase name="test1" time="4.228" classname="samplePackage.SampleTest"/>
  <testcase name="test1" time="0.000" classname="samplePackage.SampleTest"/>
  <testcase name="test1" time="0.000" classname="samplePackage.SampleTest"/>
  <testcase name="test1" time="2.969" classname="samplePackage.SampleTest"/>
  <testcase name="test1" time="3.501" classname="samplePackage.SampleTest"/>
  <testcase name="test1" time="2.828" classname="samplePackage.SampleTest"/>
  <testcase name="test1" time="2.531" classname="samplePackage.SampleTest"/>
  <testcase name="test1" time="3.656" classname="samplePackage.SampleTest"/>
  <testcase name="test1" time="0.000" classname="samplePackage.SampleTest"/>
  <testcase name="test1" time="3.829" classname="samplePackage.SampleTest"/>
  <testcase name="test1" time="3.028" classname="samplePackage.SampleTest"/>
  <testcase name="test1" time="0.000" classname="samplePackage.SampleTest"/>
  <testcase name="test1" time="0.000" classname="samplePackage.SampleTest"/>
  <testcase name="test1" time="3.115" classname="samplePackage.SampleTest"/>
  <testcase name="test1" time="3.172" classname="samplePackage.SampleTest"/>
  <testcase name="test1" time="3.156" classname="samplePackage.SampleTest"/>
  <testcase name="test1" time="4.426" classname="samplePackage.SampleTest"/>
  <testcase name="test1" time="0.015" classname="samplePackage.SampleTest"/>
  <testcase name="test1" time="3.016" classname="samplePackage.SampleTest"/>
  <testcase name="test1" time="2.858" classname="samplePackage.SampleTest"/>
  <testcase name="test1" time="4.578" classname="samplePackage.SampleTest"/>
  <testcase name="test1" time="2.953" classname="samplePackage.SampleTest"/>
  <testcase name="test1" time="2.868" classname="samplePackage.SampleTest"/>
  <testcase name="test1" time="0.000" classname="samplePackage.SampleTest"/>
  <testcase name="test1" time="2.734" classname="samplePackage.SampleTest"/>
  <testcase name="test1" time="3.171" classname="samplePackage.SampleTest"/>
  <testcase name="test1" time="0.000" classname="samplePackage.SampleTest"/>
  <testcase name="test1" time="2.947" classname="samplePackage.SampleTest"/>
  <testcase name="test1" time="0.000" classname="samplePackage.SampleTest"/>
  <testcase name="test1" time="3.094" classname="samplePackage.SampleTest"/>
  <testcase name="test1" time="3.500" classname="samplePackage.SampleTest"/>
  <testcase name="test1" time="3.266" classname="samplePackage.SampleTest"/>
  <testcase name="test1" time="2.719" classname="samplePackage.SampleTest"/>
  <testcase name="test1" time="2.766" classname="samplePackage.SampleTest"/>
  <testcase name="test1" time="3.079" classname="samplePackage.SampleTest"/>
  <testcase name="test1" time="0.015" classname="samplePackage.SampleTest"/>
  <testcase name="test1" time="0.000" classname="samplePackage.SampleTest"/>
  <testcase name="test1" time="3.031" classname="samplePackage.SampleTest"/>
  <testcase name="test1" time="2.810" classname="samplePackage.SampleTest"/>
  <testcase name="test1" time="3.125" classname="samplePackage.SampleTest"/>
  <testcase name="test1" time="0.000" classname="samplePackage.SampleTest"/>
  <testcase name="test1" time="5.344" classname="samplePackage.SampleTest"/>
  <testcase name="test1" time="2.750" classname="samplePackage.SampleTest"/>
  <testcase name="test1" time="3.125" classname="samplePackage.SampleTest"/>
  <testcase name="test1" time="2.919" classname="samplePackage.SampleTest"/>
  <testcase name="test1" time="4.688" classname="samplePackage.SampleTest"/>
  <testcase name="test1" time="2.938" classname="samplePackage.SampleTest"/>
  <testcase name="test1" time="2.984" classname="samplePackage.SampleTest"/>
  <testcase name="test1" time="0.000" classname="samplePackage.SampleTest"/>
  <testcase name="test1" time="2.687" classname="samplePackage.SampleTest"/>
  <testcase name="test1" time="2.719" classname="samplePackage.SampleTest"/>
  <testcase name="test1" time="3.078" classname="samplePackage.SampleTest"/>
  <testcase name="test1" time="0.000" classname="samplePackage.SampleTest"/>
  <testcase name="test1" time="3.218" classname="samplePackage.SampleTest"/>
  <testcase name="test1" time="2.750" classname="samplePackage.SampleTest"/>
  <testcase name="test1" time="3.969" classname="samplePackage.SampleTest"/>
  <testcase name="test1" time="2.797" classname="samplePackage.SampleTest"/>
  <testcase name="test1" time="3.357" classname="samplePackage.SampleTest"/>
  <testcase name="test1" time="3.528" classname="samplePackage.SampleTest"/>
  <testcase name="test1" time="0.000" classname="samplePackage.SampleTest"/>
  <testcase name="test1" time="0.000" classname="samplePackage.SampleTest"/>
  <testcase name="test1" time="0.000" classname="samplePackage.SampleTest"/>
  <testcase name="test1" time="4.464" classname="samplePackage.SampleTest"/>
  <testcase name="test1" time="5.406" classname="samplePackage.SampleTest"/>
  <testcase name="test1" time="4.125" classname="samplePackage.SampleTest"/>
  <testcase name="test1" time="3.469" classname="samplePackage.SampleTest"/>
  <testcase name="test1" time="0.000" classname="samplePackage.SampleTest"/>
  <testcase name="test1" time="4.844" classname="samplePackage.SampleTest"/>
  <testcase name="test1" time="2.938" classname="samplePackage.SampleTest"/>
  <testcase name="test1" time="2.610" classname="samplePackage.SampleTest"/>
  <testcase name="test1" time="2.822" classname="samplePackage.SampleTest"/>
  <testcase name="test1" time="0.000" classname="samplePackage.SampleTest"/>
  <testcase name="test1" time="4.109" classname="samplePackage.SampleTest"/>
  <testcase name="test1" time="2.797" classname="samplePackage.SampleTest"/>
  <testcase name="test1" time="0.000" classname="samplePackage.SampleTest"/>
  <testcase name="test1" time="2.735" classname="samplePackage.SampleTest"/>
  <testcase name="test1" time="2.831" classname="samplePackage.SampleTest"/>
  <testcase name="test1" time="0.000" classname="samplePackage.SampleTest"/>
  <testcase name="test1" time="3.672" classname="samplePackage.SampleTest"/>
  <testcase name="test1" time="0.000" classname="samplePackage.SampleTest"/>
  <testcase name="test1" time="3.122" classname="samplePackage.SampleTest"/>
  <testcase name="test1" time="4.249" classname="samplePackage.SampleTest"/>
  <testcase name="test1" time="0.000" classname="samplePackage.SampleTest"/>
  <testcase name="test1" time="0.015" classname="samplePackage.SampleTest"/>
  <testcase name="test1" time="0.015" classname="samplePackage.SampleTest"/>
  <testcase name="test1" time="5.313" classname="samplePackage.SampleTest"/>
  <testcase name="test1" time="2.766" classname="samplePackage.SampleTest"/>
  <testcase name="test1" time="3.594" classname="samplePackage.SampleTest"/>
  <testcase name="test1" time="2.735" classname="samplePackage.SampleTest"/>
  <testcase name="test1" time="3.204" classname="samplePackage.SampleTest"/>
  <testcase name="test1" time="2.984" classname="samplePackage.SampleTest"/>
  <testcase name="test1" time="3.297" classname="samplePackage.SampleTest"/>
  <testcase name="test1" time="4.592" classname="samplePackage.SampleTest"/>
  <testcase name="test1" time="0.000" classname="samplePackage.SampleTest"/>
  <testcase name="test1" time="0.000" classname="samplePackage.SampleTest"/>
  <testcase name="test1" time="2.985" classname="samplePackage.SampleTest"/>
  <testcase name="test1" time="3.404" classname="samplePackage.SampleTest"/>
  <testcase name="test1" time="2.829" classname="samplePackage.SampleTest"/>
  <testcase name="test1" time="0.000" classname="samplePackage.SampleTest"/>
  <testcase name="test1" time="2.794" classname="samplePackage.SampleTest"/>
  <testcase name="test1" time="3.641" classname="samplePackage.SampleTest"/>
  <testcase name="test1" time="3.220" classname="samplePackage.SampleTest"/>
  <testcase name="test1" time="2.884" classname="samplePackage.SampleTest"/>
  <testcase name="test1" time="2.984" classname="samplePackage.SampleTest"/>
  <testcase name="test1" time="0.016" classname="samplePackage.SampleTest"/>
  <testcase name="test1" time="0.000" classname="samplePackage.SampleTest"/>
  <testcase name="test1" time="0.000" classname="samplePackage.SampleTest"/>
  <testcase name="test1" time="2.703" classname="samplePackage.SampleTest"/>
  <testcase name="test1" time="4.954" classname="samplePackage.SampleTest"/>
  <testcase name="test1" time="0.000" classname="samplePackage.SampleTest"/>
  <testcase name="test1" time="0.000" classname="samplePackage.SampleTest"/>
  <testcase name="test1" time="2.969" classname="samplePackage.SampleTest"/>
  <testcase name="test1" time="0.000" classname="samplePackage.SampleTest"/>
  <testcase name="test1" time="2.766" classname="samplePackage.SampleTest"/>
  <testcase name="test1" time="0.000" classname="samplePackage.SampleTest"/>
  <testcase name="test1" time="2.825" classname="samplePackage.SampleTest"/>
  <testcase name="test1" time="3.688" classname="samplePackage.SampleTest"/>
  <testcase name="test1" time="2.719" classname="samplePackage.SampleTest"/>
  <testcase name="test1" time="2.734" classname="samplePackage.SampleTest"/>
  <testcase name="test1" time="3.359" classname="samplePackage.SampleTest"/>
  <testcase name="test1" time="2.703" classname="samplePackage.SampleTest"/>
  <testcase name="test1" time="0.000" classname="samplePackage.SampleTest"/>
  <testcase name="test1" time="0.000" classname="samplePackage.SampleTest"/>
  <testcase name="test1" time="2.734" classname="samplePackage.SampleTest"/>
  <testcase name="test1" time="0.000" classname="samplePackage.SampleTest"/>
  <testcase name="test1" time="2.863" classname="samplePackage.SampleTest"/>
  <testcase name="test1" time="0.000" classname="samplePackage.SampleTest"/>
  <testcase name="test1" time="4.414" classname="samplePackage.SampleTest"/>
  <testcase name="test1" time="3.062" classname="samplePackage.SampleTest"/>
  <testcase name="test1" time="3.391" classname="samplePackage.SampleTest"/>
  <testcase name="test1" time="0.000" classname="samplePackage.SampleTest"/>
  <testcase name="test1" time="2.923" classname="samplePackage.SampleTest"/>
  <testcase name="test1" time="0.000" classname="samplePackage.SampleTest"/>
  <testcase name="test1" time="3.719" classname="samplePackage.SampleTest"/>
  <testcase name="test1" time="9.563" classname="samplePackage.SampleTest"/>
  <testcase name="test1" time="3.015" classname="samplePackage.SampleTest"/>
  <testcase name="test1" time="2.703" classname="samplePackage.SampleTest"/>
  <testcase name="test1" time="2.922" classname="samplePackage.SampleTest"/>
  <testcase name="test1" time="3.610" classname="samplePackage.SampleTest"/>
  <testcase name="test1" time="2.703" classname="samplePackage.SampleTest"/>
  <testcase name="test1" time="3.001" classname="samplePackage.SampleTest"/>
  <testcase name="test1" time="5.150" classname="samplePackage.SampleTest"/>
  <testcase name="test1" time="3.041" classname="samplePackage.SampleTest"/>
  <testcase name="test1" time="2.860" classname="samplePackage.SampleTest"/>
  <testcase name="test1" time="2.703" classname="samplePackage.SampleTest"/>
  <testcase name="test1" time="2.704" classname="samplePackage.SampleTest"/>
  <testcase name="test1" time="0.000" classname="samplePackage.SampleTest"/>
  <testcase name="test1" time="0.000" classname="samplePackage.SampleTest"/>
  <testcase name="test1" time="3.204" classname="samplePackage.SampleTest"/>
  <testcase name="test1" time="2.940" classname="samplePackage.SampleTest"/>
  <testcase name="test1" time="2.969" classname="samplePackage.SampleTest"/>
  <testcase name="test1" time="2.841" classname="samplePackage.SampleTest"/>
  <testcase name="test1" time="0.016" classname="samplePackage.SampleTest"/>
  <testcase name="test1" time="0.000" classname="samplePackage.SampleTest"/>
  <testcase name="test1" time="3.110" classname="samplePackage.SampleTest"/>
  <testcase name="test1" time="2.766" classname="samplePackage.SampleTest"/>
  <testcase name="test1" time="5.625" classname="samplePackage.SampleTest"/>
  <testcase name="test1" time="4.078" classname="samplePackage.SampleTest"/>
  <testcase name="test1" time="3.485" classname="samplePackage.SampleTest"/>
  <testcase name="test1" time="2.842" classname="samplePackage.SampleTest"/>
  <testcase name="test1" time="3.016" classname="samplePackage.SampleTest"/>
  <testcase name="test1" time="2.781" classname="samplePackage.SampleTest"/>
  <testcase name="test1" time="2.922" classname="samplePackage.SampleTest"/>
  <testcase name="test1" time="0.000" classname="samplePackage.SampleTest"/>
  <testcase name="test1" time="0.000" classname="samplePackage.SampleTest"/>
  <testcase name="test1" time="3.719" classname="samplePackage.SampleTest"/>
  <testcase name="test1" time="3.518" classname="samplePackage.SampleTest"/>
  <testcase name="test1" time="0.000" classname="samplePackage.SampleTest"/>
  <testcase name="test1" time="3.094" classname="samplePackage.SampleTest"/>
  <testcase name="test1" time="3.076" classname="samplePackage.SampleTest"/>
  <testcase name="test1" time="2.959" classname="samplePackage.SampleTest"/>
  <testcase name="test1" time="2.718" classname="samplePackage.SampleTest"/>
  <testcase name="test1" time="0.000" classname="samplePackage.SampleTest"/>
  <testcase name="test1" time="3.021" classname="samplePackage.SampleTest"/>
  <testcase name="test1" time="2.897" classname="samplePackage.SampleTest"/>
  <testcase name="test1" time="4.578" classname="samplePackage.SampleTest"/>
  <testcase name="test1" time="2.881" classname="samplePackage.SampleTest"/>
  <testcase name="test1" time="0.000" classname="samplePackage.SampleTest"/>
  <testcase name="test1" time="2.750" classname="samplePackage.SampleTest"/>
  <testcase name="test1" time="0.016" classname="samplePackage.SampleTest"/>
  <testcase name="test1" time="3.785" classname="samplePackage.SampleTest"/>
  <testcase name="test1" time="3.094" classname="samplePackage.SampleTest"/>
  <testcase name="test1" time="2.703" classname="samplePackage.SampleTest"/>
  <testcase name="test1" time="2.844" classname="samplePackage.SampleTest"/>
  <testcase name="test1" time="2.610" classname="samplePackage.SampleTest"/>
  <testcase name="test1" time="2.953" classname="samplePackage.SampleTest"/>
  <testcase name="test1" time="3.125" classname="samplePackage.SampleTest"/>
  <testcase name="test1" time="3.719" classname="samplePackage.SampleTest"/>
  <testcase name="test1" time="3.672" classname="samplePackage.SampleTest"/>
  <testcase name="test1" time="0.016" classname="samplePackage.SampleTest"/>
  <testcase name="test1" time="3.680" classname="samplePackage.SampleTest"/>
  <testcase name="test1" time="2.891" classname="samplePackage.SampleTest"/>
  <testcase name="test1" time="2.735" classname="samplePackage.SampleTest"/>
  <testcase name="test1" time="4.157" classname="samplePackage.SampleTest"/>
  <testcase name="test1" time="3.766" classname="samplePackage.SampleTest"/>
  <testcase name="test1" time="4.140" classname="samplePackage.SampleTest"/>
  <testcase name="test1" time="3.266" classname="samplePackage.SampleTest"/>
  <testcase name="test1" time="2.841" classname="samplePackage.SampleTest"/>
  <testcase name="test1" time="2.781" classname="samplePackage.SampleTest"/>
  <testcase name="test1" time="2.832" classname="samplePackage.SampleTest"/>
  <testcase name="test1" time="2.901" classname="samplePackage.SampleTest"/>
  <testcase name="test1" time="2.734" classname="samplePackage.SampleTest"/>
  <testcase name="test1" time="4.099" classname="samplePackage.SampleTest"/>
  <testcase name="test1" time="3.065" classname="samplePackage.SampleTest"/>
  <testcase name="test1" time="3.485" classname="samplePackage.SampleTest"/>
  <testcase name="test1" time="0.000" classname="samplePackage.SampleTest"/>
  <testcase name="test1" time="3.594" classname="samplePackage.SampleTest"/>
  <testcase name="test1" time="0.000" classname="samplePackage.SampleTest"/>
  <testcase name="test1" time="96.582" classname="samplePackage.SampleTest"/>
  <testcase name="test1" time="2.735" classname="samplePackage.SampleTest"/>
  <testcase name="test1" time="0.000" classname="samplePackage.SampleTest"/>
  <testcase name="test1" time="2.719" classname="samplePackage.SampleTest"/>
  <testcase name="test1" time="0.000" classname="samplePackage.SampleTest"/>
  <testcase name="test1" time="2.734" classname="samplePackage.SampleTest"/>
  <testcase name="test1" time="2.750" classname="samplePackage.SampleTest"/>
  <testcase name="test1" time="4.008" classname="samplePackage.SampleTest"/>
  <testcase name="test1" time="0.000" classname="samplePackage.SampleTest"/>
  <testcase name="test1" time="3.141" classname="samplePackage.SampleTest"/>
  <testcase name="test1" time="4.477" classname="samplePackage.SampleTest"/>
  <testcase name="test1" time="4.187" classname="samplePackage.SampleTest"/>
  <testcase name="test1" time="0.000" classname="samplePackage.SampleTest"/>
  <testcase name="test1" time="3.079" classname="samplePackage.SampleTest"/>
  <testcase name="test1" time="0.000" classname="samplePackage.SampleTest"/>
  <testcase name="test1" time="0.000" classname="samplePackage.SampleTest"/>
  <testcase name="test1" time="3.750" classname="samplePackage.SampleTest"/>
  <testcase name="test1" time="2.995" classname="samplePackage.SampleTest"/>
  <testcase name="test1" time="3.187" classname="samplePackage.SampleTest"/>
  <testcase name="test1" time="2.750" classname="samplePackage.SampleTest"/>
  <testcase name="test1" time="8.672" classname="samplePackage.SampleTest"/>
  <testcase name="test1" time="3.484" classname="samplePackage.SampleTest"/>
  <testcase name="test1" time="3.578" classname="samplePackage.SampleTest"/>
  <testcase name="test1" time="3.422" classname="samplePackage.SampleTest"/>
  <testcase name="test1" time="2.766" classname="samplePackage.SampleTest"/>
  <testcase name="test1" time="2.767" classname="samplePackage.SampleTest"/>
  <testcase name="test1" time="0.000" classname="samplePackage.SampleTest"/>
  <testcase name="test1" time="2.813" classname="samplePackage.SampleTest"/>
  <testcase name="test1" time="6.282" classname="samplePackage.SampleTest"/>
  <testcase name="test1" time="4.716" classname="samplePackage.SampleTest"/>
  <testcase name="test1" time="4.437" classname="samplePackage.SampleTest"/>
  <testcase name="test1" time="0.000" classname="samplePackage.SampleTest"/>
  <testcase name="test1" time="4.789" classname="samplePackage.SampleTest"/>
  <testcase name="test1" time="4.062" classname="samplePackage.SampleTest"/>
  <testcase name="test1" time="3.437" classname="samplePackage.SampleTest"/>
  <testcase name="test1" time="0.000" classname="samplePackage.SampleTest"/>
  <testcase name="test1" time="0.000" classname="samplePackage.SampleTest"/>
  <testcase name="test1" time="3.843" classname="samplePackage.SampleTest"/>
  <testcase name="test1" time="0.000" classname="samplePackage.SampleTest"/>
  <testcase name="test1" time="2.734" classname="samplePackage.SampleTest"/>
  <testcase name="test1" time="3.125" classname="samplePackage.SampleTest"/>
  <testcase name="test1" time="0.000" classname="samplePackage.SampleTest"/>
  <testcase name="test1" time="3.735" classname="samplePackage.SampleTest"/>
  <testcase name="test1" time="2.656" classname="samplePackage.SampleTest"/>
  <testcase name="test1" time="0.000" classname="samplePackage.SampleTest"/>
  <testcase name="test1" time="3.094" classname="samplePackage.SampleTest"/>
  <testcase name="test1" time="21.017" classname="samplePackage.SampleTest"/>
  <testcase name="test1" time="0.000" classname="samplePackage.SampleTest"/>
  <testcase name="test1" time="0.000" classname="samplePackage.SampleTest"/>
  <testcase name="test1" time="0.000" classname="samplePackage.SampleTest"/>
  <testcase name="test1" time="2.700" classname="samplePackage.SampleTest"/>
  <testcase name="test1" time="2.838" classname="samplePackage.SampleTest"/>
  <testcase name="test1" time="2.719" classname="samplePackage.SampleTest"/>
  <testcase name="test1" time="3.931" classname="samplePackage.SampleTest"/>
  <testcase name="test1" time="0.000" classname="samplePackage.SampleTest"/>
  <testcase name="test1" time="3.234" classname="samplePackage.SampleTest"/>
  <testcase name="test1" time="3.172" classname="samplePackage.SampleTest"/>
  <testcase name="test1" time="2.735" classname="samplePackage.SampleTest"/>
  <testcase name="test1" time="3.813" classname="samplePackage.SampleTest"/>
  <testcase name="test1" time="4.682" classname="samplePackage.SampleTest"/>
  <testcase name="test1" time="0.015" classname="samplePackage.SampleTest"/>
  <testcase name="test1" time="0.000" classname="samplePackage.SampleTest"/>
  <testcase name="test1" time="3.798" classname="samplePackage.SampleTest"/>
  <testcase name="test1" time="4.406" classname="samplePackage.SampleTest"/>
  <testcase name="test1" time="3.453" classname="samplePackage.SampleTest"/>
  <testcase name="test1" time="3.000" classname="samplePackage.SampleTest"/>
  <testcase name="test1" time="2.812" classname="samplePackage.SampleTest"/>
  <testcase name="test1" time="3.032" classname="samplePackage.SampleTest"/>
  <testcase name="test1" time="3.360" classname="samplePackage.SampleTest"/>
  <testcase name="test1" time="5.766" classname="samplePackage.SampleTest"/>
  <testcase name="test1" time="3.016" classname="samplePackage.SampleTest"/>
  <testcase name="test1" time="2.803" classname="samplePackage.SampleTest"/>
  <testcase name="test1" time="3.001" classname="samplePackage.SampleTest"/>
  <testcase name="test1" time="3.056" classname="samplePackage.SampleTest"/>
  <testcase name="test1" time="2.844" classname="samplePackage.SampleTest"/>
  <testcase name="test1" time="2.484" classname="samplePackage.SampleTest"/>
  <testcase name="test1" time="3.317" classname="samplePackage.SampleTest"/>
  <testcase name="test1" time="0.000" classname="samplePackage.SampleTest"/>
  <testcase name="test1" time="0.000" classname="samplePackage.SampleTest"/>
  <testcase name="test1" time="3.485" classname="samplePackage.SampleTest"/>
  <testcase name="test1" time="3.087" classname="samplePackage.SampleTest"/>
  <testcase name="test1" time="3.703" classname="samplePackage.SampleTest"/>
  <testcase name="test1" time="2.532" classname="samplePackage.SampleTest"/>
  <testcase name="test1" time="0.000" classname="samplePackage.SampleTest"/>
  <testcase name="test1" time="2.734" classname="samplePackage.SampleTest"/>
  <testcase name="test1" time="0.000" classname="samplePackage.SampleTest"/>
  <testcase name="test1" time="3.532" classname="samplePackage.SampleTest"/>
  <testcase name="test1" time="3.828" classname="samplePackage.SampleTest"/>
  <testcase name="test1" time="4.187" classname="samplePackage.SampleTest"/>
  <testcase name="test1" time="2.734" classname="samplePackage.SampleTest"/>
  <testcase name="test1" time="0.000" classname="samplePackage.SampleTest"/>
  <testcase name="test1" time="4.000" classname="samplePackage.SampleTest"/>
  <testcase name="test1" time="2.766" classname="samplePackage.SampleTest"/>
  <testcase name="test1" time="0.000" classname="samplePackage.SampleTest"/>
  <testcase name="test1" time="3.141" classname="samplePackage.SampleTest"/>
  <testcase name="test1" time="3.094" classname="samplePackage.SampleTest"/>
  <testcase name="test1" time="2.781" classname="samplePackage.SampleTest"/>
  <testcase name="test1" time="2.751" classname="samplePackage.SampleTest"/>
  <testcase name="test1" time="3.079" classname="samplePackage.SampleTest"/>
  <testcase name="test1" time="0.000" classname="samplePackage.SampleTest"/>
  <testcase name="test1" time="2.922" classname="samplePackage.SampleTest"/>
  <testcase name="test1" time="3.141" classname="samplePackage.SampleTest"/>
  <testcase name="test1" time="6.006" classname="samplePackage.SampleTest"/>
  <testcase name="test1" time="3.531" classname="samplePackage.SampleTest"/>
  <testcase name="test1" time="3.531" classname="samplePackage.SampleTest"/>
  <testcase name="test1" time="3.499" classname="samplePackage.SampleTest"/>
  <testcase name="test1" time="3.531" classname="samplePackage.SampleTest"/>
  <testcase name="test1" time="0.015" classname="samplePackage.SampleTest"/>
  <testcase name="test1" time="2.891" classname="samplePackage.SampleTest"/>
  <testcase name="test1" time="2.797" classname="samplePackage.SampleTest"/>
  <testcase name="test1" time="0.000" classname="samplePackage.SampleTest"/>
  <testcase name="test1" time="2.703" classname="samplePackage.SampleTest"/>
  <testcase name="test1" time="2.844" classname="samplePackage.SampleTest"/>
  <testcase name="test1" time="2.765" classname="samplePackage.SampleTest"/>
  <testcase name="test1" time="0.000" classname="samplePackage.SampleTest"/>
  <testcase name="test1" time="2.999" classname="samplePackage.SampleTest"/>
  <testcase name="test1" time="0.000" classname="samplePackage.SampleTest"/>
  <testcase name="test1" time="0.000" classname="samplePackage.SampleTest"/>
  <testcase name="test1" time="0.000" classname="samplePackage.SampleTest"/>
  <testcase name="test1" time="3.031" classname="samplePackage.SampleTest"/>
  <testcase name="test1" time="3.204" classname="samplePackage.SampleTest"/>
  <testcase name="test1" time="4.578" classname="samplePackage.SampleTest"/>
  <testcase name="test1" time="0.000" classname="samplePackage.SampleTest"/>
  <testcase name="test1" time="4.875" classname="samplePackage.SampleTest"/>
  <testcase name="test1" time="2.735" classname="samplePackage.SampleTest"/>
  <testcase name="test1" time="3.078" classname="samplePackage.SampleTest"/>
  <testcase name="test1" time="0.000" classname="samplePackage.SampleTest"/>
  <testcase name="test1" time="2.750" classname="samplePackage.SampleTest"/>
  <testcase name="test1" time="0.000" classname="samplePackage.SampleTest"/>
  <testcase name="test1" time="2.884" classname="samplePackage.SampleTest"/>
  <testcase name="test1" time="3.893" classname="samplePackage.SampleTest"/>
  <testcase name="test1" time="2.782" classname="samplePackage.SampleTest"/>
  <testcase name="test1" time="0.000" classname="samplePackage.SampleTest"/>
  <testcase name="test1" time="2.812" classname="samplePackage.SampleTest"/>
  <testcase name="test1" time="0.000" classname="samplePackage.SampleTest"/>
  <testcase name="test1" time="2.750" classname="samplePackage.SampleTest"/>
  <testcase name="test1" time="3.578" classname="samplePackage.SampleTest"/>
  <testcase name="test1" time="6.860" classname="samplePackage.SampleTest"/>
  <testcase name="test1" time="0.000" classname="samplePackage.SampleTest"/>
  <testcase name="test1" time="3.391" classname="samplePackage.SampleTest"/>
  <testcase name="test1" time="2.703" classname="samplePackage.SampleTest"/>
  <testcase name="test1" time="3.719" classname="samplePackage.SampleTest"/>
  <testcase name="test1" time="3.687" classname="samplePackage.SampleTest"/>
  <testcase name="test1" time="2.812" classname="samplePackage.SampleTest"/>
  <testcase name="test1" time="3.312" classname="samplePackage.SampleTest"/>
  <testcase name="test1" time="3.251" classname="samplePackage.SampleTest"/>
  <testcase name="test1" time="0.000" classname="samplePackage.SampleTest"/>
  <testcase name="test1" time="0.000" classname="samplePackage.SampleTest"/>
  <testcase name="test1" time="3.061" classname="samplePackage.SampleTest"/>
  <testcase name="test1" time="3.984" classname="samplePackage.SampleTest"/>
  <testcase name="test1" time="4.547" classname="samplePackage.SampleTest"/>
  <testcase name="test1" time="0.000" classname="samplePackage.SampleTest"/>
  <testcase name="test1" time="0.000" classname="samplePackage.SampleTest"/>
  <testcase name="test1" time="2.734" classname="samplePackage.SampleTest"/>
  <testcase name="test1" time="5.485" classname="samplePackage.SampleTest"/>
  <testcase name="test1" time="2.985" classname="samplePackage.SampleTest"/>
  <testcase name="test1" time="2.750" classname="samplePackage.SampleTest"/>
  <testcase name="test1" time="0.000" classname="samplePackage.SampleTest"/>
  <testcase name="test1" time="4.203" classname="samplePackage.SampleTest"/>
  <testcase name="test1" time="2.873" classname="samplePackage.SampleTest"/>
  <testcase name="test1" time="0.016" classname="samplePackage.SampleTest"/>
  <testcase name="test1" time="2.594" classname="samplePackage.SampleTest"/>
  <testcase name="test1" time="4.077" classname="samplePackage.SampleTest"/>
  <testcase name="test1" time="3.454" classname="samplePackage.SampleTest"/>
  <testcase name="test1" time="3.011" classname="samplePackage.SampleTest"/>
  <testcase name="test1" time="0.079" classname="samplePackage.SampleTest"/>
  <testcase name="test1" time="2.953" classname="samplePackage.SampleTest"/>
  <testcase name="test1" time="6.094" classname="samplePackage.SampleTest"/>
  <testcase name="test1" time="0.016" classname="samplePackage.SampleTest"/>
  <testcase name="test1" time="2.688" classname="samplePackage.SampleTest"/>
  <testcase name="test1" time="2.688" classname="samplePackage.SampleTest"/>
  <testcase name="test1" time="0.000" classname="samplePackage.SampleTest"/>
  <testcase name="test1" time="2.938" classname="samplePackage.SampleTest"/>
  <testcase name="test1" time="0.000" classname="samplePackage.SampleTest"/>
  <testcase name="test1" time="3.082" classname="samplePackage.SampleTest"/>
  <testcase name="test1" time="3.562" classname="samplePackage.SampleTest"/>
  <testcase name="test1" time="3.126" classname="samplePackage.SampleTest"/>
  <testcase name="test1" time="2.825" classname="samplePackage.SampleTest"/>
  <testcase name="test1" time="3.375" classname="samplePackage.SampleTest"/>
  <testcase name="test1" time="0.000" classname="samplePackage.SampleTest"/>
  <testcase name="test1" time="3.422" classname="samplePackage.SampleTest"/>
  <testcase name="test1" time="4.736" classname="samplePackage.SampleTest"/>
  <testcase name="test1" time="3.203" classname="samplePackage.SampleTest"/>
  <testcase name="test1" time="4.688" classname="samplePackage.SampleTest"/>
  <testcase name="test1" time="0.000" classname="samplePackage.SampleTest"/>
  <testcase name="test1" time="0.000" classname="samplePackage.SampleTest"/>
  <testcase name="test1" time="4.500" classname="samplePackage.SampleTest"/>
  <testcase name="test1" time="2.766" classname="samplePackage.SampleTest"/>
  <testcase name="test1" time="2.953" classname="samplePackage.SampleTest"/>
  <testcase name="test1" time="2.927" classname="samplePackage.SampleTest"/>
  <testcase name="test1" time="2.672" classname="samplePackage.SampleTest"/>
  <testcase name="test1" time="3.545" classname="samplePackage.SampleTest"/>
  <testcase name="test1" time="4.625" classname="samplePackage.SampleTest"/>
  <testcase name="test1" time="0.000" classname="samplePackage.SampleTest"/>
  <testcase name="test1" time="2.797" classname="samplePackage.SampleTest"/>
  <testcase name="test1" time="2.735" classname="samplePackage.SampleTest"/>
  <testcase name="test1" time="3.109" classname="samplePackage.SampleTest"/>
  <testcase name="test1" time="2.813" classname="samplePackage.SampleTest"/>
  <testcase name="test1" time="3.344" classname="samplePackage.SampleTest"/>
  <testcase name="test1" time="3.625" classname="samplePackage.SampleTest"/>
  <testcase name="test1" time="3.906" classname="samplePackage.SampleTest"/>
  <testcase name="test1" time="3.621" classname="samplePackage.SampleTest"/>
  <testcase name="test1" time="2.719" classname="samplePackage.SampleTest"/>
  <testcase name="test1" time="3.688" classname="samplePackage.SampleTest"/>
  <testcase name="test1" time="3.094" classname="samplePackage.SampleTest"/>
  <testcase name="test1" time="0.000" classname="samplePackage.SampleTest"/>
  <testcase name="test1" time="0.000" classname="samplePackage.SampleTest"/>
  <testcase name="test1" time="2.750" classname="samplePackage.SampleTest"/>
  <testcase name="test1" time="0.016" classname="samplePackage.SampleTest"/>
  <testcase name="test1" time="2.750" classname="samplePackage.SampleTest"/>
  <testcase name="test1" time="2.750" classname="samplePackage.SampleTest"/>
  <testcase name="test1" time="3.257" classname="samplePackage.SampleTest"/>
  <testcase name="test1" time="3.687" classname="samplePackage.SampleTest"/>
  <testcase name="test1" time="3.563" classname="samplePackage.SampleTest"/>
  <testcase name="test1" time="0.015" classname="samplePackage.SampleTest"/>
  <testcase name="test1" time="0.000" classname="samplePackage.SampleTest"/>
  <testcase name="test1" time="2.782" classname="samplePackage.SampleTest"/>
  <testcase name="test1" time="17.719" classname="samplePackage.SampleTest"/>
  <testcase name="test1" time="2.867" classname="samplePackage.SampleTest"/>
  <testcase name="test1" time="2.828" classname="samplePackage.SampleTest"/>
  <testcase name="test1" time="0.016" classname="samplePackage.SampleTest"/>
  <testcase name="test1" time="0.000" classname="samplePackage.SampleTest"/>
  <testcase name="test1" time="0.015" classname="samplePackage.SampleTest"/>
  <testcase name="test1" time="2.827" classname="samplePackage.SampleTest"/>
  <testcase name="test1" time="3.596" classname="samplePackage.SampleTest"/>
  <testcase name="test1" time="2.672" classname="samplePackage.SampleTest"/>
  <testcase name="test1" time="0.000" classname="samplePackage.SampleTest"/>
  <testcase name="test1" time="0.016" classname="samplePackage.SampleTest"/>
  <testcase name="test1" time="2.996" classname="samplePackage.SampleTest"/>
  <testcase name="test1" time="2.895" classname="samplePackage.SampleTest"/>
  <testcase name="test1" time="0.000" classname="samplePackage.SampleTest"/>
  <testcase name="test1" time="0.000" classname="samplePackage.SampleTest"/>
  <testcase name="test1" time="3.437" classname="samplePackage.SampleTest"/>
  <testcase name="test1" time="0.000" classname="samplePackage.SampleTest"/>
  <testcase name="test1" time="3.391" classname="samplePackage.SampleTest"/>
  <testcase name="test1" time="3.266" classname="samplePackage.SampleTest"/>
  <testcase name="test1" time="3.281" classname="samplePackage.SampleTest"/>
  <testcase name="test1" time="0.000" classname="samplePackage.SampleTest"/>
  <testcase name="test1" time="3.453" classname="samplePackage.SampleTest"/>
  <testcase name="test1" time="0.000" classname="samplePackage.SampleTest"/>
  <testcase name="test1" time="0.000" classname="samplePackage.SampleTest"/>
  <testcase name="test1" time="3.594" classname="samplePackage.SampleTest"/>
  <testcase name="test1" time="0.000" classname="samplePackage.SampleTest"/>
  <testcase name="test1" time="9.360" classname="samplePackage.SampleTest"/>
  <testcase name="test1" time="3.501" classname="samplePackage.SampleTest"/>
  <testcase name="test1" time="3.672" classname="samplePackage.SampleTest"/>
  <testcase name="test1" time="2.953" classname="samplePackage.SampleTest"/>
  <testcase name="test1" time="3.217" classname="samplePackage.SampleTest"/>
  <testcase name="test1" time="4.451" classname="samplePackage.SampleTest"/>
  <testcase name="test1" time="3.290" classname="samplePackage.SampleTest"/>
  <testcase name="test1" time="3.890" classname="samplePackage.SampleTest"/>
  <testcase name="test1" time="4.344" classname="samplePackage.SampleTest"/>
  <testcase name="test1" time="0.000" classname="samplePackage.SampleTest"/>
  <testcase name="test1" time="5.035" classname="samplePackage.SampleTest"/>
  <testcase name="test1" time="2.750" classname="samplePackage.SampleTest"/>
  <testcase name="test1" time="2.906" classname="samplePackage.SampleTest"/>
  <testcase name="test1" time="3.938" classname="samplePackage.SampleTest"/>
  <testcase name="test1" time="2.750" classname="samplePackage.SampleTest"/>
  <testcase name="test1" time="3.516" classname="samplePackage.SampleTest"/>
  <testcase name="test1" time="2.797" classname="samplePackage.SampleTest"/>
  <testcase name="test1" time="3.203" classname="samplePackage.SampleTest"/>
  <testcase name="test1" time="2.969" classname="samplePackage.SampleTest"/>
  <testcase name="test1" time="3.884" classname="samplePackage.SampleTest"/>
  <testcase name="test1" time="0.000" classname="samplePackage.SampleTest"/>
  <testcase name="test1" time="0.000" classname="samplePackage.SampleTest"/>
  <testcase name="test1" time="3.125" classname="samplePackage.SampleTest"/>
  <testcase name="test1" time="3.063" classname="samplePackage.SampleTest"/>
  <testcase name="test1" time="10.219" classname="samplePackage.SampleTest"/>
  <testcase name="test1" time="2.750" classname="samplePackage.SampleTest"/>
  <testcase name="test1" time="0.000" classname="samplePackage.SampleTest"/>
  <testcase name="test1" time="0.000" classname="samplePackage.SampleTest"/>
  <testcase name="test1" time="2.703" classname="samplePackage.SampleTest"/>
  <testcase name="test1" time="3.078" classname="samplePackage.SampleTest"/>
  <testcase name="test1" time="3.126" classname="samplePackage.SampleTest"/>
  <testcase name="test1" time="0.000" classname="samplePackage.SampleTest"/>
  <testcase name="test1" time="3.484" classname="samplePackage.SampleTest"/>
  <testcase name="test1" time="0.000" classname="samplePackage.SampleTest"/>
  <testcase name="test1" time="0.000" classname="samplePackage.SampleTest"/>
  <testcase name="test1" time="3.156" classname="samplePackage.SampleTest"/>
  <testcase name="test1" time="3.011" classname="samplePackage.SampleTest"/>
  <testcase name="test1" time="0.000" classname="samplePackage.SampleTest"/>
  <testcase name="test1" time="0.000" classname="samplePackage.SampleTest"/>
  <testcase name="test1" time="0.000" classname="samplePackage.SampleTest"/>
  <testcase name="test1" time="3.750" classname="samplePackage.SampleTest"/>
  <testcase name="test1" time="2.985" classname="samplePackage.SampleTest"/>
  <testcase name="test1" time="0.000" classname="samplePackage.SampleTest"/>
  <testcase name="test1" time="0.016" classname="samplePackage.SampleTest"/>
  <testcase name="test1" time="0.000" classname="samplePackage.SampleTest"/>
  <testcase name="test1" time="5.125" classname="samplePackage.SampleTest"/>
  <testcase name="test1" time="0.000" classname="samplePackage.SampleTest"/>
  <testcase name="test1" time="3.047" classname="samplePackage.SampleTest"/>
  <testcase name="test1" time="3.062" classname="samplePackage.SampleTest"/>
  <testcase name="test1" time="3.359" classname="samplePackage.SampleTest"/>
  <testcase name="test1" time="2.884" classname="samplePackage.SampleTest"/>
  <testcase name="test1" time="2.853" classname="samplePackage.SampleTest"/>
  <testcase name="test1" time="2.734" classname="samplePackage.SampleTest"/>
  <testcase name="test1" time="2.993" classname="samplePackage.SampleTest"/>
  <testcase name="test1" time="3.203" classname="samplePackage.SampleTest"/>
  <testcase name="test1" time="0.000" classname="samplePackage.SampleTest"/>
  <testcase name="test1" time="3.391" classname="samplePackage.SampleTest"/>
  <testcase name="test1" time="2.500" classname="samplePackage.SampleTest"/>
  <testcase name="test1" time="4.298" classname="samplePackage.SampleTest"/>
  <testcase name="test1" time="3.219" classname="samplePackage.SampleTest"/>
  <testcase name="test1" time="3.719" classname="samplePackage.SampleTest"/>
  <testcase name="test1" time="2.772" classname="samplePackage.SampleTest"/>
  <testcase name="test1" time="3.752" classname="samplePackage.SampleTest"/>
  <testcase name="test1" time="0.000" classname="samplePackage.SampleTest"/>
  <testcase name="test1" time="3.172" classname="samplePackage.SampleTest"/>
  <testcase name="test1" time="3.197" classname="samplePackage.SampleTest"/>
  <testcase name="test1" time="2.625" classname="samplePackage.SampleTest"/>
  <testcase name="test1" time="3.249" classname="samplePackage.SampleTest"/>
  <testcase name="test1" time="2.844" classname="samplePackage.SampleTest"/>
  <testcase name="test1" time="0.000" classname="samplePackage.SampleTest"/>
  <testcase name="test1" time="0.000" classname="samplePackage.SampleTest"/>
  <testcase name="test1" time="4.282" classname="samplePackage.SampleTest"/>
  <testcase name="test1" time="0.000" classname="samplePackage.SampleTest"/>
  <testcase name="test1" time="2.719" classname="samplePackage.SampleTest"/>
  <testcase name="test1" time="0.016" classname="samplePackage.SampleTest"/>
  <testcase name="test1" time="2.828" classname="samplePackage.SampleTest"/>
  <testcase name="test1" time="2.828" classname="samplePackage.SampleTest"/>
  <testcase name="test1" time="2.812" classname="samplePackage.SampleTest"/>
  <testcase name="test1" time="0.000" classname="samplePackage.SampleTest"/>
  <testcase name="test1" time="2.973" classname="samplePackage.SampleTest"/>
  <testcase name="test1" time="2.703" classname="samplePackage.SampleTest"/>
  <testcase name="test1" time="2.765" classname="samplePackage.SampleTest"/>
  <testcase name="test1" time="0.016" classname="samplePackage.SampleTest"/>
  <testcase name="test1" time="4.047" classname="samplePackage.SampleTest"/>
  <testcase name="test1" time="2.872" classname="samplePackage.SampleTest"/>
  <testcase name="test1" time="4.276" classname="samplePackage.SampleTest"/>
  <testcase name="test1" time="2.813" classname="samplePackage.SampleTest"/>
  <testcase name="test1" time="0.000" classname="samplePackage.SampleTest"/>
  <testcase name="test1" time="2.860" classname="samplePackage.SampleTest"/>
  <testcase name="test1" time="3.750" classname="samplePackage.SampleTest"/>
  <testcase name="test1" time="0.000" classname="samplePackage.SampleTest"/>
  <testcase name="test1" time="3.043" classname="samplePackage.SampleTest"/>
  <testcase name="test1" time="3.203" classname="samplePackage.SampleTest"/>
  <testcase name="test1" time="0.000" classname="samplePackage.SampleTest"/>
  <testcase name="test1" time="3.610" classname="samplePackage.SampleTest"/>
  <testcase name="test1" time="3.547" classname="samplePackage.SampleTest"/>
  <testcase name="test1" time="0.016" classname="samplePackage.SampleTest"/>
  <testcase name="test1" time="3.608" classname="samplePackage.SampleTest"/>
  <testcase name="test1" time="3.360" classname="samplePackage.SampleTest"/>
  <testcase name="test1" time="2.781" classname="samplePackage.SampleTest"/>
  <testcase name="test1" time="2.878" classname="samplePackage.SampleTest"/>
  <testcase name="test1" time="2.719" classname="samplePackage.SampleTest"/>
  <testcase name="test1" time="0.000" classname="samplePackage.SampleTest"/>
  <testcase name="test1" time="3.594" classname="samplePackage.SampleTest"/>
  <testcase name="test1" time="4.172" classname="samplePackage.SampleTest"/>
  <testcase name="test1" time="0.000" classname="samplePackage.SampleTest"/>
  <testcase name="test1" time="0.000" classname="samplePackage.SampleTest"/>
  <testcase name="test1" time="0.000" classname="samplePackage.SampleTest"/>
  <testcase name="test1" time="3.953" classname="samplePackage.SampleTest"/>
  <testcase name="test1" time="2.719" classname="samplePackage.SampleTest"/>
  <testcase name="test1" time="3.828" classname="samplePackage.SampleTest"/>
  <testcase name="test1" time="0.000" classname="samplePackage.SampleTest"/>
  <testcase name="test1" time="0.015" classname="samplePackage.SampleTest"/>
  <testcase name="test1" time="3.484" classname="samplePackage.SampleTest"/>
  <testcase name="test1" time="17.517" classname="samplePackage.SampleTest"/>
  <testcase name="test1" time="3.391" classname="samplePackage.SampleTest"/>
  <testcase name="test1" time="0.016" classname="samplePackage.SampleTest"/>
  <testcase name="test1" time="2.766" classname="samplePackage.SampleTest"/>
  <testcase name="test1" time="0.000" classname="samplePackage.SampleTest"/>
  <testcase name="test1" time="3.099" classname="samplePackage.SampleTest"/>
  <testcase name="test1" time="3.749" classname="samplePackage.SampleTest"/>
  <testcase name="test1" time="2.750" classname="samplePackage.SampleTest"/>
  <testcase name="test1" time="3.953" classname="samplePackage.SampleTest"/>
  <testcase name="test1" time="0.000" classname="samplePackage.SampleTest"/>
  <testcase name="test1" time="0.000" classname="samplePackage.SampleTest"/>
  <testcase name="test1" time="2.891" classname="samplePackage.SampleTest"/>
  <testcase name="test1" time="3.305" classname="samplePackage.SampleTest"/>
  <testcase name="test1" time="0.016" classname="samplePackage.SampleTest"/>
  <testcase name="test1" time="3.672" classname="samplePackage.SampleTest"/>
  <testcase name="test1" time="3.286" classname="samplePackage.SampleTest"/>
  <testcase name="test1" time="3.750" classname="samplePackage.SampleTest"/>
  <testcase name="test1" time="3.016" classname="samplePackage.SampleTest"/>
  <testcase name="test1" time="4.000" classname="samplePackage.SampleTest"/>
  <testcase name="test1" time="3.657" classname="samplePackage.SampleTest"/>
  <testcase name="test1" time="0.000" classname="samplePackage.SampleTest"/>
  <testcase name="test1" time="2.922" classname="samplePackage.SampleTest"/>
  <testcase name="test1" time="5.375" classname="samplePackage.SampleTest"/>
  <testcase name="test1" time="3.083" classname="samplePackage.SampleTest"/>
  <testcase name="test1" time="0.000" classname="samplePackage.SampleTest"/>
  <testcase name="test1" time="3.579" classname="samplePackage.SampleTest"/>
  <testcase name="test1" time="0.000" classname="samplePackage.SampleTest"/>
  <testcase name="test1" time="2.781" classname="samplePackage.SampleTest"/>
  <testcase name="test1" time="0.000" classname="samplePackage.SampleTest"/>
  <testcase name="test1" time="3.050" classname="samplePackage.SampleTest"/>
  <testcase name="test1" time="3.797" classname="samplePackage.SampleTest"/>
  <testcase name="test1" time="2.969" classname="samplePackage.SampleTest"/>
  <testcase name="test1" time="0.000" classname="samplePackage.SampleTest"/>
  <testcase name="test1" time="3.063" classname="samplePackage.SampleTest"/>
  <testcase name="test1" time="3.326" classname="samplePackage.SampleTest"/>
  <testcase name="test1" time="3.073" classname="samplePackage.SampleTest"/>
  <testcase name="test1" time="0.000" classname="samplePackage.SampleTest"/>
  <testcase name="test1" time="0.000" classname="samplePackage.SampleTest"/>
  <testcase name="test1" time="2.735" classname="samplePackage.SampleTest"/>
  <testcase name="test1" time="0.000" classname="samplePackage.SampleTest"/>
  <testcase name="test1" time="3.891" classname="samplePackage.SampleTest"/>
  <testcase name="test1" time="2.922" classname="samplePackage.SampleTest"/>
  <testcase name="test1" time="2.719" classname="samplePackage.SampleTest"/>
  <testcase name="test1" time="2.838" classname="samplePackage.SampleTest"/>
  <testcase name="test1" time="0.000" classname="samplePackage.SampleTest"/>
  <testcase name="test1" time="2.766" classname="samplePackage.SampleTest"/>
  <testcase name="test1" time="2.750" classname="samplePackage.SampleTest"/>
  <testcase name="test1" time="3.484" classname="samplePackage.SampleTest"/>
  <testcase name="test1" time="4.953" classname="samplePackage.SampleTest"/>
  <testcase name="test1" time="6.391" classname="samplePackage.SampleTest"/>
  <testcase name="test1" time="0.000" classname="samplePackage.SampleTest"/>
  <testcase name="test1" time="0.015" classname="samplePackage.SampleTest"/>
  <testcase name="test1" time="2.718" classname="samplePackage.SampleTest"/>
  <testcase name="test1" time="2.963" classname="samplePackage.SampleTest"/>
  <testcase name="test1" time="2.811" classname="samplePackage.SampleTest"/>
  <testcase name="test1" time="21.016" classname="samplePackage.SampleTest"/>
  <testcase name="test1" time="0.000" classname="samplePackage.SampleTest"/>
  <testcase name="test1" time="3.672" classname="samplePackage.SampleTest"/>
  <testcase name="test1" time="0.016" classname="samplePackage.SampleTest"/>
  <testcase name="test1" time="2.562" classname="samplePackage.SampleTest"/>
  <testcase name="test1" time="2.860" classname="samplePackage.SampleTest"/>
  <testcase name="test1" time="0.000" classname="samplePackage.SampleTest"/>
  <testcase name="test1" time="2.735" classname="samplePackage.SampleTest"/>
  <testcase name="test1" time="3.453" classname="samplePackage.SampleTest"/>
  <testcase name="test1" time="97.160" classname="samplePackage.SampleTest"/>
  <testcase name="test1" time="2.734" classname="samplePackage.SampleTest"/>
  <testcase name="test1" time="0.015" classname="samplePackage.SampleTest"/>
  <testcase name="test1" time="0.000" classname="samplePackage.SampleTest"/>
  <testcase name="test1" time="3.313" classname="samplePackage.SampleTest"/>
  <testcase name="test1" time="0.000" classname="samplePackage.SampleTest"/>
  <testcase name="test1" time="3.360" classname="samplePackage.SampleTest"/>
  <testcase name="test1" time="0.000" classname="samplePackage.SampleTest"/>
  <testcase name="test1" time="4.626" classname="samplePackage.SampleTest"/>
  <testcase name="test1" time="2.844" classname="samplePackage.SampleTest"/>
  <testcase name="test1" time="2.859" classname="samplePackage.SampleTest"/>
  <testcase name="test1" time="3.438" classname="samplePackage.SampleTest"/>
  <testcase name="test1" time="3.547" classname="samplePackage.SampleTest"/>
  <testcase name="test1" time="0.000" classname="samplePackage.SampleTest"/>
  <testcase name="test1" time="4.079" classname="samplePackage.SampleTest"/>
  <testcase name="test1" time="0.000" classname="samplePackage.SampleTest"/>
  <testcase name="test1" time="4.016" classname="samplePackage.SampleTest"/>
  <testcase name="test1" time="0.015" classname="samplePackage.SampleTest"/>
  <testcase name="test1" time="0.000" classname="samplePackage.SampleTest"/>
  <testcase name="test1" time="0.000" classname="samplePackage.SampleTest"/>
  <testcase name="test1" time="3.172" classname="samplePackage.SampleTest"/>
  <testcase name="test1" time="2.953" classname="samplePackage.SampleTest"/>
  <testcase name="test1" time="4.454" classname="samplePackage.SampleTest"/>
  <testcase name="test1" time="2.844" classname="samplePackage.SampleTest"/>
  <testcase name="test1" time="0.000" classname="samplePackage.SampleTest"/>
  <testcase name="test1" time="0.000" classname="samplePackage.SampleTest"/>
  <testcase name="test1" time="3.453" classname="samplePackage.SampleTest"/>
  <testcase name="test1" time="3.703" classname="samplePackage.SampleTest"/>
  <testcase name="test1" time="2.750" classname="samplePackage.SampleTest"/>
  <testcase name="test1" time="3.031" classname="samplePackage.SampleTest"/>
  <testcase name="test1" time="4.435" classname="samplePackage.SampleTest"/>
  <testcase name="test1" time="4.328" classname="samplePackage.SampleTest"/>
  <testcase name="test1" time="3.265" classname="samplePackage.SampleTest"/>
  <testcase name="test1" time="3.235" classname="samplePackage.SampleTest"/>
  <testcase name="test1" time="3.203" classname="samplePackage.SampleTest"/>
  <testcase name="test1" time="0.000" classname="samplePackage.SampleTest"/>
  <testcase name="test1" time="2.703" classname="samplePackage.SampleTest"/>
  <testcase name="test1" time="3.828" classname="samplePackage.SampleTest"/>
  <testcase name="test1" time="0.000" classname="samplePackage.SampleTest"/>
  <testcase name="test1" time="0.000" classname="samplePackage.SampleTest"/>
  <testcase name="test1" time="2.905" classname="samplePackage.SampleTest"/>
  <testcase name="test1" time="2.833" classname="samplePackage.SampleTest"/>
  <testcase name="test1" time="3.016" classname="samplePackage.SampleTest"/>
  <testcase name="test1" time="2.880" classname="samplePackage.SampleTest"/>
  <testcase name="test1" time="2.844" classname="samplePackage.SampleTest"/>
  <testcase name="test1" time="2.766" classname="samplePackage.SampleTest"/>
  <testcase name="test1" time="4.765" classname="samplePackage.SampleTest"/>
  <testcase name="test1" time="2.797" classname="samplePackage.SampleTest"/>
  <testcase name="test1" time="2.766" classname="samplePackage.SampleTest"/>
  <testcase name="test1" time="0.016" classname="samplePackage.SampleTest"/>
  <testcase name="test1" time="2.734" classname="samplePackage.SampleTest"/>
  <testcase name="test1" time="3.813" classname="samplePackage.SampleTest"/>
  <testcase name="test1" time="3.188" classname="samplePackage.SampleTest"/>
  <testcase name="test1" time="3.318" classname="samplePackage.SampleTest"/>
  <testcase name="test1" time="3.313" classname="samplePackage.SampleTest"/>
  <testcase name="test1" time="0.000" classname="samplePackage.SampleTest"/>
  <testcase name="test1" time="3.016" classname="samplePackage.SampleTest"/>
  <testcase name="test1" time="0.000" classname="samplePackage.SampleTest"/>
  <testcase name="test1" time="9.829" classname="samplePackage.SampleTest"/>
  <testcase name="test1" time="0.000" classname="samplePackage.SampleTest"/>
  <testcase name="test1" time="0.000" classname="samplePackage.SampleTest"/>
  <testcase name="test1" time="2.891" classname="samplePackage.SampleTest"/>
  <testcase name="test1" time="2.734" classname="samplePackage.SampleTest"/>
  <testcase name="test1" time="3.375" classname="samplePackage.SampleTest"/>
  <testcase name="test1" time="0.000" classname="samplePackage.SampleTest"/>
  <testcase name="test1" time="2.801" classname="samplePackage.SampleTest"/>
  <testcase name="test1" time="2.719" classname="samplePackage.SampleTest"/>
  <testcase name="test1" time="2.718" classname="samplePackage.SampleTest"/>
  <testcase name="test1" time="3.969" classname="samplePackage.SampleTest"/>
  <testcase name="test1" time="0.000" classname="samplePackage.SampleTest"/>
  <testcase name="test1" time="2.734" classname="samplePackage.SampleTest"/>
  <testcase name="test1" time="0.000" classname="samplePackage.SampleTest"/>
  <testcase name="test1" time="6.439" classname="samplePackage.SampleTest"/>
  <testcase name="test1" time="3.125" classname="samplePackage.SampleTest"/>
  <testcase name="test1" time="2.844" classname="samplePackage.SampleTest"/>
  <testcase name="test1" time="2.875" classname="samplePackage.SampleTest"/>
  <testcase name="test1" time="2.985" classname="samplePackage.SampleTest"/>
  <testcase name="test1" time="5.040" classname="samplePackage.SampleTest"/>
  <testcase name="test1" time="3.031" classname="samplePackage.SampleTest"/>
  <testcase name="test1" time="2.734" classname="samplePackage.SampleTest"/>
  <testcase name="test1" time="0.016" classname="samplePackage.SampleTest"/>
  <testcase name="test1" time="0.000" classname="samplePackage.SampleTest"/>
  <testcase name="test1" time="3.044" classname="samplePackage.SampleTest"/>
  <testcase name="test1" time="2.765" classname="samplePackage.SampleTest"/>
  <testcase name="test1" time="5.922" classname="samplePackage.SampleTest"/>
  <testcase name="test1" time="2.797" classname="samplePackage.SampleTest"/>
  <testcase name="test1" time="2.765" classname="samplePackage.SampleTest"/>
  <testcase name="test1" time="0.000" classname="samplePackage.SampleTest"/>
  <testcase name="test1" time="0.000" classname="samplePackage.SampleTest"/>
  <testcase name="test1" time="2.812" classname="samplePackage.SampleTest"/>
  <testcase name="test1" time="2.781" classname="samplePackage.SampleTest"/>
  <testcase name="test1" time="2.797" classname="samplePackage.SampleTest"/>
  <testcase name="test1" time="2.734" classname="samplePackage.SampleTest"/>
  <testcase name="test1" time="3.344" classname="samplePackage.SampleTest"/>
  <testcase name="test1" time="0.000" classname="samplePackage.SampleTest"/>
  <testcase name="test1" time="3.594" classname="samplePackage.SampleTest"/>
  <testcase name="test1" time="2.969" classname="samplePackage.SampleTest"/>
  <testcase name="test1" time="2.859" classname="samplePackage.SampleTest"/>
  <testcase name="test1" time="2.751" classname="samplePackage.SampleTest"/>
  <testcase name="test1" time="2.704" classname="samplePackage.SampleTest"/>
  <testcase name="test1" time="0.000" classname="samplePackage.SampleTest"/>
  <testcase name="test1" time="2.922" classname="samplePackage.SampleTest"/>
  <testcase name="test1" time="0.000" classname="samplePackage.SampleTest"/>
  <testcase name="test1" time="0.000" classname="samplePackage.SampleTest"/>
  <testcase name="test1" time="3.453" classname="samplePackage.SampleTest"/>
  <testcase name="test1" time="0.000" classname="samplePackage.SampleTest"/>
  <testcase name="test1" time="4.603" classname="samplePackage.SampleTest"/>
  <testcase name="test1" time="4.110" classname="samplePackage.SampleTest"/>
  <testcase name="test1" time="0.000" classname="samplePackage.SampleTest"/>
  <testcase name="test1" time="2.766" classname="samplePackage.SampleTest"/>
  <testcase name="test1" time="2.968" classname="samplePackage.SampleTest"/>
  <testcase name="test1" time="3.453" classname="samplePackage.SampleTest"/>
  <testcase name="test1" time="2.734" classname="samplePackage.SampleTest"/>
  <testcase name="test1" time="3.469" classname="samplePackage.SampleTest"/>
  <testcase name="test1" time="2.946" classname="samplePackage.SampleTest"/>
  <testcase name="test1" time="2.854" classname="samplePackage.SampleTest"/>
  <testcase name="test1" time="2.812" classname="samplePackage.SampleTest"/>
  <testcase name="test1" time="2.703" classname="samplePackage.SampleTest"/>
  <testcase name="test1" time="2.863" classname="samplePackage.SampleTest"/>
  <testcase name="test1" time="5.154" classname="samplePackage.SampleTest"/>
  <testcase name="test1" time="2.847" classname="samplePackage.SampleTest"/>
  <testcase name="test1" time="2.828" classname="samplePackage.SampleTest"/>
  <testcase name="test1" time="2.609" classname="samplePackage.SampleTest"/>
  <testcase name="test1" time="2.719" classname="samplePackage.SampleTest"/>
  <testcase name="test1" time="2.734" classname="samplePackage.SampleTest"/>
  <testcase name="test1" time="2.713" classname="samplePackage.SampleTest"/>
  <testcase name="test1" time="3.656" classname="samplePackage.SampleTest"/>
  <testcase name="test1" time="2.781" classname="samplePackage.SampleTest"/>
  <testcase name="test1" time="2.812" classname="samplePackage.SampleTest"/>
  <testcase name="test1" time="0.016" classname="samplePackage.SampleTest"/>
  <testcase name="test1" time="0.000" classname="samplePackage.SampleTest"/>
  <testcase name="test1" time="3.688" classname="samplePackage.SampleTest"/>
  <testcase name="test1" time="3.187" classname="samplePackage.SampleTest"/>
  <testcase name="test1" time="0.000" classname="samplePackage.SampleTest"/>
  <testcase name="test1" time="2.719" classname="samplePackage.SampleTest"/>
  <testcase name="test1" time="2.859" classname="samplePackage.SampleTest"/>
  <testcase name="test1" time="3.313" classname="samplePackage.SampleTest"/>
  <testcase name="test1" time="0.000" classname="samplePackage.SampleTest"/>
  <testcase name="test1" time="3.281" classname="samplePackage.SampleTest"/>
  <testcase name="test1" time="3.610" classname="samplePackage.SampleTest"/>
  <testcase name="test1" time="2.877" classname="samplePackage.SampleTest"/>
  <testcase name="test1" time="2.781" classname="samplePackage.SampleTest"/>
  <testcase name="test1" time="2.875" classname="samplePackage.SampleTest"/>
  <testcase name="test1" time="0.000" classname="samplePackage.SampleTest"/>
  <testcase name="test1" time="2.906" classname="samplePackage.SampleTest"/>
  <testcase name="test1" time="2.938" classname="samplePackage.SampleTest"/>
  <testcase name="test1" time="0.000" classname="samplePackage.SampleTest"/>
  <testcase name="test1" time="2.797" classname="samplePackage.SampleTest"/>
  <testcase name="test1" time="2.876" classname="samplePackage.SampleTest"/>
  <testcase name="test1" time="3.485" classname="samplePackage.SampleTest"/>
  <testcase name="test1" time="0.000" classname="samplePackage.SampleTest"/>
  <testcase name="test1" time="2.853" classname="samplePackage.SampleTest"/>
  <testcase name="test1" time="0.000" classname="samplePackage.SampleTest"/>
  <testcase name="test1" time="4.718" classname="samplePackage.SampleTest"/>
  <testcase name="test1" time="0.000" classname="samplePackage.SampleTest"/>
  <testcase name="test1" time="2.750" classname="samplePackage.SampleTest"/>
  <testcase name="test1" time="2.610" classname="samplePackage.SampleTest"/>
  <testcase name="test1" time="3.922" classname="samplePackage.SampleTest"/>
  <testcase name="test1" time="3.157" classname="samplePackage.SampleTest"/>
  <testcase name="test1" time="0.016" classname="samplePackage.SampleTest"/>
  <testcase name="test1" time="3.907" classname="samplePackage.SampleTest"/>
  <testcase name="test1" time="2.750" classname="samplePackage.SampleTest"/>
  <testcase name="test1" time="2.829" classname="samplePackage.SampleTest"/>
  <testcase name="test1" time="3.657" classname="samplePackage.SampleTest"/>
  <testcase name="test1" time="0.000" classname="samplePackage.SampleTest"/>
  <testcase name="test1" time="2.937" classname="samplePackage.SampleTest"/>
  <testcase name="test1" time="19.173" classname="samplePackage.SampleTest"/>
  <testcase name="test1" time="3.938" classname="samplePackage.SampleTest"/>
  <testcase name="test1" time="2.828" classname="samplePackage.SampleTest"/>
  <testcase name="test1" time="3.757" classname="samplePackage.SampleTest"/>
  <testcase name="test1" time="4.079" classname="samplePackage.SampleTest"/>
  <testcase name="test1" time="2.941" classname="samplePackage.SampleTest"/>
  <testcase name="test1" time="4.584" classname="samplePackage.SampleTest"/>
  <testcase name="test1" time="20.633" classname="samplePackage.SampleTest"/>
  <testcase name="test1" time="3.938" classname="samplePackage.SampleTest"/>
  <testcase name="test1" time="2.828" classname="samplePackage.SampleTest"/>
  <testcase name="test1" time="4.688" classname="samplePackage.SampleTest"/>
  <testcase name="test1" time="0.000" classname="samplePackage.SampleTest"/>
  <testcase name="test1" time="3.859" classname="samplePackage.SampleTest"/>
  <testcase name="test1" time="0.000" classname="samplePackage.SampleTest"/>
  <testcase name="test1" time="3.979" classname="samplePackage.SampleTest"/>
  <testcase name="test1" time="5.219" classname="samplePackage.SampleTest"/>
  <testcase name="test1" time="4.906" classname="samplePackage.SampleTest"/>
  <testcase name="test1" time="3.594" classname="samplePackage.SampleTest"/>
  <testcase name="test1" time="7.204" classname="samplePackage.SampleTest"/>
  <testcase name="test1" time="2.797" classname="samplePackage.SampleTest"/>
  <testcase name="test1" time="0.000" classname="samplePackage.SampleTest"/>
  <testcase name="test1" time="5.188" classname="samplePackage.SampleTest"/>
  <testcase name="test1" time="0.000" classname="samplePackage.SampleTest"/>
  <testcase name="test1" time="3.140" classname="samplePackage.SampleTest"/>
  <testcase name="test1" time="0.000" classname="samplePackage.SampleTest"/>
  <testcase name="test1" time="3.251" classname="samplePackage.SampleTest"/>
  <testcase name="test1" time="3.011" classname="samplePackage.SampleTest"/>
  <testcase name="test1" time="2.963" classname="samplePackage.SampleTest"/>
  <testcase name="test1" time="2.983" classname="samplePackage.SampleTest"/>
  <testcase name="test1" time="0.000" classname="samplePackage.SampleTest"/>
  <testcase name="test1" time="3.782" classname="samplePackage.SampleTest"/>
  <testcase name="test1" time="2.844" classname="samplePackage.SampleTest"/>
  <testcase name="test1" time="0.000" classname="samplePackage.SampleTest"/>
  <testcase name="test1" time="0.000" classname="samplePackage.SampleTest"/>
  <testcase name="test1" time="0.000" classname="samplePackage.SampleTest"/>
  <testcase name="test1" time="2.844" classname="samplePackage.SampleTest"/>
  <testcase name="test1" time="2.922" classname="samplePackage.SampleTest"/>
  <testcase name="test1" time="2.828" classname="samplePackage.SampleTest"/>
  <testcase name="test1" time="3.594" classname="samplePackage.SampleTest"/>
  <testcase name="test1" time="3.268" classname="samplePackage.SampleTest"/>
  <testcase name="test1" time="2.875" classname="samplePackage.SampleTest"/>
  <testcase name="test1" time="21.486" classname="samplePackage.SampleTest">
    <error type="org.openqa.selenium.WebDriverException" message="javax.net.ssl.SSLHandshakeException: Remote host closed connection during handshake
Build info: version: &#039;2.53.1&#039;, revision: &#039;a36b8b1&#039;, time: &#039;2016-06-30 17:32:46&#039;
System info: host: &#039;DeskTop-Prakash&#039;, ip: &#039;192.168.1.106&#039;, os.name: &#039;Windows 10&#039;, os.arch: &#039;amd64&#039;, os.version: &#039;10.0&#039;, java.version: &#039;1.8.0_131&#039;
Driver info: driver.version: HtmlUnitDriver">
      <![CDATA[org.openqa.selenium.WebDriverException: javax.net.ssl.SSLHandshakeException: Remote host closed connection during handshake
Build info: version: '2.53.1', revision: 'a36b8b1', time: '2016-06-30 17:32:46'
System info: host: 'DeskTop-Prakash', ip: '192.168.1.106', os.name: 'Windows 10', os.arch: 'amd64', os.version: '10.0', java.version: '1.8.0_131'
Driver info: driver.version: HtmlUnitDriver
	at org.openqa.selenium.htmlunit.HtmlUnitDriver.get(HtmlUnitDriver.java:554)
	at org.openqa.selenium.htmlunit.HtmlUnitDriver.get(HtmlUnitDriver.java:530)
	at org.openqa.selenium.htmlunit.HtmlUnitDriver$HtmlUnitNavigation.to(HtmlUnitDriver.java:1435)
	at samplePackage.SampleTest.test1(SampleTest.java:14)
	at sun.reflect.GeneratedMethodAccessor1.invoke(Unknown Source)
	at sun.reflect.DelegatingMethodAccessorImpl.invoke(Unknown Source)
	at java.lang.reflect.Method.invoke(Unknown Source)
	at org.testng.internal.MethodInvocationHelper.invokeMethod(MethodInvocationHelper.java:85)
	at org.testng.internal.Invoker.invokeMethod(Invoker.java:639)
	at org.testng.internal.Invoker.invokeTestMethod(Invoker.java:821)
	at org.testng.internal.Invoker.invokeTestMethods(Invoker.java:1131)
	at org.testng.internal.TestMethodWorker.invokeTestMethods(TestMethodWorker.java:124)
	at org.testng.internal.TestMethodWorker.run(TestMethodWorker.java:108)
	at org.testng.TestRunner.privateRun(TestRunner.java:773)
	at org.testng.TestRunner.run(TestRunner.java:623)
	at org.testng.SuiteRunner.runTest(SuiteRunner.java:357)
	at org.testng.SuiteRunner.runSequentially(SuiteRunner.java:352)
	at org.testng.SuiteRunner.privateRun(SuiteRunner.java:310)
	at org.testng.SuiteRunner.run(SuiteRunner.java:259)
	at org.testng.SuiteRunnerWorker.runSuite(SuiteRunnerWorker.java:52)
	at org.testng.SuiteRunnerWorker.run(SuiteRunnerWorker.java:86)
	at org.testng.TestNG.runSuitesSequentially(TestNG.java:1185)
	at org.testng.TestNG.runSuitesLocally(TestNG.java:1110)
	at org.testng.TestNG.run(TestNG.java:1018)
	at org.testng.TestNG.privateMain(TestNG.java:1325)
	at org.testng.TestNG.main(TestNG.java:1294)
Caused by: javax.net.ssl.SSLHandshakeException: Remote host closed connection during handshake
	at sun.security.ssl.SSLSocketImpl.readRecord(Unknown Source)
	at sun.security.ssl.SSLSocketImpl.performInitialHandshake(Unknown Source)
	at sun.security.ssl.SSLSocketImpl.startHandshake(Unknown Source)
	at sun.security.ssl.SSLSocketImpl.startHandshake(Unknown Source)
	at org.apache.http.conn.ssl.SSLConnectionSocketFactory.createLayeredSocket(SSLConnectionSocketFactory.java:394)
	at org.apache.http.conn.ssl.SSLConnectionSocketFactory.connectSocket(SSLConnectionSocketFactory.java:353)
	at com.gargoylesoftware.htmlunit.httpclient.HtmlUnitSSLConnectionSocketFactory.connectSocket(HtmlUnitSSLConnectionSocketFactory.java:189)
	at org.apache.http.impl.conn.DefaultHttpClientConnectionOperator.connect(DefaultHttpClientConnectionOperator.java:134)
	at org.apache.http.impl.conn.PoolingHttpClientConnectionManager.connect(PoolingHttpClientConnectionManager.java:353)
	at org.apache.http.impl.execchain.MainClientExec.establishRoute(MainClientExec.java:380)
	at org.apache.http.impl.execchain.MainClientExec.execute(MainClientExec.java:236)
	at org.apache.http.impl.execchain.ProtocolExec.execute(ProtocolExec.java:184)
	at org.apache.http.impl.execchain.RetryExec.execute(RetryExec.java:88)
	at org.apache.http.impl.execchain.RedirectExec.execute(RedirectExec.java:110)
	at org.apache.http.impl.client.InternalHttpClient.doExecute(InternalHttpClient.java:184)
	at org.apache.http.impl.client.CloseableHttpClient.execute(CloseableHttpClient.java:71)
	at com.gargoylesoftware.htmlunit.HttpWebConnection.getResponse(HttpWebConnection.java:179)
	at com.gargoylesoftware.htmlunit.WebClient.loadWebResponseFromWebConnection(WebClient.java:1321)
	at com.gargoylesoftware.htmlunit.WebClient.loadWebResponse(WebClient.java:1238)
	at com.gargoylesoftware.htmlunit.WebClient.getPage(WebClient.java:346)
	at com.gargoylesoftware.htmlunit.WebClient.getPage(WebClient.java:415)
	at org.openqa.selenium.htmlunit.HtmlUnitDriver.get(HtmlUnitDriver.java:541)
	... 25 more
Caused by: java.io.EOFException: SSL peer shut down incorrectly
	at sun.security.ssl.InputRecord.read(Unknown Source)
	... 47 more
]]>
    </error>
  </testcase> <!-- test1 -->
  <testcase name="test1" time="0.000" classname="samplePackage.SampleTest"/>
  <testcase name="test1" time="3.406" classname="samplePackage.SampleTest"/>
  <testcase name="test1" time="2.500" classname="samplePackage.SampleTest"/>
  <testcase name="test1" time="0.000" classname="samplePackage.SampleTest"/>
  <testcase name="test1" time="0.000" classname="samplePackage.SampleTest"/>
  <testcase name="test1" time="2.891" classname="samplePackage.SampleTest"/>
  <testcase name="test1" time="3.571" classname="samplePackage.SampleTest"/>
  <testcase name="test1" time="0.000" classname="samplePackage.SampleTest"/>
  <testcase name="test1" time="2.515" classname="samplePackage.SampleTest"/>
  <testcase name="test1" time="3.335" classname="samplePackage.SampleTest"/>
  <testcase name="test1" time="3.750" classname="samplePackage.SampleTest"/>
  <testcase name="test1" time="0.000" classname="samplePackage.SampleTest"/>
  <testcase name="test1" time="3.250" classname="samplePackage.SampleTest"/>
  <testcase name="test1" time="0.016" classname="samplePackage.SampleTest"/>
  <testcase name="test1" time="0.015" classname="samplePackage.SampleTest"/>
  <testcase name="test1" time="2.719" classname="samplePackage.SampleTest"/>
  <testcase name="test1" time="3.344" classname="samplePackage.SampleTest"/>
  <testcase name="test1" time="3.594" classname="samplePackage.SampleTest"/>
  <testcase name="test1" time="0.000" classname="samplePackage.SampleTest"/>
  <testcase name="test1" time="2.969" classname="samplePackage.SampleTest"/>
  <testcase name="test1" time="2.781" classname="samplePackage.SampleTest"/>
  <testcase name="test1" time="3.313" classname="samplePackage.SampleTest"/>
  <testcase name="test1" time="0.016" classname="samplePackage.SampleTest"/>
  <testcase name="test1" time="5.172" classname="samplePackage.SampleTest"/>
  <testcase name="test1" time="0.000" classname="samplePackage.SampleTest"/>
  <testcase name="test1" time="3.265" classname="samplePackage.SampleTest"/>
  <testcase name="test1" time="23.047" classname="samplePackage.SampleTest"/>
  <testcase name="test1" time="2.951" classname="samplePackage.SampleTest"/>
  <testcase name="test1" time="2.609" classname="samplePackage.SampleTest"/>
  <testcase name="test1" time="3.438" classname="samplePackage.SampleTest"/>
  <testcase name="test1" time="2.953" classname="samplePackage.SampleTest"/>
  <testcase name="test1" time="3.110" classname="samplePackage.SampleTest"/>
  <testcase name="test1" time="4.719" classname="samplePackage.SampleTest"/>
  <testcase name="test1" time="2.750" classname="samplePackage.SampleTest"/>
  <testcase name="test1" time="4.469" classname="samplePackage.SampleTest"/>
  <testcase name="test1" time="0.000" classname="samplePackage.SampleTest"/>
  <testcase name="test1" time="2.813" classname="samplePackage.SampleTest"/>
  <testcase name="test1" time="0.000" classname="samplePackage.SampleTest"/>
  <testcase name="test1" time="0.000" classname="samplePackage.SampleTest"/>
  <testcase name="test1" time="3.172" classname="samplePackage.SampleTest"/>
  <testcase name="test1" time="2.751" classname="samplePackage.SampleTest"/>
  <testcase name="test1" time="0.000" classname="samplePackage.SampleTest"/>
  <testcase name="test1" time="2.766" classname="samplePackage.SampleTest"/>
  <testcase name="test1" time="0.016" classname="samplePackage.SampleTest"/>
  <testcase name="test1" time="3.922" classname="samplePackage.SampleTest"/>
  <testcase name="test1" time="2.750" classname="samplePackage.SampleTest"/>
  <testcase name="test1" time="3.854" classname="samplePackage.SampleTest"/>
  <testcase name="test1" time="0.000" classname="samplePackage.SampleTest"/>
  <testcase name="test1" time="3.281" classname="samplePackage.SampleTest"/>
  <testcase name="test1" time="0.000" classname="samplePackage.SampleTest"/>
  <testcase name="test1" time="3.203" classname="samplePackage.SampleTest"/>
  <testcase name="test1" time="4.907" classname="samplePackage.SampleTest"/>
  <testcase name="test1" time="3.094" classname="samplePackage.SampleTest"/>
  <testcase name="test1" time="0.000" classname="samplePackage.SampleTest"/>
  <testcase name="test1" time="2.938" classname="samplePackage.SampleTest"/>
  <testcase name="test1" time="3.884" classname="samplePackage.SampleTest"/>
  <testcase name="test1" time="2.875" classname="samplePackage.SampleTest"/>
  <testcase name="test1" time="2.718" classname="samplePackage.SampleTest"/>
  <testcase name="test1" time="0.015" classname="samplePackage.SampleTest"/>
  <testcase name="test1" time="2.750" classname="samplePackage.SampleTest"/>
  <testcase name="test1" time="0.015" classname="samplePackage.SampleTest"/>
  <testcase name="test1" time="2.844" classname="samplePackage.SampleTest"/>
  <testcase name="test1" time="3.375" classname="samplePackage.SampleTest"/>
  <testcase name="test1" time="0.000" classname="samplePackage.SampleTest"/>
  <testcase name="test1" time="2.703" classname="samplePackage.SampleTest"/>
  <testcase name="test1" time="3.860" classname="samplePackage.SampleTest"/>
  <testcase name="test1" time="3.829" classname="samplePackage.SampleTest"/>
  <testcase name="test1" time="3.609" classname="samplePackage.SampleTest"/>
  <testcase name="test1" time="5.079" classname="samplePackage.SampleTest"/>
  <testcase name="test1" time="0.000" classname="samplePackage.SampleTest"/>
  <testcase name="test1" time="3.258" classname="samplePackage.SampleTest"/>
  <testcase name="test1" time="0.015" classname="samplePackage.SampleTest"/>
  <testcase name="test1" time="3.781" classname="samplePackage.SampleTest"/>
  <testcase name="test1" time="3.297" classname="samplePackage.SampleTest"/>
  <testcase name="test1" time="4.204" classname="samplePackage.SampleTest"/>
  <testcase name="test1" time="3.403" classname="samplePackage.SampleTest"/>
  <testcase name="test1" time="0.000" classname="samplePackage.SampleTest"/>
  <testcase name="test1" time="3.906" classname="samplePackage.SampleTest"/>
  <testcase name="test1" time="3.714" classname="samplePackage.SampleTest"/>
  <testcase name="test1" time="2.812" classname="samplePackage.SampleTest"/>
  <testcase name="test1" time="0.000" classname="samplePackage.SampleTest"/>
  <testcase name="test1" time="3.485" classname="samplePackage.SampleTest"/>
  <testcase name="test1" time="3.234" classname="samplePackage.SampleTest"/>
  <testcase name="test1" time="0.000" classname="samplePackage.SampleTest"/>
  <testcase name="test1" time="2.750" classname="samplePackage.SampleTest"/>
  <testcase name="test1" time="0.000" classname="samplePackage.SampleTest"/>
  <testcase name="test1" time="2.891" classname="samplePackage.SampleTest"/>
  <testcase name="test1" time="2.859" classname="samplePackage.SampleTest"/>
  <testcase name="test1" time="3.735" classname="samplePackage.SampleTest"/>
  <testcase name="test1" time="3.750" classname="samplePackage.SampleTest"/>
  <testcase name="test1" time="0.000" classname="samplePackage.SampleTest"/>
  <testcase name="test1" time="2.766" classname="samplePackage.SampleTest"/>
  <testcase name="test1" time="2.985" classname="samplePackage.SampleTest"/>
  <testcase name="test1" time="4.875" classname="samplePackage.SampleTest"/>
  <testcase name="test1" time="4.938" classname="samplePackage.SampleTest"/>
  <testcase name="test1" time="3.188" classname="samplePackage.SampleTest"/>
  <testcase name="test1" time="0.000" classname="samplePackage.SampleTest"/>
  <testcase name="test1" time="2.825" classname="samplePackage.SampleTest"/>
  <testcase name="test1" time="2.765" classname="samplePackage.SampleTest"/>
  <testcase name="test1" time="2.766" classname="samplePackage.SampleTest"/>
  <testcase name="test1" time="0.000" classname="samplePackage.SampleTest"/>
  <testcase name="test1" time="2.797" classname="samplePackage.SampleTest"/>
  <testcase name="test1" time="2.875" classname="samplePackage.SampleTest"/>
  <testcase name="test1" time="2.805" classname="samplePackage.SampleTest"/>
  <testcase name="test1" time="3.078" classname="samplePackage.SampleTest"/>
  <testcase name="test1" time="2.765" classname="samplePackage.SampleTest"/>
  <testcase name="test1" time="0.000" classname="samplePackage.SampleTest"/>
  <testcase name="test1" time="2.876" classname="samplePackage.SampleTest"/>
  <testcase name="test1" time="0.000" classname="samplePackage.SampleTest"/>
  <testcase name="test1" time="3.891" classname="samplePackage.SampleTest"/>
  <testcase name="test1" time="0.015" classname="samplePackage.SampleTest"/>
  <testcase name="test1" time="3.094" classname="samplePackage.SampleTest"/>
  <testcase name="test1" time="0.000" classname="samplePackage.SampleTest"/>
  <testcase name="test1" time="0.000" classname="samplePackage.SampleTest"/>
  <testcase name="test1" time="3.344" classname="samplePackage.SampleTest"/>
  <testcase name="test1" time="3.625" classname="samplePackage.SampleTest"/>
  <testcase name="test1" time="2.797" classname="samplePackage.SampleTest"/>
  <testcase name="test1" time="0.000" classname="samplePackage.SampleTest"/>
  <testcase name="test1" time="3.734" classname="samplePackage.SampleTest"/>
  <testcase name="test1" time="3.000" classname="samplePackage.SampleTest"/>
  <testcase name="test1" time="3.625" classname="samplePackage.SampleTest"/>
  <testcase name="test1" time="2.688" classname="samplePackage.SampleTest"/>
  <testcase name="test1" time="3.235" classname="samplePackage.SampleTest"/>
  <testcase name="test1" time="6.266" classname="samplePackage.SampleTest"/>
  <testcase name="test1" time="3.219" classname="samplePackage.SampleTest"/>
  <testcase name="test1" time="3.547" classname="samplePackage.SampleTest"/>
  <testcase name="test1" time="2.906" classname="samplePackage.SampleTest"/>
  <testcase name="test1" time="3.141" classname="samplePackage.SampleTest"/>
  <testcase name="test1" time="4.172" classname="samplePackage.SampleTest"/>
  <testcase name="test1" time="2.734" classname="samplePackage.SampleTest"/>
  <testcase name="test1" time="3.220" classname="samplePackage.SampleTest"/>
  <testcase name="test1" time="2.853" classname="samplePackage.SampleTest"/>
  <testcase name="test1" time="2.829" classname="samplePackage.SampleTest"/>
  <testcase name="test1" time="2.750" classname="samplePackage.SampleTest"/>
  <testcase name="test1" time="0.000" classname="samplePackage.SampleTest"/>
  <testcase name="test1" time="3.079" classname="samplePackage.SampleTest"/>
  <testcase name="test1" time="3.234" classname="samplePackage.SampleTest"/>
  <testcase name="test1" time="0.000" classname="samplePackage.SampleTest"/>
  <testcase name="test1" time="0.000" classname="samplePackage.SampleTest"/>
  <testcase name="test1" time="2.735" classname="samplePackage.SampleTest"/>
  <testcase name="test1" time="3.219" classname="samplePackage.SampleTest"/>
  <testcase name="test1" time="3.156" classname="samplePackage.SampleTest"/>
  <testcase name="test1" time="2.766" classname="samplePackage.SampleTest"/>
  <testcase name="test1" time="0.000" classname="samplePackage.SampleTest"/>
  <testcase name="test1" time="3.969" classname="samplePackage.SampleTest"/>
  <testcase name="test1" time="2.735" classname="samplePackage.SampleTest"/>
  <testcase name="test1" time="0.000" classname="samplePackage.SampleTest"/>
  <testcase name="test1" time="6.453" classname="samplePackage.SampleTest"/>
  <testcase name="test1" time="3.515" classname="samplePackage.SampleTest"/>
  <testcase name="test1" time="0.016" classname="samplePackage.SampleTest"/>
  <testcase name="test1" time="0.000" classname="samplePackage.SampleTest"/>
  <testcase name="test1" time="3.000" classname="samplePackage.SampleTest"/>
  <testcase name="test1" time="3.953" classname="samplePackage.SampleTest"/>
  <testcase name="test1" time="2.928" classname="samplePackage.SampleTest"/>
  <testcase name="test1" time="0.000" classname="samplePackage.SampleTest"/>
  <testcase name="test1" time="2.828" classname="samplePackage.SampleTest"/>
  <testcase name="test1" time="2.766" classname="samplePackage.SampleTest"/>
  <testcase name="test1" time="2.516" classname="samplePackage.SampleTest"/>
  <testcase name="test1" time="3.359" classname="samplePackage.SampleTest"/>
  <testcase name="test1" time="3.641" classname="samplePackage.SampleTest"/>
  <testcase name="test1" time="2.718" classname="samplePackage.SampleTest"/>
  <testcase name="test1" time="2.703" classname="samplePackage.SampleTest"/>
  <testcase name="test1" time="2.797" classname="samplePackage.SampleTest"/>
  <testcase name="test1" time="2.718" classname="samplePackage.SampleTest"/>
  <testcase name="test1" time="2.735" classname="samplePackage.SampleTest"/>
  <testcase name="test1" time="2.766" classname="samplePackage.SampleTest"/>
  <testcase name="test1" time="2.937" classname="samplePackage.SampleTest"/>
  <testcase name="test1" time="2.734" classname="samplePackage.SampleTest"/>
  <testcase name="test1" time="3.937" classname="samplePackage.SampleTest"/>
  <testcase name="test1" time="8.781" classname="samplePackage.SampleTest"/>
  <testcase name="test1" time="0.000" classname="samplePackage.SampleTest"/>
  <testcase name="test1" time="2.844" classname="samplePackage.SampleTest"/>
  <testcase name="test1" time="0.000" classname="samplePackage.SampleTest"/>
  <testcase name="test1" time="0.000" classname="samplePackage.SampleTest"/>
  <testcase name="test1" time="3.735" classname="samplePackage.SampleTest"/>
  <testcase name="test1" time="0.000" classname="samplePackage.SampleTest"/>
  <testcase name="test1" time="3.906" classname="samplePackage.SampleTest"/>
  <testcase name="test1" time="2.878" classname="samplePackage.SampleTest"/>
  <testcase name="test1" time="0.000" classname="samplePackage.SampleTest"/>
  <testcase name="test1" time="2.781" classname="samplePackage.SampleTest"/>
  <testcase name="test1" time="0.000" classname="samplePackage.SampleTest"/>
  <testcase name="test1" time="3.031" classname="samplePackage.SampleTest"/>
  <testcase name="test1" time="2.859" classname="samplePackage.SampleTest"/>
  <testcase name="test1" time="2.781" classname="samplePackage.SampleTest"/>
  <testcase name="test1" time="2.719" classname="samplePackage.SampleTest"/>
  <testcase name="test1" time="13.969" classname="samplePackage.SampleTest"/>
  <testcase name="test1" time="0.000" classname="samplePackage.SampleTest"/>
  <testcase name="test1" time="3.750" classname="samplePackage.SampleTest"/>
  <testcase name="test1" time="2.776" classname="samplePackage.SampleTest"/>
  <testcase name="test1" time="0.000" classname="samplePackage.SampleTest"/>
  <testcase name="test1" time="3.015" classname="samplePackage.SampleTest"/>
  <testcase name="test1" time="3.047" classname="samplePackage.SampleTest"/>
  <testcase name="test1" time="2.765" classname="samplePackage.SampleTest"/>
  <testcase name="test1" time="0.016" classname="samplePackage.SampleTest"/>
  <testcase name="test1" time="2.766" classname="samplePackage.SampleTest"/>
  <testcase name="test1" time="2.797" classname="samplePackage.SampleTest"/>
  <testcase name="test1" time="2.750" classname="samplePackage.SampleTest"/>
  <testcase name="test1" time="0.000" classname="samplePackage.SampleTest"/>
  <testcase name="test1" time="3.234" classname="samplePackage.SampleTest"/>
  <testcase name="test1" time="0.000" classname="samplePackage.SampleTest"/>
  <testcase name="test1" time="0.000" classname="samplePackage.SampleTest"/>
  <testcase name="test1" time="4.531" classname="samplePackage.SampleTest"/>
  <testcase name="test1" time="2.844" classname="samplePackage.SampleTest"/>
  <testcase name="test1" time="0.000" classname="samplePackage.SampleTest"/>
  <testcase name="test1" time="2.657" classname="samplePackage.SampleTest"/>
  <testcase name="test1" time="3.203" classname="samplePackage.SampleTest"/>
  <testcase name="test1" time="2.843" classname="samplePackage.SampleTest"/>
  <testcase name="test1" time="2.719" classname="samplePackage.SampleTest"/>
  <testcase name="test1" time="3.078" classname="samplePackage.SampleTest"/>
  <testcase name="test1" time="11.016" classname="samplePackage.SampleTest"/>
  <testcase name="test1" time="0.000" classname="samplePackage.SampleTest"/>
  <testcase name="test1" time="3.062" classname="samplePackage.SampleTest"/>
  <testcase name="test1" time="3.234" classname="samplePackage.SampleTest"/>
  <testcase name="test1" time="0.000" classname="samplePackage.SampleTest"/>
  <testcase name="test1" time="4.485" classname="samplePackage.SampleTest"/>
  <testcase name="test1" time="0.000" classname="samplePackage.SampleTest"/>
  <testcase name="test1" time="2.750" classname="samplePackage.SampleTest"/>
  <testcase name="test1" time="0.000" classname="samplePackage.SampleTest"/>
  <testcase name="test1" time="2.894" classname="samplePackage.SampleTest"/>
  <testcase name="test1" time="4.641" classname="samplePackage.SampleTest"/>
  <testcase name="test1" time="3.235" classname="samplePackage.SampleTest"/>
  <testcase name="test1" time="2.782" classname="samplePackage.SampleTest"/>
  <testcase name="test1" time="3.313" classname="samplePackage.SampleTest"/>
  <testcase name="test1" time="3.516" classname="samplePackage.SampleTest"/>
  <testcase name="test1" time="3.860" classname="samplePackage.SampleTest"/>
  <testcase name="test1" time="3.242" classname="samplePackage.SampleTest"/>
  <testcase name="test1" time="3.656" classname="samplePackage.SampleTest"/>
  <testcase name="test1" time="3.944" classname="samplePackage.SampleTest"/>
  <testcase name="test1" time="3.093" classname="samplePackage.SampleTest"/>
  <testcase name="test1" time="3.154" classname="samplePackage.SampleTest"/>
  <testcase name="test1" time="4.297" classname="samplePackage.SampleTest"/>
  <testcase name="test1" time="2.891" classname="samplePackage.SampleTest"/>
  <testcase name="test1" time="2.797" classname="samplePackage.SampleTest"/>
  <testcase name="test1" time="2.750" classname="samplePackage.SampleTest"/>
  <testcase name="test1" time="3.562" classname="samplePackage.SampleTest"/>
  <testcase name="test1" time="0.000" classname="samplePackage.SampleTest"/>
  <testcase name="test1" time="3.343" classname="samplePackage.SampleTest"/>
  <testcase name="test1" time="4.250" classname="samplePackage.SampleTest"/>
  <testcase name="test1" time="0.000" classname="samplePackage.SampleTest"/>
  <testcase name="test1" time="2.718" classname="samplePackage.SampleTest"/>
  <testcase name="test1" time="0.000" classname="samplePackage.SampleTest"/>
  <testcase name="test1" time="2.859" classname="samplePackage.SampleTest"/>
  <testcase name="test1" time="3.125" classname="samplePackage.SampleTest"/>
  <testcase name="test1" time="2.810" classname="samplePackage.SampleTest"/>
  <testcase name="test1" time="2.920" classname="samplePackage.SampleTest"/>
  <testcase name="test1" time="2.910" classname="samplePackage.SampleTest"/>
  <testcase name="test1" time="3.543" classname="samplePackage.SampleTest"/>
  <testcase name="test1" time="0.016" classname="samplePackage.SampleTest"/>
  <testcase name="test1" time="3.094" classname="samplePackage.SampleTest"/>
  <testcase name="test1" time="2.672" classname="samplePackage.SampleTest"/>
  <testcase name="test1" time="2.943" classname="samplePackage.SampleTest"/>
  <testcase name="test1" time="2.901" classname="samplePackage.SampleTest"/>
  <testcase name="test1" time="2.859" classname="samplePackage.SampleTest"/>
  <testcase name="test1" time="0.000" classname="samplePackage.SampleTest"/>
  <testcase name="test1" time="0.000" classname="samplePackage.SampleTest"/>
  <testcase name="test1" time="3.541" classname="samplePackage.SampleTest"/>
  <testcase name="test1" time="0.015" classname="samplePackage.SampleTest"/>
  <testcase name="test1" time="0.000" classname="samplePackage.SampleTest"/>
  <testcase name="test1" time="4.078" classname="samplePackage.SampleTest"/>
  <testcase name="test1" time="3.422" classname="samplePackage.SampleTest"/>
  <testcase name="test1" time="2.936" classname="samplePackage.SampleTest"/>
  <testcase name="test1" time="2.812" classname="samplePackage.SampleTest"/>
  <testcase name="test1" time="3.551" classname="samplePackage.SampleTest"/>
  <testcase name="test1" time="3.453" classname="samplePackage.SampleTest"/>
  <testcase name="test1" time="2.719" classname="samplePackage.SampleTest"/>
  <testcase name="test1" time="0.000" classname="samplePackage.SampleTest"/>
  <testcase name="test1" time="3.766" classname="samplePackage.SampleTest"/>
  <testcase name="test1" time="2.875" classname="samplePackage.SampleTest"/>
  <testcase name="test1" time="0.000" classname="samplePackage.SampleTest"/>
  <testcase name="test1" time="2.750" classname="samplePackage.SampleTest"/>
  <testcase name="test1" time="2.735" classname="samplePackage.SampleTest"/>
  <testcase name="test1" time="2.797" classname="samplePackage.SampleTest"/>
  <testcase name="test1" time="2.766" classname="samplePackage.SampleTest"/>
  <testcase name="test1" time="2.750" classname="samplePackage.SampleTest"/>
  <testcase name="test1" time="3.000" classname="samplePackage.SampleTest"/>
  <testcase name="test1" time="2.765" classname="samplePackage.SampleTest"/>
  <testcase name="test1" time="2.849" classname="samplePackage.SampleTest"/>
  <testcase name="test1" time="3.701" classname="samplePackage.SampleTest"/>
  <testcase name="test1" time="0.000" classname="samplePackage.SampleTest"/>
  <testcase name="test1" time="4.172" classname="samplePackage.SampleTest"/>
  <testcase name="test1" time="0.000" classname="samplePackage.SampleTest"/>
  <testcase name="test1" time="3.187" classname="samplePackage.SampleTest"/>
  <testcase name="test1" time="2.703" classname="samplePackage.SampleTest"/>
  <testcase name="test1" time="3.069" classname="samplePackage.SampleTest"/>
  <testcase name="test1" time="2.984" classname="samplePackage.SampleTest"/>
  <testcase name="test1" time="3.829" classname="samplePackage.SampleTest"/>
  <testcase name="test1" time="3.188" classname="samplePackage.SampleTest"/>
  <testcase name="test1" time="3.360" classname="samplePackage.SampleTest"/>
  <testcase name="test1" time="0.000" classname="samplePackage.SampleTest"/>
  <testcase name="test1" time="0.015" classname="samplePackage.SampleTest"/>
  <testcase name="test1" time="0.000" classname="samplePackage.SampleTest"/>
  <testcase name="test1" time="2.814" classname="samplePackage.SampleTest"/>
  <testcase name="test1" time="2.844" classname="samplePackage.SampleTest"/>
  <testcase name="test1" time="3.093" classname="samplePackage.SampleTest"/>
  <testcase name="test1" time="0.015" classname="samplePackage.SampleTest"/>
  <testcase name="test1" time="3.360" classname="samplePackage.SampleTest"/>
  <testcase name="test1" time="2.750" classname="samplePackage.SampleTest"/>
  <testcase name="test1" time="0.000" classname="samplePackage.SampleTest"/>
  <testcase name="test1" time="2.781" classname="samplePackage.SampleTest"/>
  <testcase name="test1" time="3.782" classname="samplePackage.SampleTest"/>
  <testcase name="test1" time="3.000" classname="samplePackage.SampleTest"/>
  <testcase name="test1" time="3.266" classname="samplePackage.SampleTest"/>
  <testcase name="test1" time="0.000" classname="samplePackage.SampleTest"/>
  <testcase name="test1" time="6.094" classname="samplePackage.SampleTest"/>
  <testcase name="test1" time="3.638" classname="samplePackage.SampleTest"/>
  <testcase name="test1" time="2.969" classname="samplePackage.SampleTest"/>
  <testcase name="test1" time="2.782" classname="samplePackage.SampleTest"/>
  <testcase name="test1" time="0.000" classname="samplePackage.SampleTest"/>
  <testcase name="test1" time="2.766" classname="samplePackage.SampleTest"/>
  <testcase name="test1" time="3.570" classname="samplePackage.SampleTest"/>
  <testcase name="test1" time="3.281" classname="samplePackage.SampleTest"/>
  <testcase name="test1" time="0.000" classname="samplePackage.SampleTest"/>
  <testcase name="test1" time="4.001" classname="samplePackage.SampleTest"/>
  <testcase name="test1" time="0.000" classname="samplePackage.SampleTest"/>
  <testcase name="test1" time="0.000" classname="samplePackage.SampleTest"/>
  <testcase name="test1" time="2.846" classname="samplePackage.SampleTest"/>
  <testcase name="test1" time="3.903" classname="samplePackage.SampleTest"/>
  <testcase name="test1" time="3.550" classname="samplePackage.SampleTest"/>
  <testcase name="test1" time="3.687" classname="samplePackage.SampleTest"/>
  <testcase name="test1" time="0.000" classname="samplePackage.SampleTest"/>
  <testcase name="test1" time="2.938" classname="samplePackage.SampleTest"/>
  <testcase name="test1" time="3.313" classname="samplePackage.SampleTest"/>
  <testcase name="test1" time="3.437" classname="samplePackage.SampleTest"/>
  <testcase name="test1" time="5.859" classname="samplePackage.SampleTest"/>
  <testcase name="test1" time="3.639" classname="samplePackage.SampleTest"/>
  <testcase name="test1" time="2.688" classname="samplePackage.SampleTest"/>
  <testcase name="test1" time="0.015" classname="samplePackage.SampleTest"/>
  <testcase name="test1" time="2.766" classname="samplePackage.SampleTest"/>
  <testcase name="test1" time="3.328" classname="samplePackage.SampleTest"/>
  <testcase name="test1" time="3.531" classname="samplePackage.SampleTest"/>
  <testcase name="test1" time="3.704" classname="samplePackage.SampleTest"/>
  <testcase name="test1" time="0.000" classname="samplePackage.SampleTest"/>
  <testcase name="test1" time="3.391" classname="samplePackage.SampleTest"/>
  <testcase name="test1" time="0.000" classname="samplePackage.SampleTest"/>
  <testcase name="test1" time="3.422" classname="samplePackage.SampleTest"/>
  <testcase name="test1" time="3.219" classname="samplePackage.SampleTest"/>
  <testcase name="test1" time="3.964" classname="samplePackage.SampleTest"/>
  <testcase name="test1" time="0.000" classname="samplePackage.SampleTest"/>
  <testcase name="test1" time="0.000" classname="samplePackage.SampleTest"/>
  <testcase name="test1" time="3.562" classname="samplePackage.SampleTest"/>
  <testcase name="test1" time="0.000" classname="samplePackage.SampleTest"/>
  <testcase name="test1" time="4.063" classname="samplePackage.SampleTest"/>
  <testcase name="test1" time="2.953" classname="samplePackage.SampleTest"/>
  <testcase name="test1" time="0.000" classname="samplePackage.SampleTest"/>
  <testcase name="test1" time="0.000" classname="samplePackage.SampleTest"/>
  <testcase name="test1" time="0.000" classname="samplePackage.SampleTest"/>
  <testcase name="test1" time="3.157" classname="samplePackage.SampleTest"/>
  <testcase name="test1" time="3.829" classname="samplePackage.SampleTest"/>
  <testcase name="test1" time="2.719" classname="samplePackage.SampleTest"/>
  <testcase name="test1" time="7.672" classname="samplePackage.SampleTest"/>
  <testcase name="test1" time="2.750" classname="samplePackage.SampleTest"/>
  <testcase name="test1" time="2.953" classname="samplePackage.SampleTest"/>
  <testcase name="test1" time="2.578" classname="samplePackage.SampleTest"/>
  <testcase name="test1" time="0.015" classname="samplePackage.SampleTest"/>
  <testcase name="test1" time="2.719" classname="samplePackage.SampleTest"/>
  <testcase name="test1" time="3.000" classname="samplePackage.SampleTest"/>
  <testcase name="test1" time="3.141" classname="samplePackage.SampleTest"/>
  <testcase name="test1" time="0.000" classname="samplePackage.SampleTest"/>
  <testcase name="test1" time="3.102" classname="samplePackage.SampleTest"/>
  <testcase name="test1" time="2.718" classname="samplePackage.SampleTest"/>
  <testcase name="test1" time="3.016" classname="samplePackage.SampleTest"/>
  <testcase name="test1" time="3.125" classname="samplePackage.SampleTest"/>
  <testcase name="test1" time="2.797" classname="samplePackage.SampleTest"/>
  <testcase name="test1" time="2.719" classname="samplePackage.SampleTest"/>
  <testcase name="test1" time="2.993" classname="samplePackage.SampleTest"/>
  <testcase name="test1" time="2.851" classname="samplePackage.SampleTest"/>
  <testcase name="test1" time="0.000" classname="samplePackage.SampleTest"/>
  <testcase name="test1" time="0.000" classname="samplePackage.SampleTest"/>
  <testcase name="test1" time="3.187" classname="samplePackage.SampleTest"/>
  <testcase name="test1" time="3.251" classname="samplePackage.SampleTest"/>
  <testcase name="test1" time="2.719" classname="samplePackage.SampleTest"/>
  <testcase name="test1" time="2.750" classname="samplePackage.SampleTest"/>
  <testcase name="test1" time="3.781" classname="samplePackage.SampleTest"/>
  <testcase name="test1" time="0.000" classname="samplePackage.SampleTest"/>
  <testcase name="test1" time="0.000" classname="samplePackage.SampleTest"/>
  <testcase name="test1" time="2.969" classname="samplePackage.SampleTest"/>
  <testcase name="test1" time="3.735" classname="samplePackage.SampleTest"/>
  <testcase name="test1" time="0.000" classname="samplePackage.SampleTest"/>
  <testcase name="test1" time="0.015" classname="samplePackage.SampleTest"/>
  <testcase name="test1" time="3.641" classname="samplePackage.SampleTest"/>
  <testcase name="test1" time="2.829" classname="samplePackage.SampleTest"/>
  <testcase name="test1" time="2.719" classname="samplePackage.SampleTest"/>
  <testcase name="test1" time="0.016" classname="samplePackage.SampleTest"/>
  <testcase name="test1" time="3.531" classname="samplePackage.SampleTest"/>
  <testcase name="test1" time="0.000" classname="samplePackage.SampleTest"/>
  <testcase name="test1" time="2.788" classname="samplePackage.SampleTest"/>
  <testcase name="test1" time="4.578" classname="samplePackage.SampleTest"/>
  <testcase name="test1" time="2.750" classname="samplePackage.SampleTest"/>
  <testcase name="test1" time="3.199" classname="samplePackage.SampleTest"/>
  <testcase name="test1" time="0.000" classname="samplePackage.SampleTest"/>
  <testcase name="test1" time="2.992" classname="samplePackage.SampleTest"/>
  <testcase name="test1" time="8.594" classname="samplePackage.SampleTest"/>
  <testcase name="test1" time="2.797" classname="samplePackage.SampleTest"/>
  <testcase name="test1" time="4.062" classname="samplePackage.SampleTest"/>
  <testcase name="test1" time="3.283" classname="samplePackage.SampleTest"/>
  <testcase name="test1" time="0.000" classname="samplePackage.SampleTest"/>
  <testcase name="test1" time="0.000" classname="samplePackage.SampleTest"/>
  <testcase name="test1" time="2.891" classname="samplePackage.SampleTest"/>
  <testcase name="test1" time="3.125" classname="samplePackage.SampleTest"/>
  <testcase name="test1" time="2.922" classname="samplePackage.SampleTest"/>
  <testcase name="test1" time="0.000" classname="samplePackage.SampleTest"/>
  <testcase name="test1" time="2.719" classname="samplePackage.SampleTest"/>
  <testcase name="test1" time="3.032" classname="samplePackage.SampleTest"/>
  <testcase name="test1" time="5.045" classname="samplePackage.SampleTest"/>
  <testcase name="test1" time="3.515" classname="samplePackage.SampleTest"/>
  <testcase name="test1" time="2.828" classname="samplePackage.SampleTest"/>
  <testcase name="test1" time="3.570" classname="samplePackage.SampleTest"/>
  <testcase name="test1" time="2.859" classname="samplePackage.SampleTest"/>
  <testcase name="test1" time="5.875" classname="samplePackage.SampleTest"/>
  <testcase name="test1" time="8.297" classname="samplePackage.SampleTest"/>
  <testcase name="test1" time="0.016" classname="samplePackage.SampleTest"/>
  <testcase name="test1" time="0.000" classname="samplePackage.SampleTest"/>
  <testcase name="test1" time="3.681" classname="samplePackage.SampleTest"/>
  <testcase name="test1" time="0.000" classname="samplePackage.SampleTest"/>
  <testcase name="test1" time="0.000" classname="samplePackage.SampleTest"/>
  <testcase name="test1" time="3.491" classname="samplePackage.SampleTest"/>
  <testcase name="test1" time="0.000" classname="samplePackage.SampleTest"/>
  <testcase name="test1" time="2.703" classname="samplePackage.SampleTest"/>
  <testcase name="test1" time="0.000" classname="samplePackage.SampleTest"/>
  <testcase name="test1" time="3.210" classname="samplePackage.SampleTest"/>
  <testcase name="test1" time="3.000" classname="samplePackage.SampleTest"/>
  <testcase name="test1" time="2.892" classname="samplePackage.SampleTest"/>
  <testcase name="test1" time="0.000" classname="samplePackage.SampleTest"/>
  <testcase name="test1" time="3.717" classname="samplePackage.SampleTest"/>
  <testcase name="test1" time="0.016" classname="samplePackage.SampleTest"/>
  <testcase name="test1" time="2.911" classname="samplePackage.SampleTest"/>
  <testcase name="test1" time="2.950" classname="samplePackage.SampleTest"/>
  <testcase name="test1" time="4.081" classname="samplePackage.SampleTest"/>
  <testcase name="test1" time="0.000" classname="samplePackage.SampleTest"/>
  <testcase name="test1" time="3.874" classname="samplePackage.SampleTest"/>
  <testcase name="test1" time="3.297" classname="samplePackage.SampleTest"/>
  <testcase name="test1" time="0.000" classname="samplePackage.SampleTest"/>
  <testcase name="test1" time="4.031" classname="samplePackage.SampleTest"/>
  <testcase name="test1" time="0.000" classname="samplePackage.SampleTest"/>
  <testcase name="test1" time="102.926" classname="samplePackage.SampleTest"/>
  <testcase name="test1" time="2.781" classname="samplePackage.SampleTest"/>
  <testcase name="test1" time="0.000" classname="samplePackage.SampleTest"/>
  <testcase name="test1" time="0.015" classname="samplePackage.SampleTest"/>
  <testcase name="test1" time="3.063" classname="samplePackage.SampleTest"/>
  <testcase name="test1" time="0.016" classname="samplePackage.SampleTest"/>
  <testcase name="test1" time="2.816" classname="samplePackage.SampleTest"/>
  <testcase name="test1" time="2.734" classname="samplePackage.SampleTest"/>
  <testcase name="test1" time="0.000" classname="samplePackage.SampleTest"/>
  <testcase name="test1" time="2.862" classname="samplePackage.SampleTest"/>
  <testcase name="test1" time="4.282" classname="samplePackage.SampleTest"/>
  <testcase name="test1" time="3.000" classname="samplePackage.SampleTest"/>
  <testcase name="test1" time="3.934" classname="samplePackage.SampleTest"/>
  <testcase name="test1" time="3.141" classname="samplePackage.SampleTest"/>
  <testcase name="test1" time="2.922" classname="samplePackage.SampleTest"/>
  <testcase name="test1" time="2.859" classname="samplePackage.SampleTest"/>
  <testcase name="test1" time="2.625" classname="samplePackage.SampleTest"/>
  <testcase name="test1" time="0.000" classname="samplePackage.SampleTest"/>
  <testcase name="test1" time="3.266" classname="samplePackage.SampleTest"/>
  <testcase name="test1" time="4.765" classname="samplePackage.SampleTest"/>
  <testcase name="test1" time="3.704" classname="samplePackage.SampleTest"/>
  <testcase name="test1" time="3.078" classname="samplePackage.SampleTest"/>
  <testcase name="test1" time="0.000" classname="samplePackage.SampleTest"/>
  <testcase name="test1" time="3.005" classname="samplePackage.SampleTest"/>
  <testcase name="test1" time="2.948" classname="samplePackage.SampleTest"/>
  <testcase name="test1" time="4.109" classname="samplePackage.SampleTest"/>
  <testcase name="test1" time="0.000" classname="samplePackage.SampleTest"/>
  <testcase name="test1" time="0.000" classname="samplePackage.SampleTest"/>
  <testcase name="test1" time="3.748" classname="samplePackage.SampleTest"/>
  <testcase name="test1" time="2.965" classname="samplePackage.SampleTest"/>
  <testcase name="test1" time="2.750" classname="samplePackage.SampleTest"/>
  <testcase name="test1" time="2.843" classname="samplePackage.SampleTest"/>
  <testcase name="test1" time="3.328" classname="samplePackage.SampleTest"/>
  <testcase name="test1" time="2.781" classname="samplePackage.SampleTest"/>
  <testcase name="test1" time="2.875" classname="samplePackage.SampleTest"/>
  <testcase name="test1" time="9.297" classname="samplePackage.SampleTest"/>
  <testcase name="test1" time="0.000" classname="samplePackage.SampleTest"/>
  <testcase name="test1" time="2.766" classname="samplePackage.SampleTest"/>
  <testcase name="test1" time="2.765" classname="samplePackage.SampleTest"/>
  <testcase name="test1" time="3.563" classname="samplePackage.SampleTest"/>
  <testcase name="test1" time="2.984" classname="samplePackage.SampleTest"/>
  <testcase name="test1" time="3.235" classname="samplePackage.SampleTest"/>
  <testcase name="test1" time="3.407" classname="samplePackage.SampleTest"/>
  <testcase name="test1" time="3.094" classname="samplePackage.SampleTest"/>
  <testcase name="test1" time="3.422" classname="samplePackage.SampleTest"/>
  <testcase name="test1" time="9.297" classname="samplePackage.SampleTest"/>
  <testcase name="test1" time="2.735" classname="samplePackage.SampleTest"/>
  <testcase name="test1" time="2.859" classname="samplePackage.SampleTest"/>
  <testcase name="test1" time="2.797" classname="samplePackage.SampleTest"/>
  <testcase name="test1" time="5.125" classname="samplePackage.SampleTest"/>
  <testcase name="test1" time="0.016" classname="samplePackage.SampleTest"/>
  <testcase name="test1" time="3.532" classname="samplePackage.SampleTest"/>
  <testcase name="test1" time="3.516" classname="samplePackage.SampleTest"/>
  <testcase name="test1" time="4.423" classname="samplePackage.SampleTest"/>
  <testcase name="test1" time="0.000" classname="samplePackage.SampleTest"/>
  <testcase name="test1" time="3.641" classname="samplePackage.SampleTest"/>
  <testcase name="test1" time="2.734" classname="samplePackage.SampleTest"/>
  <testcase name="test1" time="3.188" classname="samplePackage.SampleTest"/>
  <testcase name="test1" time="3.464" classname="samplePackage.SampleTest"/>
  <testcase name="test1" time="4.051" classname="samplePackage.SampleTest"/>
  <testcase name="test1" time="2.922" classname="samplePackage.SampleTest"/>
  <testcase name="test1" time="0.000" classname="samplePackage.SampleTest"/>
  <testcase name="test1" time="3.016" classname="samplePackage.SampleTest"/>
  <testcase name="test1" time="3.516" classname="samplePackage.SampleTest"/>
  <testcase name="test1" time="2.806" classname="samplePackage.SampleTest"/>
  <testcase name="test1" time="0.000" classname="samplePackage.SampleTest"/>
  <testcase name="test1" time="2.860" classname="samplePackage.SampleTest"/>
  <testcase name="test1" time="0.015" classname="samplePackage.SampleTest"/>
  <testcase name="test1" time="0.000" classname="samplePackage.SampleTest"/>
  <testcase name="test1" time="2.860" classname="samplePackage.SampleTest"/>
  <testcase name="test1" time="2.836" classname="samplePackage.SampleTest"/>
  <testcase name="test1" time="2.980" classname="samplePackage.SampleTest"/>
  <testcase name="test1" time="3.047" classname="samplePackage.SampleTest"/>
  <testcase name="test1" time="3.125" classname="samplePackage.SampleTest"/>
  <testcase name="test1" time="3.141" classname="samplePackage.SampleTest"/>
  <testcase name="test1" time="2.836" classname="samplePackage.SampleTest"/>
  <testcase name="test1" time="3.317" classname="samplePackage.SampleTest"/>
  <testcase name="test1" time="2.750" classname="samplePackage.SampleTest"/>
  <testcase name="test1" time="2.851" classname="samplePackage.SampleTest"/>
  <testcase name="test1" time="0.000" classname="samplePackage.SampleTest"/>
  <testcase name="test1" time="0.015" classname="samplePackage.SampleTest"/>
  <testcase name="test1" time="17.782" classname="samplePackage.SampleTest"/>
  <testcase name="test1" time="3.016" classname="samplePackage.SampleTest"/>
  <testcase name="test1" time="3.094" classname="samplePackage.SampleTest"/>
  <testcase name="test1" time="2.766" classname="samplePackage.SampleTest"/>
  <testcase name="test1" time="0.016" classname="samplePackage.SampleTest"/>
  <testcase name="test1" time="0.000" classname="samplePackage.SampleTest"/>
  <testcase name="test1" time="4.156" classname="samplePackage.SampleTest"/>
  <testcase name="test1" time="0.000" classname="samplePackage.SampleTest"/>
  <testcase name="test1" time="5.844" classname="samplePackage.SampleTest"/>
  <testcase name="test1" time="3.766" classname="samplePackage.SampleTest"/>
  <testcase name="test1" time="0.016" classname="samplePackage.SampleTest"/>
  <testcase name="test1" time="0.000" classname="samplePackage.SampleTest"/>
  <testcase name="test1" time="2.772" classname="samplePackage.SampleTest"/>
  <testcase name="test1" time="0.016" classname="samplePackage.SampleTest"/>
  <testcase name="test1" time="0.000" classname="samplePackage.SampleTest"/>
  <testcase name="test1" time="3.021" classname="samplePackage.SampleTest"/>
  <testcase name="test1" time="3.125" classname="samplePackage.SampleTest"/>
  <testcase name="test1" time="3.000" classname="samplePackage.SampleTest"/>
  <testcase name="test1" time="2.890" classname="samplePackage.SampleTest"/>
  <testcase name="test1" time="2.824" classname="samplePackage.SampleTest"/>
  <testcase name="test1" time="3.282" classname="samplePackage.SampleTest"/>
  <testcase name="test1" time="3.422" classname="samplePackage.SampleTest"/>
  <testcase name="test1" time="6.454" classname="samplePackage.SampleTest"/>
  <testcase name="test1" time="0.000" classname="samplePackage.SampleTest"/>
  <testcase name="test1" time="2.625" classname="samplePackage.SampleTest"/>
  <testcase name="test1" time="2.703" classname="samplePackage.SampleTest"/>
  <testcase name="test1" time="2.781" classname="samplePackage.SampleTest"/>
  <testcase name="test1" time="0.000" classname="samplePackage.SampleTest"/>
  <testcase name="test1" time="2.901" classname="samplePackage.SampleTest"/>
  <testcase name="test1" time="0.016" classname="samplePackage.SampleTest"/>
  <testcase name="test1" time="0.000" classname="samplePackage.SampleTest"/>
  <testcase name="test1" time="2.938" classname="samplePackage.SampleTest"/>
  <testcase name="test1" time="3.355" classname="samplePackage.SampleTest"/>
  <testcase name="test1" time="0.000" classname="samplePackage.SampleTest"/>
  <testcase name="test1" time="3.141" classname="samplePackage.SampleTest"/>
  <testcase name="test1" time="2.951" classname="samplePackage.SampleTest"/>
  <testcase name="test1" time="3.219" classname="samplePackage.SampleTest"/>
  <testcase name="test1" time="2.930" classname="samplePackage.SampleTest"/>
  <testcase name="test1" time="2.851" classname="samplePackage.SampleTest"/>
  <testcase name="test1" time="9.266" classname="samplePackage.SampleTest"/>
  <testcase name="test1" time="2.813" classname="samplePackage.SampleTest"/>
  <testcase name="test1" time="4.235" classname="samplePackage.SampleTest"/>
  <testcase name="test1" time="0.016" classname="samplePackage.SampleTest"/>
  <testcase name="test1" time="0.000" classname="samplePackage.SampleTest"/>
  <testcase name="test1" time="2.751" classname="samplePackage.SampleTest"/>
  <testcase name="test1" time="3.313" classname="samplePackage.SampleTest"/>
  <testcase name="test1" time="3.162" classname="samplePackage.SampleTest"/>
  <testcase name="test1" time="2.952" classname="samplePackage.SampleTest"/>
  <testcase name="test1" time="3.656" classname="samplePackage.SampleTest"/>
  <testcase name="test1" time="2.872" classname="samplePackage.SampleTest"/>
  <testcase name="test1" time="4.047" classname="samplePackage.SampleTest"/>
  <testcase name="test1" time="2.782" classname="samplePackage.SampleTest"/>
  <testcase name="test1" time="2.719" classname="samplePackage.SampleTest"/>
  <testcase name="test1" time="4.329" classname="samplePackage.SampleTest"/>
  <testcase name="test1" time="2.848" classname="samplePackage.SampleTest"/>
  <testcase name="test1" time="2.750" classname="samplePackage.SampleTest"/>
  <testcase name="test1" time="2.484" classname="samplePackage.SampleTest"/>
  <testcase name="test1" time="2.940" classname="samplePackage.SampleTest"/>
  <testcase name="test1" time="2.735" classname="samplePackage.SampleTest"/>
  <testcase name="test1" time="0.000" classname="samplePackage.SampleTest"/>
  <testcase name="test1" time="2.901" classname="samplePackage.SampleTest"/>
  <testcase name="test1" time="0.016" classname="samplePackage.SampleTest"/>
  <testcase name="test1" time="2.750" classname="samplePackage.SampleTest"/>
  <testcase name="test1" time="3.672" classname="samplePackage.SampleTest"/>
  <testcase name="test1" time="2.844" classname="samplePackage.SampleTest"/>
  <testcase name="test1" time="4.090" classname="samplePackage.SampleTest"/>
  <testcase name="test1" time="0.016" classname="samplePackage.SampleTest"/>
  <testcase name="test1" time="3.453" classname="samplePackage.SampleTest"/>
  <testcase name="test1" time="3.031" classname="samplePackage.SampleTest"/>
  <testcase name="test1" time="0.000" classname="samplePackage.SampleTest"/>
  <testcase name="test1" time="0.000" classname="samplePackage.SampleTest"/>
  <testcase name="test1" time="5.172" classname="samplePackage.SampleTest"/>
  <testcase name="test1" time="2.939" classname="samplePackage.SampleTest"/>
  <testcase name="test1" time="6.984" classname="samplePackage.SampleTest"/>
  <testcase name="test1" time="2.719" classname="samplePackage.SampleTest"/>
  <testcase name="test1" time="0.000" classname="samplePackage.SampleTest"/>
  <testcase name="test1" time="0.016" classname="samplePackage.SampleTest"/>
  <testcase name="test1" time="2.938" classname="samplePackage.SampleTest"/>
  <testcase name="test1" time="2.852" classname="samplePackage.SampleTest"/>
  <testcase name="test1" time="0.016" classname="samplePackage.SampleTest"/>
  <testcase name="test1" time="2.735" classname="samplePackage.SampleTest"/>
  <testcase name="test1" time="2.896" classname="samplePackage.SampleTest"/>
  <testcase name="test1" time="0.000" classname="samplePackage.SampleTest"/>
  <testcase name="test1" time="4.079" classname="samplePackage.SampleTest"/>
  <testcase name="test1" time="2.531" classname="samplePackage.SampleTest"/>
  <testcase name="test1" time="0.000" classname="samplePackage.SampleTest"/>
  <testcase name="test1" time="4.235" classname="samplePackage.SampleTest"/>
  <testcase name="test1" time="2.735" classname="samplePackage.SampleTest"/>
  <testcase name="test1" time="2.750" classname="samplePackage.SampleTest"/>
  <testcase name="test1" time="0.000" classname="samplePackage.SampleTest"/>
  <testcase name="test1" time="2.938" classname="samplePackage.SampleTest"/>
  <testcase name="test1" time="2.875" classname="samplePackage.SampleTest"/>
  <testcase name="test1" time="3.172" classname="samplePackage.SampleTest"/>
  <testcase name="test1" time="0.000" classname="samplePackage.SampleTest"/>
  <testcase name="test1" time="3.183" classname="samplePackage.SampleTest"/>
  <testcase name="test1" time="3.891" classname="samplePackage.SampleTest"/>
  <testcase name="test1" time="0.000" classname="samplePackage.SampleTest"/>
  <testcase name="test1" time="2.919" classname="samplePackage.SampleTest"/>
  <testcase name="test1" time="0.000" classname="samplePackage.SampleTest"/>
  <testcase name="test1" time="0.000" classname="samplePackage.SampleTest"/>
  <testcase name="test1" time="2.751" classname="samplePackage.SampleTest"/>
  <testcase name="test1" time="0.016" classname="samplePackage.SampleTest"/>
  <testcase name="test1" time="3.766" classname="samplePackage.SampleTest"/>
  <testcase name="test1" time="0.000" classname="samplePackage.SampleTest"/>
  <testcase name="test1" time="6.532" classname="samplePackage.SampleTest"/>
  <testcase name="test1" time="2.704" classname="samplePackage.SampleTest"/>
  <testcase name="test1" time="2.844" classname="samplePackage.SampleTest"/>
  <testcase name="test1" time="3.172" classname="samplePackage.SampleTest"/>
  <testcase name="test1" time="2.782" classname="samplePackage.SampleTest"/>
  <testcase name="test1" time="2.719" classname="samplePackage.SampleTest"/>
  <testcase name="test1" time="2.656" classname="samplePackage.SampleTest"/>
  <testcase name="test1" time="3.328" classname="samplePackage.SampleTest"/>
  <testcase name="test1" time="0.000" classname="samplePackage.SampleTest"/>
  <testcase name="test1" time="3.078" classname="samplePackage.SampleTest"/>
  <testcase name="test1" time="2.641" classname="samplePackage.SampleTest"/>
  <testcase name="test1" time="3.089" classname="samplePackage.SampleTest"/>
  <testcase name="test1" time="0.000" classname="samplePackage.SampleTest"/>
  <testcase name="test1" time="2.969" classname="samplePackage.SampleTest"/>
  <testcase name="test1" time="2.907" classname="samplePackage.SampleTest"/>
  <testcase name="test1" time="2.875" classname="samplePackage.SampleTest"/>
  <testcase name="test1" time="4.063" classname="samplePackage.SampleTest"/>
  <testcase name="test1" time="2.923" classname="samplePackage.SampleTest"/>
  <testcase name="test1" time="2.704" classname="samplePackage.SampleTest"/>
  <testcase name="test1" time="2.828" classname="samplePackage.SampleTest"/>
  <testcase name="test1" time="3.626" classname="samplePackage.SampleTest"/>
  <testcase name="test1" time="2.766" classname="samplePackage.SampleTest"/>
  <testcase name="test1" time="3.015" classname="samplePackage.SampleTest"/>
  <testcase name="test1" time="0.000" classname="samplePackage.SampleTest"/>
  <testcase name="test1" time="3.251" classname="samplePackage.SampleTest"/>
  <testcase name="test1" time="8.532" classname="samplePackage.SampleTest"/>
  <testcase name="test1" time="3.407" classname="samplePackage.SampleTest"/>
  <testcase name="test1" time="3.812" classname="samplePackage.SampleTest"/>
  <testcase name="test1" time="3.369" classname="samplePackage.SampleTest"/>
  <testcase name="test1" time="0.015" classname="samplePackage.SampleTest"/>
  <testcase name="test1" time="0.000" classname="samplePackage.SampleTest"/>
  <testcase name="test1" time="2.828" classname="samplePackage.SampleTest"/>
  <testcase name="test1" time="0.000" classname="samplePackage.SampleTest"/>
  <testcase name="test1" time="2.797" classname="samplePackage.SampleTest"/>
  <testcase name="test1" time="4.578" classname="samplePackage.SampleTest"/>
  <testcase name="test1" time="2.938" classname="samplePackage.SampleTest"/>
  <testcase name="test1" time="3.172" classname="samplePackage.SampleTest"/>
  <testcase name="test1" time="0.000" classname="samplePackage.SampleTest"/>
  <testcase name="test1" time="0.000" classname="samplePackage.SampleTest"/>
  <testcase name="test1" time="3.597" classname="samplePackage.SampleTest"/>
  <testcase name="test1" time="2.735" classname="samplePackage.SampleTest"/>
  <testcase name="test1" time="0.000" classname="samplePackage.SampleTest"/>
  <testcase name="test1" time="2.719" classname="samplePackage.SampleTest"/>
  <testcase name="test1" time="2.813" classname="samplePackage.SampleTest"/>
  <testcase name="test1" time="2.703" classname="samplePackage.SampleTest"/>
  <testcase name="test1" time="0.000" classname="samplePackage.SampleTest"/>
  <testcase name="test1" time="3.266" classname="samplePackage.SampleTest"/>
  <testcase name="test1" time="5.375" classname="samplePackage.SampleTest"/>
  <testcase name="test1" time="0.000" classname="samplePackage.SampleTest"/>
  <testcase name="test1" time="6.031" classname="samplePackage.SampleTest"/>
  <testcase name="test1" time="4.118" classname="samplePackage.SampleTest"/>
  <testcase name="test1" time="2.718" classname="samplePackage.SampleTest"/>
  <testcase name="test1" time="3.318" classname="samplePackage.SampleTest"/>
  <testcase name="test1" time="3.965" classname="samplePackage.SampleTest"/>
  <testcase name="test1" time="5.547" classname="samplePackage.SampleTest"/>
  <testcase name="test1" time="0.000" classname="samplePackage.SampleTest"/>
  <testcase name="test1" time="2.795" classname="samplePackage.SampleTest"/>
  <testcase name="test1" time="2.829" classname="samplePackage.SampleTest"/>
  <testcase name="test1" time="3.579" classname="samplePackage.SampleTest"/>
  <testcase name="test1" time="0.016" classname="samplePackage.SampleTest"/>
  <testcase name="test1" time="3.055" classname="samplePackage.SampleTest"/>
  <testcase name="test1" time="4.125" classname="samplePackage.SampleTest"/>
  <testcase name="test1" time="2.846" classname="samplePackage.SampleTest"/>
  <testcase name="test1" time="0.015" classname="samplePackage.SampleTest"/>
  <testcase name="test1" time="0.000" classname="samplePackage.SampleTest"/>
  <testcase name="test1" time="3.312" classname="samplePackage.SampleTest"/>
  <testcase name="test1" time="0.000" classname="samplePackage.SampleTest"/>
  <testcase name="test1" time="2.750" classname="samplePackage.SampleTest"/>
  <testcase name="test1" time="4.047" classname="samplePackage.SampleTest"/>
  <testcase name="test1" time="0.000" classname="samplePackage.SampleTest"/>
  <testcase name="test1" time="0.000" classname="samplePackage.SampleTest"/>
  <testcase name="test1" time="3.157" classname="samplePackage.SampleTest"/>
  <testcase name="test1" time="3.484" classname="samplePackage.SampleTest"/>
  <testcase name="test1" time="3.335" classname="samplePackage.SampleTest"/>
  <testcase name="test1" time="0.000" classname="samplePackage.SampleTest"/>
  <testcase name="test1" time="2.719" classname="samplePackage.SampleTest"/>
  <testcase name="test1" time="3.625" classname="samplePackage.SampleTest"/>
  <testcase name="test1" time="0.016" classname="samplePackage.SampleTest"/>
  <testcase name="test1" time="2.766" classname="samplePackage.SampleTest"/>
  <testcase name="test1" time="2.830" classname="samplePackage.SampleTest"/>
  <testcase name="test1" time="3.125" classname="samplePackage.SampleTest"/>
  <testcase name="test1" time="3.063" classname="samplePackage.SampleTest"/>
  <testcase name="test1" time="0.000" classname="samplePackage.SampleTest"/>
  <testcase name="test1" time="4.031" classname="samplePackage.SampleTest"/>
  <testcase name="test1" time="2.766" classname="samplePackage.SampleTest"/>
  <testcase name="test1" time="0.000" classname="samplePackage.SampleTest"/>
  <testcase name="test1" time="2.719" classname="samplePackage.SampleTest"/>
  <testcase name="test1" time="3.203" classname="samplePackage.SampleTest"/>
  <testcase name="test1" time="3.094" classname="samplePackage.SampleTest"/>
  <testcase name="test1" time="0.000" classname="samplePackage.SampleTest"/>
  <testcase name="test1" time="2.734" classname="samplePackage.SampleTest"/>
  <testcase name="test1" time="3.687" classname="samplePackage.SampleTest"/>
  <testcase name="test1" time="3.425" classname="samplePackage.SampleTest"/>
  <testcase name="test1" time="4.657" classname="samplePackage.SampleTest"/>
  <testcase name="test1" time="0.000" classname="samplePackage.SampleTest"/>
  <testcase name="test1" time="3.469" classname="samplePackage.SampleTest"/>
  <testcase name="test1" time="4.203" classname="samplePackage.SampleTest"/>
  <testcase name="test1" time="2.672" classname="samplePackage.SampleTest"/>
  <testcase name="test1" time="3.344" classname="samplePackage.SampleTest"/>
  <testcase name="test1" time="2.844" classname="samplePackage.SampleTest"/>
  <testcase name="test1" time="3.034" classname="samplePackage.SampleTest"/>
  <testcase name="test1" time="2.734" classname="samplePackage.SampleTest"/>
  <testcase name="test1" time="3.922" classname="samplePackage.SampleTest"/>
  <testcase name="test1" time="0.000" classname="samplePackage.SampleTest"/>
  <testcase name="test1" time="2.750" classname="samplePackage.SampleTest"/>
  <testcase name="test1" time="2.875" classname="samplePackage.SampleTest"/>
  <testcase name="test1" time="4.081" classname="samplePackage.SampleTest"/>
  <testcase name="test1" time="0.000" classname="samplePackage.SampleTest"/>
  <testcase name="test1" time="3.563" classname="samplePackage.SampleTest"/>
  <testcase name="test1" time="0.000" classname="samplePackage.SampleTest"/>
  <testcase name="test1" time="2.766" classname="samplePackage.SampleTest"/>
  <testcase name="test1" time="3.516" classname="samplePackage.SampleTest"/>
  <testcase name="test1" time="3.555" classname="samplePackage.SampleTest"/>
  <testcase name="test1" time="0.016" classname="samplePackage.SampleTest"/>
  <testcase name="test1" time="3.188" classname="samplePackage.SampleTest"/>
  <testcase name="test1" time="0.000" classname="samplePackage.SampleTest"/>
  <testcase name="test1" time="3.172" classname="samplePackage.SampleTest"/>
  <testcase name="test1" time="0.015" classname="samplePackage.SampleTest"/>
  <testcase name="test1" time="2.766" classname="samplePackage.SampleTest"/>
  <testcase name="test1" time="0.000" classname="samplePackage.SampleTest"/>
  <testcase name="test1" time="0.000" classname="samplePackage.SampleTest"/>
  <testcase name="test1" time="2.750" classname="samplePackage.SampleTest"/>
  <testcase name="test1" time="3.078" classname="samplePackage.SampleTest"/>
  <testcase name="test1" time="0.000" classname="samplePackage.SampleTest"/>
  <testcase name="test1" time="0.000" classname="samplePackage.SampleTest"/>
  <testcase name="test1" time="0.000" classname="samplePackage.SampleTest"/>
  <testcase name="test1" time="0.000" classname="samplePackage.SampleTest"/>
  <testcase name="test1" time="0.000" classname="samplePackage.SampleTest"/>
  <testcase name="test1" time="0.000" classname="samplePackage.SampleTest"/>
  <testcase name="test1" time="4.638" classname="samplePackage.SampleTest"/>
  <testcase name="test1" time="3.375" classname="samplePackage.SampleTest"/>
  <testcase name="test1" time="3.297" classname="samplePackage.SampleTest"/>
  <testcase name="test1" time="2.828" classname="samplePackage.SampleTest"/>
  <testcase name="test1" time="2.735" classname="samplePackage.SampleTest"/>
  <testcase name="test1" time="3.782" classname="samplePackage.SampleTest"/>
  <testcase name="test1" time="2.484" classname="samplePackage.SampleTest"/>
  <testcase name="test1" time="2.751" classname="samplePackage.SampleTest"/>
  <testcase name="test1" time="3.281" classname="samplePackage.SampleTest"/>
  <testcase name="test1" time="0.015" classname="samplePackage.SampleTest"/>
  <testcase name="test1" time="0.015" classname="samplePackage.SampleTest"/>
  <testcase name="test1" time="2.735" classname="samplePackage.SampleTest"/>
  <testcase name="test1" time="2.735" classname="samplePackage.SampleTest"/>
  <testcase name="test1" time="4.110" classname="samplePackage.SampleTest"/>
  <testcase name="test1" time="0.000" classname="samplePackage.SampleTest"/>
  <testcase name="test1" time="3.344" classname="samplePackage.SampleTest"/>
  <testcase name="test1" time="3.984" classname="samplePackage.SampleTest"/>
  <testcase name="test1" time="2.953" classname="samplePackage.SampleTest"/>
  <testcase name="test1" time="0.000" classname="samplePackage.SampleTest"/>
  <testcase name="test1" time="2.845" classname="samplePackage.SampleTest"/>
  <testcase name="test1" time="2.718" classname="samplePackage.SampleTest"/>
  <testcase name="test1" time="0.000" classname="samplePackage.SampleTest"/>
  <testcase name="test1" time="4.430" classname="samplePackage.SampleTest"/>
  <testcase name="test1" time="0.000" classname="samplePackage.SampleTest"/>
  <testcase name="test1" time="0.000" classname="samplePackage.SampleTest"/>
  <testcase name="test1" time="3.094" classname="samplePackage.SampleTest"/>
  <testcase name="test1" time="0.000" classname="samplePackage.SampleTest"/>
  <testcase name="test1" time="0.000" classname="samplePackage.SampleTest"/>
  <testcase name="test1" time="0.000" classname="samplePackage.SampleTest"/>
  <testcase name="test1" time="0.000" classname="samplePackage.SampleTest"/>
  <testcase name="test1" time="3.406" classname="samplePackage.SampleTest"/>
  <testcase name="test1" time="0.016" classname="samplePackage.SampleTest"/>
  <testcase name="test1" time="3.344" classname="samplePackage.SampleTest"/>
  <testcase name="test1" time="3.039" classname="samplePackage.SampleTest"/>
  <testcase name="test1" time="3.000" classname="samplePackage.SampleTest"/>
  <testcase name="test1" time="2.845" classname="samplePackage.SampleTest"/>
  <testcase name="test1" time="3.863" classname="samplePackage.SampleTest"/>
  <testcase name="test1" time="18.673" classname="samplePackage.SampleTest"/>
  <testcase name="test1" time="8.703" classname="samplePackage.SampleTest"/>
  <testcase name="test1" time="2.922" classname="samplePackage.SampleTest"/>
  <testcase name="test1" time="11.970" classname="samplePackage.SampleTest"/>
  <testcase name="test1" time="3.365" classname="samplePackage.SampleTest"/>
  <testcase name="test1" time="3.047" classname="samplePackage.SampleTest"/>
  <testcase name="test1" time="3.368" classname="samplePackage.SampleTest"/>
  <testcase name="test1" time="0.000" classname="samplePackage.SampleTest"/>
  <testcase name="test1" time="6.032" classname="samplePackage.SampleTest"/>
  <testcase name="test1" time="3.125" classname="samplePackage.SampleTest"/>
  <testcase name="test1" time="2.781" classname="samplePackage.SampleTest"/>
  <testcase name="test1" time="4.643" classname="samplePackage.SampleTest"/>
  <testcase name="test1" time="4.138" classname="samplePackage.SampleTest"/>
  <testcase name="test1" time="8.157" classname="samplePackage.SampleTest"/>
  <testcase name="test1" time="2.703" classname="samplePackage.SampleTest"/>
  <testcase name="test1" time="3.516" classname="samplePackage.SampleTest"/>
  <testcase name="test1" time="0.000" classname="samplePackage.SampleTest"/>
  <testcase name="test1" time="2.906" classname="samplePackage.SampleTest"/>
  <testcase name="test1" time="0.000" classname="samplePackage.SampleTest"/>
  <testcase name="test1" time="0.000" classname="samplePackage.SampleTest"/>
  <testcase name="test1" time="4.194" classname="samplePackage.SampleTest"/>
  <testcase name="test1" time="2.813" classname="samplePackage.SampleTest"/>
  <testcase name="test1" time="5.485" classname="samplePackage.SampleTest"/>
  <testcase name="test1" time="3.000" classname="samplePackage.SampleTest"/>
  <testcase name="test1" time="0.141" classname="samplePackage.SampleTest"/>
  <testcase name="test1" time="3.479" classname="samplePackage.SampleTest"/>
  <testcase name="test1" time="6.407" classname="samplePackage.SampleTest"/>
  <testcase name="test1" time="2.711" classname="samplePackage.SampleTest"/>
  <testcase name="test1" time="3.656" classname="samplePackage.SampleTest"/>
  <testcase name="test1" time="3.413" classname="samplePackage.SampleTest"/>
  <testcase name="test1" time="2.704" classname="samplePackage.SampleTest"/>
  <testcase name="test1" time="0.000" classname="samplePackage.SampleTest"/>
  <testcase name="test1" time="3.719" classname="samplePackage.SampleTest"/>
  <testcase name="test1" time="4.033" classname="samplePackage.SampleTest"/>
  <testcase name="test1" time="2.734" classname="samplePackage.SampleTest"/>
  <testcase name="test1" time="2.734" classname="samplePackage.SampleTest"/>
  <testcase name="test1" time="0.000" classname="samplePackage.SampleTest"/>
  <testcase name="test1" time="0.000" classname="samplePackage.SampleTest"/>
  <testcase name="test1" time="2.734" classname="samplePackage.SampleTest"/>
  <testcase name="test1" time="0.000" classname="samplePackage.SampleTest"/>
  <testcase name="test1" time="3.219" classname="samplePackage.SampleTest"/>
  <testcase name="test1" time="3.953" classname="samplePackage.SampleTest"/>
  <testcase name="test1" time="2.813" classname="samplePackage.SampleTest"/>
  <testcase name="test1" time="3.594" classname="samplePackage.SampleTest"/>
  <testcase name="test1" time="2.891" classname="samplePackage.SampleTest"/>
  <testcase name="test1" time="0.000" classname="samplePackage.SampleTest"/>
  <testcase name="test1" time="0.000" classname="samplePackage.SampleTest"/>
  <testcase name="test1" time="3.454" classname="samplePackage.SampleTest"/>
  <testcase name="test1" time="0.000" classname="samplePackage.SampleTest"/>
  <testcase name="test1" time="3.141" classname="samplePackage.SampleTest"/>
  <testcase name="test1" time="3.829" classname="samplePackage.SampleTest"/>
  <testcase name="test1" time="3.465" classname="samplePackage.SampleTest"/>
  <testcase name="test1" time="0.015" classname="samplePackage.SampleTest"/>
  <testcase name="test1" time="3.766" classname="samplePackage.SampleTest"/>
  <testcase name="test1" time="0.016" classname="samplePackage.SampleTest"/>
  <testcase name="test1" time="0.016" classname="samplePackage.SampleTest"/>
  <testcase name="test1" time="3.891" classname="samplePackage.SampleTest"/>
  <testcase name="test1" time="2.907" classname="samplePackage.SampleTest"/>
  <testcase name="test1" time="3.045" classname="samplePackage.SampleTest"/>
  <testcase name="test1" time="3.235" classname="samplePackage.SampleTest"/>
  <testcase name="test1" time="3.586" classname="samplePackage.SampleTest"/>
  <testcase name="test1" time="2.766" classname="samplePackage.SampleTest"/>
  <testcase name="test1" time="3.918" classname="samplePackage.SampleTest"/>
  <testcase name="test1" time="2.812" classname="samplePackage.SampleTest"/>
  <testcase name="test1" time="3.373" classname="samplePackage.SampleTest"/>
  <testcase name="test1" time="4.166" classname="samplePackage.SampleTest"/>
  <testcase name="test1" time="3.240" classname="samplePackage.SampleTest"/>
  <testcase name="test1" time="2.832" classname="samplePackage.SampleTest"/>
  <testcase name="test1" time="2.849" classname="samplePackage.SampleTest"/>
  <testcase name="test1" time="3.046" classname="samplePackage.SampleTest"/>
  <testcase name="test1" time="3.094" classname="samplePackage.SampleTest"/>
  <testcase name="test1" time="2.750" classname="samplePackage.SampleTest"/>
  <testcase name="test1" time="2.844" classname="samplePackage.SampleTest"/>
  <testcase name="test1" time="3.438" classname="samplePackage.SampleTest"/>
  <testcase name="test1" time="2.911" classname="samplePackage.SampleTest"/>
  <testcase name="test1" time="2.735" classname="samplePackage.SampleTest"/>
  <testcase name="test1" time="0.000" classname="samplePackage.SampleTest"/>
  <testcase name="test1" time="3.782" classname="samplePackage.SampleTest"/>
  <testcase name="test1" time="3.779" classname="samplePackage.SampleTest"/>
  <testcase name="test1" time="3.250" classname="samplePackage.SampleTest"/>
  <testcase name="test1" time="2.704" classname="samplePackage.SampleTest"/>
  <testcase name="test1" time="2.970" classname="samplePackage.SampleTest"/>
  <testcase name="test1" time="3.629" classname="samplePackage.SampleTest"/>
  <testcase name="test1" time="2.936" classname="samplePackage.SampleTest"/>
  <testcase name="test1" time="3.332" classname="samplePackage.SampleTest"/>
  <testcase name="test1" time="2.824" classname="samplePackage.SampleTest"/>
  <testcase name="test1" time="0.000" classname="samplePackage.SampleTest"/>
  <testcase name="test1" time="0.000" classname="samplePackage.SampleTest"/>
  <testcase name="test1" time="0.000" classname="samplePackage.SampleTest"/>
  <testcase name="test1" time="0.000" classname="samplePackage.SampleTest"/>
  <testcase name="test1" time="0.000" classname="samplePackage.SampleTest"/>
  <testcase name="test1" time="3.188" classname="samplePackage.SampleTest"/>
  <testcase name="test1" time="2.875" classname="samplePackage.SampleTest"/>
  <testcase name="test1" time="0.015" classname="samplePackage.SampleTest"/>
  <testcase name="test1" time="0.000" classname="samplePackage.SampleTest"/>
  <testcase name="test1" time="3.922" classname="samplePackage.SampleTest"/>
  <testcase name="test1" time="3.422" classname="samplePackage.SampleTest"/>
  <testcase name="test1" time="2.828" classname="samplePackage.SampleTest"/>
  <testcase name="test1" time="2.843" classname="samplePackage.SampleTest"/>
  <testcase name="test1" time="3.125" classname="samplePackage.SampleTest"/>
  <testcase name="test1" time="0.000" classname="samplePackage.SampleTest"/>
  <testcase name="test1" time="0.000" classname="samplePackage.SampleTest"/>
  <testcase name="test1" time="3.359" classname="samplePackage.SampleTest"/>
  <testcase name="test1" time="0.016" classname="samplePackage.SampleTest"/>
  <testcase name="test1" time="0.000" classname="samplePackage.SampleTest"/>
  <testcase name="test1" time="0.000" classname="samplePackage.SampleTest"/>
  <testcase name="test1" time="0.000" classname="samplePackage.SampleTest"/>
  <testcase name="test1" time="3.234" classname="samplePackage.SampleTest"/>
  <testcase name="test1" time="2.750" classname="samplePackage.SampleTest"/>
  <testcase name="test1" time="3.297" classname="samplePackage.SampleTest"/>
  <testcase name="test1" time="2.734" classname="samplePackage.SampleTest"/>
  <testcase name="test1" time="4.656" classname="samplePackage.SampleTest"/>
  <testcase name="test1" time="2.938" classname="samplePackage.SampleTest"/>
  <testcase name="test1" time="3.829" classname="samplePackage.SampleTest"/>
  <testcase name="test1" time="2.750" classname="samplePackage.SampleTest"/>
  <testcase name="test1" time="3.172" classname="samplePackage.SampleTest"/>
  <testcase name="test1" time="3.098" classname="samplePackage.SampleTest"/>
  <testcase name="test1" time="2.750" classname="samplePackage.SampleTest"/>
  <testcase name="test1" time="0.000" classname="samplePackage.SampleTest"/>
  <testcase name="test1" time="4.978" classname="samplePackage.SampleTest"/>
  <testcase name="test1" time="0.000" classname="samplePackage.SampleTest"/>
  <testcase name="test1" time="2.779" classname="samplePackage.SampleTest"/>
  <testcase name="test1" time="0.000" classname="samplePackage.SampleTest"/>
  <testcase name="test1" time="2.797" classname="samplePackage.SampleTest"/>
  <testcase name="test1" time="0.016" classname="samplePackage.SampleTest"/>
  <testcase name="test1" time="2.844" classname="samplePackage.SampleTest"/>
  <testcase name="test1" time="4.756" classname="samplePackage.SampleTest"/>
  <testcase name="test1" time="2.875" classname="samplePackage.SampleTest"/>
  <testcase name="test1" time="2.828" classname="samplePackage.SampleTest"/>
  <testcase name="test1" time="0.000" classname="samplePackage.SampleTest"/>
  <testcase name="test1" time="3.906" classname="samplePackage.SampleTest"/>
  <testcase name="test1" time="0.000" classname="samplePackage.SampleTest"/>
  <testcase name="test1" time="0.000" classname="samplePackage.SampleTest"/>
  <testcase name="test1" time="3.906" classname="samplePackage.SampleTest"/>
  <testcase name="test1" time="2.735" classname="samplePackage.SampleTest"/>
  <testcase name="test1" time="0.016" classname="samplePackage.SampleTest"/>
  <testcase name="test1" time="2.688" classname="samplePackage.SampleTest"/>
  <testcase name="test1" time="2.704" classname="samplePackage.SampleTest"/>
  <testcase name="test1" time="2.791" classname="samplePackage.SampleTest"/>
  <testcase name="test1" time="3.453" classname="samplePackage.SampleTest"/>
  <testcase name="test1" time="3.284" classname="samplePackage.SampleTest"/>
  <testcase name="test1" time="3.750" classname="samplePackage.SampleTest"/>
  <testcase name="test1" time="2.578" classname="samplePackage.SampleTest"/>
  <testcase name="test1" time="2.829" classname="samplePackage.SampleTest"/>
  <testcase name="test1" time="4.063" classname="samplePackage.SampleTest"/>
  <testcase name="test1" time="3.687" classname="samplePackage.SampleTest"/>
  <testcase name="test1" time="3.250" classname="samplePackage.SampleTest"/>
  <testcase name="test1" time="2.781" classname="samplePackage.SampleTest"/>
  <testcase name="test1" time="2.807" classname="samplePackage.SampleTest"/>
  <testcase name="test1" time="2.782" classname="samplePackage.SampleTest"/>
  <testcase name="test1" time="0.000" classname="samplePackage.SampleTest"/>
  <testcase name="test1" time="2.980" classname="samplePackage.SampleTest"/>
  <testcase name="test1" time="2.953" classname="samplePackage.SampleTest"/>
  <testcase name="test1" time="4.640" classname="samplePackage.SampleTest"/>
  <testcase name="test1" time="4.604" classname="samplePackage.SampleTest"/>
  <testcase name="test1" time="3.000" classname="samplePackage.SampleTest"/>
  <testcase name="test1" time="0.000" classname="samplePackage.SampleTest"/>
  <testcase name="test1" time="3.826" classname="samplePackage.SampleTest"/>
  <testcase name="test1" time="4.512" classname="samplePackage.SampleTest"/>
  <testcase name="test1" time="0.016" classname="samplePackage.SampleTest"/>
  <testcase name="test1" time="3.074" classname="samplePackage.SampleTest"/>
  <testcase name="test1" time="3.732" classname="samplePackage.SampleTest"/>
  <testcase name="test1" time="3.516" classname="samplePackage.SampleTest"/>
  <testcase name="test1" time="2.687" classname="samplePackage.SampleTest"/>
  <testcase name="test1" time="2.866" classname="samplePackage.SampleTest"/>
  <testcase name="test1" time="0.000" classname="samplePackage.SampleTest"/>
  <testcase name="test1" time="0.016" classname="samplePackage.SampleTest"/>
  <testcase name="test1" time="3.955" classname="samplePackage.SampleTest"/>
  <testcase name="test1" time="2.985" classname="samplePackage.SampleTest"/>
  <testcase name="test1" time="0.000" classname="samplePackage.SampleTest"/>
  <testcase name="test1" time="3.266" classname="samplePackage.SampleTest"/>
  <testcase name="test1" time="3.219" classname="samplePackage.SampleTest"/>
  <testcase name="test1" time="4.297" classname="samplePackage.SampleTest"/>
  <testcase name="test1" time="2.906" classname="samplePackage.SampleTest"/>
  <testcase name="test1" time="3.578" classname="samplePackage.SampleTest"/>
  <testcase name="test1" time="0.000" classname="samplePackage.SampleTest"/>
  <testcase name="test1" time="2.876" classname="samplePackage.SampleTest"/>
  <testcase name="test1" time="3.078" classname="samplePackage.SampleTest"/>
  <testcase name="test1" time="0.000" classname="samplePackage.SampleTest"/>
  <testcase name="test1" time="0.000" classname="samplePackage.SampleTest"/>
  <testcase name="test1" time="0.000" classname="samplePackage.SampleTest"/>
  <testcase name="test1" time="0.016" classname="samplePackage.SampleTest"/>
  <testcase name="test1" time="2.735" classname="samplePackage.SampleTest"/>
  <testcase name="test1" time="3.063" classname="samplePackage.SampleTest"/>
  <testcase name="test1" time="0.000" classname="samplePackage.SampleTest"/>
  <testcase name="test1" time="2.781" classname="samplePackage.SampleTest"/>
  <testcase name="test1" time="4.063" classname="samplePackage.SampleTest"/>
  <testcase name="test1" time="3.953" classname="samplePackage.SampleTest"/>
  <testcase name="test1" time="3.203" classname="samplePackage.SampleTest"/>
  <testcase name="test1" time="0.000" classname="samplePackage.SampleTest"/>
  <testcase name="test1" time="0.016" classname="samplePackage.SampleTest"/>
  <testcase name="test1" time="2.735" classname="samplePackage.SampleTest"/>
  <testcase name="test1" time="2.750" classname="samplePackage.SampleTest"/>
  <testcase name="test1" time="2.719" classname="samplePackage.SampleTest"/>
  <testcase name="test1" time="0.000" classname="samplePackage.SampleTest"/>
  <testcase name="test1" time="4.375" classname="samplePackage.SampleTest"/>
  <testcase name="test1" time="3.072" classname="samplePackage.SampleTest"/>
  <testcase name="test1" time="2.734" classname="samplePackage.SampleTest"/>
  <testcase name="test1" time="3.141" classname="samplePackage.SampleTest"/>
  <testcase name="test1" time="2.922" classname="samplePackage.SampleTest"/>
  <testcase name="test1" time="4.340" classname="samplePackage.SampleTest"/>
  <testcase name="test1" time="0.000" classname="samplePackage.SampleTest"/>
  <testcase name="test1" time="0.000" classname="samplePackage.SampleTest"/>
  <testcase name="test1" time="2.954" classname="samplePackage.SampleTest"/>
  <testcase name="test1" time="3.922" classname="samplePackage.SampleTest"/>
  <testcase name="test1" time="2.813" classname="samplePackage.SampleTest"/>
  <testcase name="test1" time="2.719" classname="samplePackage.SampleTest"/>
  <testcase name="test1" time="2.719" classname="samplePackage.SampleTest"/>
  <testcase name="test1" time="2.953" classname="samplePackage.SampleTest"/>
  <testcase name="test1" time="2.833" classname="samplePackage.SampleTest"/>
  <testcase name="test1" time="12.219" classname="samplePackage.SampleTest"/>
  <testcase name="test1" time="2.735" classname="samplePackage.SampleTest"/>
  <testcase name="test1" time="2.875" classname="samplePackage.SampleTest"/>
  <testcase name="test1" time="3.922" classname="samplePackage.SampleTest"/>
  <testcase name="test1" time="2.864" classname="samplePackage.SampleTest"/>
  <testcase name="test1" time="3.766" classname="samplePackage.SampleTest"/>
  <testcase name="test1" time="0.015" classname="samplePackage.SampleTest"/>
  <testcase name="test1" time="3.187" classname="samplePackage.SampleTest"/>
  <testcase name="test1" time="4.286" classname="samplePackage.SampleTest"/>
  <testcase name="test1" time="0.000" classname="samplePackage.SampleTest"/>
  <testcase name="test1" time="2.610" classname="samplePackage.SampleTest"/>
  <testcase name="test1" time="0.000" classname="samplePackage.SampleTest"/>
  <testcase name="test1" time="0.000" classname="samplePackage.SampleTest"/>
  <testcase name="test1" time="0.000" classname="samplePackage.SampleTest"/>
  <testcase name="test1" time="4.256" classname="samplePackage.SampleTest"/>
  <testcase name="test1" time="4.125" classname="samplePackage.SampleTest"/>
  <testcase name="test1" time="0.000" classname="samplePackage.SampleTest"/>
  <testcase name="test1" time="0.016" classname="samplePackage.SampleTest"/>
  <testcase name="test1" time="2.906" classname="samplePackage.SampleTest"/>
  <testcase name="test1" time="0.000" classname="samplePackage.SampleTest"/>
  <testcase name="test1" time="3.297" classname="samplePackage.SampleTest"/>
  <testcase name="test1" time="2.484" classname="samplePackage.SampleTest"/>
  <testcase name="test1" time="2.797" classname="samplePackage.SampleTest"/>
  <testcase name="test1" time="2.969" classname="samplePackage.SampleTest"/>
  <testcase name="test1" time="3.375" classname="samplePackage.SampleTest"/>
  <testcase name="test1" time="0.000" classname="samplePackage.SampleTest"/>
  <testcase name="test1" time="3.265" classname="samplePackage.SampleTest"/>
  <testcase name="test1" time="3.344" classname="samplePackage.SampleTest"/>
  <testcase name="test1" time="3.141" classname="samplePackage.SampleTest"/>
  <testcase name="test1" time="3.734" classname="samplePackage.SampleTest"/>
  <testcase name="test1" time="2.797" classname="samplePackage.SampleTest"/>
  <testcase name="test1" time="4.765" classname="samplePackage.SampleTest"/>
  <testcase name="test1" time="3.593" classname="samplePackage.SampleTest"/>
  <testcase name="test1" time="3.904" classname="samplePackage.SampleTest"/>
  <testcase name="test1" time="4.203" classname="samplePackage.SampleTest"/>
  <testcase name="test1" time="3.453" classname="samplePackage.SampleTest"/>
  <testcase name="test1" time="0.000" classname="samplePackage.SampleTest"/>
  <testcase name="test1" time="0.016" classname="samplePackage.SampleTest"/>
  <testcase name="test1" time="3.253" classname="samplePackage.SampleTest"/>
  <testcase name="test1" time="2.735" classname="samplePackage.SampleTest"/>
  <testcase name="test1" time="3.016" classname="samplePackage.SampleTest"/>
  <testcase name="test1" time="3.750" classname="samplePackage.SampleTest"/>
  <testcase name="test1" time="0.000" classname="samplePackage.SampleTest"/>
  <testcase name="test1" time="7.735" classname="samplePackage.SampleTest"/>
  <testcase name="test1" time="4.625" classname="samplePackage.SampleTest"/>
  <testcase name="test1" time="4.594" classname="samplePackage.SampleTest"/>
  <testcase name="test1" time="0.000" classname="samplePackage.SampleTest"/>
  <testcase name="test1" time="2.718" classname="samplePackage.SampleTest"/>
  <testcase name="test1" time="4.329" classname="samplePackage.SampleTest"/>
  <testcase name="test1" time="0.000" classname="samplePackage.SampleTest"/>
  <testcase name="test1" time="3.203" classname="samplePackage.SampleTest"/>
  <testcase name="test1" time="0.000" classname="samplePackage.SampleTest"/>
  <testcase name="test1" time="6.500" classname="samplePackage.SampleTest"/>
  <testcase name="test1" time="0.015" classname="samplePackage.SampleTest"/>
  <testcase name="test1" time="8.579" classname="samplePackage.SampleTest"/>
  <testcase name="test1" time="2.989" classname="samplePackage.SampleTest"/>
  <testcase name="test1" time="2.835" classname="samplePackage.SampleTest"/>
  <testcase name="test1" time="3.064" classname="samplePackage.SampleTest"/>
  <testcase name="test1" time="3.633" classname="samplePackage.SampleTest"/>
  <testcase name="test1" time="2.953" classname="samplePackage.SampleTest"/>
  <testcase name="test1" time="2.891" classname="samplePackage.SampleTest"/>
  <testcase name="test1" time="0.000" classname="samplePackage.SampleTest"/>
  <testcase name="test1" time="3.547" classname="samplePackage.SampleTest"/>
  <testcase name="test1" time="3.440" classname="samplePackage.SampleTest"/>
  <testcase name="test1" time="2.750" classname="samplePackage.SampleTest"/>
  <testcase name="test1" time="2.844" classname="samplePackage.SampleTest"/>
  <testcase name="test1" time="2.999" classname="samplePackage.SampleTest"/>
  <testcase name="test1" time="0.000" classname="samplePackage.SampleTest"/>
  <testcase name="test1" time="0.000" classname="samplePackage.SampleTest"/>
  <testcase name="test1" time="3.563" classname="samplePackage.SampleTest"/>
  <testcase name="test1" time="3.125" classname="samplePackage.SampleTest"/>
  <testcase name="test1" time="2.896" classname="samplePackage.SampleTest"/>
  <testcase name="test1" time="2.828" classname="samplePackage.SampleTest"/>
  <testcase name="test1" time="0.000" classname="samplePackage.SampleTest"/>
  <testcase name="test1" time="0.000" classname="samplePackage.SampleTest"/>
  <testcase name="test1" time="3.438" classname="samplePackage.SampleTest"/>
  <testcase name="test1" time="2.828" classname="samplePackage.SampleTest"/>
  <testcase name="test1" time="3.812" classname="samplePackage.SampleTest"/>
  <testcase name="test1" time="0.000" classname="samplePackage.SampleTest"/>
  <testcase name="test1" time="2.719" classname="samplePackage.SampleTest"/>
  <testcase name="test1" time="4.520" classname="samplePackage.SampleTest"/>
  <testcase name="test1" time="2.719" classname="samplePackage.SampleTest"/>
  <testcase name="test1" time="0.000" classname="samplePackage.SampleTest"/>
  <testcase name="test1" time="2.813" classname="samplePackage.SampleTest"/>
  <testcase name="test1" time="5.156" classname="samplePackage.SampleTest"/>
  <testcase name="test1" time="0.000" classname="samplePackage.SampleTest"/>
  <testcase name="test1" time="3.578" classname="samplePackage.SampleTest"/>
  <testcase name="test1" time="0.016" classname="samplePackage.SampleTest"/>
  <testcase name="test1" time="0.000" classname="samplePackage.SampleTest"/>
  <testcase name="test1" time="3.218" classname="samplePackage.SampleTest"/>
  <testcase name="test1" time="2.750" classname="samplePackage.SampleTest"/>
  <testcase name="test1" time="3.141" classname="samplePackage.SampleTest"/>
  <testcase name="test1" time="2.919" classname="samplePackage.SampleTest"/>
  <testcase name="test1" time="2.906" classname="samplePackage.SampleTest"/>
  <testcase name="test1" time="0.000" classname="samplePackage.SampleTest"/>
  <testcase name="test1" time="0.000" classname="samplePackage.SampleTest"/>
  <testcase name="test1" time="0.016" classname="samplePackage.SampleTest"/>
  <testcase name="test1" time="0.015" classname="samplePackage.SampleTest"/>
  <testcase name="test1" time="2.985" classname="samplePackage.SampleTest"/>
  <testcase name="test1" time="3.782" classname="samplePackage.SampleTest"/>
  <testcase name="test1" time="3.126" classname="samplePackage.SampleTest"/>
  <testcase name="test1" time="0.000" classname="samplePackage.SampleTest"/>
  <testcase name="test1" time="3.344" classname="samplePackage.SampleTest"/>
  <testcase name="test1" time="3.094" classname="samplePackage.SampleTest"/>
  <testcase name="test1" time="2.844" classname="samplePackage.SampleTest"/>
  <testcase name="test1" time="3.313" classname="samplePackage.SampleTest"/>
  <testcase name="test1" time="2.734" classname="samplePackage.SampleTest"/>
  <testcase name="test1" time="2.850" classname="samplePackage.SampleTest"/>
  <testcase name="test1" time="0.000" classname="samplePackage.SampleTest"/>
  <testcase name="test1" time="0.000" classname="samplePackage.SampleTest"/>
  <testcase name="test1" time="0.110" classname="samplePackage.SampleTest"/>
  <testcase name="test1" time="3.217" classname="samplePackage.SampleTest"/>
  <testcase name="test1" time="2.766" classname="samplePackage.SampleTest"/>
  <testcase name="test1" time="0.000" classname="samplePackage.SampleTest"/>
  <testcase name="test1" time="2.734" classname="samplePackage.SampleTest"/>
  <testcase name="test1" time="2.938" classname="samplePackage.SampleTest"/>
  <testcase name="test1" time="0.016" classname="samplePackage.SampleTest"/>
  <testcase name="test1" time="5.844" classname="samplePackage.SampleTest"/>
  <testcase name="test1" time="2.782" classname="samplePackage.SampleTest"/>
  <testcase name="test1" time="3.000" classname="samplePackage.SampleTest"/>
  <testcase name="test1" time="13.126" classname="samplePackage.SampleTest"/>
  <testcase name="test1" time="0.000" classname="samplePackage.SampleTest"/>
  <testcase name="test1" time="4.487" classname="samplePackage.SampleTest"/>
  <testcase name="test1" time="2.985" classname="samplePackage.SampleTest"/>
  <testcase name="test1" time="2.859" classname="samplePackage.SampleTest"/>
  <testcase name="test1" time="2.672" classname="samplePackage.SampleTest"/>
  <testcase name="test1" time="3.266" classname="samplePackage.SampleTest"/>
  <testcase name="test1" time="3.266" classname="samplePackage.SampleTest"/>
  <testcase name="test1" time="3.194" classname="samplePackage.SampleTest"/>
  <testcase name="test1" time="2.750" classname="samplePackage.SampleTest"/>
  <testcase name="test1" time="3.141" classname="samplePackage.SampleTest"/>
  <testcase name="test1" time="2.766" classname="samplePackage.SampleTest"/>
  <testcase name="test1" time="3.641" classname="samplePackage.SampleTest"/>
  <testcase name="test1" time="0.016" classname="samplePackage.SampleTest"/>
  <testcase name="test1" time="0.000" classname="samplePackage.SampleTest"/>
  <testcase name="test1" time="3.141" classname="samplePackage.SampleTest"/>
  <testcase name="test1" time="2.734" classname="samplePackage.SampleTest"/>
  <testcase name="test1" time="3.797" classname="samplePackage.SampleTest"/>
  <testcase name="test1" time="4.266" classname="samplePackage.SampleTest"/>
  <testcase name="test1" time="0.062" classname="samplePackage.SampleTest"/>
  <testcase name="test1" time="4.364" classname="samplePackage.SampleTest"/>
  <testcase name="test1" time="0.000" classname="samplePackage.SampleTest"/>
  <testcase name="test1" time="0.000" classname="samplePackage.SampleTest"/>
  <testcase name="test1" time="0.015" classname="samplePackage.SampleTest"/>
  <testcase name="test1" time="0.000" classname="samplePackage.SampleTest"/>
  <testcase name="test1" time="0.000" classname="samplePackage.SampleTest"/>
  <testcase name="test1" time="3.157" classname="samplePackage.SampleTest"/>
  <testcase name="test1" time="4.719" classname="samplePackage.SampleTest"/>
  <testcase name="test1" time="3.094" classname="samplePackage.SampleTest"/>
  <testcase name="test1" time="0.000" classname="samplePackage.SampleTest"/>
  <testcase name="test1" time="3.047" classname="samplePackage.SampleTest"/>
  <testcase name="test1" time="0.000" classname="samplePackage.SampleTest"/>
  <testcase name="test1" time="3.735" classname="samplePackage.SampleTest"/>
  <testcase name="test1" time="5.297" classname="samplePackage.SampleTest"/>
  <testcase name="test1" time="0.000" classname="samplePackage.SampleTest"/>
  <testcase name="test1" time="3.297" classname="samplePackage.SampleTest"/>
  <testcase name="test1" time="4.297" classname="samplePackage.SampleTest"/>
  <testcase name="test1" time="0.000" classname="samplePackage.SampleTest"/>
  <testcase name="test1" time="0.015" classname="samplePackage.SampleTest"/>
  <testcase name="test1" time="2.703" classname="samplePackage.SampleTest"/>
  <testcase name="test1" time="2.875" classname="samplePackage.SampleTest"/>
  <testcase name="test1" time="2.958" classname="samplePackage.SampleTest"/>
  <testcase name="test1" time="3.125" classname="samplePackage.SampleTest"/>
  <testcase name="test1" time="2.906" classname="samplePackage.SampleTest"/>
  <testcase name="test1" time="4.724" classname="samplePackage.SampleTest"/>
  <testcase name="test1" time="0.016" classname="samplePackage.SampleTest"/>
  <testcase name="test1" time="0.000" classname="samplePackage.SampleTest"/>
  <testcase name="test1" time="0.000" classname="samplePackage.SampleTest"/>
  <testcase name="test1" time="0.000" classname="samplePackage.SampleTest"/>
  <testcase name="test1" time="0.000" classname="samplePackage.SampleTest"/>
  <testcase name="test1" time="0.000" classname="samplePackage.SampleTest"/>
  <testcase name="test1" time="3.047" classname="samplePackage.SampleTest"/>
  <testcase name="test1" time="0.000" classname="samplePackage.SampleTest"/>
  <testcase name="test1" time="0.015" classname="samplePackage.SampleTest"/>
  <testcase name="test1" time="4.566" classname="samplePackage.SampleTest"/>
  <testcase name="test1" time="3.075" classname="samplePackage.SampleTest"/>
  <testcase name="test1" time="2.734" classname="samplePackage.SampleTest"/>
  <testcase name="test1" time="3.750" classname="samplePackage.SampleTest"/>
  <testcase name="test1" time="2.875" classname="samplePackage.SampleTest"/>
  <testcase name="test1" time="4.431" classname="samplePackage.SampleTest"/>
  <testcase name="test1" time="5.104" classname="samplePackage.SampleTest"/>
  <testcase name="test1" time="0.000" classname="samplePackage.SampleTest"/>
  <testcase name="test1" time="0.000" classname="samplePackage.SampleTest"/>
  <testcase name="test1" time="0.000" classname="samplePackage.SampleTest"/>
  <testcase name="test1" time="2.828" classname="samplePackage.SampleTest"/>
  <testcase name="test1" time="4.532" classname="samplePackage.SampleTest"/>
  <testcase name="test1" time="3.781" classname="samplePackage.SampleTest"/>
  <testcase name="test1" time="0.016" classname="samplePackage.SampleTest"/>
  <testcase name="test1" time="3.265" classname="samplePackage.SampleTest"/>
  <testcase name="test1" time="3.391" classname="samplePackage.SampleTest"/>
  <testcase name="test1" time="2.931" classname="samplePackage.SampleTest"/>
  <testcase name="test1" time="2.812" classname="samplePackage.SampleTest"/>
  <testcase name="test1" time="0.000" classname="samplePackage.SampleTest"/>
  <testcase name="test1" time="4.031" classname="samplePackage.SampleTest"/>
  <testcase name="test1" time="0.000" classname="samplePackage.SampleTest"/>
  <testcase name="test1" time="3.875" classname="samplePackage.SampleTest"/>
  <testcase name="test1" time="2.667" classname="samplePackage.SampleTest"/>
  <testcase name="test1" time="0.000" classname="samplePackage.SampleTest"/>
  <testcase name="test1" time="2.500" classname="samplePackage.SampleTest"/>
  <testcase name="test1" time="2.750" classname="samplePackage.SampleTest"/>
  <testcase name="test1" time="0.000" classname="samplePackage.SampleTest"/>
  <testcase name="test1" time="2.719" classname="samplePackage.SampleTest"/>
  <testcase name="test1" time="3.579" classname="samplePackage.SampleTest"/>
  <testcase name="test1" time="2.966" classname="samplePackage.SampleTest"/>
  <testcase name="test1" time="3.085" classname="samplePackage.SampleTest"/>
  <testcase name="test1" time="0.015" classname="samplePackage.SampleTest"/>
  <testcase name="test1" time="3.565" classname="samplePackage.SampleTest"/>
  <testcase name="test1" time="3.656" classname="samplePackage.SampleTest"/>
  <testcase name="test1" time="3.299" classname="samplePackage.SampleTest"/>
  <testcase name="test1" time="2.797" classname="samplePackage.SampleTest"/>
  <testcase name="test1" time="3.109" classname="samplePackage.SampleTest"/>
  <testcase name="test1" time="3.235" classname="samplePackage.SampleTest"/>
  <testcase name="test1" time="4.453" classname="samplePackage.SampleTest"/>
  <testcase name="test1" time="3.219" classname="samplePackage.SampleTest"/>
  <testcase name="test1" time="3.188" classname="samplePackage.SampleTest"/>
  <testcase name="test1" time="0.000" classname="samplePackage.SampleTest"/>
  <testcase name="test1" time="0.000" classname="samplePackage.SampleTest"/>
  <testcase name="test1" time="0.000" classname="samplePackage.SampleTest"/>
  <testcase name="test1" time="3.568" classname="samplePackage.SampleTest"/>
  <testcase name="test1" time="4.375" classname="samplePackage.SampleTest"/>
  <testcase name="test1" time="0.000" classname="samplePackage.SampleTest"/>
  <testcase name="test1" time="0.000" classname="samplePackage.SampleTest"/>
  <testcase name="test1" time="2.734" classname="samplePackage.SampleTest"/>
  <testcase name="test1" time="23.891" classname="samplePackage.SampleTest"/>
  <testcase name="test1" time="3.251" classname="samplePackage.SampleTest"/>
  <testcase name="test1" time="0.000" classname="samplePackage.SampleTest"/>
  <testcase name="test1" time="2.812" classname="samplePackage.SampleTest"/>
  <testcase name="test1" time="2.750" classname="samplePackage.SampleTest"/>
  <testcase name="test1" time="0.000" classname="samplePackage.SampleTest"/>
  <testcase name="test1" time="3.000" classname="samplePackage.SampleTest"/>
  <testcase name="test1" time="0.000" classname="samplePackage.SampleTest"/>
  <testcase name="test1" time="0.000" classname="samplePackage.SampleTest"/>
  <testcase name="test1" time="3.360" classname="samplePackage.SampleTest"/>
  <testcase name="test1" time="2.484" classname="samplePackage.SampleTest"/>
  <testcase name="test1" time="0.000" classname="samplePackage.SampleTest"/>
  <testcase name="test1" time="0.000" classname="samplePackage.SampleTest"/>
  <testcase name="test1" time="2.735" classname="samplePackage.SampleTest"/>
  <testcase name="test1" time="0.000" classname="samplePackage.SampleTest"/>
  <testcase name="test1" time="3.422" classname="samplePackage.SampleTest"/>
  <testcase name="test1" time="4.016" classname="samplePackage.SampleTest"/>
  <testcase name="test1" time="3.813" classname="samplePackage.SampleTest"/>
  <testcase name="test1" time="2.781" classname="samplePackage.SampleTest"/>
  <testcase name="test1" time="0.000" classname="samplePackage.SampleTest"/>
  <testcase name="test1" time="2.979" classname="samplePackage.SampleTest"/>
  <testcase name="test1" time="2.735" classname="samplePackage.SampleTest"/>
  <testcase name="test1" time="2.880" classname="samplePackage.SampleTest"/>
  <testcase name="test1" time="0.000" classname="samplePackage.SampleTest"/>
  <testcase name="test1" time="2.766" classname="samplePackage.SampleTest"/>
  <testcase name="test1" time="3.172" classname="samplePackage.SampleTest"/>
  <testcase name="test1" time="2.765" classname="samplePackage.SampleTest"/>
  <testcase name="test1" time="3.563" classname="samplePackage.SampleTest"/>
  <testcase name="test1" time="0.000" classname="samplePackage.SampleTest"/>
  <testcase name="test1" time="2.904" classname="samplePackage.SampleTest"/>
  <testcase name="test1" time="3.391" classname="samplePackage.SampleTest"/>
  <testcase name="test1" time="2.937" classname="samplePackage.SampleTest"/>
  <testcase name="test1" time="0.000" classname="samplePackage.SampleTest"/>
  <testcase name="test1" time="3.672" classname="samplePackage.SampleTest"/>
  <testcase name="test1" time="2.922" classname="samplePackage.SampleTest"/>
  <testcase name="test1" time="0.000" classname="samplePackage.SampleTest"/>
  <testcase name="test1" time="2.832" classname="samplePackage.SampleTest"/>
  <testcase name="test1" time="4.370" classname="samplePackage.SampleTest"/>
  <testcase name="test1" time="0.000" classname="samplePackage.SampleTest"/>
  <testcase name="test1" time="2.734" classname="samplePackage.SampleTest"/>
  <testcase name="test1" time="2.750" classname="samplePackage.SampleTest"/>
  <testcase name="test1" time="2.797" classname="samplePackage.SampleTest"/>
  <testcase name="test1" time="2.891" classname="samplePackage.SampleTest"/>
  <testcase name="test1" time="3.297" classname="samplePackage.SampleTest"/>
  <testcase name="test1" time="0.000" classname="samplePackage.SampleTest"/>
  <testcase name="test1" time="0.000" classname="samplePackage.SampleTest"/>
  <testcase name="test1" time="0.015" classname="samplePackage.SampleTest"/>
  <testcase name="test1" time="2.719" classname="samplePackage.SampleTest"/>
  <testcase name="test1" time="4.297" classname="samplePackage.SampleTest"/>
  <testcase name="test1" time="2.922" classname="samplePackage.SampleTest"/>
  <testcase name="test1" time="4.375" classname="samplePackage.SampleTest"/>
  <testcase name="test1" time="3.850" classname="samplePackage.SampleTest"/>
  <testcase name="test1" time="3.690" classname="samplePackage.SampleTest"/>
  <testcase name="test1" time="2.735" classname="samplePackage.SampleTest"/>
  <testcase name="test1" time="2.822" classname="samplePackage.SampleTest"/>
  <testcase name="test1" time="0.000" classname="samplePackage.SampleTest"/>
  <testcase name="test1" time="2.877" classname="samplePackage.SampleTest"/>
  <testcase name="test1" time="4.313" classname="samplePackage.SampleTest"/>
  <testcase name="test1" time="4.406" classname="samplePackage.SampleTest"/>
  <testcase name="test1" time="3.172" classname="samplePackage.SampleTest"/>
  <testcase name="test1" time="0.000" classname="samplePackage.SampleTest"/>
  <testcase name="test1" time="3.724" classname="samplePackage.SampleTest"/>
  <testcase name="test1" time="0.000" classname="samplePackage.SampleTest"/>
  <testcase name="test1" time="3.766" classname="samplePackage.SampleTest"/>
  <testcase name="test1" time="0.000" classname="samplePackage.SampleTest"/>
  <testcase name="test1" time="2.906" classname="samplePackage.SampleTest"/>
  <testcase name="test1" time="2.688" classname="samplePackage.SampleTest"/>
  <testcase name="test1" time="2.835" classname="samplePackage.SampleTest"/>
  <testcase name="test1" time="2.781" classname="samplePackage.SampleTest"/>
  <testcase name="test1" time="2.719" classname="samplePackage.SampleTest"/>
  <testcase name="test1" time="3.203" classname="samplePackage.SampleTest"/>
  <testcase name="test1" time="0.000" classname="samplePackage.SampleTest"/>
  <testcase name="test1" time="3.022" classname="samplePackage.SampleTest"/>
  <testcase name="test1" time="0.000" classname="samplePackage.SampleTest"/>
  <testcase name="test1" time="3.450" classname="samplePackage.SampleTest"/>
  <testcase name="test1" time="2.922" classname="samplePackage.SampleTest"/>
  <testcase name="test1" time="0.000" classname="samplePackage.SampleTest"/>
  <testcase name="test1" time="2.960" classname="samplePackage.SampleTest"/>
  <testcase name="test1" time="3.641" classname="samplePackage.SampleTest"/>
  <testcase name="test1" time="2.871" classname="samplePackage.SampleTest"/>
  <testcase name="test1" time="3.103" classname="samplePackage.SampleTest"/>
  <testcase name="test1" time="2.766" classname="samplePackage.SampleTest"/>
  <testcase name="test1" time="0.000" classname="samplePackage.SampleTest"/>
  <testcase name="test1" time="3.219" classname="samplePackage.SampleTest"/>
  <testcase name="test1" time="2.906" classname="samplePackage.SampleTest"/>
  <testcase name="test1" time="3.281" classname="samplePackage.SampleTest"/>
  <testcase name="test1" time="0.000" classname="samplePackage.SampleTest"/>
  <testcase name="test1" time="0.000" classname="samplePackage.SampleTest"/>
  <testcase name="test1" time="0.000" classname="samplePackage.SampleTest"/>
  <testcase name="test1" time="0.000" classname="samplePackage.SampleTest"/>
  <testcase name="test1" time="0.015" classname="samplePackage.SampleTest"/>
  <testcase name="test1" time="2.766" classname="samplePackage.SampleTest"/>
  <testcase name="test1" time="3.953" classname="samplePackage.SampleTest"/>
  <testcase name="test1" time="3.282" classname="samplePackage.SampleTest"/>
  <testcase name="test1" time="3.297" classname="samplePackage.SampleTest"/>
  <testcase name="test1" time="0.000" classname="samplePackage.SampleTest"/>
  <testcase name="test1" time="4.609" classname="samplePackage.SampleTest"/>
  <testcase name="test1" time="2.704" classname="samplePackage.SampleTest"/>
  <testcase name="test1" time="2.797" classname="samplePackage.SampleTest"/>
  <testcase name="test1" time="3.563" classname="samplePackage.SampleTest"/>
  <testcase name="test1" time="3.657" classname="samplePackage.SampleTest"/>
  <testcase name="test1" time="0.000" classname="samplePackage.SampleTest"/>
  <testcase name="test1" time="2.828" classname="samplePackage.SampleTest"/>
  <testcase name="test1" time="0.000" classname="samplePackage.SampleTest"/>
  <testcase name="test1" time="3.016" classname="samplePackage.SampleTest"/>
  <testcase name="test1" time="2.750" classname="samplePackage.SampleTest"/>
  <testcase name="test1" time="3.917" classname="samplePackage.SampleTest"/>
  <testcase name="test1" time="0.000" classname="samplePackage.SampleTest"/>
  <testcase name="test1" time="3.144" classname="samplePackage.SampleTest"/>
  <testcase name="test1" time="3.977" classname="samplePackage.SampleTest"/>
  <testcase name="test1" time="3.090" classname="samplePackage.SampleTest"/>
  <testcase name="test1" time="3.639" classname="samplePackage.SampleTest"/>
  <testcase name="test1" time="0.000" classname="samplePackage.SampleTest"/>
  <testcase name="test1" time="2.969" classname="samplePackage.SampleTest"/>
  <testcase name="test1" time="0.000" classname="samplePackage.SampleTest"/>
  <testcase name="test1" time="3.256" classname="samplePackage.SampleTest"/>
  <testcase name="test1" time="0.000" classname="samplePackage.SampleTest"/>
  <testcase name="test1" time="0.016" classname="samplePackage.SampleTest"/>
  <testcase name="test1" time="0.000" classname="samplePackage.SampleTest"/>
  <testcase name="test1" time="3.782" classname="samplePackage.SampleTest"/>
  <testcase name="test1" time="3.075" classname="samplePackage.SampleTest"/>
  <testcase name="test1" time="2.766" classname="samplePackage.SampleTest"/>
  <testcase name="test1" time="2.863" classname="samplePackage.SampleTest"/>
  <testcase name="test1" time="3.511" classname="samplePackage.SampleTest"/>
  <testcase name="test1" time="0.000" classname="samplePackage.SampleTest"/>
  <testcase name="test1" time="4.407" classname="samplePackage.SampleTest"/>
  <testcase name="test1" time="2.734" classname="samplePackage.SampleTest"/>
  <testcase name="test1" time="3.062" classname="samplePackage.SampleTest"/>
  <testcase name="test1" time="5.422" classname="samplePackage.SampleTest"/>
  <testcase name="test1" time="3.078" classname="samplePackage.SampleTest"/>
  <testcase name="test1" time="2.735" classname="samplePackage.SampleTest"/>
  <testcase name="test1" time="3.610" classname="samplePackage.SampleTest"/>
  <testcase name="test1" time="0.000" classname="samplePackage.SampleTest"/>
  <testcase name="test1" time="3.016" classname="samplePackage.SampleTest"/>
  <testcase name="test1" time="2.890" classname="samplePackage.SampleTest"/>
  <testcase name="test1" time="6.484" classname="samplePackage.SampleTest"/>
  <testcase name="test1" time="0.016" classname="samplePackage.SampleTest"/>
  <testcase name="test1" time="3.297" classname="samplePackage.SampleTest"/>
  <testcase name="test1" time="2.959" classname="samplePackage.SampleTest"/>
  <testcase name="test1" time="3.141" classname="samplePackage.SampleTest"/>
  <testcase name="test1" time="3.250" classname="samplePackage.SampleTest"/>
  <testcase name="test1" time="0.000" classname="samplePackage.SampleTest"/>
  <testcase name="test1" time="3.245" classname="samplePackage.SampleTest"/>
  <testcase name="test1" time="2.922" classname="samplePackage.SampleTest"/>
  <testcase name="test1" time="2.719" classname="samplePackage.SampleTest"/>
  <testcase name="test1" time="0.015" classname="samplePackage.SampleTest"/>
  <testcase name="test1" time="0.000" classname="samplePackage.SampleTest"/>
  <testcase name="test1" time="2.750" classname="samplePackage.SampleTest"/>
  <testcase name="test1" time="0.000" classname="samplePackage.SampleTest"/>
  <testcase name="test1" time="0.000" classname="samplePackage.SampleTest"/>
  <testcase name="test1" time="3.015" classname="samplePackage.SampleTest"/>
  <testcase name="test1" time="2.469" classname="samplePackage.SampleTest"/>
  <testcase name="test1" time="0.000" classname="samplePackage.SampleTest"/>
  <testcase name="test1" time="2.766" classname="samplePackage.SampleTest"/>
  <testcase name="test1" time="0.016" classname="samplePackage.SampleTest"/>
  <testcase name="test1" time="3.703" classname="samplePackage.SampleTest"/>
  <testcase name="test1" time="0.016" classname="samplePackage.SampleTest"/>
  <testcase name="test1" time="2.750" classname="samplePackage.SampleTest"/>
  <testcase name="test1" time="0.000" classname="samplePackage.SampleTest"/>
  <testcase name="test1" time="2.750" classname="samplePackage.SampleTest"/>
  <testcase name="test1" time="3.813" classname="samplePackage.SampleTest"/>
  <testcase name="test1" time="3.203" classname="samplePackage.SampleTest"/>
  <testcase name="test1" time="2.719" classname="samplePackage.SampleTest"/>
  <testcase name="test1" time="3.027" classname="samplePackage.SampleTest"/>
  <testcase name="test1" time="3.157" classname="samplePackage.SampleTest"/>
  <testcase name="test1" time="3.641" classname="samplePackage.SampleTest"/>
  <testcase name="test1" time="2.765" classname="samplePackage.SampleTest"/>
  <testcase name="test1" time="0.000" classname="samplePackage.SampleTest"/>
  <testcase name="test1" time="2.844" classname="samplePackage.SampleTest"/>
  <testcase name="test1" time="2.516" classname="samplePackage.SampleTest"/>
  <testcase name="test1" time="4.094" classname="samplePackage.SampleTest"/>
  <testcase name="test1" time="4.516" classname="samplePackage.SampleTest"/>
  <testcase name="test1" time="10.079" classname="samplePackage.SampleTest"/>
  <testcase name="test1" time="3.172" classname="samplePackage.SampleTest"/>
  <testcase name="test1" time="0.000" classname="samplePackage.SampleTest"/>
  <testcase name="test1" time="3.172" classname="samplePackage.SampleTest"/>
  <testcase name="test1" time="2.876" classname="samplePackage.SampleTest"/>
  <testcase name="test1" time="17.767" classname="samplePackage.SampleTest"/>
  <testcase name="test1" time="2.986" classname="samplePackage.SampleTest"/>
  <testcase name="test1" time="3.625" classname="samplePackage.SampleTest"/>
  <testcase name="test1" time="3.219" classname="samplePackage.SampleTest"/>
  <testcase name="test1" time="3.871" classname="samplePackage.SampleTest"/>
  <testcase name="test1" time="2.750" classname="samplePackage.SampleTest"/>
  <testcase name="test1" time="3.766" classname="samplePackage.SampleTest"/>
  <testcase name="test1" time="3.218" classname="samplePackage.SampleTest"/>
  <testcase name="test1" time="0.000" classname="samplePackage.SampleTest"/>
  <testcase name="test1" time="2.891" classname="samplePackage.SampleTest"/>
  <testcase name="test1" time="3.251" classname="samplePackage.SampleTest"/>
  <testcase name="test1" time="0.000" classname="samplePackage.SampleTest"/>
  <testcase name="test1" time="3.812" classname="samplePackage.SampleTest"/>
  <testcase name="test1" time="2.813" classname="samplePackage.SampleTest"/>
  <testcase name="test1" time="2.719" classname="samplePackage.SampleTest"/>
  <testcase name="test1" time="2.797" classname="samplePackage.SampleTest"/>
  <testcase name="test1" time="2.875" classname="samplePackage.SampleTest"/>
  <testcase name="test1" time="0.000" classname="samplePackage.SampleTest"/>
  <testcase name="test1" time="2.687" classname="samplePackage.SampleTest"/>
  <testcase name="test1" time="2.735" classname="samplePackage.SampleTest"/>
  <testcase name="test1" time="2.906" classname="samplePackage.SampleTest"/>
  <testcase name="test1" time="3.469" classname="samplePackage.SampleTest"/>
  <testcase name="test1" time="0.000" classname="samplePackage.SampleTest"/>
  <testcase name="test1" time="3.354" classname="samplePackage.SampleTest"/>
  <testcase name="test1" time="3.338" classname="samplePackage.SampleTest"/>
  <testcase name="test1" time="2.735" classname="samplePackage.SampleTest"/>
  <testcase name="test1" time="3.156" classname="samplePackage.SampleTest"/>
  <testcase name="test1" time="2.750" classname="samplePackage.SampleTest"/>
  <testcase name="test1" time="2.765" classname="samplePackage.SampleTest"/>
  <testcase name="test1" time="3.953" classname="samplePackage.SampleTest"/>
  <testcase name="test1" time="0.000" classname="samplePackage.SampleTest"/>
  <testcase name="test1" time="3.250" classname="samplePackage.SampleTest"/>
  <testcase name="test1" time="0.000" classname="samplePackage.SampleTest"/>
  <testcase name="test1" time="0.016" classname="samplePackage.SampleTest"/>
  <testcase name="test1" time="2.906" classname="samplePackage.SampleTest"/>
  <testcase name="test1" time="3.203" classname="samplePackage.SampleTest"/>
  <testcase name="test1" time="5.344" classname="samplePackage.SampleTest"/>
  <testcase name="test1" time="4.844" classname="samplePackage.SampleTest"/>
  <testcase name="test1" time="3.047" classname="samplePackage.SampleTest"/>
  <testcase name="test1" time="4.243" classname="samplePackage.SampleTest"/>
  <testcase name="test1" time="3.640" classname="samplePackage.SampleTest"/>
  <testcase name="test1" time="0.016" classname="samplePackage.SampleTest"/>
  <testcase name="test1" time="2.835" classname="samplePackage.SampleTest"/>
  <testcase name="test1" time="3.797" classname="samplePackage.SampleTest"/>
  <testcase name="test1" time="2.711" classname="samplePackage.SampleTest"/>
  <testcase name="test1" time="3.188" classname="samplePackage.SampleTest"/>
  <testcase name="test1" time="2.823" classname="samplePackage.SampleTest"/>
  <testcase name="test1" time="2.735" classname="samplePackage.SampleTest"/>
  <testcase name="test1" time="3.331" classname="samplePackage.SampleTest"/>
  <testcase name="test1" time="2.813" classname="samplePackage.SampleTest"/>
  <testcase name="test1" time="100.032" classname="samplePackage.SampleTest"/>
  <testcase name="test1" time="2.485" classname="samplePackage.SampleTest"/>
  <testcase name="test1" time="2.782" classname="samplePackage.SampleTest"/>
  <testcase name="test1" time="0.000" classname="samplePackage.SampleTest"/>
  <testcase name="test1" time="2.875" classname="samplePackage.SampleTest"/>
  <testcase name="test1" time="4.109" classname="samplePackage.SampleTest"/>
  <testcase name="test1" time="2.968" classname="samplePackage.SampleTest"/>
  <testcase name="test1" time="2.922" classname="samplePackage.SampleTest"/>
  <testcase name="test1" time="0.000" classname="samplePackage.SampleTest"/>
  <testcase name="test1" time="0.015" classname="samplePackage.SampleTest"/>
  <testcase name="test1" time="0.000" classname="samplePackage.SampleTest"/>
  <testcase name="test1" time="3.125" classname="samplePackage.SampleTest"/>
  <testcase name="test1" time="2.808" classname="samplePackage.SampleTest"/>
  <testcase name="test1" time="3.797" classname="samplePackage.SampleTest"/>
  <testcase name="test1" time="2.891" classname="samplePackage.SampleTest"/>
  <testcase name="test1" time="3.219" classname="samplePackage.SampleTest"/>
  <testcase name="test1" time="2.953" classname="samplePackage.SampleTest"/>
  <testcase name="test1" time="0.000" classname="samplePackage.SampleTest"/>
  <testcase name="test1" time="2.827" classname="samplePackage.SampleTest"/>
  <testcase name="test1" time="3.102" classname="samplePackage.SampleTest"/>
  <testcase name="test1" time="3.672" classname="samplePackage.SampleTest"/>
  <testcase name="test1" time="0.000" classname="samplePackage.SampleTest"/>
  <testcase name="test1" time="3.453" classname="samplePackage.SampleTest"/>
  <testcase name="test1" time="0.000" classname="samplePackage.SampleTest"/>
  <testcase name="test1" time="2.719" classname="samplePackage.SampleTest"/>
  <testcase name="test1" time="2.797" classname="samplePackage.SampleTest"/>
  <testcase name="test1" time="0.000" classname="samplePackage.SampleTest"/>
  <testcase name="test1" time="0.000" classname="samplePackage.SampleTest"/>
  <testcase name="test1" time="0.000" classname="samplePackage.SampleTest"/>
  <testcase name="test1" time="7.110" classname="samplePackage.SampleTest"/>
  <testcase name="test1" time="3.250" classname="samplePackage.SampleTest"/>
  <testcase name="test1" time="3.469" classname="samplePackage.SampleTest"/>
  <testcase name="test1" time="2.750" classname="samplePackage.SampleTest"/>
  <testcase name="test1" time="3.282" classname="samplePackage.SampleTest"/>
  <testcase name="test1" time="0.000" classname="samplePackage.SampleTest"/>
  <testcase name="test1" time="3.548" classname="samplePackage.SampleTest"/>
  <testcase name="test1" time="3.344" classname="samplePackage.SampleTest"/>
  <testcase name="test1" time="0.016" classname="samplePackage.SampleTest"/>
  <testcase name="test1" time="3.407" classname="samplePackage.SampleTest"/>
  <testcase name="test1" time="2.828" classname="samplePackage.SampleTest"/>
  <testcase name="test1" time="0.000" classname="samplePackage.SampleTest"/>
  <testcase name="test1" time="2.719" classname="samplePackage.SampleTest"/>
  <testcase name="test1" time="3.343" classname="samplePackage.SampleTest"/>
  <testcase name="test1" time="3.881" classname="samplePackage.SampleTest"/>
  <testcase name="test1" time="0.000" classname="samplePackage.SampleTest"/>
  <testcase name="test1" time="2.734" classname="samplePackage.SampleTest"/>
  <testcase name="test1" time="0.000" classname="samplePackage.SampleTest"/>
  <testcase name="test1" time="4.881" classname="samplePackage.SampleTest"/>
  <testcase name="test1" time="3.031" classname="samplePackage.SampleTest"/>
  <testcase name="test1" time="2.672" classname="samplePackage.SampleTest"/>
  <testcase name="test1" time="3.593" classname="samplePackage.SampleTest"/>
  <testcase name="test1" time="3.688" classname="samplePackage.SampleTest"/>
  <testcase name="test1" time="0.016" classname="samplePackage.SampleTest"/>
  <testcase name="test1" time="2.832" classname="samplePackage.SampleTest"/>
  <testcase name="test1" time="2.767" classname="samplePackage.SampleTest"/>
  <testcase name="test1" time="0.000" classname="samplePackage.SampleTest"/>
  <testcase name="test1" time="2.704" classname="samplePackage.SampleTest"/>
  <testcase name="test1" time="4.285" classname="samplePackage.SampleTest"/>
  <testcase name="test1" time="2.875" classname="samplePackage.SampleTest"/>
  <testcase name="test1" time="2.877" classname="samplePackage.SampleTest"/>
  <testcase name="test1" time="2.921" classname="samplePackage.SampleTest"/>
  <testcase name="test1" time="0.000" classname="samplePackage.SampleTest"/>
  <testcase name="test1" time="2.750" classname="samplePackage.SampleTest"/>
  <testcase name="test1" time="3.079" classname="samplePackage.SampleTest"/>
  <testcase name="test1" time="0.015" classname="samplePackage.SampleTest"/>
  <testcase name="test1" time="3.625" classname="samplePackage.SampleTest"/>
  <testcase name="test1" time="3.625" classname="samplePackage.SampleTest"/>
  <testcase name="test1" time="3.531" classname="samplePackage.SampleTest"/>
  <testcase name="test1" time="2.562" classname="samplePackage.SampleTest"/>
  <testcase name="test1" time="5.000" classname="samplePackage.SampleTest"/>
  <testcase name="test1" time="2.875" classname="samplePackage.SampleTest"/>
  <testcase name="test1" time="3.047" classname="samplePackage.SampleTest"/>
  <testcase name="test1" time="2.969" classname="samplePackage.SampleTest"/>
  <testcase name="test1" time="0.000" classname="samplePackage.SampleTest"/>
  <testcase name="test1" time="3.484" classname="samplePackage.SampleTest"/>
  <testcase name="test1" time="3.657" classname="samplePackage.SampleTest"/>
  <testcase name="test1" time="3.670" classname="samplePackage.SampleTest"/>
  <testcase name="test1" time="0.000" classname="samplePackage.SampleTest"/>
  <testcase name="test1" time="2.988" classname="samplePackage.SampleTest"/>
  <testcase name="test1" time="2.781" classname="samplePackage.SampleTest"/>
  <testcase name="test1" time="3.923" classname="samplePackage.SampleTest"/>
  <testcase name="test1" time="0.000" classname="samplePackage.SampleTest"/>
  <testcase name="test1" time="3.282" classname="samplePackage.SampleTest"/>
  <testcase name="test1" time="3.438" classname="samplePackage.SampleTest"/>
  <testcase name="test1" time="2.813" classname="samplePackage.SampleTest"/>
  <testcase name="test1" time="3.078" classname="samplePackage.SampleTest"/>
  <testcase name="test1" time="3.422" classname="samplePackage.SampleTest"/>
  <testcase name="test1" time="3.713" classname="samplePackage.SampleTest"/>
  <testcase name="test1" time="0.000" classname="samplePackage.SampleTest"/>
  <testcase name="test1" time="2.859" classname="samplePackage.SampleTest"/>
  <testcase name="test1" time="3.094" classname="samplePackage.SampleTest"/>
  <testcase name="test1" time="0.000" classname="samplePackage.SampleTest"/>
  <testcase name="test1" time="2.831" classname="samplePackage.SampleTest"/>
  <testcase name="test1" time="2.922" classname="samplePackage.SampleTest"/>
  <testcase name="test1" time="2.972" classname="samplePackage.SampleTest"/>
  <testcase name="test1" time="0.000" classname="samplePackage.SampleTest"/>
  <testcase name="test1" time="4.047" classname="samplePackage.SampleTest"/>
  <testcase name="test1" time="2.876" classname="samplePackage.SampleTest"/>
  <testcase name="test1" time="3.131" classname="samplePackage.SampleTest"/>
  <testcase name="test1" time="3.140" classname="samplePackage.SampleTest"/>
  <testcase name="test1" time="8.344" classname="samplePackage.SampleTest"/>
  <testcase name="test1" time="0.000" classname="samplePackage.SampleTest"/>
  <testcase name="test1" time="0.000" classname="samplePackage.SampleTest"/>
  <testcase name="test1" time="0.000" classname="samplePackage.SampleTest"/>
  <testcase name="test1" time="3.547" classname="samplePackage.SampleTest"/>
  <testcase name="test1" time="3.390" classname="samplePackage.SampleTest"/>
  <testcase name="test1" time="2.735" classname="samplePackage.SampleTest"/>
  <testcase name="test1" time="2.781" classname="samplePackage.SampleTest"/>
  <testcase name="test1" time="0.000" classname="samplePackage.SampleTest"/>
  <testcase name="test1" time="2.786" classname="samplePackage.SampleTest"/>
  <testcase name="test1" time="2.797" classname="samplePackage.SampleTest"/>
  <testcase name="test1" time="0.000" classname="samplePackage.SampleTest"/>
  <testcase name="test1" time="2.782" classname="samplePackage.SampleTest"/>
  <testcase name="test1" time="2.734" classname="samplePackage.SampleTest"/>
  <testcase name="test1" time="2.750" classname="samplePackage.SampleTest"/>
  <testcase name="test1" time="2.781" classname="samplePackage.SampleTest"/>
  <testcase name="test1" time="3.016" classname="samplePackage.SampleTest"/>
  <testcase name="test1" time="0.000" classname="samplePackage.SampleTest"/>
  <testcase name="test1" time="3.313" classname="samplePackage.SampleTest"/>
  <testcase name="test1" time="3.266" classname="samplePackage.SampleTest"/>
  <testcase name="test1" time="2.781" classname="samplePackage.SampleTest"/>
  <testcase name="test1" time="2.718" classname="samplePackage.SampleTest"/>
  <testcase name="test1" time="3.636" classname="samplePackage.SampleTest"/>
  <testcase name="test1" time="2.955" classname="samplePackage.SampleTest"/>
  <testcase name="test1" time="2.781" classname="samplePackage.SampleTest"/>
  <testcase name="test1" time="0.000" classname="samplePackage.SampleTest"/>
  <testcase name="test1" time="4.234" classname="samplePackage.SampleTest"/>
  <testcase name="test1" time="0.000" classname="samplePackage.SampleTest"/>
  <testcase name="test1" time="3.360" classname="samplePackage.SampleTest"/>
  <testcase name="test1" time="4.034" classname="samplePackage.SampleTest"/>
  <testcase name="test1" time="0.000" classname="samplePackage.SampleTest"/>
  <testcase name="test1" time="2.841" classname="samplePackage.SampleTest"/>
  <testcase name="test1" time="0.000" classname="samplePackage.SampleTest"/>
  <testcase name="test1" time="2.781" classname="samplePackage.SampleTest"/>
  <testcase name="test1" time="3.047" classname="samplePackage.SampleTest"/>
  <testcase name="test1" time="2.890" classname="samplePackage.SampleTest"/>
  <testcase name="test1" time="0.000" classname="samplePackage.SampleTest"/>
  <testcase name="test1" time="2.988" classname="samplePackage.SampleTest"/>
  <testcase name="test1" time="3.037" classname="samplePackage.SampleTest"/>
  <testcase name="test1" time="24.344" classname="samplePackage.SampleTest"/>
  <testcase name="test1" time="3.016" classname="samplePackage.SampleTest"/>
  <testcase name="test1" time="2.822" classname="samplePackage.SampleTest"/>
  <testcase name="test1" time="2.813" classname="samplePackage.SampleTest"/>
  <testcase name="test1" time="2.750" classname="samplePackage.SampleTest"/>
  <testcase name="test1" time="2.900" classname="samplePackage.SampleTest"/>
  <testcase name="test1" time="0.000" classname="samplePackage.SampleTest"/>
  <testcase name="test1" time="3.068" classname="samplePackage.SampleTest"/>
  <testcase name="test1" time="3.312" classname="samplePackage.SampleTest"/>
  <testcase name="test1" time="0.000" classname="samplePackage.SampleTest"/>
  <testcase name="test1" time="2.703" classname="samplePackage.SampleTest"/>
  <testcase name="test1" time="0.000" classname="samplePackage.SampleTest"/>
  <testcase name="test1" time="2.813" classname="samplePackage.SampleTest"/>
  <testcase name="test1" time="3.595" classname="samplePackage.SampleTest"/>
  <testcase name="test1" time="3.464" classname="samplePackage.SampleTest"/>
  <testcase name="test1" time="2.750" classname="samplePackage.SampleTest"/>
  <testcase name="test1" time="3.330" classname="samplePackage.SampleTest"/>
  <testcase name="test1" time="0.000" classname="samplePackage.SampleTest"/>
  <testcase name="test1" time="2.873" classname="samplePackage.SampleTest"/>
  <testcase name="test1" time="0.016" classname="samplePackage.SampleTest"/>
  <testcase name="test1" time="2.875" classname="samplePackage.SampleTest"/>
  <testcase name="test1" time="2.875" classname="samplePackage.SampleTest"/>
  <testcase name="test1" time="2.766" classname="samplePackage.SampleTest"/>
  <testcase name="test1" time="0.000" classname="samplePackage.SampleTest"/>
  <testcase name="test1" time="2.829" classname="samplePackage.SampleTest"/>
  <testcase name="test1" time="2.813" classname="samplePackage.SampleTest"/>
  <testcase name="test1" time="8.797" classname="samplePackage.SampleTest"/>
  <testcase name="test1" time="3.735" classname="samplePackage.SampleTest"/>
  <testcase name="test1" time="3.813" classname="samplePackage.SampleTest"/>
  <testcase name="test1" time="3.000" classname="samplePackage.SampleTest"/>
  <testcase name="test1" time="0.000" classname="samplePackage.SampleTest"/>
  <testcase name="test1" time="2.808" classname="samplePackage.SampleTest"/>
  <testcase name="test1" time="0.000" classname="samplePackage.SampleTest"/>
  <testcase name="test1" time="0.000" classname="samplePackage.SampleTest"/>
  <testcase name="test1" time="3.391" classname="samplePackage.SampleTest"/>
  <testcase name="test1" time="0.000" classname="samplePackage.SampleTest"/>
  <testcase name="test1" time="2.735" classname="samplePackage.SampleTest"/>
  <testcase name="test1" time="3.297" classname="samplePackage.SampleTest"/>
  <testcase name="test1" time="0.000" classname="samplePackage.SampleTest"/>
  <testcase name="test1" time="2.750" classname="samplePackage.SampleTest"/>
  <testcase name="test1" time="0.000" classname="samplePackage.SampleTest"/>
  <testcase name="test1" time="3.188" classname="samplePackage.SampleTest"/>
  <testcase name="test1" time="6.187" classname="samplePackage.SampleTest"/>
  <testcase name="test1" time="3.471" classname="samplePackage.SampleTest"/>
  <testcase name="test1" time="0.000" classname="samplePackage.SampleTest"/>
  <testcase name="test1" time="2.704" classname="samplePackage.SampleTest"/>
  <testcase name="test1" time="5.079" classname="samplePackage.SampleTest"/>
  <testcase name="test1" time="2.835" classname="samplePackage.SampleTest"/>
  <testcase name="test1" time="0.000" classname="samplePackage.SampleTest"/>
  <testcase name="test1" time="2.688" classname="samplePackage.SampleTest"/>
  <testcase name="test1" time="3.054" classname="samplePackage.SampleTest"/>
  <testcase name="test1" time="3.344" classname="samplePackage.SampleTest"/>
  <testcase name="test1" time="2.750" classname="samplePackage.SampleTest"/>
  <testcase name="test1" time="3.358" classname="samplePackage.SampleTest"/>
  <testcase name="test1" time="3.047" classname="samplePackage.SampleTest"/>
  <testcase name="test1" time="0.000" classname="samplePackage.SampleTest"/>
  <testcase name="test1" time="2.922" classname="samplePackage.SampleTest"/>
  <testcase name="test1" time="3.156" classname="samplePackage.SampleTest"/>
  <testcase name="test1" time="3.313" classname="samplePackage.SampleTest"/>
  <testcase name="test1" time="3.453" classname="samplePackage.SampleTest"/>
  <testcase name="test1" time="0.015" classname="samplePackage.SampleTest"/>
  <testcase name="test1" time="3.103" classname="samplePackage.SampleTest"/>
  <testcase name="test1" time="0.000" classname="samplePackage.SampleTest"/>
  <testcase name="test1" time="0.000" classname="samplePackage.SampleTest"/>
  <testcase name="test1" time="3.141" classname="samplePackage.SampleTest"/>
  <testcase name="test1" time="0.000" classname="samplePackage.SampleTest"/>
  <testcase name="test1" time="3.078" classname="samplePackage.SampleTest"/>
  <testcase name="test1" time="4.282" classname="samplePackage.SampleTest"/>
  <testcase name="test1" time="2.719" classname="samplePackage.SampleTest"/>
  <testcase name="test1" time="5.469" classname="samplePackage.SampleTest"/>
  <testcase name="test1" time="4.234" classname="samplePackage.SampleTest"/>
  <testcase name="test1" time="3.672" classname="samplePackage.SampleTest"/>
  <testcase name="test1" time="2.531" classname="samplePackage.SampleTest"/>
  <testcase name="test1" time="2.766" classname="samplePackage.SampleTest"/>
  <testcase name="test1" time="0.000" classname="samplePackage.SampleTest"/>
  <testcase name="test1" time="3.312" classname="samplePackage.SampleTest"/>
  <testcase name="test1" time="3.047" classname="samplePackage.SampleTest"/>
  <testcase name="test1" time="4.078" classname="samplePackage.SampleTest"/>
  <testcase name="test1" time="2.734" classname="samplePackage.SampleTest"/>
  <testcase name="test1" time="0.000" classname="samplePackage.SampleTest"/>
  <testcase name="test1" time="2.672" classname="samplePackage.SampleTest"/>
  <testcase name="test1" time="2.844" classname="samplePackage.SampleTest"/>
  <testcase name="test1" time="3.469" classname="samplePackage.SampleTest"/>
  <testcase name="test1" time="3.797" classname="samplePackage.SampleTest"/>
  <testcase name="test1" time="0.016" classname="samplePackage.SampleTest"/>
  <testcase name="test1" time="2.999" classname="samplePackage.SampleTest"/>
  <testcase name="test1" time="0.000" classname="samplePackage.SampleTest"/>
  <testcase name="test1" time="2.813" classname="samplePackage.SampleTest"/>
  <testcase name="test1" time="3.047" classname="samplePackage.SampleTest"/>
  <testcase name="test1" time="0.000" classname="samplePackage.SampleTest"/>
  <testcase name="test1" time="4.641" classname="samplePackage.SampleTest"/>
  <testcase name="test1" time="3.719" classname="samplePackage.SampleTest"/>
  <testcase name="test1" time="0.000" classname="samplePackage.SampleTest"/>
  <testcase name="test1" time="2.656" classname="samplePackage.SampleTest"/>
  <testcase name="test1" time="3.047" classname="samplePackage.SampleTest"/>
  <testcase name="test1" time="0.000" classname="samplePackage.SampleTest"/>
  <testcase name="test1" time="0.000" classname="samplePackage.SampleTest"/>
  <testcase name="test1" time="0.000" classname="samplePackage.SampleTest"/>
  <testcase name="test1" time="3.938" classname="samplePackage.SampleTest"/>
  <testcase name="test1" time="3.969" classname="samplePackage.SampleTest"/>
  <testcase name="test1" time="0.000" classname="samplePackage.SampleTest"/>
  <testcase name="test1" time="3.500" classname="samplePackage.SampleTest"/>
  <testcase name="test1" time="2.922" classname="samplePackage.SampleTest"/>
  <testcase name="test1" time="3.485" classname="samplePackage.SampleTest"/>
  <testcase name="test1" time="2.781" classname="samplePackage.SampleTest"/>
  <testcase name="test1" time="3.233" classname="samplePackage.SampleTest"/>
  <testcase name="test1" time="3.360" classname="samplePackage.SampleTest"/>
  <testcase name="test1" time="3.297" classname="samplePackage.SampleTest"/>
  <testcase name="test1" time="3.047" classname="samplePackage.SampleTest"/>
  <testcase name="test1" time="3.156" classname="samplePackage.SampleTest"/>
  <testcase name="test1" time="2.876" classname="samplePackage.SampleTest"/>
  <testcase name="test1" time="3.594" classname="samplePackage.SampleTest"/>
  <testcase name="test1" time="2.750" classname="samplePackage.SampleTest"/>
  <testcase name="test1" time="0.016" classname="samplePackage.SampleTest"/>
  <testcase name="test1" time="0.000" classname="samplePackage.SampleTest"/>
  <testcase name="test1" time="2.875" classname="samplePackage.SampleTest"/>
  <testcase name="test1" time="4.086" classname="samplePackage.SampleTest"/>
  <testcase name="test1" time="2.719" classname="samplePackage.SampleTest"/>
  <testcase name="test1" time="2.750" classname="samplePackage.SampleTest"/>
  <testcase name="test1" time="2.703" classname="samplePackage.SampleTest"/>
  <testcase name="test1" time="2.906" classname="samplePackage.SampleTest"/>
  <testcase name="test1" time="2.794" classname="samplePackage.SampleTest"/>
  <testcase name="test1" time="0.016" classname="samplePackage.SampleTest"/>
  <testcase name="test1" time="2.856" classname="samplePackage.SampleTest"/>
  <testcase name="test1" time="0.000" classname="samplePackage.SampleTest"/>
  <testcase name="test1" time="2.968" classname="samplePackage.SampleTest"/>
  <testcase name="test1" time="3.235" classname="samplePackage.SampleTest"/>
  <testcase name="test1" time="0.000" classname="samplePackage.SampleTest"/>
  <testcase name="test1" time="0.000" classname="samplePackage.SampleTest"/>
  <testcase name="test1" time="0.000" classname="samplePackage.SampleTest"/>
  <testcase name="test1" time="0.000" classname="samplePackage.SampleTest"/>
  <testcase name="test1" time="0.015" classname="samplePackage.SampleTest"/>
  <testcase name="test1" time="2.954" classname="samplePackage.SampleTest"/>
  <testcase name="test1" time="0.000" classname="samplePackage.SampleTest"/>
  <testcase name="test1" time="0.000" classname="samplePackage.SampleTest"/>
  <testcase name="test1" time="0.000" classname="samplePackage.SampleTest"/>
  <testcase name="test1" time="0.000" classname="samplePackage.SampleTest"/>
  <testcase name="test1" time="0.000" classname="samplePackage.SampleTest"/>
  <testcase name="test1" time="4.578" classname="samplePackage.SampleTest"/>
  <testcase name="test1" time="3.034" classname="samplePackage.SampleTest"/>
  <testcase name="test1" time="0.000" classname="samplePackage.SampleTest"/>
  <testcase name="test1" time="2.805" classname="samplePackage.SampleTest"/>
  <testcase name="test1" time="0.000" classname="samplePackage.SampleTest"/>
  <testcase name="test1" time="2.906" classname="samplePackage.SampleTest"/>
  <testcase name="test1" time="0.015" classname="samplePackage.SampleTest"/>
  <testcase name="test1" time="3.750" classname="samplePackage.SampleTest"/>
  <testcase name="test1" time="3.469" classname="samplePackage.SampleTest"/>
  <testcase name="test1" time="3.703" classname="samplePackage.SampleTest"/>
  <testcase name="test1" time="0.000" classname="samplePackage.SampleTest"/>
  <testcase name="test1" time="0.000" classname="samplePackage.SampleTest"/>
  <testcase name="test1" time="0.000" classname="samplePackage.SampleTest"/>
  <testcase name="test1" time="4.907" classname="samplePackage.SampleTest"/>
  <testcase name="test1" time="0.000" classname="samplePackage.SampleTest"/>
  <testcase name="test1" time="0.000" classname="samplePackage.SampleTest"/>
  <testcase name="test1" time="0.000" classname="samplePackage.SampleTest"/>
  <testcase name="test1" time="3.574" classname="samplePackage.SampleTest"/>
  <testcase name="test1" time="0.000" classname="samplePackage.SampleTest"/>
  <testcase name="test1" time="4.750" classname="samplePackage.SampleTest"/>
  <testcase name="test1" time="3.094" classname="samplePackage.SampleTest"/>
  <testcase name="test1" time="3.223" classname="samplePackage.SampleTest"/>
  <testcase name="test1" time="0.000" classname="samplePackage.SampleTest"/>
  <testcase name="test1" time="0.000" classname="samplePackage.SampleTest"/>
  <testcase name="test1" time="0.000" classname="samplePackage.SampleTest"/>
  <testcase name="test1" time="3.410" classname="samplePackage.SampleTest"/>
  <testcase name="test1" time="4.188" classname="samplePackage.SampleTest"/>
  <testcase name="test1" time="0.016" classname="samplePackage.SampleTest"/>
  <testcase name="test1" time="3.687" classname="samplePackage.SampleTest"/>
  <testcase name="test1" time="2.766" classname="samplePackage.SampleTest"/>
  <testcase name="test1" time="2.751" classname="samplePackage.SampleTest"/>
  <testcase name="test1" time="0.000" classname="samplePackage.SampleTest"/>
  <testcase name="test1" time="4.364" classname="samplePackage.SampleTest"/>
  <testcase name="test1" time="3.375" classname="samplePackage.SampleTest"/>
  <testcase name="test1" time="3.281" classname="samplePackage.SampleTest"/>
  <testcase name="test1" time="2.797" classname="samplePackage.SampleTest"/>
  <testcase name="test1" time="0.000" classname="samplePackage.SampleTest"/>
  <testcase name="test1" time="2.917" classname="samplePackage.SampleTest"/>
  <testcase name="test1" time="2.975" classname="samplePackage.SampleTest"/>
  <testcase name="test1" time="3.890" classname="samplePackage.SampleTest"/>
  <testcase name="test1" time="3.553" classname="samplePackage.SampleTest"/>
  <testcase name="test1" time="3.297" classname="samplePackage.SampleTest"/>
  <testcase name="test1" time="3.449" classname="samplePackage.SampleTest"/>
  <testcase name="test1" time="2.797" classname="samplePackage.SampleTest"/>
  <testcase name="test1" time="3.938" classname="samplePackage.SampleTest"/>
  <testcase name="test1" time="9.969" classname="samplePackage.SampleTest"/>
  <testcase name="test1" time="2.813" classname="samplePackage.SampleTest"/>
  <testcase name="test1" time="0.000" classname="samplePackage.SampleTest"/>
  <testcase name="test1" time="0.000" classname="samplePackage.SampleTest"/>
  <testcase name="test1" time="3.531" classname="samplePackage.SampleTest"/>
  <testcase name="test1" time="2.735" classname="samplePackage.SampleTest"/>
  <testcase name="test1" time="0.000" classname="samplePackage.SampleTest"/>
  <testcase name="test1" time="2.985" classname="samplePackage.SampleTest"/>
  <testcase name="test1" time="3.750" classname="samplePackage.SampleTest"/>
  <testcase name="test1" time="2.836" classname="samplePackage.SampleTest"/>
  <testcase name="test1" time="3.016" classname="samplePackage.SampleTest"/>
  <testcase name="test1" time="0.000" classname="samplePackage.SampleTest"/>
  <testcase name="test1" time="3.030" classname="samplePackage.SampleTest"/>
  <testcase name="test1" time="3.188" classname="samplePackage.SampleTest"/>
  <testcase name="test1" time="2.922" classname="samplePackage.SampleTest"/>
  <testcase name="test1" time="3.222" classname="samplePackage.SampleTest"/>
  <testcase name="test1" time="3.065" classname="samplePackage.SampleTest"/>
  <testcase name="test1" time="0.000" classname="samplePackage.SampleTest"/>
  <testcase name="test1" time="2.718" classname="samplePackage.SampleTest"/>
  <testcase name="test1" time="2.719" classname="samplePackage.SampleTest"/>
  <testcase name="test1" time="3.219" classname="samplePackage.SampleTest"/>
  <testcase name="test1" time="2.750" classname="samplePackage.SampleTest"/>
  <testcase name="test1" time="2.944" classname="samplePackage.SampleTest"/>
  <testcase name="test1" time="4.342" classname="samplePackage.SampleTest"/>
  <testcase name="test1" time="3.657" classname="samplePackage.SampleTest"/>
  <testcase name="test1" time="0.000" classname="samplePackage.SampleTest"/>
  <testcase name="test1" time="0.000" classname="samplePackage.SampleTest"/>
  <testcase name="test1" time="3.735" classname="samplePackage.SampleTest"/>
  <testcase name="test1" time="2.828" classname="samplePackage.SampleTest"/>
  <testcase name="test1" time="2.688" classname="samplePackage.SampleTest"/>
  <testcase name="test1" time="3.945" classname="samplePackage.SampleTest"/>
  <testcase name="test1" time="0.000" classname="samplePackage.SampleTest"/>
  <testcase name="test1" time="2.906" classname="samplePackage.SampleTest"/>
  <testcase name="test1" time="2.863" classname="samplePackage.SampleTest"/>
  <testcase name="test1" time="2.703" classname="samplePackage.SampleTest"/>
  <testcase name="test1" time="3.730" classname="samplePackage.SampleTest"/>
  <testcase name="test1" time="0.015" classname="samplePackage.SampleTest"/>
  <testcase name="test1" time="3.016" classname="samplePackage.SampleTest"/>
  <testcase name="test1" time="3.860" classname="samplePackage.SampleTest"/>
  <testcase name="test1" time="0.000" classname="samplePackage.SampleTest"/>
  <testcase name="test1" time="3.125" classname="samplePackage.SampleTest"/>
  <testcase name="test1" time="3.578" classname="samplePackage.SampleTest"/>
  <testcase name="test1" time="5.391" classname="samplePackage.SampleTest"/>
  <testcase name="test1" time="0.016" classname="samplePackage.SampleTest"/>
  <testcase name="test1" time="3.744" classname="samplePackage.SampleTest"/>
  <testcase name="test1" time="5.797" classname="samplePackage.SampleTest"/>
  <testcase name="test1" time="2.938" classname="samplePackage.SampleTest"/>
  <testcase name="test1" time="3.047" classname="samplePackage.SampleTest"/>
  <testcase name="test1" time="2.797" classname="samplePackage.SampleTest"/>
  <testcase name="test1" time="0.000" classname="samplePackage.SampleTest"/>
  <testcase name="test1" time="2.781" classname="samplePackage.SampleTest"/>
  <testcase name="test1" time="2.734" classname="samplePackage.SampleTest"/>
  <testcase name="test1" time="3.051" classname="samplePackage.SampleTest"/>
  <testcase name="test1" time="2.766" classname="samplePackage.SampleTest"/>
  <testcase name="test1" time="2.789" classname="samplePackage.SampleTest"/>
  <testcase name="test1" time="0.000" classname="samplePackage.SampleTest"/>
  <testcase name="test1" time="0.016" classname="samplePackage.SampleTest"/>
  <testcase name="test1" time="2.751" classname="samplePackage.SampleTest"/>
  <testcase name="test1" time="0.000" classname="samplePackage.SampleTest"/>
  <testcase name="test1" time="0.000" classname="samplePackage.SampleTest"/>
  <testcase name="test1" time="0.000" classname="samplePackage.SampleTest"/>
  <testcase name="test1" time="3.109" classname="samplePackage.SampleTest"/>
  <testcase name="test1" time="0.016" classname="samplePackage.SampleTest"/>
  <testcase name="test1" time="3.577" classname="samplePackage.SampleTest"/>
  <testcase name="test1" time="2.750" classname="samplePackage.SampleTest"/>
  <testcase name="test1" time="4.935" classname="samplePackage.SampleTest"/>
  <testcase name="test1" time="3.250" classname="samplePackage.SampleTest"/>
  <testcase name="test1" time="3.094" classname="samplePackage.SampleTest"/>
  <testcase name="test1" time="2.874" classname="samplePackage.SampleTest"/>
  <testcase name="test1" time="3.219" classname="samplePackage.SampleTest"/>
  <testcase name="test1" time="3.828" classname="samplePackage.SampleTest"/>
  <testcase name="test1" time="2.750" classname="samplePackage.SampleTest"/>
  <testcase name="test1" time="3.078" classname="samplePackage.SampleTest"/>
  <testcase name="test1" time="3.234" classname="samplePackage.SampleTest"/>
  <testcase name="test1" time="6.125" classname="samplePackage.SampleTest"/>
  <testcase name="test1" time="2.844" classname="samplePackage.SampleTest"/>
  <testcase name="test1" time="0.000" classname="samplePackage.SampleTest"/>
  <testcase name="test1" time="2.735" classname="samplePackage.SampleTest"/>
  <testcase name="test1" time="2.735" classname="samplePackage.SampleTest"/>
  <testcase name="test1" time="3.140" classname="samplePackage.SampleTest"/>
  <testcase name="test1" time="0.000" classname="samplePackage.SampleTest"/>
  <testcase name="test1" time="0.000" classname="samplePackage.SampleTest"/>
  <testcase name="test1" time="3.728" classname="samplePackage.SampleTest"/>
  <testcase name="test1" time="4.469" classname="samplePackage.SampleTest"/>
  <testcase name="test1" time="3.641" classname="samplePackage.SampleTest"/>
  <testcase name="test1" time="0.016" classname="samplePackage.SampleTest"/>
  <testcase name="test1" time="2.937" classname="samplePackage.SampleTest"/>
  <testcase name="test1" time="3.125" classname="samplePackage.SampleTest"/>
  <testcase name="test1" time="3.125" classname="samplePackage.SampleTest"/>
  <testcase name="test1" time="3.645" classname="samplePackage.SampleTest"/>
  <testcase name="test1" time="0.000" classname="samplePackage.SampleTest"/>
  <testcase name="test1" time="2.840" classname="samplePackage.SampleTest"/>
  <testcase name="test1" time="2.901" classname="samplePackage.SampleTest"/>
  <testcase name="test1" time="0.000" classname="samplePackage.SampleTest"/>
  <testcase name="test1" time="0.015" classname="samplePackage.SampleTest"/>
  <testcase name="test1" time="0.000" classname="samplePackage.SampleTest"/>
  <testcase name="test1" time="2.718" classname="samplePackage.SampleTest"/>
  <testcase name="test1" time="0.000" classname="samplePackage.SampleTest"/>
  <testcase name="test1" time="0.000" classname="samplePackage.SampleTest"/>
  <testcase name="test1" time="0.000" classname="samplePackage.SampleTest"/>
  <testcase name="test1" time="0.000" classname="samplePackage.SampleTest"/>
  <testcase name="test1" time="0.000" classname="samplePackage.SampleTest"/>
  <testcase name="test1" time="4.141" classname="samplePackage.SampleTest"/>
  <testcase name="test1" time="2.563" classname="samplePackage.SampleTest"/>
  <testcase name="test1" time="3.781" classname="samplePackage.SampleTest"/>
  <testcase name="test1" time="2.719" classname="samplePackage.SampleTest"/>
  <testcase name="test1" time="3.807" classname="samplePackage.SampleTest"/>
  <testcase name="test1" time="14.360" classname="samplePackage.SampleTest"/>
  <testcase name="test1" time="2.751" classname="samplePackage.SampleTest"/>
  <testcase name="test1" time="2.760" classname="samplePackage.SampleTest"/>
  <testcase name="test1" time="3.276" classname="samplePackage.SampleTest"/>
  <testcase name="test1" time="3.344" classname="samplePackage.SampleTest"/>
  <testcase name="test1" time="2.860" classname="samplePackage.SampleTest"/>
  <testcase name="test1" time="2.734" classname="samplePackage.SampleTest"/>
  <testcase name="test1" time="4.156" classname="samplePackage.SampleTest"/>
  <testcase name="test1" time="0.000" classname="samplePackage.SampleTest"/>
  <testcase name="test1" time="2.766" classname="samplePackage.SampleTest"/>
  <testcase name="test1" time="2.869" classname="samplePackage.SampleTest"/>
  <testcase name="test1" time="9.282" classname="samplePackage.SampleTest"/>
  <testcase name="test1" time="2.765" classname="samplePackage.SampleTest"/>
  <testcase name="test1" time="0.000" classname="samplePackage.SampleTest"/>
  <testcase name="test1" time="4.540" classname="samplePackage.SampleTest"/>
  <testcase name="test1" time="3.087" classname="samplePackage.SampleTest"/>
  <testcase name="test1" time="3.110" classname="samplePackage.SampleTest"/>
  <testcase name="test1" time="2.751" classname="samplePackage.SampleTest"/>
  <testcase name="test1" time="2.846" classname="samplePackage.SampleTest"/>
  <testcase name="test1" time="3.922" classname="samplePackage.SampleTest"/>
  <testcase name="test1" time="0.000" classname="samplePackage.SampleTest"/>
  <testcase name="test1" time="2.990" classname="samplePackage.SampleTest"/>
  <testcase name="test1" time="2.734" classname="samplePackage.SampleTest"/>
  <testcase name="test1" time="2.922" classname="samplePackage.SampleTest"/>
  <testcase name="test1" time="2.907" classname="samplePackage.SampleTest"/>
  <testcase name="test1" time="4.656" classname="samplePackage.SampleTest"/>
  <testcase name="test1" time="2.845" classname="samplePackage.SampleTest"/>
  <testcase name="test1" time="0.000" classname="samplePackage.SampleTest"/>
  <testcase name="test1" time="3.015" classname="samplePackage.SampleTest"/>
  <testcase name="test1" time="0.015" classname="samplePackage.SampleTest"/>
  <testcase name="test1" time="0.016" classname="samplePackage.SampleTest"/>
  <testcase name="test1" time="5.641" classname="samplePackage.SampleTest"/>
  <testcase name="test1" time="2.734" classname="samplePackage.SampleTest"/>
  <testcase name="test1" time="2.782" classname="samplePackage.SampleTest"/>
  <testcase name="test1" time="0.000" classname="samplePackage.SampleTest"/>
  <testcase name="test1" time="2.750" classname="samplePackage.SampleTest"/>
  <testcase name="test1" time="3.015" classname="samplePackage.SampleTest"/>
  <testcase name="test1" time="3.175" classname="samplePackage.SampleTest"/>
  <testcase name="test1" time="0.000" classname="samplePackage.SampleTest"/>
  <testcase name="test1" time="3.282" classname="samplePackage.SampleTest"/>
  <testcase name="test1" time="3.056" classname="samplePackage.SampleTest"/>
  <testcase name="test1" time="3.113" classname="samplePackage.SampleTest"/>
  <testcase name="test1" time="0.000" classname="samplePackage.SampleTest"/>
  <testcase name="test1" time="2.703" classname="samplePackage.SampleTest"/>
  <testcase name="test1" time="3.872" classname="samplePackage.SampleTest"/>
  <testcase name="test1" time="2.703" classname="samplePackage.SampleTest"/>
  <testcase name="test1" time="5.766" classname="samplePackage.SampleTest"/>
  <testcase name="test1" time="2.751" classname="samplePackage.SampleTest"/>
  <testcase name="test1" time="3.270" classname="samplePackage.SampleTest"/>
  <testcase name="test1" time="3.766" classname="samplePackage.SampleTest"/>
  <testcase name="test1" time="2.928" classname="samplePackage.SampleTest"/>
  <testcase name="test1" time="2.719" classname="samplePackage.SampleTest"/>
  <testcase name="test1" time="3.858" classname="samplePackage.SampleTest"/>
  <testcase name="test1" time="2.500" classname="samplePackage.SampleTest"/>
  <testcase name="test1" time="3.406" classname="samplePackage.SampleTest"/>
  <testcase name="test1" time="2.907" classname="samplePackage.SampleTest"/>
  <testcase name="test1" time="2.719" classname="samplePackage.SampleTest"/>
  <testcase name="test1" time="2.984" classname="samplePackage.SampleTest"/>
  <testcase name="test1" time="2.703" classname="samplePackage.SampleTest"/>
  <testcase name="test1" time="2.704" classname="samplePackage.SampleTest"/>
  <testcase name="test1" time="2.938" classname="samplePackage.SampleTest"/>
  <testcase name="test1" time="2.735" classname="samplePackage.SampleTest"/>
  <testcase name="test1" time="4.234" classname="samplePackage.SampleTest"/>
  <testcase name="test1" time="2.787" classname="samplePackage.SampleTest"/>
  <testcase name="test1" time="0.000" classname="samplePackage.SampleTest"/>
  <testcase name="test1" time="2.718" classname="samplePackage.SampleTest"/>
  <testcase name="test1" time="0.016" classname="samplePackage.SampleTest"/>
  <testcase name="test1" time="3.235" classname="samplePackage.SampleTest"/>
  <testcase name="test1" time="2.703" classname="samplePackage.SampleTest"/>
  <testcase name="test1" time="2.985" classname="samplePackage.SampleTest"/>
  <testcase name="test1" time="8.501" classname="samplePackage.SampleTest"/>
  <testcase name="test1" time="4.328" classname="samplePackage.SampleTest"/>
  <testcase name="test1" time="0.000" classname="samplePackage.SampleTest"/>
  <testcase name="test1" time="0.016" classname="samplePackage.SampleTest"/>
  <testcase name="test1" time="3.344" classname="samplePackage.SampleTest"/>
  <testcase name="test1" time="0.000" classname="samplePackage.SampleTest"/>
  <testcase name="test1" time="2.734" classname="samplePackage.SampleTest"/>
  <testcase name="test1" time="3.003" classname="samplePackage.SampleTest"/>
  <testcase name="test1" time="2.750" classname="samplePackage.SampleTest"/>
  <testcase name="test1" time="3.054" classname="samplePackage.SampleTest"/>
  <testcase name="test1" time="3.922" classname="samplePackage.SampleTest"/>
  <testcase name="test1" time="4.083" classname="samplePackage.SampleTest"/>
  <testcase name="test1" time="0.000" classname="samplePackage.SampleTest"/>
  <testcase name="test1" time="2.844" classname="samplePackage.SampleTest"/>
  <testcase name="test1" time="2.703" classname="samplePackage.SampleTest"/>
  <testcase name="test1" time="0.000" classname="samplePackage.SampleTest"/>
  <testcase name="test1" time="3.547" classname="samplePackage.SampleTest"/>
  <testcase name="test1" time="0.000" classname="samplePackage.SampleTest"/>
  <testcase name="test1" time="3.141" classname="samplePackage.SampleTest"/>
  <testcase name="test1" time="2.875" classname="samplePackage.SampleTest"/>
  <testcase name="test1" time="2.812" classname="samplePackage.SampleTest"/>
  <testcase name="test1" time="3.000" classname="samplePackage.SampleTest"/>
  <testcase name="test1" time="3.266" classname="samplePackage.SampleTest"/>
  <testcase name="test1" time="2.897" classname="samplePackage.SampleTest"/>
  <testcase name="test1" time="3.110" classname="samplePackage.SampleTest"/>
  <testcase name="test1" time="0.015" classname="samplePackage.SampleTest"/>
  <testcase name="test1" time="4.047" classname="samplePackage.SampleTest"/>
  <testcase name="test1" time="4.480" classname="samplePackage.SampleTest"/>
  <testcase name="test1" time="0.000" classname="samplePackage.SampleTest"/>
  <testcase name="test1" time="2.813" classname="samplePackage.SampleTest"/>
  <testcase name="test1" time="5.459" classname="samplePackage.SampleTest"/>
  <testcase name="test1" time="2.781" classname="samplePackage.SampleTest"/>
  <testcase name="test1" time="2.983" classname="samplePackage.SampleTest"/>
  <testcase name="test1" time="0.000" classname="samplePackage.SampleTest"/>
  <testcase name="test1" time="3.254" classname="samplePackage.SampleTest"/>
  <testcase name="test1" time="4.315" classname="samplePackage.SampleTest"/>
  <testcase name="test1" time="0.000" classname="samplePackage.SampleTest"/>
  <testcase name="test1" time="3.266" classname="samplePackage.SampleTest"/>
  <testcase name="test1" time="4.503" classname="samplePackage.SampleTest"/>
  <testcase name="test1" time="0.016" classname="samplePackage.SampleTest"/>
  <testcase name="test1" time="4.375" classname="samplePackage.SampleTest"/>
  <testcase name="test1" time="3.203" classname="samplePackage.SampleTest"/>
  <testcase name="test1" time="3.281" classname="samplePackage.SampleTest"/>
  <testcase name="test1" time="0.000" classname="samplePackage.SampleTest"/>
  <testcase name="test1" time="2.813" classname="samplePackage.SampleTest"/>
  <testcase name="test1" time="2.875" classname="samplePackage.SampleTest"/>
  <testcase name="test1" time="4.651" classname="samplePackage.SampleTest"/>
  <testcase name="test1" time="3.187" classname="samplePackage.SampleTest"/>
  <testcase name="test1" time="0.000" classname="samplePackage.SampleTest"/>
  <testcase name="test1" time="3.875" classname="samplePackage.SampleTest"/>
  <testcase name="test1" time="0.000" classname="samplePackage.SampleTest"/>
  <testcase name="test1" time="2.946" classname="samplePackage.SampleTest"/>
  <testcase name="test1" time="0.015" classname="samplePackage.SampleTest"/>
  <testcase name="test1" time="3.750" classname="samplePackage.SampleTest"/>
  <testcase name="test1" time="2.829" classname="samplePackage.SampleTest"/>
  <testcase name="test1" time="0.000" classname="samplePackage.SampleTest"/>
  <testcase name="test1" time="0.000" classname="samplePackage.SampleTest"/>
  <testcase name="test1" time="0.000" classname="samplePackage.SampleTest"/>
  <testcase name="test1" time="2.735" classname="samplePackage.SampleTest"/>
  <testcase name="test1" time="2.765" classname="samplePackage.SampleTest"/>
  <testcase name="test1" time="2.719" classname="samplePackage.SampleTest"/>
  <testcase name="test1" time="0.000" classname="samplePackage.SampleTest"/>
  <testcase name="test1" time="3.297" classname="samplePackage.SampleTest"/>
  <testcase name="test1" time="3.234" classname="samplePackage.SampleTest"/>
  <testcase name="test1" time="2.781" classname="samplePackage.SampleTest"/>
  <testcase name="test1" time="0.000" classname="samplePackage.SampleTest"/>
  <testcase name="test1" time="12.766" classname="samplePackage.SampleTest"/>
  <testcase name="test1" time="2.922" classname="samplePackage.SampleTest"/>
  <testcase name="test1" time="2.797" classname="samplePackage.SampleTest"/>
  <testcase name="test1" time="3.360" classname="samplePackage.SampleTest"/>
  <testcase name="test1" time="0.000" classname="samplePackage.SampleTest"/>
  <testcase name="test1" time="2.794" classname="samplePackage.SampleTest"/>
  <testcase name="test1" time="0.015" classname="samplePackage.SampleTest"/>
  <testcase name="test1" time="2.922" classname="samplePackage.SampleTest"/>
  <testcase name="test1" time="2.906" classname="samplePackage.SampleTest"/>
  <testcase name="test1" time="10.875" classname="samplePackage.SampleTest"/>
  <testcase name="test1" time="3.075" classname="samplePackage.SampleTest"/>
  <testcase name="test1" time="2.812" classname="samplePackage.SampleTest"/>
  <testcase name="test1" time="3.703" classname="samplePackage.SampleTest"/>
  <testcase name="test1" time="3.390" classname="samplePackage.SampleTest"/>
  <testcase name="test1" time="0.000" classname="samplePackage.SampleTest"/>
  <testcase name="test1" time="0.000" classname="samplePackage.SampleTest"/>
  <testcase name="test1" time="3.094" classname="samplePackage.SampleTest"/>
  <testcase name="test1" time="3.250" classname="samplePackage.SampleTest"/>
  <testcase name="test1" time="2.750" classname="samplePackage.SampleTest"/>
  <testcase name="test1" time="0.000" classname="samplePackage.SampleTest"/>
  <testcase name="test1" time="2.719" classname="samplePackage.SampleTest"/>
  <testcase name="test1" time="6.828" classname="samplePackage.SampleTest"/>
  <testcase name="test1" time="0.000" classname="samplePackage.SampleTest"/>
  <testcase name="test1" time="2.734" classname="samplePackage.SampleTest"/>
  <testcase name="test1" time="0.016" classname="samplePackage.SampleTest"/>
  <testcase name="test1" time="3.783" classname="samplePackage.SampleTest"/>
  <testcase name="test1" time="0.000" classname="samplePackage.SampleTest"/>
  <testcase name="test1" time="0.000" classname="samplePackage.SampleTest"/>
  <testcase name="test1" time="2.734" classname="samplePackage.SampleTest"/>
  <testcase name="test1" time="2.812" classname="samplePackage.SampleTest"/>
  <testcase name="test1" time="2.969" classname="samplePackage.SampleTest"/>
  <testcase name="test1" time="0.000" classname="samplePackage.SampleTest"/>
  <testcase name="test1" time="2.575" classname="samplePackage.SampleTest"/>
  <testcase name="test1" time="3.676" classname="samplePackage.SampleTest"/>
  <testcase name="test1" time="0.000" classname="samplePackage.SampleTest"/>
  <testcase name="test1" time="2.688" classname="samplePackage.SampleTest"/>
  <testcase name="test1" time="41.497" classname="samplePackage.SampleTest"/>
  <testcase name="test1" time="3.063" classname="samplePackage.SampleTest"/>
  <testcase name="test1" time="3.721" classname="samplePackage.SampleTest"/>
  <testcase name="test1" time="4.876" classname="samplePackage.SampleTest"/>
  <testcase name="test1" time="0.000" classname="samplePackage.SampleTest"/>
  <testcase name="test1" time="3.234" classname="samplePackage.SampleTest"/>
  <testcase name="test1" time="2.906" classname="samplePackage.SampleTest"/>
  <testcase name="test1" time="0.015" classname="samplePackage.SampleTest"/>
  <testcase name="test1" time="0.015" classname="samplePackage.SampleTest"/>
  <testcase name="test1" time="0.000" classname="samplePackage.SampleTest"/>
  <testcase name="test1" time="3.000" classname="samplePackage.SampleTest"/>
  <testcase name="test1" time="3.766" classname="samplePackage.SampleTest"/>
  <testcase name="test1" time="0.016" classname="samplePackage.SampleTest"/>
  <testcase name="test1" time="2.704" classname="samplePackage.SampleTest"/>
  <testcase name="test1" time="2.922" classname="samplePackage.SampleTest"/>
  <testcase name="test1" time="2.750" classname="samplePackage.SampleTest"/>
  <testcase name="test1" time="2.719" classname="samplePackage.SampleTest"/>
  <testcase name="test1" time="3.344" classname="samplePackage.SampleTest"/>
  <testcase name="test1" time="0.000" classname="samplePackage.SampleTest"/>
  <testcase name="test1" time="0.000" classname="samplePackage.SampleTest"/>
  <testcase name="test1" time="2.751" classname="samplePackage.SampleTest"/>
  <testcase name="test1" time="3.172" classname="samplePackage.SampleTest"/>
  <testcase name="test1" time="0.000" classname="samplePackage.SampleTest"/>
  <testcase name="test1" time="3.047" classname="samplePackage.SampleTest"/>
  <testcase name="test1" time="3.235" classname="samplePackage.SampleTest"/>
  <testcase name="test1" time="3.172" classname="samplePackage.SampleTest"/>
  <testcase name="test1" time="4.697" classname="samplePackage.SampleTest"/>
  <testcase name="test1" time="4.217" classname="samplePackage.SampleTest"/>
  <testcase name="test1" time="3.781" classname="samplePackage.SampleTest"/>
  <testcase name="test1" time="3.329" classname="samplePackage.SampleTest"/>
  <testcase name="test1" time="3.157" classname="samplePackage.SampleTest"/>
  <testcase name="test1" time="3.172" classname="samplePackage.SampleTest"/>
  <testcase name="test1" time="2.782" classname="samplePackage.SampleTest"/>
  <testcase name="test1" time="3.625" classname="samplePackage.SampleTest"/>
  <testcase name="test1" time="2.928" classname="samplePackage.SampleTest"/>
  <testcase name="test1" time="3.896" classname="samplePackage.SampleTest"/>
  <testcase name="test1" time="2.890" classname="samplePackage.SampleTest"/>
  <testcase name="test1" time="3.453" classname="samplePackage.SampleTest"/>
  <testcase name="test1" time="4.376" classname="samplePackage.SampleTest"/>
  <testcase name="test1" time="2.672" classname="samplePackage.SampleTest"/>
  <testcase name="test1" time="2.735" classname="samplePackage.SampleTest"/>
  <testcase name="test1" time="3.248" classname="samplePackage.SampleTest"/>
  <testcase name="test1" time="2.750" classname="samplePackage.SampleTest"/>
  <testcase name="test1" time="3.297" classname="samplePackage.SampleTest"/>
  <testcase name="test1" time="2.734" classname="samplePackage.SampleTest"/>
  <testcase name="test1" time="0.000" classname="samplePackage.SampleTest"/>
  <testcase name="test1" time="3.068" classname="samplePackage.SampleTest"/>
  <testcase name="test1" time="3.375" classname="samplePackage.SampleTest"/>
  <testcase name="test1" time="2.735" classname="samplePackage.SampleTest"/>
  <testcase name="test1" time="2.735" classname="samplePackage.SampleTest"/>
  <testcase name="test1" time="4.204" classname="samplePackage.SampleTest"/>
  <testcase name="test1" time="2.594" classname="samplePackage.SampleTest"/>
  <testcase name="test1" time="3.797" classname="samplePackage.SampleTest"/>
  <testcase name="test1" time="0.000" classname="samplePackage.SampleTest"/>
  <testcase name="test1" time="2.734" classname="samplePackage.SampleTest"/>
  <testcase name="test1" time="0.000" classname="samplePackage.SampleTest"/>
  <testcase name="test1" time="2.906" classname="samplePackage.SampleTest"/>
  <testcase name="test1" time="0.000" classname="samplePackage.SampleTest"/>
  <testcase name="test1" time="3.937" classname="samplePackage.SampleTest"/>
  <testcase name="test1" time="0.000" classname="samplePackage.SampleTest"/>
  <testcase name="test1" time="2.750" classname="samplePackage.SampleTest"/>
  <testcase name="test1" time="118.051" classname="samplePackage.SampleTest"/>
  <testcase name="test1" time="2.614" classname="samplePackage.SampleTest"/>
  <testcase name="test1" time="0.000" classname="samplePackage.SampleTest"/>
  <testcase name="test1" time="0.000" classname="samplePackage.SampleTest"/>
  <testcase name="test1" time="4.281" classname="samplePackage.SampleTest"/>
  <testcase name="test1" time="0.000" classname="samplePackage.SampleTest"/>
  <testcase name="test1" time="3.125" classname="samplePackage.SampleTest"/>
  <testcase name="test1" time="3.750" classname="samplePackage.SampleTest"/>
  <testcase name="test1" time="2.953" classname="samplePackage.SampleTest"/>
  <testcase name="test1" time="0.000" classname="samplePackage.SampleTest"/>
  <testcase name="test1" time="0.000" classname="samplePackage.SampleTest"/>
  <testcase name="test1" time="3.453" classname="samplePackage.SampleTest"/>
  <testcase name="test1" time="0.016" classname="samplePackage.SampleTest"/>
  <testcase name="test1" time="2.875" classname="samplePackage.SampleTest"/>
  <testcase name="test1" time="2.937" classname="samplePackage.SampleTest"/>
  <testcase name="test1" time="0.000" classname="samplePackage.SampleTest"/>
  <testcase name="test1" time="0.000" classname="samplePackage.SampleTest"/>
  <testcase name="test1" time="2.699" classname="samplePackage.SampleTest"/>
  <testcase name="test1" time="2.719" classname="samplePackage.SampleTest"/>
  <testcase name="test1" time="3.453" classname="samplePackage.SampleTest"/>
  <testcase name="test1" time="3.172" classname="samplePackage.SampleTest"/>
  <testcase name="test1" time="3.250" classname="samplePackage.SampleTest"/>
  <testcase name="test1" time="0.000" classname="samplePackage.SampleTest"/>
  <testcase name="test1" time="0.000" classname="samplePackage.SampleTest"/>
  <testcase name="test1" time="0.000" classname="samplePackage.SampleTest"/>
  <testcase name="test1" time="0.016" classname="samplePackage.SampleTest"/>
  <testcase name="test1" time="2.766" classname="samplePackage.SampleTest"/>
  <testcase name="test1" time="2.719" classname="samplePackage.SampleTest"/>
  <testcase name="test1" time="0.000" classname="samplePackage.SampleTest"/>
  <testcase name="test1" time="2.704" classname="samplePackage.SampleTest"/>
  <testcase name="test1" time="2.797" classname="samplePackage.SampleTest"/>
  <testcase name="test1" time="4.047" classname="samplePackage.SampleTest"/>
  <testcase name="test1" time="2.781" classname="samplePackage.SampleTest"/>
  <testcase name="test1" time="3.282" classname="samplePackage.SampleTest"/>
  <testcase name="test1" time="2.672" classname="samplePackage.SampleTest"/>
  <testcase name="test1" time="2.907" classname="samplePackage.SampleTest"/>
  <testcase name="test1" time="4.117" classname="samplePackage.SampleTest"/>
  <testcase name="test1" time="3.281" classname="samplePackage.SampleTest"/>
  <testcase name="test1" time="3.531" classname="samplePackage.SampleTest"/>
  <testcase name="test1" time="2.704" classname="samplePackage.SampleTest"/>
  <testcase name="test1" time="0.000" classname="samplePackage.SampleTest"/>
  <testcase name="test1" time="2.877" classname="samplePackage.SampleTest"/>
  <testcase name="test1" time="2.860" classname="samplePackage.SampleTest"/>
  <testcase name="test1" time="3.158" classname="samplePackage.SampleTest"/>
  <testcase name="test1" time="2.734" classname="samplePackage.SampleTest"/>
  <testcase name="test1" time="2.922" classname="samplePackage.SampleTest"/>
  <testcase name="test1" time="3.797" classname="samplePackage.SampleTest"/>
  <testcase name="test1" time="3.117" classname="samplePackage.SampleTest"/>
  <testcase name="test1" time="3.422" classname="samplePackage.SampleTest"/>
  <testcase name="test1" time="0.016" classname="samplePackage.SampleTest"/>
  <testcase name="test1" time="3.938" classname="samplePackage.SampleTest"/>
  <testcase name="test1" time="3.906" classname="samplePackage.SampleTest"/>
  <testcase name="test1" time="0.015" classname="samplePackage.SampleTest"/>
  <testcase name="test1" time="3.188" classname="samplePackage.SampleTest"/>
  <testcase name="test1" time="2.797" classname="samplePackage.SampleTest"/>
  <testcase name="test1" time="0.000" classname="samplePackage.SampleTest"/>
  <testcase name="test1" time="2.776" classname="samplePackage.SampleTest"/>
  <testcase name="test1" time="2.985" classname="samplePackage.SampleTest"/>
  <testcase name="test1" time="3.078" classname="samplePackage.SampleTest"/>
  <testcase name="test1" time="3.688" classname="samplePackage.SampleTest"/>
  <testcase name="test1" time="2.799" classname="samplePackage.SampleTest"/>
  <testcase name="test1" time="2.719" classname="samplePackage.SampleTest"/>
  <testcase name="test1" time="3.219" classname="samplePackage.SampleTest"/>
  <testcase name="test1" time="3.097" classname="samplePackage.SampleTest"/>
  <testcase name="test1" time="3.328" classname="samplePackage.SampleTest"/>
  <testcase name="test1" time="0.000" classname="samplePackage.SampleTest"/>
  <testcase name="test1" time="2.984" classname="samplePackage.SampleTest"/>
  <testcase name="test1" time="0.000" classname="samplePackage.SampleTest"/>
  <testcase name="test1" time="3.391" classname="samplePackage.SampleTest"/>
  <testcase name="test1" time="4.023" classname="samplePackage.SampleTest"/>
  <testcase name="test1" time="2.734" classname="samplePackage.SampleTest"/>
  <testcase name="test1" time="0.000" classname="samplePackage.SampleTest"/>
  <testcase name="test1" time="0.016" classname="samplePackage.SampleTest"/>
  <testcase name="test1" time="2.860" classname="samplePackage.SampleTest"/>
  <testcase name="test1" time="2.750" classname="samplePackage.SampleTest"/>
  <testcase name="test1" time="3.219" classname="samplePackage.SampleTest"/>
  <testcase name="test1" time="0.016" classname="samplePackage.SampleTest"/>
  <testcase name="test1" time="2.891" classname="samplePackage.SampleTest"/>
  <testcase name="test1" time="2.734" classname="samplePackage.SampleTest"/>
  <testcase name="test1" time="4.578" classname="samplePackage.SampleTest"/>
  <testcase name="test1" time="3.094" classname="samplePackage.SampleTest"/>
  <testcase name="test1" time="0.000" classname="samplePackage.SampleTest"/>
  <testcase name="test1" time="2.782" classname="samplePackage.SampleTest"/>
  <testcase name="test1" time="3.126" classname="samplePackage.SampleTest"/>
  <testcase name="test1" time="0.000" classname="samplePackage.SampleTest"/>
  <testcase name="test1" time="0.000" classname="samplePackage.SampleTest"/>
  <testcase name="test1" time="0.000" classname="samplePackage.SampleTest"/>
  <testcase name="test1" time="2.875" classname="samplePackage.SampleTest"/>
  <testcase name="test1" time="2.797" classname="samplePackage.SampleTest"/>
  <testcase name="test1" time="0.000" classname="samplePackage.SampleTest"/>
  <testcase name="test1" time="3.108" classname="samplePackage.SampleTest"/>
  <testcase name="test1" time="2.501" classname="samplePackage.SampleTest"/>
  <testcase name="test1" time="4.508" classname="samplePackage.SampleTest"/>
  <testcase name="test1" time="0.000" classname="samplePackage.SampleTest"/>
  <testcase name="test1" time="3.031" classname="samplePackage.SampleTest"/>
  <testcase name="test1" time="3.149" classname="samplePackage.SampleTest"/>
  <testcase name="test1" time="2.781" classname="samplePackage.SampleTest"/>
  <testcase name="test1" time="2.844" classname="samplePackage.SampleTest"/>
  <testcase name="test1" time="3.493" classname="samplePackage.SampleTest"/>
  <testcase name="test1" time="0.000" classname="samplePackage.SampleTest"/>
  <testcase name="test1" time="2.703" classname="samplePackage.SampleTest"/>
  <testcase name="test1" time="2.734" classname="samplePackage.SampleTest"/>
  <testcase name="test1" time="0.000" classname="samplePackage.SampleTest"/>
  <testcase name="test1" time="3.360" classname="samplePackage.SampleTest"/>
  <testcase name="test1" time="0.000" classname="samplePackage.SampleTest"/>
  <testcase name="test1" time="3.313" classname="samplePackage.SampleTest"/>
  <testcase name="test1" time="2.735" classname="samplePackage.SampleTest"/>
  <testcase name="test1" time="3.164" classname="samplePackage.SampleTest"/>
  <testcase name="test1" time="0.000" classname="samplePackage.SampleTest"/>
  <testcase name="test1" time="0.000" classname="samplePackage.SampleTest"/>
  <testcase name="test1" time="3.000" classname="samplePackage.SampleTest"/>
  <testcase name="test1" time="3.734" classname="samplePackage.SampleTest"/>
  <testcase name="test1" time="3.203" classname="samplePackage.SampleTest"/>
  <testcase name="test1" time="4.407" classname="samplePackage.SampleTest"/>
  <testcase name="test1" time="2.780" classname="samplePackage.SampleTest"/>
  <testcase name="test1" time="3.844" classname="samplePackage.SampleTest"/>
  <testcase name="test1" time="2.922" classname="samplePackage.SampleTest"/>
  <testcase name="test1" time="3.032" classname="samplePackage.SampleTest"/>
  <testcase name="test1" time="2.797" classname="samplePackage.SampleTest"/>
  <testcase name="test1" time="3.531" classname="samplePackage.SampleTest"/>
  <testcase name="test1" time="3.328" classname="samplePackage.SampleTest"/>
  <testcase name="test1" time="3.083" classname="samplePackage.SampleTest"/>
  <testcase name="test1" time="3.890" classname="samplePackage.SampleTest"/>
  <testcase name="test1" time="4.251" classname="samplePackage.SampleTest"/>
  <testcase name="test1" time="3.750" classname="samplePackage.SampleTest"/>
  <testcase name="test1" time="2.735" classname="samplePackage.SampleTest"/>
  <testcase name="test1" time="0.000" classname="samplePackage.SampleTest"/>
  <testcase name="test1" time="2.891" classname="samplePackage.SampleTest"/>
  <testcase name="test1" time="0.000" classname="samplePackage.SampleTest"/>
  <testcase name="test1" time="0.016" classname="samplePackage.SampleTest"/>
  <testcase name="test1" time="0.000" classname="samplePackage.SampleTest"/>
  <testcase name="test1" time="2.516" classname="samplePackage.SampleTest"/>
  <testcase name="test1" time="0.000" classname="samplePackage.SampleTest"/>
  <testcase name="test1" time="0.000" classname="samplePackage.SampleTest"/>
  <testcase name="test1" time="2.985" classname="samplePackage.SampleTest"/>
  <testcase name="test1" time="2.797" classname="samplePackage.SampleTest"/>
  <testcase name="test1" time="2.750" classname="samplePackage.SampleTest"/>
  <testcase name="test1" time="2.938" classname="samplePackage.SampleTest"/>
  <testcase name="test1" time="2.750" classname="samplePackage.SampleTest"/>
  <testcase name="test1" time="2.751" classname="samplePackage.SampleTest"/>
  <testcase name="test1" time="0.016" classname="samplePackage.SampleTest"/>
  <testcase name="test1" time="0.016" classname="samplePackage.SampleTest"/>
  <testcase name="test1" time="0.000" classname="samplePackage.SampleTest"/>
  <testcase name="test1" time="2.891" classname="samplePackage.SampleTest"/>
  <testcase name="test1" time="2.734" classname="samplePackage.SampleTest"/>
  <testcase name="test1" time="3.329" classname="samplePackage.SampleTest"/>
  <testcase name="test1" time="0.000" classname="samplePackage.SampleTest"/>
  <testcase name="test1" time="3.250" classname="samplePackage.SampleTest"/>
  <testcase name="test1" time="0.000" classname="samplePackage.SampleTest"/>
  <testcase name="test1" time="0.000" classname="samplePackage.SampleTest"/>
  <testcase name="test1" time="2.766" classname="samplePackage.SampleTest"/>
  <testcase name="test1" time="2.813" classname="samplePackage.SampleTest"/>
  <testcase name="test1" time="3.312" classname="samplePackage.SampleTest"/>
  <testcase name="test1" time="2.808" classname="samplePackage.SampleTest"/>
  <testcase name="test1" time="0.016" classname="samplePackage.SampleTest"/>
  <testcase name="test1" time="0.000" classname="samplePackage.SampleTest"/>
  <testcase name="test1" time="3.045" classname="samplePackage.SampleTest"/>
  <testcase name="test1" time="2.719" classname="samplePackage.SampleTest"/>
  <testcase name="test1" time="2.751" classname="samplePackage.SampleTest"/>
  <testcase name="test1" time="0.000" classname="samplePackage.SampleTest"/>
  <testcase name="test1" time="4.250" classname="samplePackage.SampleTest"/>
  <testcase name="test1" time="5.616" classname="samplePackage.SampleTest"/>
  <testcase name="test1" time="3.375" classname="samplePackage.SampleTest"/>
  <testcase name="test1" time="3.110" classname="samplePackage.SampleTest"/>
  <testcase name="test1" time="2.937" classname="samplePackage.SampleTest"/>
  <testcase name="test1" time="2.813" classname="samplePackage.SampleTest"/>
  <testcase name="test1" time="2.944" classname="samplePackage.SampleTest"/>
  <testcase name="test1" time="2.795" classname="samplePackage.SampleTest"/>
  <testcase name="test1" time="2.750" classname="samplePackage.SampleTest"/>
  <testcase name="test1" time="2.703" classname="samplePackage.SampleTest"/>
  <testcase name="test1" time="3.083" classname="samplePackage.SampleTest"/>
  <testcase name="test1" time="2.734" classname="samplePackage.SampleTest"/>
  <testcase name="test1" time="3.375" classname="samplePackage.SampleTest"/>
  <testcase name="test1" time="0.000" classname="samplePackage.SampleTest"/>
  <testcase name="test1" time="3.063" classname="samplePackage.SampleTest"/>
  <testcase name="test1" time="2.951" classname="samplePackage.SampleTest"/>
  <testcase name="test1" time="3.789" classname="samplePackage.SampleTest"/>
  <testcase name="test1" time="2.866" classname="samplePackage.SampleTest"/>
  <testcase name="test1" time="0.016" classname="samplePackage.SampleTest"/>
  <testcase name="test1" time="0.016" classname="samplePackage.SampleTest"/>
  <testcase name="test1" time="2.766" classname="samplePackage.SampleTest"/>
  <testcase name="test1" time="0.016" classname="samplePackage.SampleTest"/>
  <testcase name="test1" time="0.000" classname="samplePackage.SampleTest"/>
  <testcase name="test1" time="3.266" classname="samplePackage.SampleTest"/>
  <testcase name="test1" time="3.204" classname="samplePackage.SampleTest"/>
  <testcase name="test1" time="2.844" classname="samplePackage.SampleTest"/>
  <testcase name="test1" time="0.000" classname="samplePackage.SampleTest"/>
  <testcase name="test1" time="3.172" classname="samplePackage.SampleTest"/>
  <testcase name="test1" time="0.000" classname="samplePackage.SampleTest"/>
  <testcase name="test1" time="0.000" classname="samplePackage.SampleTest"/>
  <testcase name="test1" time="2.875" classname="samplePackage.SampleTest"/>
  <testcase name="test1" time="3.235" classname="samplePackage.SampleTest"/>
  <testcase name="test1" time="3.156" classname="samplePackage.SampleTest"/>
  <testcase name="test1" time="4.102" classname="samplePackage.SampleTest"/>
  <testcase name="test1" time="3.547" classname="samplePackage.SampleTest"/>
  <testcase name="test1" time="4.516" classname="samplePackage.SampleTest"/>
  <testcase name="test1" time="7.766" classname="samplePackage.SampleTest"/>
  <testcase name="test1" time="2.750" classname="samplePackage.SampleTest"/>
  <testcase name="test1" time="0.000" classname="samplePackage.SampleTest"/>
  <testcase name="test1" time="0.016" classname="samplePackage.SampleTest"/>
  <testcase name="test1" time="3.032" classname="samplePackage.SampleTest"/>
  <testcase name="test1" time="3.751" classname="samplePackage.SampleTest"/>
  <testcase name="test1" time="0.000" classname="samplePackage.SampleTest"/>
  <testcase name="test1" time="3.078" classname="samplePackage.SampleTest"/>
  <testcase name="test1" time="2.734" classname="samplePackage.SampleTest"/>
  <testcase name="test1" time="0.000" classname="samplePackage.SampleTest"/>
  <testcase name="test1" time="3.328" classname="samplePackage.SampleTest"/>
  <testcase name="test1" time="3.156" classname="samplePackage.SampleTest"/>
  <testcase name="test1" time="0.000" classname="samplePackage.SampleTest"/>
  <testcase name="test1" time="0.000" classname="samplePackage.SampleTest"/>
  <testcase name="test1" time="2.881" classname="samplePackage.SampleTest"/>
  <testcase name="test1" time="0.000" classname="samplePackage.SampleTest"/>
  <testcase name="test1" time="3.035" classname="samplePackage.SampleTest"/>
  <testcase name="test1" time="4.653" classname="samplePackage.SampleTest"/>
  <testcase name="test1" time="3.438" classname="samplePackage.SampleTest"/>
  <testcase name="test1" time="5.844" classname="samplePackage.SampleTest"/>
  <testcase name="test1" time="0.000" classname="samplePackage.SampleTest"/>
  <testcase name="test1" time="4.625" classname="samplePackage.SampleTest"/>
  <testcase name="test1" time="4.541" classname="samplePackage.SampleTest"/>
  <testcase name="test1" time="0.000" classname="samplePackage.SampleTest"/>
  <testcase name="test1" time="4.619" classname="samplePackage.SampleTest"/>
  <testcase name="test1" time="4.079" classname="samplePackage.SampleTest"/>
  <testcase name="test1" time="2.938" classname="samplePackage.SampleTest"/>
  <testcase name="test1" time="0.000" classname="samplePackage.SampleTest"/>
  <testcase name="test1" time="3.557" classname="samplePackage.SampleTest"/>
  <testcase name="test1" time="0.000" classname="samplePackage.SampleTest"/>
  <testcase name="test1" time="3.063" classname="samplePackage.SampleTest"/>
  <testcase name="test1" time="3.953" classname="samplePackage.SampleTest"/>
  <testcase name="test1" time="3.500" classname="samplePackage.SampleTest"/>
  <testcase name="test1" time="3.266" classname="samplePackage.SampleTest"/>
  <testcase name="test1" time="2.765" classname="samplePackage.SampleTest"/>
  <testcase name="test1" time="0.000" classname="samplePackage.SampleTest"/>
  <testcase name="test1" time="3.266" classname="samplePackage.SampleTest"/>
  <testcase name="test1" time="10.345" classname="samplePackage.SampleTest"/>
  <testcase name="test1" time="5.688" classname="samplePackage.SampleTest"/>
  <testcase name="test1" time="4.375" classname="samplePackage.SampleTest"/>
  <testcase name="test1" time="0.015" classname="samplePackage.SampleTest"/>
  <testcase name="test1" time="2.908" classname="samplePackage.SampleTest"/>
  <testcase name="test1" time="0.000" classname="samplePackage.SampleTest"/>
  <testcase name="test1" time="2.735" classname="samplePackage.SampleTest"/>
  <testcase name="test1" time="0.000" classname="samplePackage.SampleTest"/>
  <testcase name="test1" time="3.359" classname="samplePackage.SampleTest"/>
  <testcase name="test1" time="0.000" classname="samplePackage.SampleTest"/>
  <testcase name="test1" time="3.360" classname="samplePackage.SampleTest"/>
  <testcase name="test1" time="0.000" classname="samplePackage.SampleTest"/>
  <testcase name="test1" time="7.704" classname="samplePackage.SampleTest"/>
  <testcase name="test1" time="0.000" classname="samplePackage.SampleTest"/>
  <testcase name="test1" time="0.000" classname="samplePackage.SampleTest"/>
  <testcase name="test1" time="4.609" classname="samplePackage.SampleTest"/>
  <testcase name="test1" time="2.797" classname="samplePackage.SampleTest"/>
  <testcase name="test1" time="0.016" classname="samplePackage.SampleTest"/>
  <testcase name="test1" time="0.000" classname="samplePackage.SampleTest"/>
  <testcase name="test1" time="2.829" classname="samplePackage.SampleTest"/>
  <testcase name="test1" time="3.357" classname="samplePackage.SampleTest"/>
  <testcase name="test1" time="0.000" classname="samplePackage.SampleTest"/>
  <testcase name="test1" time="3.656" classname="samplePackage.SampleTest"/>
  <testcase name="test1" time="2.842" classname="samplePackage.SampleTest"/>
  <testcase name="test1" time="2.703" classname="samplePackage.SampleTest"/>
  <testcase name="test1" time="3.172" classname="samplePackage.SampleTest"/>
  <testcase name="test1" time="3.641" classname="samplePackage.SampleTest"/>
  <testcase name="test1" time="2.826" classname="samplePackage.SampleTest"/>
  <testcase name="test1" time="0.000" classname="samplePackage.SampleTest"/>
  <testcase name="test1" time="2.792" classname="samplePackage.SampleTest"/>
  <testcase name="test1" time="0.015" classname="samplePackage.SampleTest"/>
  <testcase name="test1" time="0.000" classname="samplePackage.SampleTest"/>
  <testcase name="test1" time="2.704" classname="samplePackage.SampleTest"/>
  <testcase name="test1" time="2.940" classname="samplePackage.SampleTest"/>
  <testcase name="test1" time="2.750" classname="samplePackage.SampleTest"/>
  <testcase name="test1" time="3.328" classname="samplePackage.SampleTest"/>
  <testcase name="test1" time="0.000" classname="samplePackage.SampleTest"/>
  <testcase name="test1" time="2.954" classname="samplePackage.SampleTest"/>
  <testcase name="test1" time="0.000" classname="samplePackage.SampleTest"/>
  <testcase name="test1" time="0.015" classname="samplePackage.SampleTest"/>
  <testcase name="test1" time="0.000" classname="samplePackage.SampleTest"/>
  <testcase name="test1" time="3.438" classname="samplePackage.SampleTest"/>
  <testcase name="test1" time="0.016" classname="samplePackage.SampleTest"/>
  <testcase name="test1" time="3.438" classname="samplePackage.SampleTest"/>
  <testcase name="test1" time="2.823" classname="samplePackage.SampleTest"/>
  <testcase name="test1" time="5.188" classname="samplePackage.SampleTest"/>
  <testcase name="test1" time="2.813" classname="samplePackage.SampleTest"/>
  <testcase name="test1" time="3.344" classname="samplePackage.SampleTest"/>
  <testcase name="test1" time="2.855" classname="samplePackage.SampleTest"/>
  <testcase name="test1" time="3.406" classname="samplePackage.SampleTest"/>
  <testcase name="test1" time="0.015" classname="samplePackage.SampleTest"/>
  <testcase name="test1" time="2.782" classname="samplePackage.SampleTest"/>
  <testcase name="test1" time="3.187" classname="samplePackage.SampleTest"/>
  <testcase name="test1" time="0.016" classname="samplePackage.SampleTest"/>
  <testcase name="test1" time="3.000" classname="samplePackage.SampleTest"/>
  <testcase name="test1" time="2.735" classname="samplePackage.SampleTest"/>
  <testcase name="test1" time="0.000" classname="samplePackage.SampleTest"/>
  <testcase name="test1" time="3.797" classname="samplePackage.SampleTest"/>
  <testcase name="test1" time="2.719" classname="samplePackage.SampleTest"/>
  <testcase name="test1" time="2.936" classname="samplePackage.SampleTest"/>
  <testcase name="test1" time="4.828" classname="samplePackage.SampleTest"/>
  <testcase name="test1" time="0.000" classname="samplePackage.SampleTest"/>
  <testcase name="test1" time="4.391" classname="samplePackage.SampleTest"/>
  <testcase name="test1" time="2.750" classname="samplePackage.SampleTest"/>
  <testcase name="test1" time="3.000" classname="samplePackage.SampleTest"/>
  <testcase name="test1" time="0.015" classname="samplePackage.SampleTest"/>
  <testcase name="test1" time="2.917" classname="samplePackage.SampleTest"/>
  <testcase name="test1" time="0.000" classname="samplePackage.SampleTest"/>
  <testcase name="test1" time="3.524" classname="samplePackage.SampleTest"/>
  <testcase name="test1" time="2.781" classname="samplePackage.SampleTest"/>
  <testcase name="test1" time="7.094" classname="samplePackage.SampleTest"/>
  <testcase name="test1" time="3.735" classname="samplePackage.SampleTest"/>
  <testcase name="test1" time="0.000" classname="samplePackage.SampleTest"/>
  <testcase name="test1" time="3.109" classname="samplePackage.SampleTest"/>
  <testcase name="test1" time="3.579" classname="samplePackage.SampleTest"/>
  <testcase name="test1" time="3.594" classname="samplePackage.SampleTest"/>
  <testcase name="test1" time="0.000" classname="samplePackage.SampleTest"/>
  <testcase name="test1" time="0.000" classname="samplePackage.SampleTest"/>
  <testcase name="test1" time="3.125" classname="samplePackage.SampleTest"/>
  <testcase name="test1" time="2.672" classname="samplePackage.SampleTest"/>
  <testcase name="test1" time="3.407" classname="samplePackage.SampleTest"/>
  <testcase name="test1" time="2.750" classname="samplePackage.SampleTest"/>
  <testcase name="test1" time="2.937" classname="samplePackage.SampleTest"/>
  <testcase name="test1" time="2.805" classname="samplePackage.SampleTest"/>
  <testcase name="test1" time="0.000" classname="samplePackage.SampleTest"/>
  <testcase name="test1" time="0.000" classname="samplePackage.SampleTest"/>
  <testcase name="test1" time="2.735" classname="samplePackage.SampleTest"/>
  <testcase name="test1" time="12.344" classname="samplePackage.SampleTest"/>
  <testcase name="test1" time="2.750" classname="samplePackage.SampleTest"/>
  <testcase name="test1" time="0.000" classname="samplePackage.SampleTest"/>
  <testcase name="test1" time="0.000" classname="samplePackage.SampleTest"/>
  <testcase name="test1" time="2.984" classname="samplePackage.SampleTest"/>
  <testcase name="test1" time="2.797" classname="samplePackage.SampleTest"/>
  <testcase name="test1" time="3.251" classname="samplePackage.SampleTest"/>
  <testcase name="test1" time="3.516" classname="samplePackage.SampleTest"/>
  <testcase name="test1" time="3.625" classname="samplePackage.SampleTest"/>
  <testcase name="test1" time="2.750" classname="samplePackage.SampleTest"/>
  <testcase name="test1" time="2.797" classname="samplePackage.SampleTest"/>
  <testcase name="test1" time="2.834" classname="samplePackage.SampleTest"/>
  <testcase name="test1" time="3.586" classname="samplePackage.SampleTest"/>
  <testcase name="test1" time="2.931" classname="samplePackage.SampleTest"/>
  <testcase name="test1" time="4.146" classname="samplePackage.SampleTest"/>
  <testcase name="test1" time="2.922" classname="samplePackage.SampleTest"/>
  <testcase name="test1" time="2.825" classname="samplePackage.SampleTest"/>
  <testcase name="test1" time="3.938" classname="samplePackage.SampleTest"/>
  <testcase name="test1" time="0.000" classname="samplePackage.SampleTest"/>
  <testcase name="test1" time="3.031" classname="samplePackage.SampleTest"/>
  <testcase name="test1" time="3.078" classname="samplePackage.SampleTest"/>
  <testcase name="test1" time="2.875" classname="samplePackage.SampleTest"/>
  <testcase name="test1" time="3.063" classname="samplePackage.SampleTest"/>
  <testcase name="test1" time="0.016" classname="samplePackage.SampleTest"/>
  <testcase name="test1" time="0.016" classname="samplePackage.SampleTest"/>
  <testcase name="test1" time="0.015" classname="samplePackage.SampleTest"/>
  <testcase name="test1" time="0.000" classname="samplePackage.SampleTest"/>
  <testcase name="test1" time="3.750" classname="samplePackage.SampleTest"/>
  <testcase name="test1" time="0.000" classname="samplePackage.SampleTest"/>
  <testcase name="test1" time="3.062" classname="samplePackage.SampleTest"/>
  <testcase name="test1" time="0.000" classname="samplePackage.SampleTest"/>
  <testcase name="test1" time="3.921" classname="samplePackage.SampleTest"/>
  <testcase name="test1" time="3.250" classname="samplePackage.SampleTest"/>
  <testcase name="test1" time="0.000" classname="samplePackage.SampleTest"/>
  <testcase name="test1" time="0.000" classname="samplePackage.SampleTest"/>
  <testcase name="test1" time="0.015" classname="samplePackage.SampleTest"/>
  <testcase name="test1" time="0.000" classname="samplePackage.SampleTest"/>
  <testcase name="test1" time="3.797" classname="samplePackage.SampleTest"/>
  <testcase name="test1" time="0.000" classname="samplePackage.SampleTest"/>
  <testcase name="test1" time="0.015" classname="samplePackage.SampleTest"/>
  <testcase name="test1" time="3.344" classname="samplePackage.SampleTest"/>
  <testcase name="test1" time="2.960" classname="samplePackage.SampleTest"/>
  <testcase name="test1" time="4.022" classname="samplePackage.SampleTest"/>
  <testcase name="test1" time="2.864" classname="samplePackage.SampleTest"/>
  <testcase name="test1" time="0.000" classname="samplePackage.SampleTest"/>
  <testcase name="test1" time="3.328" classname="samplePackage.SampleTest"/>
  <testcase name="test1" time="0.015" classname="samplePackage.SampleTest"/>
  <testcase name="test1" time="2.750" classname="samplePackage.SampleTest"/>
  <testcase name="test1" time="3.813" classname="samplePackage.SampleTest"/>
  <testcase name="test1" time="3.012" classname="samplePackage.SampleTest"/>
  <testcase name="test1" time="3.234" classname="samplePackage.SampleTest"/>
  <testcase name="test1" time="0.000" classname="samplePackage.SampleTest"/>
  <testcase name="test1" time="2.838" classname="samplePackage.SampleTest"/>
  <testcase name="test1" time="3.703" classname="samplePackage.SampleTest"/>
  <testcase name="test1" time="2.891" classname="samplePackage.SampleTest"/>
  <testcase name="test1" time="4.703" classname="samplePackage.SampleTest"/>
  <testcase name="test1" time="2.812" classname="samplePackage.SampleTest"/>
  <testcase name="test1" time="3.265" classname="samplePackage.SampleTest"/>
  <testcase name="test1" time="0.000" classname="samplePackage.SampleTest"/>
  <testcase name="test1" time="3.140" classname="samplePackage.SampleTest"/>
  <testcase name="test1" time="0.000" classname="samplePackage.SampleTest"/>
  <testcase name="test1" time="2.797" classname="samplePackage.SampleTest"/>
  <testcase name="test1" time="2.765" classname="samplePackage.SampleTest"/>
  <testcase name="test1" time="0.000" classname="samplePackage.SampleTest"/>
  <testcase name="test1" time="2.766" classname="samplePackage.SampleTest"/>
  <testcase name="test1" time="2.875" classname="samplePackage.SampleTest"/>
  <testcase name="test1" time="0.015" classname="samplePackage.SampleTest"/>
  <testcase name="test1" time="4.125" classname="samplePackage.SampleTest"/>
  <testcase name="test1" time="2.835" classname="samplePackage.SampleTest"/>
  <testcase name="test1" time="0.015" classname="samplePackage.SampleTest"/>
  <testcase name="test1" time="2.755" classname="samplePackage.SampleTest"/>
  <testcase name="test1" time="0.000" classname="samplePackage.SampleTest"/>
  <testcase name="test1" time="6.469" classname="samplePackage.SampleTest"/>
  <testcase name="test1" time="0.000" classname="samplePackage.SampleTest"/>
  <testcase name="test1" time="6.610" classname="samplePackage.SampleTest"/>
  <testcase name="test1" time="3.703" classname="samplePackage.SampleTest"/>
  <testcase name="test1" time="2.719" classname="samplePackage.SampleTest"/>
  <testcase name="test1" time="3.453" classname="samplePackage.SampleTest"/>
  <testcase name="test1" time="0.000" classname="samplePackage.SampleTest"/>
  <testcase name="test1" time="0.000" classname="samplePackage.SampleTest"/>
  <testcase name="test1" time="3.028" classname="samplePackage.SampleTest"/>
  <testcase name="test1" time="3.438" classname="samplePackage.SampleTest"/>
  <testcase name="test1" time="3.016" classname="samplePackage.SampleTest"/>
  <testcase name="test1" time="2.706" classname="samplePackage.SampleTest"/>
  <testcase name="test1" time="0.000" classname="samplePackage.SampleTest"/>
  <testcase name="test1" time="0.000" classname="samplePackage.SampleTest"/>
  <testcase name="test1" time="0.000" classname="samplePackage.SampleTest"/>
  <testcase name="test1" time="3.750" classname="samplePackage.SampleTest"/>
  <testcase name="test1" time="2.672" classname="samplePackage.SampleTest"/>
  <testcase name="test1" time="3.984" classname="samplePackage.SampleTest"/>
  <testcase name="test1" time="0.000" classname="samplePackage.SampleTest"/>
  <testcase name="test1" time="2.906" classname="samplePackage.SampleTest"/>
  <testcase name="test1" time="3.015" classname="samplePackage.SampleTest"/>
  <testcase name="test1" time="0.000" classname="samplePackage.SampleTest"/>
  <testcase name="test1" time="0.000" classname="samplePackage.SampleTest"/>
  <testcase name="test1" time="3.938" classname="samplePackage.SampleTest"/>
  <testcase name="test1" time="2.782" classname="samplePackage.SampleTest"/>
  <testcase name="test1" time="2.719" classname="samplePackage.SampleTest"/>
  <testcase name="test1" time="4.774" classname="samplePackage.SampleTest"/>
  <testcase name="test1" time="0.000" classname="samplePackage.SampleTest"/>
  <testcase name="test1" time="2.789" classname="samplePackage.SampleTest"/>
  <testcase name="test1" time="2.735" classname="samplePackage.SampleTest"/>
  <testcase name="test1" time="0.016" classname="samplePackage.SampleTest"/>
  <testcase name="test1" time="3.422" classname="samplePackage.SampleTest"/>
  <testcase name="test1" time="2.750" classname="samplePackage.SampleTest"/>
  <testcase name="test1" time="3.610" classname="samplePackage.SampleTest"/>
  <testcase name="test1" time="2.765" classname="samplePackage.SampleTest"/>
  <testcase name="test1" time="4.083" classname="samplePackage.SampleTest"/>
  <testcase name="test1" time="2.719" classname="samplePackage.SampleTest"/>
  <testcase name="test1" time="2.750" classname="samplePackage.SampleTest"/>
  <testcase name="test1" time="2.719" classname="samplePackage.SampleTest"/>
  <testcase name="test1" time="3.501" classname="samplePackage.SampleTest"/>
  <testcase name="test1" time="3.120" classname="samplePackage.SampleTest"/>
  <testcase name="test1" time="0.000" classname="samplePackage.SampleTest"/>
  <testcase name="test1" time="0.000" classname="samplePackage.SampleTest"/>
  <testcase name="test1" time="3.250" classname="samplePackage.SampleTest"/>
  <testcase name="test1" time="0.000" classname="samplePackage.SampleTest"/>
  <testcase name="test1" time="4.596" classname="samplePackage.SampleTest"/>
  <testcase name="test1" time="3.172" classname="samplePackage.SampleTest"/>
  <testcase name="test1" time="2.797" classname="samplePackage.SampleTest"/>
  <testcase name="test1" time="4.939" classname="samplePackage.SampleTest"/>
  <testcase name="test1" time="0.000" classname="samplePackage.SampleTest"/>
  <testcase name="test1" time="4.188" classname="samplePackage.SampleTest"/>
  <testcase name="test1" time="2.750" classname="samplePackage.SampleTest"/>
  <testcase name="test1" time="0.015" classname="samplePackage.SampleTest"/>
  <testcase name="test1" time="3.750" classname="samplePackage.SampleTest"/>
  <testcase name="test1" time="0.000" classname="samplePackage.SampleTest"/>
  <testcase name="test1" time="0.015" classname="samplePackage.SampleTest"/>
  <testcase name="test1" time="0.015" classname="samplePackage.SampleTest"/>
  <testcase name="test1" time="3.751" classname="samplePackage.SampleTest"/>
  <testcase name="test1" time="3.531" classname="samplePackage.SampleTest"/>
  <testcase name="test1" time="3.000" classname="samplePackage.SampleTest"/>
  <testcase name="test1" time="2.797" classname="samplePackage.SampleTest"/>
  <testcase name="test1" time="2.688" classname="samplePackage.SampleTest"/>
  <testcase name="test1" time="2.750" classname="samplePackage.SampleTest"/>
  <testcase name="test1" time="3.156" classname="samplePackage.SampleTest"/>
  <testcase name="test1" time="2.500" classname="samplePackage.SampleTest"/>
  <testcase name="test1" time="2.906" classname="samplePackage.SampleTest"/>
  <testcase name="test1" time="3.907" classname="samplePackage.SampleTest"/>
  <testcase name="test1" time="4.094" classname="samplePackage.SampleTest"/>
  <testcase name="test1" time="3.032" classname="samplePackage.SampleTest"/>
  <testcase name="test1" time="2.884" classname="samplePackage.SampleTest"/>
  <testcase name="test1" time="2.735" classname="samplePackage.SampleTest"/>
  <testcase name="test1" time="4.281" classname="samplePackage.SampleTest"/>
  <testcase name="test1" time="2.969" classname="samplePackage.SampleTest"/>
  <testcase name="test1" time="3.203" classname="samplePackage.SampleTest"/>
  <testcase name="test1" time="3.961" classname="samplePackage.SampleTest"/>
  <testcase name="test1" time="3.204" classname="samplePackage.SampleTest"/>
  <testcase name="test1" time="2.953" classname="samplePackage.SampleTest"/>
  <testcase name="test1" time="0.000" classname="samplePackage.SampleTest"/>
  <testcase name="test1" time="0.015" classname="samplePackage.SampleTest"/>
  <testcase name="test1" time="0.016" classname="samplePackage.SampleTest"/>
  <testcase name="test1" time="4.359" classname="samplePackage.SampleTest"/>
  <testcase name="test1" time="3.677" classname="samplePackage.SampleTest"/>
  <testcase name="test1" time="3.234" classname="samplePackage.SampleTest"/>
  <testcase name="test1" time="0.000" classname="samplePackage.SampleTest"/>
  <testcase name="test1" time="0.000" classname="samplePackage.SampleTest"/>
  <testcase name="test1" time="0.000" classname="samplePackage.SampleTest"/>
  <testcase name="test1" time="0.000" classname="samplePackage.SampleTest"/>
  <testcase name="test1" time="2.751" classname="samplePackage.SampleTest"/>
  <testcase name="test1" time="2.781" classname="samplePackage.SampleTest"/>
  <testcase name="test1" time="3.015" classname="samplePackage.SampleTest"/>
  <testcase name="test1" time="2.750" classname="samplePackage.SampleTest"/>
  <testcase name="test1" time="4.090" classname="samplePackage.SampleTest"/>
  <testcase name="test1" time="5.610" classname="samplePackage.SampleTest"/>
  <testcase name="test1" time="3.468" classname="samplePackage.SampleTest"/>
  <testcase name="test1" time="2.877" classname="samplePackage.SampleTest"/>
  <testcase name="test1" time="0.015" classname="samplePackage.SampleTest"/>
  <testcase name="test1" time="2.828" classname="samplePackage.SampleTest"/>
  <testcase name="test1" time="3.297" classname="samplePackage.SampleTest"/>
  <testcase name="test1" time="3.719" classname="samplePackage.SampleTest"/>
  <testcase name="test1" time="4.203" classname="samplePackage.SampleTest"/>
  <testcase name="test1" time="2.735" classname="samplePackage.SampleTest"/>
  <testcase name="test1" time="0.000" classname="samplePackage.SampleTest"/>
  <testcase name="test1" time="5.250" classname="samplePackage.SampleTest"/>
  <testcase name="test1" time="0.000" classname="samplePackage.SampleTest"/>
  <testcase name="test1" time="2.989" classname="samplePackage.SampleTest"/>
  <testcase name="test1" time="3.000" classname="samplePackage.SampleTest"/>
  <testcase name="test1" time="6.534" classname="samplePackage.SampleTest"/>
  <testcase name="test1" time="3.656" classname="samplePackage.SampleTest"/>
  <testcase name="test1" time="3.469" classname="samplePackage.SampleTest"/>
  <testcase name="test1" time="0.015" classname="samplePackage.SampleTest"/>
  <testcase name="test1" time="4.766" classname="samplePackage.SampleTest"/>
  <testcase name="test1" time="3.453" classname="samplePackage.SampleTest"/>
  <testcase name="test1" time="2.860" classname="samplePackage.SampleTest"/>
  <testcase name="test1" time="3.531" classname="samplePackage.SampleTest"/>
  <testcase name="test1" time="5.495" classname="samplePackage.SampleTest"/>
  <testcase name="test1" time="0.000" classname="samplePackage.SampleTest"/>
  <testcase name="test1" time="2.953" classname="samplePackage.SampleTest"/>
  <testcase name="test1" time="0.000" classname="samplePackage.SampleTest"/>
  <testcase name="test1" time="3.187" classname="samplePackage.SampleTest"/>
  <testcase name="test1" time="3.202" classname="samplePackage.SampleTest"/>
  <testcase name="test1" time="3.450" classname="samplePackage.SampleTest"/>
  <testcase name="test1" time="0.000" classname="samplePackage.SampleTest"/>
  <testcase name="test1" time="2.734" classname="samplePackage.SampleTest"/>
  <testcase name="test1" time="3.297" classname="samplePackage.SampleTest"/>
  <testcase name="test1" time="2.750" classname="samplePackage.SampleTest"/>
  <testcase name="test1" time="2.953" classname="samplePackage.SampleTest"/>
  <testcase name="test1" time="4.328" classname="samplePackage.SampleTest"/>
  <testcase name="test1" time="3.562" classname="samplePackage.SampleTest"/>
  <testcase name="test1" time="4.266" classname="samplePackage.SampleTest"/>
  <testcase name="test1" time="0.000" classname="samplePackage.SampleTest"/>
  <testcase name="test1" time="3.172" classname="samplePackage.SampleTest"/>
  <testcase name="test1" time="3.469" classname="samplePackage.SampleTest"/>
  <testcase name="test1" time="0.015" classname="samplePackage.SampleTest"/>
  <testcase name="test1" time="0.000" classname="samplePackage.SampleTest"/>
  <testcase name="test1" time="2.657" classname="samplePackage.SampleTest"/>
  <testcase name="test1" time="0.000" classname="samplePackage.SampleTest"/>
  <testcase name="test1" time="2.703" classname="samplePackage.SampleTest"/>
  <testcase name="test1" time="2.796" classname="samplePackage.SampleTest"/>
  <testcase name="test1" time="4.212" classname="samplePackage.SampleTest"/>
  <testcase name="test1" time="3.109" classname="samplePackage.SampleTest"/>
  <testcase name="test1" time="2.813" classname="samplePackage.SampleTest"/>
  <testcase name="test1" time="0.047" classname="samplePackage.SampleTest"/>
  <testcase name="test1" time="2.750" classname="samplePackage.SampleTest"/>
  <testcase name="test1" time="2.844" classname="samplePackage.SampleTest"/>
  <testcase name="test1" time="0.000" classname="samplePackage.SampleTest"/>
  <testcase name="test1" time="13.001" classname="samplePackage.SampleTest"/>
  <testcase name="test1" time="0.000" classname="samplePackage.SampleTest"/>
  <testcase name="test1" time="2.766" classname="samplePackage.SampleTest"/>
  <testcase name="test1" time="3.383" classname="samplePackage.SampleTest"/>
  <testcase name="test1" time="3.764" classname="samplePackage.SampleTest"/>
  <testcase name="test1" time="0.000" classname="samplePackage.SampleTest"/>
  <testcase name="test1" time="0.000" classname="samplePackage.SampleTest"/>
  <testcase name="test1" time="3.031" classname="samplePackage.SampleTest"/>
  <testcase name="test1" time="2.766" classname="samplePackage.SampleTest"/>
  <testcase name="test1" time="0.015" classname="samplePackage.SampleTest"/>
  <testcase name="test1" time="0.000" classname="samplePackage.SampleTest"/>
  <testcase name="test1" time="2.750" classname="samplePackage.SampleTest"/>
  <testcase name="test1" time="0.000" classname="samplePackage.SampleTest"/>
  <testcase name="test1" time="9.907" classname="samplePackage.SampleTest"/>
  <testcase name="test1" time="3.953" classname="samplePackage.SampleTest"/>
  <testcase name="test1" time="3.005" classname="samplePackage.SampleTest"/>
  <testcase name="test1" time="2.812" classname="samplePackage.SampleTest"/>
  <testcase name="test1" time="0.000" classname="samplePackage.SampleTest"/>
  <testcase name="test1" time="2.781" classname="samplePackage.SampleTest"/>
  <testcase name="test1" time="2.781" classname="samplePackage.SampleTest"/>
  <testcase name="test1" time="3.531" classname="samplePackage.SampleTest"/>
  <testcase name="test1" time="4.422" classname="samplePackage.SampleTest"/>
  <testcase name="test1" time="2.891" classname="samplePackage.SampleTest"/>
  <testcase name="test1" time="2.891" classname="samplePackage.SampleTest"/>
  <testcase name="test1" time="3.359" classname="samplePackage.SampleTest"/>
  <testcase name="test1" time="0.000" classname="samplePackage.SampleTest"/>
  <testcase name="test1" time="0.000" classname="samplePackage.SampleTest"/>
  <testcase name="test1" time="4.126" classname="samplePackage.SampleTest"/>
  <testcase name="test1" time="3.570" classname="samplePackage.SampleTest"/>
  <testcase name="test1" time="3.391" classname="samplePackage.SampleTest"/>
  <testcase name="test1" time="3.266" classname="samplePackage.SampleTest"/>
  <testcase name="test1" time="0.000" classname="samplePackage.SampleTest"/>
  <testcase name="test1" time="0.016" classname="samplePackage.SampleTest"/>
  <testcase name="test1" time="3.047" classname="samplePackage.SampleTest"/>
  <testcase name="test1" time="3.875" classname="samplePackage.SampleTest"/>
  <testcase name="test1" time="0.000" classname="samplePackage.SampleTest"/>
  <testcase name="test1" time="3.532" classname="samplePackage.SampleTest"/>
  <testcase name="test1" time="3.422" classname="samplePackage.SampleTest"/>
  <testcase name="test1" time="0.000" classname="samplePackage.SampleTest"/>
  <testcase name="test1" time="2.782" classname="samplePackage.SampleTest"/>
  <testcase name="test1" time="2.824" classname="samplePackage.SampleTest"/>
  <testcase name="test1" time="2.750" classname="samplePackage.SampleTest"/>
  <testcase name="test1" time="2.814" classname="samplePackage.SampleTest"/>
  <testcase name="test1" time="3.969" classname="samplePackage.SampleTest"/>
  <testcase name="test1" time="0.000" classname="samplePackage.SampleTest"/>
  <testcase name="test1" time="0.000" classname="samplePackage.SampleTest"/>
  <testcase name="test1" time="3.312" classname="samplePackage.SampleTest"/>
  <testcase name="test1" time="2.945" classname="samplePackage.SampleTest"/>
  <testcase name="test1" time="2.750" classname="samplePackage.SampleTest"/>
  <testcase name="test1" time="0.000" classname="samplePackage.SampleTest"/>
  <testcase name="test1" time="3.469" classname="samplePackage.SampleTest"/>
  <testcase name="test1" time="0.000" classname="samplePackage.SampleTest"/>
  <testcase name="test1" time="2.875" classname="samplePackage.SampleTest"/>
  <testcase name="test1" time="21897.023" classname="samplePackage.SampleTest">
    <error type="org.openqa.selenium.TimeoutException" message="java.net.SocketTimeoutException: Read timed out
Build info: version: &#039;2.53.1&#039;, revision: &#039;a36b8b1&#039;, time: &#039;2016-06-30 17:32:46&#039;
System info: host: &#039;DeskTop-Prakash&#039;, ip: &#039;192.168.1.106&#039;, os.name: &#039;Windows 10&#039;, os.arch: &#039;amd64&#039;, os.version: &#039;10.0&#039;, java.version: &#039;1.8.0_131&#039;
Driver info: driver.version: HtmlUnitDriver">
      <![CDATA[org.openqa.selenium.TimeoutException: java.net.SocketTimeoutException: Read timed out
Build info: version: '2.53.1', revision: 'a36b8b1', time: '2016-06-30 17:32:46'
System info: host: 'DeskTop-Prakash', ip: '192.168.1.106', os.name: 'Windows 10', os.arch: 'amd64', os.version: '10.0', java.version: '1.8.0_131'
Driver info: driver.version: HtmlUnitDriver
	at org.openqa.selenium.htmlunit.HtmlUnitDriver.get(HtmlUnitDriver.java:552)
	at org.openqa.selenium.htmlunit.HtmlUnitDriver.get(HtmlUnitDriver.java:530)
	at org.openqa.selenium.htmlunit.HtmlUnitDriver$HtmlUnitNavigation.to(HtmlUnitDriver.java:1435)
	at samplePackage.SampleTest.test1(SampleTest.java:14)
	at sun.reflect.GeneratedMethodAccessor1.invoke(Unknown Source)
	at sun.reflect.DelegatingMethodAccessorImpl.invoke(Unknown Source)
	at java.lang.reflect.Method.invoke(Unknown Source)
	at org.testng.internal.MethodInvocationHelper.invokeMethod(MethodInvocationHelper.java:85)
	at org.testng.internal.Invoker.invokeMethod(Invoker.java:639)
	at org.testng.internal.Invoker.invokeTestMethod(Invoker.java:821)
	at org.testng.internal.Invoker.invokeTestMethods(Invoker.java:1131)
	at org.testng.internal.TestMethodWorker.invokeTestMethods(TestMethodWorker.java:124)
	at org.testng.internal.TestMethodWorker.run(TestMethodWorker.java:108)
	at org.testng.TestRunner.privateRun(TestRunner.java:773)
	at org.testng.TestRunner.run(TestRunner.java:623)
	at org.testng.SuiteRunner.runTest(SuiteRunner.java:357)
	at org.testng.SuiteRunner.runSequentially(SuiteRunner.java:352)
	at org.testng.SuiteRunner.privateRun(SuiteRunner.java:310)
	at org.testng.SuiteRunner.run(SuiteRunner.java:259)
	at org.testng.SuiteRunnerWorker.runSuite(SuiteRunnerWorker.java:52)
	at org.testng.SuiteRunnerWorker.run(SuiteRunnerWorker.java:86)
	at org.testng.TestNG.runSuitesSequentially(TestNG.java:1185)
	at org.testng.TestNG.runSuitesLocally(TestNG.java:1110)
	at org.testng.TestNG.run(TestNG.java:1018)
	at org.testng.TestNG.privateMain(TestNG.java:1325)
	at org.testng.TestNG.main(TestNG.java:1294)
Caused by: java.net.SocketTimeoutException: Read timed out
	at java.net.SocketInputStream.socketRead0(Native Method)
	at java.net.SocketInputStream.socketRead(Unknown Source)
	at java.net.SocketInputStream.read(Unknown Source)
	at java.net.SocketInputStream.read(Unknown Source)
	at sun.security.ssl.InputRecord.readFully(Unknown Source)
	at sun.security.ssl.InputRecord.read(Unknown Source)
	at sun.security.ssl.SSLSocketImpl.readRecord(Unknown Source)
	at sun.security.ssl.SSLSocketImpl.readDataRecord(Unknown Source)
	at sun.security.ssl.AppInputStream.read(Unknown Source)
	at org.apache.http.impl.conn.LoggingInputStream.read(LoggingInputStream.java:87)
	at org.apache.http.impl.io.SessionInputBufferImpl.streamRead(SessionInputBufferImpl.java:139)
	at org.apache.http.impl.io.SessionInputBufferImpl.fillBuffer(SessionInputBufferImpl.java:155)
	at org.apache.http.impl.io.SessionInputBufferImpl.readLine(SessionInputBufferImpl.java:284)
	at org.apache.http.impl.io.ChunkedInputStream.getChunkSize(ChunkedInputStream.java:266)
	at org.apache.http.impl.io.ChunkedInputStream.nextChunk(ChunkedInputStream.java:227)
	at org.apache.http.impl.io.ChunkedInputStream.read(ChunkedInputStream.java:186)
	at org.apache.http.conn.EofSensorInputStream.read(EofSensorInputStream.java:137)
	at java.util.zip.InflaterInputStream.fill(Unknown Source)
	at java.util.zip.InflaterInputStream.read(Unknown Source)
	at java.util.zip.GZIPInputStream.read(Unknown Source)
	at java.io.FilterInputStream.read(Unknown Source)
	at org.apache.http.client.entity.LazyDecompressingInputStream.read(LazyDecompressingInputStream.java:67)
	at com.gargoylesoftware.htmlunit.HttpWebConnection.downloadContent(HttpWebConnection.java:696)
	at com.gargoylesoftware.htmlunit.HttpWebConnection.downloadResponseBody(HttpWebConnection.java:677)
	at com.gargoylesoftware.htmlunit.HttpWebConnection.getResponse(HttpWebConnection.java:200)
	at com.gargoylesoftware.htmlunit.WebClient.loadWebResponseFromWebConnection(WebClient.java:1321)
	at com.gargoylesoftware.htmlunit.WebClient.loadWebResponse(WebClient.java:1238)
	at com.gargoylesoftware.htmlunit.WebClient.getPage(WebClient.java:346)
	at com.gargoylesoftware.htmlunit.WebClient.getPage(WebClient.java:415)
	at org.openqa.selenium.htmlunit.HtmlUnitDriver.get(HtmlUnitDriver.java:541)
	... 25 more
]]>
    </error>
  </testcase> <!-- test1 -->
  <testcase name="test1" time="2.812" classname="samplePackage.SampleTest"/>
  <testcase name="test1" time="2.766" classname="samplePackage.SampleTest"/>
  <testcase name="test1" time="2.797" classname="samplePackage.SampleTest"/>
  <testcase name="test1" time="0.000" classname="samplePackage.SampleTest"/>
  <testcase name="test1" time="0.000" classname="samplePackage.SampleTest"/>
  <testcase name="test1" time="3.703" classname="samplePackage.SampleTest"/>
  <testcase name="test1" time="2.859" classname="samplePackage.SampleTest"/>
  <testcase name="test1" time="2.860" classname="samplePackage.SampleTest"/>
  <testcase name="test1" time="2.703" classname="samplePackage.SampleTest"/>
  <testcase name="test1" time="2.891" classname="samplePackage.SampleTest"/>
  <testcase name="test1" time="0.000" classname="samplePackage.SampleTest"/>
  <testcase name="test1" time="0.000" classname="samplePackage.SampleTest"/>
  <testcase name="test1" time="3.281" classname="samplePackage.SampleTest"/>
  <testcase name="test1" time="2.766" classname="samplePackage.SampleTest"/>
  <testcase name="test1" time="2.985" classname="samplePackage.SampleTest"/>
  <testcase name="test1" time="0.000" classname="samplePackage.SampleTest"/>
  <testcase name="test1" time="3.506" classname="samplePackage.SampleTest"/>
  <testcase name="test1" time="0.000" classname="samplePackage.SampleTest"/>
  <testcase name="test1" time="0.000" classname="samplePackage.SampleTest"/>
  <testcase name="test1" time="3.125" classname="samplePackage.SampleTest"/>
  <testcase name="test1" time="8.390" classname="samplePackage.SampleTest"/>
  <testcase name="test1" time="3.562" classname="samplePackage.SampleTest"/>
  <testcase name="test1" time="2.890" classname="samplePackage.SampleTest"/>
  <testcase name="test1" time="2.719" classname="samplePackage.SampleTest"/>
  <testcase name="test1" time="0.000" classname="samplePackage.SampleTest"/>
  <testcase name="test1" time="2.750" classname="samplePackage.SampleTest"/>
  <testcase name="test1" time="2.735" classname="samplePackage.SampleTest"/>
  <testcase name="test1" time="2.876" classname="samplePackage.SampleTest"/>
  <testcase name="test1" time="2.782" classname="samplePackage.SampleTest"/>
  <testcase name="test1" time="0.016" classname="samplePackage.SampleTest"/>
  <testcase name="test1" time="2.863" classname="samplePackage.SampleTest"/>
  <testcase name="test1" time="2.922" classname="samplePackage.SampleTest"/>
  <testcase name="test1" time="0.000" classname="samplePackage.SampleTest"/>
  <testcase name="test1" time="2.813" classname="samplePackage.SampleTest"/>
  <testcase name="test1" time="2.828" classname="samplePackage.SampleTest"/>
  <testcase name="test1" time="3.625" classname="samplePackage.SampleTest"/>
  <testcase name="test1" time="0.016" classname="samplePackage.SampleTest"/>
  <testcase name="test1" time="2.734" classname="samplePackage.SampleTest"/>
  <testcase name="test1" time="11.688" classname="samplePackage.SampleTest"/>
  <testcase name="test1" time="2.750" classname="samplePackage.SampleTest"/>
  <testcase name="test1" time="3.485" classname="samplePackage.SampleTest"/>
  <testcase name="test1" time="2.844" classname="samplePackage.SampleTest"/>
  <testcase name="test1" time="2.547" classname="samplePackage.SampleTest"/>
  <testcase name="test1" time="3.234" classname="samplePackage.SampleTest"/>
  <testcase name="test1" time="0.000" classname="samplePackage.SampleTest"/>
  <testcase name="test1" time="2.734" classname="samplePackage.SampleTest"/>
  <testcase name="test1" time="3.156" classname="samplePackage.SampleTest"/>
  <testcase name="test1" time="0.000" classname="samplePackage.SampleTest"/>
  <testcase name="test1" time="4.078" classname="samplePackage.SampleTest"/>
  <testcase name="test1" time="2.719" classname="samplePackage.SampleTest"/>
  <testcase name="test1" time="3.688" classname="samplePackage.SampleTest"/>
  <testcase name="test1" time="0.000" classname="samplePackage.SampleTest"/>
  <testcase name="test1" time="0.000" classname="samplePackage.SampleTest"/>
  <testcase name="test1" time="3.623" classname="samplePackage.SampleTest"/>
  <testcase name="test1" time="0.000" classname="samplePackage.SampleTest"/>
  <testcase name="test1" time="3.063" classname="samplePackage.SampleTest"/>
  <testcase name="test1" time="2.922" classname="samplePackage.SampleTest"/>
  <testcase name="test1" time="2.969" classname="samplePackage.SampleTest"/>
  <testcase name="test1" time="0.000" classname="samplePackage.SampleTest"/>
  <testcase name="test1" time="0.015" classname="samplePackage.SampleTest"/>
  <testcase name="test1" time="2.719" classname="samplePackage.SampleTest"/>
  <testcase name="test1" time="3.344" classname="samplePackage.SampleTest"/>
  <testcase name="test1" time="3.719" classname="samplePackage.SampleTest"/>
  <testcase name="test1" time="0.000" classname="samplePackage.SampleTest"/>
  <testcase name="test1" time="0.000" classname="samplePackage.SampleTest"/>
  <testcase name="test1" time="4.063" classname="samplePackage.SampleTest"/>
  <testcase name="test1" time="3.016" classname="samplePackage.SampleTest"/>
  <testcase name="test1" time="0.000" classname="samplePackage.SampleTest"/>
  <testcase name="test1" time="5.172" classname="samplePackage.SampleTest"/>
  <testcase name="test1" time="2.750" classname="samplePackage.SampleTest"/>
  <testcase name="test1" time="4.047" classname="samplePackage.SampleTest"/>
  <testcase name="test1" time="2.875" classname="samplePackage.SampleTest"/>
  <testcase name="test1" time="2.735" classname="samplePackage.SampleTest"/>
  <testcase name="test1" time="3.029" classname="samplePackage.SampleTest"/>
  <testcase name="test1" time="4.688" classname="samplePackage.SampleTest"/>
  <testcase name="test1" time="0.000" classname="samplePackage.SampleTest"/>
  <testcase name="test1" time="2.875" classname="samplePackage.SampleTest"/>
  <testcase name="test1" time="0.000" classname="samplePackage.SampleTest"/>
  <testcase name="test1" time="0.000" classname="samplePackage.SampleTest"/>
  <testcase name="test1" time="2.719" classname="samplePackage.SampleTest"/>
  <testcase name="test1" time="3.344" classname="samplePackage.SampleTest"/>
  <testcase name="test1" time="0.000" classname="samplePackage.SampleTest"/>
  <testcase name="test1" time="0.000" classname="samplePackage.SampleTest"/>
  <testcase name="test1" time="2.850" classname="samplePackage.SampleTest"/>
  <testcase name="test1" time="3.344" classname="samplePackage.SampleTest"/>
  <testcase name="test1" time="2.765" classname="samplePackage.SampleTest"/>
  <testcase name="test1" time="3.615" classname="samplePackage.SampleTest"/>
  <testcase name="test1" time="3.857" classname="samplePackage.SampleTest"/>
  <testcase name="test1" time="3.078" classname="samplePackage.SampleTest"/>
  <testcase name="test1" time="3.157" classname="samplePackage.SampleTest"/>
  <testcase name="test1" time="7.818" classname="samplePackage.SampleTest"/>
  <testcase name="test1" time="7.172" classname="samplePackage.SampleTest"/>
  <testcase name="test1" time="3.110" classname="samplePackage.SampleTest"/>
  <testcase name="test1" time="2.926" classname="samplePackage.SampleTest"/>
  <testcase name="test1" time="2.688" classname="samplePackage.SampleTest"/>
  <testcase name="test1" time="0.000" classname="samplePackage.SampleTest"/>
  <testcase name="test1" time="2.766" classname="samplePackage.SampleTest"/>
  <testcase name="test1" time="3.281" classname="samplePackage.SampleTest"/>
  <testcase name="test1" time="2.816" classname="samplePackage.SampleTest"/>
  <testcase name="test1" time="0.000" classname="samplePackage.SampleTest"/>
  <testcase name="test1" time="0.000" classname="samplePackage.SampleTest"/>
  <testcase name="test1" time="2.910" classname="samplePackage.SampleTest"/>
  <testcase name="test1" time="4.092" classname="samplePackage.SampleTest"/>
  <testcase name="test1" time="2.875" classname="samplePackage.SampleTest"/>
  <testcase name="test1" time="0.000" classname="samplePackage.SampleTest"/>
  <testcase name="test1" time="0.000" classname="samplePackage.SampleTest"/>
  <testcase name="test1" time="0.000" classname="samplePackage.SampleTest"/>
  <testcase name="test1" time="0.015" classname="samplePackage.SampleTest"/>
  <testcase name="test1" time="0.000" classname="samplePackage.SampleTest"/>
  <testcase name="test1" time="0.000" classname="samplePackage.SampleTest"/>
  <testcase name="test1" time="0.000" classname="samplePackage.SampleTest"/>
  <testcase name="test1" time="2.750" classname="samplePackage.SampleTest"/>
  <testcase name="test1" time="2.687" classname="samplePackage.SampleTest"/>
  <testcase name="test1" time="0.000" classname="samplePackage.SampleTest"/>
  <testcase name="test1" time="3.145" classname="samplePackage.SampleTest"/>
  <testcase name="test1" time="2.910" classname="samplePackage.SampleTest"/>
  <testcase name="test1" time="0.000" classname="samplePackage.SampleTest"/>
  <testcase name="test1" time="0.000" classname="samplePackage.SampleTest"/>
  <testcase name="test1" time="2.719" classname="samplePackage.SampleTest"/>
  <testcase name="test1" time="0.000" classname="samplePackage.SampleTest"/>
  <testcase name="test1" time="6.625" classname="samplePackage.SampleTest"/>
  <testcase name="test1" time="3.532" classname="samplePackage.SampleTest"/>
  <testcase name="test1" time="0.000" classname="samplePackage.SampleTest"/>
  <testcase name="test1" time="0.015" classname="samplePackage.SampleTest"/>
  <testcase name="test1" time="2.890" classname="samplePackage.SampleTest"/>
  <testcase name="test1" time="2.869" classname="samplePackage.SampleTest"/>
  <testcase name="test1" time="2.812" classname="samplePackage.SampleTest"/>
  <testcase name="test1" time="0.000" classname="samplePackage.SampleTest"/>
  <testcase name="test1" time="0.000" classname="samplePackage.SampleTest"/>
  <testcase name="test1" time="0.000" classname="samplePackage.SampleTest"/>
  <testcase name="test1" time="2.766" classname="samplePackage.SampleTest"/>
  <testcase name="test1" time="0.016" classname="samplePackage.SampleTest"/>
  <testcase name="test1" time="2.717" classname="samplePackage.SampleTest"/>
  <testcase name="test1" time="2.922" classname="samplePackage.SampleTest"/>
  <testcase name="test1" time="0.000" classname="samplePackage.SampleTest"/>
  <testcase name="test1" time="2.735" classname="samplePackage.SampleTest"/>
  <testcase name="test1" time="0.016" classname="samplePackage.SampleTest"/>
  <testcase name="test1" time="0.000" classname="samplePackage.SampleTest"/>
  <testcase name="test1" time="2.719" classname="samplePackage.SampleTest"/>
  <testcase name="test1" time="4.257" classname="samplePackage.SampleTest"/>
  <testcase name="test1" time="2.950" classname="samplePackage.SampleTest"/>
  <testcase name="test1" time="2.734" classname="samplePackage.SampleTest"/>
  <testcase name="test1" time="0.000" classname="samplePackage.SampleTest"/>
  <testcase name="test1" time="3.984" classname="samplePackage.SampleTest"/>
  <testcase name="test1" time="0.000" classname="samplePackage.SampleTest"/>
  <testcase name="test1" time="4.165" classname="samplePackage.SampleTest"/>
  <testcase name="test1" time="2.907" classname="samplePackage.SampleTest"/>
  <testcase name="test1" time="0.000" classname="samplePackage.SampleTest"/>
  <testcase name="test1" time="0.000" classname="samplePackage.SampleTest"/>
  <testcase name="test1" time="3.047" classname="samplePackage.SampleTest"/>
  <testcase name="test1" time="2.751" classname="samplePackage.SampleTest"/>
  <testcase name="test1" time="3.219" classname="samplePackage.SampleTest"/>
  <testcase name="test1" time="0.000" classname="samplePackage.SampleTest"/>
  <testcase name="test1" time="3.781" classname="samplePackage.SampleTest"/>
  <testcase name="test1" time="2.750" classname="samplePackage.SampleTest"/>
  <testcase name="test1" time="0.000" classname="samplePackage.SampleTest"/>
  <testcase name="test1" time="2.735" classname="samplePackage.SampleTest"/>
  <testcase name="test1" time="2.719" classname="samplePackage.SampleTest"/>
  <testcase name="test1" time="3.328" classname="samplePackage.SampleTest"/>
  <testcase name="test1" time="3.109" classname="samplePackage.SampleTest"/>
  <testcase name="test1" time="0.000" classname="samplePackage.SampleTest"/>
  <testcase name="test1" time="3.047" classname="samplePackage.SampleTest"/>
  <testcase name="test1" time="4.422" classname="samplePackage.SampleTest"/>
  <testcase name="test1" time="0.000" classname="samplePackage.SampleTest"/>
  <testcase name="test1" time="0.000" classname="samplePackage.SampleTest"/>
  <testcase name="test1" time="0.000" classname="samplePackage.SampleTest"/>
  <testcase name="test1" time="0.000" classname="samplePackage.SampleTest"/>
  <testcase name="test1" time="0.000" classname="samplePackage.SampleTest"/>
  <testcase name="test1" time="2.969" classname="samplePackage.SampleTest"/>
  <testcase name="test1" time="0.016" classname="samplePackage.SampleTest"/>
  <testcase name="test1" time="3.584" classname="samplePackage.SampleTest"/>
  <testcase name="test1" time="2.937" classname="samplePackage.SampleTest"/>
  <testcase name="test1" time="3.250" classname="samplePackage.SampleTest"/>
  <testcase name="test1" time="0.000" classname="samplePackage.SampleTest"/>
  <testcase name="test1" time="2.516" classname="samplePackage.SampleTest"/>
  <testcase name="test1" time="0.000" classname="samplePackage.SampleTest"/>
  <testcase name="test1" time="3.625" classname="samplePackage.SampleTest"/>
  <testcase name="test1" time="2.762" classname="samplePackage.SampleTest"/>
  <testcase name="test1" time="2.875" classname="samplePackage.SampleTest"/>
  <testcase name="test1" time="0.000" classname="samplePackage.SampleTest"/>
  <testcase name="test1" time="4.375" classname="samplePackage.SampleTest"/>
  <testcase name="test1" time="0.000" classname="samplePackage.SampleTest"/>
  <testcase name="test1" time="0.000" classname="samplePackage.SampleTest"/>
  <testcase name="test1" time="3.210" classname="samplePackage.SampleTest"/>
  <testcase name="test1" time="2.657" classname="samplePackage.SampleTest"/>
  <testcase name="test1" time="0.000" classname="samplePackage.SampleTest"/>
  <testcase name="test1" time="0.000" classname="samplePackage.SampleTest"/>
  <testcase name="test1" time="2.891" classname="samplePackage.SampleTest"/>
  <testcase name="test1" time="3.641" classname="samplePackage.SampleTest"/>
  <testcase name="test1" time="3.328" classname="samplePackage.SampleTest"/>
  <testcase name="test1" time="4.016" classname="samplePackage.SampleTest"/>
  <testcase name="test1" time="3.360" classname="samplePackage.SampleTest"/>
  <testcase name="test1" time="4.906" classname="samplePackage.SampleTest"/>
  <testcase name="test1" time="2.719" classname="samplePackage.SampleTest"/>
  <testcase name="test1" time="0.000" classname="samplePackage.SampleTest"/>
  <testcase name="test1" time="2.844" classname="samplePackage.SampleTest"/>
  <testcase name="test1" time="3.172" classname="samplePackage.SampleTest"/>
  <testcase name="test1" time="3.280" classname="samplePackage.SampleTest"/>
  <testcase name="test1" time="0.000" classname="samplePackage.SampleTest"/>
  <testcase name="test1" time="3.156" classname="samplePackage.SampleTest"/>
  <testcase name="test1" time="2.859" classname="samplePackage.SampleTest"/>
  <testcase name="test1" time="2.938" classname="samplePackage.SampleTest"/>
  <testcase name="test1" time="2.953" classname="samplePackage.SampleTest"/>
  <testcase name="test1" time="2.797" classname="samplePackage.SampleTest"/>
  <testcase name="test1" time="2.719" classname="samplePackage.SampleTest"/>
  <testcase name="test1" time="2.735" classname="samplePackage.SampleTest"/>
  <testcase name="test1" time="3.985" classname="samplePackage.SampleTest"/>
  <testcase name="test1" time="3.861" classname="samplePackage.SampleTest"/>
  <testcase name="test1" time="2.797" classname="samplePackage.SampleTest"/>
  <testcase name="test1" time="0.000" classname="samplePackage.SampleTest"/>
  <testcase name="test1" time="3.844" classname="samplePackage.SampleTest"/>
  <testcase name="test1" time="3.094" classname="samplePackage.SampleTest"/>
  <testcase name="test1" time="3.380" classname="samplePackage.SampleTest"/>
  <testcase name="test1" time="0.000" classname="samplePackage.SampleTest"/>
  <testcase name="test1" time="0.000" classname="samplePackage.SampleTest"/>
  <testcase name="test1" time="4.031" classname="samplePackage.SampleTest"/>
  <testcase name="test1" time="2.735" classname="samplePackage.SampleTest"/>
  <testcase name="test1" time="0.000" classname="samplePackage.SampleTest"/>
  <testcase name="test1" time="2.750" classname="samplePackage.SampleTest"/>
  <testcase name="test1" time="0.000" classname="samplePackage.SampleTest"/>
  <testcase name="test1" time="3.298" classname="samplePackage.SampleTest"/>
  <testcase name="test1" time="2.781" classname="samplePackage.SampleTest"/>
  <testcase name="test1" time="3.089" classname="samplePackage.SampleTest"/>
  <testcase name="test1" time="2.750" classname="samplePackage.SampleTest"/>
  <testcase name="test1" time="2.844" classname="samplePackage.SampleTest"/>
  <testcase name="test1" time="4.217" classname="samplePackage.SampleTest"/>
  <testcase name="test1" time="0.000" classname="samplePackage.SampleTest"/>
  <testcase name="test1" time="3.043" classname="samplePackage.SampleTest"/>
  <testcase name="test1" time="3.407" classname="samplePackage.SampleTest"/>
  <testcase name="test1" time="4.625" classname="samplePackage.SampleTest"/>
  <testcase name="test1" time="0.000" classname="samplePackage.SampleTest"/>
  <testcase name="test1" time="3.875" classname="samplePackage.SampleTest"/>
  <testcase name="test1" time="0.000" classname="samplePackage.SampleTest"/>
  <testcase name="test1" time="3.094" classname="samplePackage.SampleTest"/>
  <testcase name="test1" time="2.797" classname="samplePackage.SampleTest"/>
  <testcase name="test1" time="5.360" classname="samplePackage.SampleTest"/>
  <testcase name="test1" time="3.155" classname="samplePackage.SampleTest"/>
  <testcase name="test1" time="0.000" classname="samplePackage.SampleTest"/>
  <testcase name="test1" time="0.000" classname="samplePackage.SampleTest"/>
  <testcase name="test1" time="4.605" classname="samplePackage.SampleTest"/>
  <testcase name="test1" time="2.782" classname="samplePackage.SampleTest"/>
  <testcase name="test1" time="7.938" classname="samplePackage.SampleTest"/>
  <testcase name="test1" time="3.547" classname="samplePackage.SampleTest"/>
  <testcase name="test1" time="0.000" classname="samplePackage.SampleTest"/>
  <testcase name="test1" time="4.094" classname="samplePackage.SampleTest"/>
  <testcase name="test1" time="3.006" classname="samplePackage.SampleTest"/>
  <testcase name="test1" time="0.000" classname="samplePackage.SampleTest"/>
  <testcase name="test1" time="3.500" classname="samplePackage.SampleTest"/>
  <testcase name="test1" time="0.000" classname="samplePackage.SampleTest"/>
  <testcase name="test1" time="2.719" classname="samplePackage.SampleTest"/>
  <testcase name="test1" time="3.035" classname="samplePackage.SampleTest"/>
  <testcase name="test1" time="2.547" classname="samplePackage.SampleTest"/>
  <testcase name="test1" time="0.000" classname="samplePackage.SampleTest"/>
  <testcase name="test1" time="0.000" classname="samplePackage.SampleTest"/>
  <testcase name="test1" time="2.860" classname="samplePackage.SampleTest"/>
  <testcase name="test1" time="3.125" classname="samplePackage.SampleTest"/>
  <testcase name="test1" time="3.225" classname="samplePackage.SampleTest"/>
  <testcase name="test1" time="0.015" classname="samplePackage.SampleTest"/>
  <testcase name="test1" time="2.891" classname="samplePackage.SampleTest"/>
  <testcase name="test1" time="3.276" classname="samplePackage.SampleTest"/>
  <testcase name="test1" time="0.000" classname="samplePackage.SampleTest"/>
  <testcase name="test1" time="0.016" classname="samplePackage.SampleTest"/>
  <testcase name="test1" time="3.027" classname="samplePackage.SampleTest"/>
  <testcase name="test1" time="3.312" classname="samplePackage.SampleTest"/>
  <testcase name="test1" time="2.735" classname="samplePackage.SampleTest"/>
  <testcase name="test1" time="2.861" classname="samplePackage.SampleTest"/>
  <testcase name="test1" time="3.797" classname="samplePackage.SampleTest"/>
  <testcase name="test1" time="3.554" classname="samplePackage.SampleTest"/>
  <testcase name="test1" time="0.016" classname="samplePackage.SampleTest"/>
  <testcase name="test1" time="3.390" classname="samplePackage.SampleTest"/>
  <testcase name="test1" time="96.925" classname="samplePackage.SampleTest"/>
  <testcase name="test1" time="0.016" classname="samplePackage.SampleTest"/>
  <testcase name="test1" time="4.907" classname="samplePackage.SampleTest"/>
  <testcase name="test1" time="0.000" classname="samplePackage.SampleTest"/>
  <testcase name="test1" time="0.016" classname="samplePackage.SampleTest"/>
  <testcase name="test1" time="2.766" classname="samplePackage.SampleTest"/>
  <testcase name="test1" time="0.000" classname="samplePackage.SampleTest"/>
  <testcase name="test1" time="0.000" classname="samplePackage.SampleTest"/>
  <testcase name="test1" time="0.000" classname="samplePackage.SampleTest"/>
  <testcase name="test1" time="3.188" classname="samplePackage.SampleTest"/>
  <testcase name="test1" time="2.833" classname="samplePackage.SampleTest"/>
  <testcase name="test1" time="2.672" classname="samplePackage.SampleTest"/>
  <testcase name="test1" time="2.703" classname="samplePackage.SampleTest"/>
  <testcase name="test1" time="2.861" classname="samplePackage.SampleTest"/>
  <testcase name="test1" time="2.719" classname="samplePackage.SampleTest"/>
  <testcase name="test1" time="2.985" classname="samplePackage.SampleTest"/>
  <testcase name="test1" time="2.875" classname="samplePackage.SampleTest"/>
  <testcase name="test1" time="2.719" classname="samplePackage.SampleTest"/>
  <testcase name="test1" time="0.000" classname="samplePackage.SampleTest"/>
  <testcase name="test1" time="0.000" classname="samplePackage.SampleTest"/>
  <testcase name="test1" time="3.688" classname="samplePackage.SampleTest"/>
  <testcase name="test1" time="0.000" classname="samplePackage.SampleTest"/>
  <testcase name="test1" time="3.125" classname="samplePackage.SampleTest"/>
  <testcase name="test1" time="2.766" classname="samplePackage.SampleTest"/>
  <testcase name="test1" time="3.110" classname="samplePackage.SampleTest"/>
  <testcase name="test1" time="4.125" classname="samplePackage.SampleTest"/>
  <testcase name="test1" time="3.125" classname="samplePackage.SampleTest"/>
  <testcase name="test1" time="2.780" classname="samplePackage.SampleTest"/>
  <testcase name="test1" time="2.824" classname="samplePackage.SampleTest"/>
  <testcase name="test1" time="0.000" classname="samplePackage.SampleTest"/>
  <testcase name="test1" time="2.719" classname="samplePackage.SampleTest"/>
  <testcase name="test1" time="0.015" classname="samplePackage.SampleTest"/>
  <testcase name="test1" time="3.234" classname="samplePackage.SampleTest"/>
  <testcase name="test1" time="2.765" classname="samplePackage.SampleTest"/>
  <testcase name="test1" time="2.883" classname="samplePackage.SampleTest"/>
  <testcase name="test1" time="3.663" classname="samplePackage.SampleTest"/>
  <testcase name="test1" time="0.015" classname="samplePackage.SampleTest"/>
  <testcase name="test1" time="0.000" classname="samplePackage.SampleTest"/>
  <testcase name="test1" time="2.793" classname="samplePackage.SampleTest"/>
  <testcase name="test1" time="6.188" classname="samplePackage.SampleTest"/>
  <testcase name="test1" time="0.000" classname="samplePackage.SampleTest"/>
  <testcase name="test1" time="3.265" classname="samplePackage.SampleTest"/>
  <testcase name="test1" time="3.328" classname="samplePackage.SampleTest"/>
  <testcase name="test1" time="3.038" classname="samplePackage.SampleTest"/>
  <testcase name="test1" time="2.625" classname="samplePackage.SampleTest"/>
  <testcase name="test1" time="2.719" classname="samplePackage.SampleTest"/>
  <testcase name="test1" time="3.076" classname="samplePackage.SampleTest"/>
  <testcase name="test1" time="2.719" classname="samplePackage.SampleTest"/>
  <testcase name="test1" time="3.154" classname="samplePackage.SampleTest"/>
  <testcase name="test1" time="3.651" classname="samplePackage.SampleTest"/>
  <testcase name="test1" time="3.422" classname="samplePackage.SampleTest"/>
  <testcase name="test1" time="2.734" classname="samplePackage.SampleTest"/>
  <testcase name="test1" time="2.735" classname="samplePackage.SampleTest"/>
  <testcase name="test1" time="0.016" classname="samplePackage.SampleTest"/>
  <testcase name="test1" time="3.406" classname="samplePackage.SampleTest"/>
  <testcase name="test1" time="2.797" classname="samplePackage.SampleTest"/>
  <testcase name="test1" time="2.922" classname="samplePackage.SampleTest"/>
  <testcase name="test1" time="3.297" classname="samplePackage.SampleTest"/>
  <testcase name="test1" time="3.118" classname="samplePackage.SampleTest"/>
  <testcase name="test1" time="3.879" classname="samplePackage.SampleTest"/>
  <testcase name="test1" time="2.734" classname="samplePackage.SampleTest"/>
  <testcase name="test1" time="0.015" classname="samplePackage.SampleTest"/>
  <testcase name="test1" time="0.000" classname="samplePackage.SampleTest"/>
  <testcase name="test1" time="3.828" classname="samplePackage.SampleTest"/>
  <testcase name="test1" time="2.922" classname="samplePackage.SampleTest"/>
  <testcase name="test1" time="0.000" classname="samplePackage.SampleTest"/>
  <testcase name="test1" time="2.906" classname="samplePackage.SampleTest"/>
  <testcase name="test1" time="2.848" classname="samplePackage.SampleTest"/>
  <testcase name="test1" time="4.063" classname="samplePackage.SampleTest"/>
  <testcase name="test1" time="3.250" classname="samplePackage.SampleTest"/>
  <testcase name="test1" time="4.204" classname="samplePackage.SampleTest"/>
  <testcase name="test1" time="0.016" classname="samplePackage.SampleTest"/>
  <testcase name="test1" time="3.312" classname="samplePackage.SampleTest"/>
  <testcase name="test1" time="2.750" classname="samplePackage.SampleTest"/>
  <testcase name="test1" time="0.015" classname="samplePackage.SampleTest"/>
  <testcase name="test1" time="2.890" classname="samplePackage.SampleTest"/>
  <testcase name="test1" time="2.795" classname="samplePackage.SampleTest"/>
  <testcase name="test1" time="0.000" classname="samplePackage.SampleTest"/>
  <testcase name="test1" time="3.469" classname="samplePackage.SampleTest"/>
  <testcase name="test1" time="3.266" classname="samplePackage.SampleTest"/>
  <testcase name="test1" time="3.562" classname="samplePackage.SampleTest"/>
  <testcase name="test1" time="2.750" classname="samplePackage.SampleTest"/>
  <testcase name="test1" time="0.000" classname="samplePackage.SampleTest"/>
  <testcase name="test1" time="3.438" classname="samplePackage.SampleTest"/>
  <testcase name="test1" time="2.953" classname="samplePackage.SampleTest"/>
  <testcase name="test1" time="2.860" classname="samplePackage.SampleTest"/>
  <testcase name="test1" time="2.516" classname="samplePackage.SampleTest"/>
  <testcase name="test1" time="2.735" classname="samplePackage.SampleTest"/>
  <testcase name="test1" time="0.000" classname="samplePackage.SampleTest"/>
  <testcase name="test1" time="3.047" classname="samplePackage.SampleTest"/>
  <testcase name="test1" time="4.461" classname="samplePackage.SampleTest"/>
  <testcase name="test1" time="2.856" classname="samplePackage.SampleTest"/>
  <testcase name="test1" time="4.907" classname="samplePackage.SampleTest"/>
  <testcase name="test1" time="3.626" classname="samplePackage.SampleTest"/>
  <testcase name="test1" time="0.000" classname="samplePackage.SampleTest"/>
  <testcase name="test1" time="3.469" classname="samplePackage.SampleTest"/>
  <testcase name="test1" time="0.015" classname="samplePackage.SampleTest"/>
  <testcase name="test1" time="6.235" classname="samplePackage.SampleTest"/>
  <testcase name="test1" time="0.000" classname="samplePackage.SampleTest"/>
  <testcase name="test1" time="4.079" classname="samplePackage.SampleTest"/>
  <testcase name="test1" time="4.197" classname="samplePackage.SampleTest"/>
  <testcase name="test1" time="3.016" classname="samplePackage.SampleTest"/>
  <testcase name="test1" time="0.000" classname="samplePackage.SampleTest"/>
  <testcase name="test1" time="2.750" classname="samplePackage.SampleTest"/>
  <testcase name="test1" time="2.954" classname="samplePackage.SampleTest"/>
  <testcase name="test1" time="5.172" classname="samplePackage.SampleTest"/>
  <testcase name="test1" time="2.735" classname="samplePackage.SampleTest"/>
  <testcase name="test1" time="3.641" classname="samplePackage.SampleTest"/>
  <testcase name="test1" time="2.812" classname="samplePackage.SampleTest"/>
  <testcase name="test1" time="2.813" classname="samplePackage.SampleTest"/>
  <testcase name="test1" time="2.782" classname="samplePackage.SampleTest"/>
  <testcase name="test1" time="0.000" classname="samplePackage.SampleTest"/>
  <testcase name="test1" time="2.667" classname="samplePackage.SampleTest"/>
  <testcase name="test1" time="0.000" classname="samplePackage.SampleTest"/>
  <testcase name="test1" time="3.052" classname="samplePackage.SampleTest"/>
  <testcase name="test1" time="6.657" classname="samplePackage.SampleTest"/>
  <testcase name="test1" time="3.547" classname="samplePackage.SampleTest"/>
  <testcase name="test1" time="0.000" classname="samplePackage.SampleTest"/>
  <testcase name="test1" time="2.765" classname="samplePackage.SampleTest"/>
  <testcase name="test1" time="2.844" classname="samplePackage.SampleTest"/>
  <testcase name="test1" time="3.109" classname="samplePackage.SampleTest"/>
  <testcase name="test1" time="3.219" classname="samplePackage.SampleTest"/>
  <testcase name="test1" time="0.000" classname="samplePackage.SampleTest"/>
  <testcase name="test1" time="8.844" classname="samplePackage.SampleTest"/>
  <testcase name="test1" time="3.016" classname="samplePackage.SampleTest"/>
  <testcase name="test1" time="2.688" classname="samplePackage.SampleTest"/>
  <testcase name="test1" time="0.016" classname="samplePackage.SampleTest"/>
  <testcase name="test1" time="3.281" classname="samplePackage.SampleTest"/>
  <testcase name="test1" time="2.719" classname="samplePackage.SampleTest"/>
  <testcase name="test1" time="0.000" classname="samplePackage.SampleTest"/>
  <testcase name="test1" time="3.156" classname="samplePackage.SampleTest"/>
  <testcase name="test1" time="0.000" classname="samplePackage.SampleTest"/>
  <testcase name="test1" time="6.719" classname="samplePackage.SampleTest"/>
  <testcase name="test1" time="2.766" classname="samplePackage.SampleTest"/>
  <testcase name="test1" time="5.141" classname="samplePackage.SampleTest"/>
  <testcase name="test1" time="0.016" classname="samplePackage.SampleTest"/>
  <testcase name="test1" time="4.082" classname="samplePackage.SampleTest"/>
  <testcase name="test1" time="0.016" classname="samplePackage.SampleTest"/>
  <testcase name="test1" time="4.063" classname="samplePackage.SampleTest"/>
  <testcase name="test1" time="2.781" classname="samplePackage.SampleTest"/>
  <testcase name="test1" time="0.000" classname="samplePackage.SampleTest"/>
  <testcase name="test1" time="2.765" classname="samplePackage.SampleTest"/>
  <testcase name="test1" time="5.164" classname="samplePackage.SampleTest"/>
  <testcase name="test1" time="4.281" classname="samplePackage.SampleTest"/>
  <testcase name="test1" time="3.665" classname="samplePackage.SampleTest"/>
  <testcase name="test1" time="3.219" classname="samplePackage.SampleTest"/>
  <testcase name="test1" time="0.000" classname="samplePackage.SampleTest"/>
  <testcase name="test1" time="2.829" classname="samplePackage.SampleTest"/>
  <testcase name="test1" time="2.750" classname="samplePackage.SampleTest"/>
  <testcase name="test1" time="0.000" classname="samplePackage.SampleTest"/>
  <testcase name="test1" time="0.000" classname="samplePackage.SampleTest"/>
  <testcase name="test1" time="2.734" classname="samplePackage.SampleTest"/>
  <testcase name="test1" time="2.859" classname="samplePackage.SampleTest"/>
  <testcase name="test1" time="3.156" classname="samplePackage.SampleTest"/>
  <testcase name="test1" time="7.798" classname="samplePackage.SampleTest"/>
  <testcase name="test1" time="2.833" classname="samplePackage.SampleTest"/>
  <testcase name="test1" time="2.750" classname="samplePackage.SampleTest"/>
  <testcase name="test1" time="3.656" classname="samplePackage.SampleTest"/>
  <testcase name="test1" time="3.549" classname="samplePackage.SampleTest"/>
  <testcase name="test1" time="0.000" classname="samplePackage.SampleTest"/>
  <testcase name="test1" time="0.016" classname="samplePackage.SampleTest"/>
  <testcase name="test1" time="3.031" classname="samplePackage.SampleTest"/>
  <testcase name="test1" time="0.000" classname="samplePackage.SampleTest"/>
  <testcase name="test1" time="3.454" classname="samplePackage.SampleTest"/>
  <testcase name="test1" time="2.994" classname="samplePackage.SampleTest"/>
  <testcase name="test1" time="0.000" classname="samplePackage.SampleTest"/>
  <testcase name="test1" time="4.047" classname="samplePackage.SampleTest"/>
  <testcase name="test1" time="2.718" classname="samplePackage.SampleTest"/>
  <testcase name="test1" time="2.547" classname="samplePackage.SampleTest"/>
  <testcase name="test1" time="3.000" classname="samplePackage.SampleTest"/>
  <testcase name="test1" time="0.000" classname="samplePackage.SampleTest"/>
  <testcase name="test1" time="0.015" classname="samplePackage.SampleTest"/>
  <testcase name="test1" time="0.016" classname="samplePackage.SampleTest"/>
  <testcase name="test1" time="3.063" classname="samplePackage.SampleTest"/>
  <testcase name="test1" time="2.750" classname="samplePackage.SampleTest"/>
  <testcase name="test1" time="0.000" classname="samplePackage.SampleTest"/>
  <testcase name="test1" time="0.031" classname="samplePackage.SampleTest"/>
  <testcase name="test1" time="0.000" classname="samplePackage.SampleTest"/>
  <testcase name="test1" time="2.766" classname="samplePackage.SampleTest"/>
  <testcase name="test1" time="2.704" classname="samplePackage.SampleTest"/>
  <testcase name="test1" time="3.203" classname="samplePackage.SampleTest"/>
  <testcase name="test1" time="2.855" classname="samplePackage.SampleTest"/>
  <testcase name="test1" time="2.532" classname="samplePackage.SampleTest"/>
  <testcase name="test1" time="4.277" classname="samplePackage.SampleTest"/>
  <testcase name="test1" time="0.000" classname="samplePackage.SampleTest"/>
  <testcase name="test1" time="0.000" classname="samplePackage.SampleTest"/>
  <testcase name="test1" time="0.000" classname="samplePackage.SampleTest"/>
  <testcase name="test1" time="0.016" classname="samplePackage.SampleTest"/>
  <testcase name="test1" time="4.074" classname="samplePackage.SampleTest"/>
  <testcase name="test1" time="5.625" classname="samplePackage.SampleTest"/>
  <testcase name="test1" time="0.000" classname="samplePackage.SampleTest"/>
  <testcase name="test1" time="3.125" classname="samplePackage.SampleTest"/>
  <testcase name="test1" time="0.000" classname="samplePackage.SampleTest"/>
  <testcase name="test1" time="3.383" classname="samplePackage.SampleTest"/>
  <testcase name="test1" time="3.312" classname="samplePackage.SampleTest"/>
  <testcase name="test1" time="3.359" classname="samplePackage.SampleTest"/>
  <testcase name="test1" time="3.750" classname="samplePackage.SampleTest"/>
  <testcase name="test1" time="2.704" classname="samplePackage.SampleTest"/>
  <testcase name="test1" time="0.000" classname="samplePackage.SampleTest"/>
  <testcase name="test1" time="2.813" classname="samplePackage.SampleTest"/>
  <testcase name="test1" time="2.985" classname="samplePackage.SampleTest"/>
  <testcase name="test1" time="0.000" classname="samplePackage.SampleTest"/>
  <testcase name="test1" time="4.625" classname="samplePackage.SampleTest"/>
  <testcase name="test1" time="3.609" classname="samplePackage.SampleTest"/>
  <testcase name="test1" time="2.829" classname="samplePackage.SampleTest"/>
  <testcase name="test1" time="2.939" classname="samplePackage.SampleTest"/>
  <testcase name="test1" time="0.000" classname="samplePackage.SampleTest"/>
  <testcase name="test1" time="0.000" classname="samplePackage.SampleTest"/>
  <testcase name="test1" time="2.781" classname="samplePackage.SampleTest"/>
  <testcase name="test1" time="3.062" classname="samplePackage.SampleTest"/>
  <testcase name="test1" time="5.406" classname="samplePackage.SampleTest"/>
  <testcase name="test1" time="3.907" classname="samplePackage.SampleTest"/>
  <testcase name="test1" time="2.875" classname="samplePackage.SampleTest"/>
  <testcase name="test1" time="4.234" classname="samplePackage.SampleTest"/>
  <testcase name="test1" time="2.750" classname="samplePackage.SampleTest"/>
  <testcase name="test1" time="2.907" classname="samplePackage.SampleTest"/>
  <testcase name="test1" time="3.110" classname="samplePackage.SampleTest"/>
  <testcase name="test1" time="2.719" classname="samplePackage.SampleTest"/>
  <testcase name="test1" time="3.282" classname="samplePackage.SampleTest"/>
  <testcase name="test1" time="2.516" classname="samplePackage.SampleTest"/>
  <testcase name="test1" time="3.109" classname="samplePackage.SampleTest"/>
  <testcase name="test1" time="0.016" classname="samplePackage.SampleTest"/>
  <testcase name="test1" time="2.766" classname="samplePackage.SampleTest"/>
  <testcase name="test1" time="4.383" classname="samplePackage.SampleTest"/>
  <testcase name="test1" time="0.000" classname="samplePackage.SampleTest"/>
  <testcase name="test1" time="0.000" classname="samplePackage.SampleTest"/>
  <testcase name="test1" time="0.000" classname="samplePackage.SampleTest"/>
  <testcase name="test1" time="3.454" classname="samplePackage.SampleTest"/>
  <testcase name="test1" time="2.985" classname="samplePackage.SampleTest"/>
  <testcase name="test1" time="2.938" classname="samplePackage.SampleTest"/>
  <testcase name="test1" time="3.110" classname="samplePackage.SampleTest"/>
  <testcase name="test1" time="2.953" classname="samplePackage.SampleTest"/>
  <testcase name="test1" time="0.000" classname="samplePackage.SampleTest"/>
  <testcase name="test1" time="0.000" classname="samplePackage.SampleTest"/>
  <testcase name="test1" time="5.890" classname="samplePackage.SampleTest"/>
  <testcase name="test1" time="2.906" classname="samplePackage.SampleTest"/>
  <testcase name="test1" time="3.261" classname="samplePackage.SampleTest"/>
  <testcase name="test1" time="2.750" classname="samplePackage.SampleTest"/>
  <testcase name="test1" time="3.500" classname="samplePackage.SampleTest"/>
  <testcase name="test1" time="3.125" classname="samplePackage.SampleTest"/>
  <testcase name="test1" time="0.000" classname="samplePackage.SampleTest"/>
  <testcase name="test1" time="0.000" classname="samplePackage.SampleTest"/>
  <testcase name="test1" time="2.766" classname="samplePackage.SampleTest"/>
  <testcase name="test1" time="4.887" classname="samplePackage.SampleTest"/>
  <testcase name="test1" time="0.000" classname="samplePackage.SampleTest"/>
  <testcase name="test1" time="2.750" classname="samplePackage.SampleTest"/>
  <testcase name="test1" time="0.000" classname="samplePackage.SampleTest"/>
  <testcase name="test1" time="0.000" classname="samplePackage.SampleTest"/>
  <testcase name="test1" time="4.078" classname="samplePackage.SampleTest"/>
  <testcase name="test1" time="3.258" classname="samplePackage.SampleTest"/>
  <testcase name="test1" time="0.016" classname="samplePackage.SampleTest"/>
  <testcase name="test1" time="3.953" classname="samplePackage.SampleTest"/>
  <testcase name="test1" time="0.000" classname="samplePackage.SampleTest"/>
  <testcase name="test1" time="0.000" classname="samplePackage.SampleTest"/>
  <testcase name="test1" time="5.935" classname="samplePackage.SampleTest"/>
  <testcase name="test1" time="3.148" classname="samplePackage.SampleTest"/>
  <testcase name="test1" time="0.000" classname="samplePackage.SampleTest"/>
  <testcase name="test1" time="3.922" classname="samplePackage.SampleTest"/>
  <testcase name="test1" time="0.000" classname="samplePackage.SampleTest"/>
  <testcase name="test1" time="6.969" classname="samplePackage.SampleTest"/>
  <testcase name="test1" time="0.000" classname="samplePackage.SampleTest"/>
  <testcase name="test1" time="3.297" classname="samplePackage.SampleTest"/>
  <testcase name="test1" time="0.000" classname="samplePackage.SampleTest"/>
  <testcase name="test1" time="0.000" classname="samplePackage.SampleTest"/>
  <testcase name="test1" time="3.328" classname="samplePackage.SampleTest"/>
  <testcase name="test1" time="3.730" classname="samplePackage.SampleTest"/>
  <testcase name="test1" time="2.500" classname="samplePackage.SampleTest"/>
  <testcase name="test1" time="2.844" classname="samplePackage.SampleTest"/>
  <testcase name="test1" time="4.281" classname="samplePackage.SampleTest"/>
  <testcase name="test1" time="2.881" classname="samplePackage.SampleTest"/>
  <testcase name="test1" time="0.015" classname="samplePackage.SampleTest"/>
  <testcase name="test1" time="0.000" classname="samplePackage.SampleTest"/>
  <testcase name="test1" time="4.375" classname="samplePackage.SampleTest"/>
  <testcase name="test1" time="4.688" classname="samplePackage.SampleTest"/>
  <testcase name="test1" time="3.147" classname="samplePackage.SampleTest"/>
  <testcase name="test1" time="2.750" classname="samplePackage.SampleTest"/>
  <testcase name="test1" time="0.000" classname="samplePackage.SampleTest"/>
  <testcase name="test1" time="2.704" classname="samplePackage.SampleTest"/>
  <testcase name="test1" time="2.718" classname="samplePackage.SampleTest"/>
  <testcase name="test1" time="2.860" classname="samplePackage.SampleTest"/>
  <testcase name="test1" time="3.672" classname="samplePackage.SampleTest"/>
  <testcase name="test1" time="0.000" classname="samplePackage.SampleTest"/>
  <testcase name="test1" time="0.000" classname="samplePackage.SampleTest"/>
  <testcase name="test1" time="3.109" classname="samplePackage.SampleTest"/>
  <testcase name="test1" time="0.015" classname="samplePackage.SampleTest"/>
  <testcase name="test1" time="4.376" classname="samplePackage.SampleTest"/>
  <testcase name="test1" time="3.876" classname="samplePackage.SampleTest"/>
  <testcase name="test1" time="2.949" classname="samplePackage.SampleTest"/>
  <testcase name="test1" time="4.188" classname="samplePackage.SampleTest"/>
  <testcase name="test1" time="0.000" classname="samplePackage.SampleTest"/>
  <testcase name="test1" time="3.625" classname="samplePackage.SampleTest"/>
  <testcase name="test1" time="3.360" classname="samplePackage.SampleTest"/>
  <testcase name="test1" time="3.360" classname="samplePackage.SampleTest"/>
  <testcase name="test1" time="3.016" classname="samplePackage.SampleTest"/>
  <testcase name="test1" time="0.000" classname="samplePackage.SampleTest"/>
  <testcase name="test1" time="0.000" classname="samplePackage.SampleTest"/>
  <testcase name="test1" time="0.000" classname="samplePackage.SampleTest"/>
  <testcase name="test1" time="0.000" classname="samplePackage.SampleTest"/>
  <testcase name="test1" time="5.906" classname="samplePackage.SampleTest"/>
  <testcase name="test1" time="5.078" classname="samplePackage.SampleTest"/>
  <testcase name="test1" time="3.750" classname="samplePackage.SampleTest"/>
  <testcase name="test1" time="3.511" classname="samplePackage.SampleTest"/>
  <testcase name="test1" time="0.000" classname="samplePackage.SampleTest"/>
  <testcase name="test1" time="0.000" classname="samplePackage.SampleTest"/>
  <testcase name="test1" time="3.043" classname="samplePackage.SampleTest"/>
  <testcase name="test1" time="2.906" classname="samplePackage.SampleTest"/>
  <testcase name="test1" time="3.922" classname="samplePackage.SampleTest"/>
  <testcase name="test1" time="0.000" classname="samplePackage.SampleTest"/>
  <testcase name="test1" time="3.177" classname="samplePackage.SampleTest"/>
  <testcase name="test1" time="4.672" classname="samplePackage.SampleTest"/>
  <testcase name="test1" time="2.849" classname="samplePackage.SampleTest"/>
  <testcase name="test1" time="0.000" classname="samplePackage.SampleTest"/>
  <testcase name="test1" time="0.000" classname="samplePackage.SampleTest"/>
  <testcase name="test1" time="2.734" classname="samplePackage.SampleTest"/>
  <testcase name="test1" time="2.609" classname="samplePackage.SampleTest"/>
  <testcase name="test1" time="2.751" classname="samplePackage.SampleTest"/>
  <testcase name="test1" time="4.187" classname="samplePackage.SampleTest"/>
  <testcase name="test1" time="0.015" classname="samplePackage.SampleTest"/>
  <testcase name="test1" time="0.000" classname="samplePackage.SampleTest"/>
  <testcase name="test1" time="3.109" classname="samplePackage.SampleTest"/>
  <testcase name="test1" time="3.219" classname="samplePackage.SampleTest"/>
  <testcase name="test1" time="2.750" classname="samplePackage.SampleTest"/>
  <testcase name="test1" time="0.000" classname="samplePackage.SampleTest"/>
  <testcase name="test1" time="3.953" classname="samplePackage.SampleTest"/>
  <testcase name="test1" time="2.938" classname="samplePackage.SampleTest"/>
  <testcase name="test1" time="0.000" classname="samplePackage.SampleTest"/>
  <testcase name="test1" time="3.235" classname="samplePackage.SampleTest"/>
  <testcase name="test1" time="4.422" classname="samplePackage.SampleTest"/>
  <testcase name="test1" time="2.828" classname="samplePackage.SampleTest"/>
  <testcase name="test1" time="3.375" classname="samplePackage.SampleTest"/>
  <testcase name="test1" time="2.874" classname="samplePackage.SampleTest"/>
  <testcase name="test1" time="3.860" classname="samplePackage.SampleTest"/>
  <testcase name="test1" time="3.579" classname="samplePackage.SampleTest"/>
  <testcase name="test1" time="2.766" classname="samplePackage.SampleTest"/>
  <testcase name="test1" time="3.156" classname="samplePackage.SampleTest"/>
  <testcase name="test1" time="0.000" classname="samplePackage.SampleTest"/>
  <testcase name="test1" time="0.000" classname="samplePackage.SampleTest"/>
  <testcase name="test1" time="3.828" classname="samplePackage.SampleTest"/>
  <testcase name="test1" time="3.578" classname="samplePackage.SampleTest"/>
  <testcase name="test1" time="0.000" classname="samplePackage.SampleTest"/>
  <testcase name="test1" time="3.250" classname="samplePackage.SampleTest"/>
  <testcase name="test1" time="2.812" classname="samplePackage.SampleTest"/>
  <testcase name="test1" time="2.657" classname="samplePackage.SampleTest"/>
  <testcase name="test1" time="2.766" classname="samplePackage.SampleTest"/>
  <testcase name="test1" time="3.188" classname="samplePackage.SampleTest"/>
  <testcase name="test1" time="3.485" classname="samplePackage.SampleTest"/>
  <testcase name="test1" time="2.735" classname="samplePackage.SampleTest"/>
  <testcase name="test1" time="3.172" classname="samplePackage.SampleTest"/>
  <testcase name="test1" time="0.000" classname="samplePackage.SampleTest"/>
  <testcase name="test1" time="3.092" classname="samplePackage.SampleTest"/>
  <testcase name="test1" time="3.032" classname="samplePackage.SampleTest"/>
  <testcase name="test1" time="2.704" classname="samplePackage.SampleTest"/>
  <testcase name="test1" time="0.000" classname="samplePackage.SampleTest"/>
  <testcase name="test1" time="0.000" classname="samplePackage.SampleTest"/>
  <testcase name="test1" time="0.000" classname="samplePackage.SampleTest"/>
  <testcase name="test1" time="3.484" classname="samplePackage.SampleTest"/>
  <testcase name="test1" time="0.015" classname="samplePackage.SampleTest"/>
  <testcase name="test1" time="2.751" classname="samplePackage.SampleTest"/>
  <testcase name="test1" time="0.000" classname="samplePackage.SampleTest"/>
  <testcase name="test1" time="3.734" classname="samplePackage.SampleTest"/>
  <testcase name="test1" time="3.234" classname="samplePackage.SampleTest"/>
  <testcase name="test1" time="7.875" classname="samplePackage.SampleTest"/>
  <testcase name="test1" time="8.125" classname="samplePackage.SampleTest"/>
  <testcase name="test1" time="5.594" classname="samplePackage.SampleTest"/>
  <testcase name="test1" time="3.781" classname="samplePackage.SampleTest"/>
  <testcase name="test1" time="3.172" classname="samplePackage.SampleTest"/>
  <testcase name="test1" time="3.391" classname="samplePackage.SampleTest"/>
  <testcase name="test1" time="3.016" classname="samplePackage.SampleTest"/>
  <testcase name="test1" time="0.000" classname="samplePackage.SampleTest"/>
  <testcase name="test1" time="0.000" classname="samplePackage.SampleTest"/>
  <testcase name="test1" time="2.891" classname="samplePackage.SampleTest"/>
  <testcase name="test1" time="2.938" classname="samplePackage.SampleTest"/>
  <testcase name="test1" time="3.547" classname="samplePackage.SampleTest"/>
  <testcase name="test1" time="2.751" classname="samplePackage.SampleTest"/>
  <testcase name="test1" time="0.000" classname="samplePackage.SampleTest"/>
  <testcase name="test1" time="0.000" classname="samplePackage.SampleTest"/>
  <testcase name="test1" time="0.000" classname="samplePackage.SampleTest"/>
  <testcase name="test1" time="5.693" classname="samplePackage.SampleTest"/>
  <testcase name="test1" time="0.000" classname="samplePackage.SampleTest"/>
  <testcase name="test1" time="3.391" classname="samplePackage.SampleTest"/>
  <testcase name="test1" time="0.016" classname="samplePackage.SampleTest"/>
  <testcase name="test1" time="0.016" classname="samplePackage.SampleTest"/>
  <testcase name="test1" time="2.932" classname="samplePackage.SampleTest"/>
  <testcase name="test1" time="3.064" classname="samplePackage.SampleTest"/>
  <testcase name="test1" time="0.000" classname="samplePackage.SampleTest"/>
  <testcase name="test1" time="2.812" classname="samplePackage.SampleTest"/>
  <testcase name="test1" time="2.781" classname="samplePackage.SampleTest"/>
  <testcase name="test1" time="2.735" classname="samplePackage.SampleTest"/>
  <testcase name="test1" time="3.144" classname="samplePackage.SampleTest"/>
  <testcase name="test1" time="2.516" classname="samplePackage.SampleTest"/>
  <testcase name="test1" time="2.750" classname="samplePackage.SampleTest"/>
  <testcase name="test1" time="3.050" classname="samplePackage.SampleTest"/>
  <testcase name="test1" time="4.405" classname="samplePackage.SampleTest"/>
  <testcase name="test1" time="0.000" classname="samplePackage.SampleTest"/>
  <testcase name="test1" time="2.751" classname="samplePackage.SampleTest"/>
  <testcase name="test1" time="3.938" classname="samplePackage.SampleTest"/>
  <testcase name="test1" time="4.172" classname="samplePackage.SampleTest"/>
  <testcase name="test1" time="0.000" classname="samplePackage.SampleTest"/>
  <testcase name="test1" time="5.031" classname="samplePackage.SampleTest"/>
  <testcase name="test1" time="3.469" classname="samplePackage.SampleTest"/>
  <testcase name="test1" time="2.735" classname="samplePackage.SampleTest"/>
  <testcase name="test1" time="2.719" classname="samplePackage.SampleTest"/>
  <testcase name="test1" time="2.719" classname="samplePackage.SampleTest"/>
  <testcase name="test1" time="0.000" classname="samplePackage.SampleTest"/>
  <testcase name="test1" time="3.907" classname="samplePackage.SampleTest"/>
  <testcase name="test1" time="3.766" classname="samplePackage.SampleTest"/>
  <testcase name="test1" time="2.803" classname="samplePackage.SampleTest"/>
  <testcase name="test1" time="2.899" classname="samplePackage.SampleTest"/>
  <testcase name="test1" time="2.735" classname="samplePackage.SampleTest"/>
  <testcase name="test1" time="2.847" classname="samplePackage.SampleTest"/>
  <testcase name="test1" time="3.969" classname="samplePackage.SampleTest"/>
  <testcase name="test1" time="3.297" classname="samplePackage.SampleTest"/>
  <testcase name="test1" time="3.250" classname="samplePackage.SampleTest"/>
  <testcase name="test1" time="3.032" classname="samplePackage.SampleTest"/>
  <testcase name="test1" time="3.234" classname="samplePackage.SampleTest"/>
  <testcase name="test1" time="0.000" classname="samplePackage.SampleTest"/>
  <testcase name="test1" time="2.969" classname="samplePackage.SampleTest"/>
  <testcase name="test1" time="2.819" classname="samplePackage.SampleTest"/>
  <testcase name="test1" time="3.047" classname="samplePackage.SampleTest"/>
  <testcase name="test1" time="4.000" classname="samplePackage.SampleTest"/>
  <testcase name="test1" time="3.282" classname="samplePackage.SampleTest"/>
  <testcase name="test1" time="3.619" classname="samplePackage.SampleTest"/>
  <testcase name="test1" time="2.703" classname="samplePackage.SampleTest"/>
  <testcase name="test1" time="3.344" classname="samplePackage.SampleTest"/>
  <testcase name="test1" time="3.000" classname="samplePackage.SampleTest"/>
  <testcase name="test1" time="2.750" classname="samplePackage.SampleTest"/>
  <testcase name="test1" time="0.000" classname="samplePackage.SampleTest"/>
  <testcase name="test1" time="0.000" classname="samplePackage.SampleTest"/>
  <testcase name="test1" time="3.281" classname="samplePackage.SampleTest"/>
  <testcase name="test1" time="3.516" classname="samplePackage.SampleTest"/>
  <testcase name="test1" time="3.863" classname="samplePackage.SampleTest"/>
  <testcase name="test1" time="2.719" classname="samplePackage.SampleTest"/>
  <testcase name="test1" time="3.985" classname="samplePackage.SampleTest"/>
  <testcase name="test1" time="5.375" classname="samplePackage.SampleTest"/>
  <testcase name="test1" time="0.016" classname="samplePackage.SampleTest"/>
  <testcase name="test1" time="2.531" classname="samplePackage.SampleTest"/>
  <testcase name="test1" time="0.000" classname="samplePackage.SampleTest"/>
  <testcase name="test1" time="3.187" classname="samplePackage.SampleTest"/>
  <testcase name="test1" time="2.797" classname="samplePackage.SampleTest"/>
  <testcase name="test1" time="0.016" classname="samplePackage.SampleTest"/>
  <testcase name="test1" time="4.753" classname="samplePackage.SampleTest"/>
  <testcase name="test1" time="0.000" classname="samplePackage.SampleTest"/>
  <testcase name="test1" time="0.000" classname="samplePackage.SampleTest"/>
  <testcase name="test1" time="3.275" classname="samplePackage.SampleTest"/>
  <testcase name="test1" time="3.182" classname="samplePackage.SampleTest"/>
  <testcase name="test1" time="3.188" classname="samplePackage.SampleTest"/>
  <testcase name="test1" time="0.000" classname="samplePackage.SampleTest"/>
  <testcase name="test1" time="3.375" classname="samplePackage.SampleTest"/>
  <testcase name="test1" time="0.016" classname="samplePackage.SampleTest"/>
  <testcase name="test1" time="2.969" classname="samplePackage.SampleTest"/>
  <testcase name="test1" time="4.609" classname="samplePackage.SampleTest"/>
  <testcase name="test1" time="4.157" classname="samplePackage.SampleTest"/>
  <testcase name="test1" time="3.563" classname="samplePackage.SampleTest"/>
  <testcase name="test1" time="2.922" classname="samplePackage.SampleTest"/>
  <testcase name="test1" time="3.235" classname="samplePackage.SampleTest"/>
  <testcase name="test1" time="3.156" classname="samplePackage.SampleTest"/>
  <testcase name="test1" time="4.851" classname="samplePackage.SampleTest"/>
  <testcase name="test1" time="2.860" classname="samplePackage.SampleTest"/>
  <testcase name="test1" time="3.156" classname="samplePackage.SampleTest"/>
  <testcase name="test1" time="3.828" classname="samplePackage.SampleTest"/>
  <testcase name="test1" time="2.922" classname="samplePackage.SampleTest"/>
  <testcase name="test1" time="3.656" classname="samplePackage.SampleTest"/>
  <testcase name="test1" time="4.297" classname="samplePackage.SampleTest"/>
  <testcase name="test1" time="2.813" classname="samplePackage.SampleTest"/>
  <testcase name="test1" time="0.000" classname="samplePackage.SampleTest"/>
  <testcase name="test1" time="0.000" classname="samplePackage.SampleTest"/>
  <testcase name="test1" time="3.906" classname="samplePackage.SampleTest"/>
  <testcase name="test1" time="2.860" classname="samplePackage.SampleTest"/>
  <testcase name="test1" time="0.000" classname="samplePackage.SampleTest"/>
  <testcase name="test1" time="2.734" classname="samplePackage.SampleTest"/>
  <testcase name="test1" time="2.875" classname="samplePackage.SampleTest"/>
  <testcase name="test1" time="4.656" classname="samplePackage.SampleTest"/>
  <testcase name="test1" time="3.985" classname="samplePackage.SampleTest"/>
  <testcase name="test1" time="2.937" classname="samplePackage.SampleTest"/>
  <testcase name="test1" time="2.903" classname="samplePackage.SampleTest"/>
  <testcase name="test1" time="3.235" classname="samplePackage.SampleTest"/>
  <testcase name="test1" time="0.000" classname="samplePackage.SampleTest"/>
  <testcase name="test1" time="2.750" classname="samplePackage.SampleTest"/>
  <testcase name="test1" time="4.407" classname="samplePackage.SampleTest"/>
  <testcase name="test1" time="2.755" classname="samplePackage.SampleTest"/>
  <testcase name="test1" time="3.875" classname="samplePackage.SampleTest"/>
  <testcase name="test1" time="2.672" classname="samplePackage.SampleTest"/>
  <testcase name="test1" time="0.000" classname="samplePackage.SampleTest"/>
  <testcase name="test1" time="3.953" classname="samplePackage.SampleTest"/>
  <testcase name="test1" time="0.000" classname="samplePackage.SampleTest"/>
  <testcase name="test1" time="0.000" classname="samplePackage.SampleTest"/>
  <testcase name="test1" time="2.735" classname="samplePackage.SampleTest"/>
  <testcase name="test1" time="0.000" classname="samplePackage.SampleTest"/>
  <testcase name="test1" time="0.000" classname="samplePackage.SampleTest"/>
  <testcase name="test1" time="2.828" classname="samplePackage.SampleTest"/>
  <testcase name="test1" time="3.018" classname="samplePackage.SampleTest"/>
  <testcase name="test1" time="3.813" classname="samplePackage.SampleTest"/>
  <testcase name="test1" time="3.962" classname="samplePackage.SampleTest"/>
  <testcase name="test1" time="10.516" classname="samplePackage.SampleTest"/>
  <testcase name="test1" time="0.000" classname="samplePackage.SampleTest"/>
  <testcase name="test1" time="3.422" classname="samplePackage.SampleTest"/>
  <testcase name="test1" time="0.000" classname="samplePackage.SampleTest"/>
  <testcase name="test1" time="3.209" classname="samplePackage.SampleTest"/>
  <testcase name="test1" time="3.281" classname="samplePackage.SampleTest"/>
  <testcase name="test1" time="4.235" classname="samplePackage.SampleTest"/>
  <testcase name="test1" time="2.829" classname="samplePackage.SampleTest"/>
  <testcase name="test1" time="0.000" classname="samplePackage.SampleTest"/>
  <testcase name="test1" time="0.000" classname="samplePackage.SampleTest"/>
  <testcase name="test1" time="3.562" classname="samplePackage.SampleTest"/>
  <testcase name="test1" time="2.985" classname="samplePackage.SampleTest"/>
  <testcase name="test1" time="0.016" classname="samplePackage.SampleTest"/>
  <testcase name="test1" time="3.937" classname="samplePackage.SampleTest"/>
  <testcase name="test1" time="9.438" classname="samplePackage.SampleTest"/>
  <testcase name="test1" time="4.188" classname="samplePackage.SampleTest"/>
  <testcase name="test1" time="7.782" classname="samplePackage.SampleTest"/>
  <testcase name="test1" time="3.382" classname="samplePackage.SampleTest"/>
  <testcase name="test1" time="2.703" classname="samplePackage.SampleTest"/>
  <testcase name="test1" time="3.313" classname="samplePackage.SampleTest"/>
  <testcase name="test1" time="2.781" classname="samplePackage.SampleTest"/>
  <testcase name="test1" time="3.235" classname="samplePackage.SampleTest"/>
  <testcase name="test1" time="2.765" classname="samplePackage.SampleTest"/>
  <testcase name="test1" time="5.750" classname="samplePackage.SampleTest"/>
  <testcase name="test1" time="0.000" classname="samplePackage.SampleTest"/>
  <testcase name="test1" time="4.031" classname="samplePackage.SampleTest"/>
  <testcase name="test1" time="3.078" classname="samplePackage.SampleTest"/>
  <testcase name="test1" time="3.151" classname="samplePackage.SampleTest"/>
  <testcase name="test1" time="2.734" classname="samplePackage.SampleTest"/>
  <testcase name="test1" time="4.110" classname="samplePackage.SampleTest"/>
  <testcase name="test1" time="3.125" classname="samplePackage.SampleTest"/>
  <testcase name="test1" time="2.905" classname="samplePackage.SampleTest"/>
  <testcase name="test1" time="2.703" classname="samplePackage.SampleTest"/>
  <testcase name="test1" time="0.000" classname="samplePackage.SampleTest"/>
  <testcase name="test1" time="0.000" classname="samplePackage.SampleTest"/>
  <testcase name="test1" time="3.281" classname="samplePackage.SampleTest"/>
  <testcase name="test1" time="3.101" classname="samplePackage.SampleTest"/>
  <testcase name="test1" time="2.922" classname="samplePackage.SampleTest"/>
  <testcase name="test1" time="3.110" classname="samplePackage.SampleTest"/>
  <testcase name="test1" time="2.765" classname="samplePackage.SampleTest"/>
  <testcase name="test1" time="2.766" classname="samplePackage.SampleTest"/>
  <testcase name="test1" time="3.500" classname="samplePackage.SampleTest"/>
  <testcase name="test1" time="3.703" classname="samplePackage.SampleTest"/>
  <testcase name="test1" time="13.235" classname="samplePackage.SampleTest"/>
  <testcase name="test1" time="3.403" classname="samplePackage.SampleTest"/>
  <testcase name="test1" time="2.828" classname="samplePackage.SampleTest"/>
  <testcase name="test1" time="0.000" classname="samplePackage.SampleTest"/>
  <testcase name="test1" time="0.000" classname="samplePackage.SampleTest"/>
  <testcase name="test1" time="3.483" classname="samplePackage.SampleTest"/>
  <testcase name="test1" time="3.352" classname="samplePackage.SampleTest"/>
  <testcase name="test1" time="3.281" classname="samplePackage.SampleTest"/>
  <testcase name="test1" time="0.000" classname="samplePackage.SampleTest"/>
  <testcase name="test1" time="3.938" classname="samplePackage.SampleTest"/>
  <testcase name="test1" time="4.109" classname="samplePackage.SampleTest"/>
  <testcase name="test1" time="3.132" classname="samplePackage.SampleTest"/>
  <testcase name="test1" time="2.915" classname="samplePackage.SampleTest"/>
  <testcase name="test1" time="3.125" classname="samplePackage.SampleTest"/>
  <testcase name="test1" time="2.887" classname="samplePackage.SampleTest"/>
  <testcase name="test1" time="0.000" classname="samplePackage.SampleTest"/>
  <testcase name="test1" time="2.857" classname="samplePackage.SampleTest"/>
  <testcase name="test1" time="3.235" classname="samplePackage.SampleTest"/>
  <testcase name="test1" time="3.375" classname="samplePackage.SampleTest"/>
  <testcase name="test1" time="0.000" classname="samplePackage.SampleTest"/>
  <testcase name="test1" time="3.762" classname="samplePackage.SampleTest"/>
  <testcase name="test1" time="2.750" classname="samplePackage.SampleTest"/>
  <testcase name="test1" time="0.000" classname="samplePackage.SampleTest"/>
  <testcase name="test1" time="2.891" classname="samplePackage.SampleTest"/>
  <testcase name="test1" time="3.656" classname="samplePackage.SampleTest"/>
  <testcase name="test1" time="3.219" classname="samplePackage.SampleTest"/>
  <testcase name="test1" time="20.720" classname="samplePackage.SampleTest"/>
  <testcase name="test1" time="2.875" classname="samplePackage.SampleTest"/>
  <testcase name="test1" time="2.703" classname="samplePackage.SampleTest"/>
  <testcase name="test1" time="2.860" classname="samplePackage.SampleTest"/>
  <testcase name="test1" time="0.000" classname="samplePackage.SampleTest"/>
  <testcase name="test1" time="3.391" classname="samplePackage.SampleTest"/>
  <testcase name="test1" time="9.298" classname="samplePackage.SampleTest"/>
  <testcase name="test1" time="3.137" classname="samplePackage.SampleTest"/>
  <testcase name="test1" time="2.688" classname="samplePackage.SampleTest"/>
  <testcase name="test1" time="0.000" classname="samplePackage.SampleTest"/>
  <testcase name="test1" time="2.814" classname="samplePackage.SampleTest"/>
  <testcase name="test1" time="3.844" classname="samplePackage.SampleTest"/>
  <testcase name="test1" time="3.572" classname="samplePackage.SampleTest"/>
  <testcase name="test1" time="0.016" classname="samplePackage.SampleTest"/>
  <testcase name="test1" time="0.000" classname="samplePackage.SampleTest"/>
  <testcase name="test1" time="3.469" classname="samplePackage.SampleTest"/>
  <testcase name="test1" time="0.015" classname="samplePackage.SampleTest"/>
  <testcase name="test1" time="3.453" classname="samplePackage.SampleTest"/>
  <testcase name="test1" time="0.000" classname="samplePackage.SampleTest"/>
  <testcase name="test1" time="0.016" classname="samplePackage.SampleTest"/>
  <testcase name="test1" time="2.781" classname="samplePackage.SampleTest"/>
  <testcase name="test1" time="0.000" classname="samplePackage.SampleTest"/>
  <testcase name="test1" time="2.695" classname="samplePackage.SampleTest"/>
  <testcase name="test1" time="3.657" classname="samplePackage.SampleTest"/>
  <testcase name="test1" time="0.000" classname="samplePackage.SampleTest"/>
  <testcase name="test1" time="3.187" classname="samplePackage.SampleTest"/>
  <testcase name="test1" time="0.000" classname="samplePackage.SampleTest"/>
  <testcase name="test1" time="2.891" classname="samplePackage.SampleTest"/>
  <testcase name="test1" time="0.000" classname="samplePackage.SampleTest"/>
  <testcase name="test1" time="2.801" classname="samplePackage.SampleTest"/>
  <testcase name="test1" time="3.609" classname="samplePackage.SampleTest"/>
  <testcase name="test1" time="0.000" classname="samplePackage.SampleTest"/>
  <testcase name="test1" time="2.750" classname="samplePackage.SampleTest"/>
  <testcase name="test1" time="3.782" classname="samplePackage.SampleTest"/>
  <testcase name="test1" time="2.795" classname="samplePackage.SampleTest"/>
  <testcase name="test1" time="0.000" classname="samplePackage.SampleTest"/>
  <testcase name="test1" time="0.016" classname="samplePackage.SampleTest"/>
  <testcase name="test1" time="3.091" classname="samplePackage.SampleTest"/>
  <testcase name="test1" time="3.578" classname="samplePackage.SampleTest"/>
  <testcase name="test1" time="2.704" classname="samplePackage.SampleTest"/>
  <testcase name="test1" time="3.188" classname="samplePackage.SampleTest"/>
  <testcase name="test1" time="3.172" classname="samplePackage.SampleTest"/>
  <testcase name="test1" time="2.719" classname="samplePackage.SampleTest"/>
  <testcase name="test1" time="4.369" classname="samplePackage.SampleTest"/>
  <testcase name="test1" time="3.877" classname="samplePackage.SampleTest"/>
  <testcase name="test1" time="2.938" classname="samplePackage.SampleTest"/>
  <testcase name="test1" time="2.750" classname="samplePackage.SampleTest"/>
  <testcase name="test1" time="0.000" classname="samplePackage.SampleTest"/>
  <testcase name="test1" time="3.782" classname="samplePackage.SampleTest"/>
  <testcase name="test1" time="3.485" classname="samplePackage.SampleTest"/>
  <testcase name="test1" time="2.860" classname="samplePackage.SampleTest"/>
  <testcase name="test1" time="4.282" classname="samplePackage.SampleTest"/>
  <testcase name="test1" time="4.065" classname="samplePackage.SampleTest"/>
  <testcase name="test1" time="2.750" classname="samplePackage.SampleTest"/>
  <testcase name="test1" time="0.016" classname="samplePackage.SampleTest"/>
  <testcase name="test1" time="3.407" classname="samplePackage.SampleTest"/>
  <testcase name="test1" time="3.344" classname="samplePackage.SampleTest"/>
  <testcase name="test1" time="3.047" classname="samplePackage.SampleTest"/>
  <testcase name="test1" time="2.875" classname="samplePackage.SampleTest"/>
  <testcase name="test1" time="21.439" classname="samplePackage.SampleTest"/>
  <testcase name="test1" time="0.000" classname="samplePackage.SampleTest"/>
  <testcase name="test1" time="3.532" classname="samplePackage.SampleTest"/>
  <testcase name="test1" time="3.907" classname="samplePackage.SampleTest"/>
  <testcase name="test1" time="2.764" classname="samplePackage.SampleTest"/>
  <testcase name="test1" time="0.000" classname="samplePackage.SampleTest"/>
  <testcase name="test1" time="0.000" classname="samplePackage.SampleTest"/>
  <testcase name="test1" time="3.719" classname="samplePackage.SampleTest"/>
  <testcase name="test1" time="2.964" classname="samplePackage.SampleTest"/>
  <testcase name="test1" time="4.313" classname="samplePackage.SampleTest"/>
  <testcase name="test1" time="2.672" classname="samplePackage.SampleTest"/>
  <testcase name="test1" time="5.047" classname="samplePackage.SampleTest"/>
  <testcase name="test1" time="2.815" classname="samplePackage.SampleTest"/>
  <testcase name="test1" time="2.718" classname="samplePackage.SampleTest"/>
  <testcase name="test1" time="3.828" classname="samplePackage.SampleTest"/>
  <testcase name="test1" time="2.625" classname="samplePackage.SampleTest"/>
  <testcase name="test1" time="2.718" classname="samplePackage.SampleTest"/>
  <testcase name="test1" time="2.735" classname="samplePackage.SampleTest"/>
  <testcase name="test1" time="7.876" classname="samplePackage.SampleTest"/>
  <testcase name="test1" time="2.786" classname="samplePackage.SampleTest"/>
  <testcase name="test1" time="0.000" classname="samplePackage.SampleTest"/>
  <testcase name="test1" time="0.000" classname="samplePackage.SampleTest"/>
  <testcase name="test1" time="0.000" classname="samplePackage.SampleTest"/>
  <testcase name="test1" time="2.703" classname="samplePackage.SampleTest"/>
  <testcase name="test1" time="3.391" classname="samplePackage.SampleTest"/>
  <testcase name="test1" time="0.000" classname="samplePackage.SampleTest"/>
  <testcase name="test1" time="2.998" classname="samplePackage.SampleTest"/>
  <testcase name="test1" time="0.000" classname="samplePackage.SampleTest"/>
  <testcase name="test1" time="3.858" classname="samplePackage.SampleTest"/>
  <testcase name="test1" time="2.750" classname="samplePackage.SampleTest"/>
  <testcase name="test1" time="2.734" classname="samplePackage.SampleTest"/>
  <testcase name="test1" time="3.922" classname="samplePackage.SampleTest"/>
  <testcase name="test1" time="3.547" classname="samplePackage.SampleTest"/>
  <testcase name="test1" time="0.015" classname="samplePackage.SampleTest"/>
  <testcase name="test1" time="4.274" classname="samplePackage.SampleTest"/>
  <testcase name="test1" time="2.992" classname="samplePackage.SampleTest"/>
  <testcase name="test1" time="0.000" classname="samplePackage.SampleTest"/>
  <testcase name="test1" time="0.015" classname="samplePackage.SampleTest"/>
  <testcase name="test1" time="0.015" classname="samplePackage.SampleTest"/>
  <testcase name="test1" time="3.922" classname="samplePackage.SampleTest"/>
  <testcase name="test1" time="0.000" classname="samplePackage.SampleTest"/>
  <testcase name="test1" time="3.643" classname="samplePackage.SampleTest"/>
  <testcase name="test1" time="0.000" classname="samplePackage.SampleTest"/>
  <testcase name="test1" time="0.016" classname="samplePackage.SampleTest"/>
  <testcase name="test1" time="0.000" classname="samplePackage.SampleTest"/>
  <testcase name="test1" time="3.391" classname="samplePackage.SampleTest"/>
  <testcase name="test1" time="2.734" classname="samplePackage.SampleTest"/>
  <testcase name="test1" time="2.850" classname="samplePackage.SampleTest"/>
  <testcase name="test1" time="2.985" classname="samplePackage.SampleTest"/>
  <testcase name="test1" time="2.788" classname="samplePackage.SampleTest"/>
  <testcase name="test1" time="0.000" classname="samplePackage.SampleTest"/>
  <testcase name="test1" time="4.860" classname="samplePackage.SampleTest"/>
  <testcase name="test1" time="2.938" classname="samplePackage.SampleTest"/>
  <testcase name="test1" time="0.000" classname="samplePackage.SampleTest"/>
  <testcase name="test1" time="0.016" classname="samplePackage.SampleTest"/>
  <testcase name="test1" time="2.875" classname="samplePackage.SampleTest"/>
  <testcase name="test1" time="2.719" classname="samplePackage.SampleTest"/>
  <testcase name="test1" time="2.765" classname="samplePackage.SampleTest"/>
  <testcase name="test1" time="0.000" classname="samplePackage.SampleTest"/>
  <testcase name="test1" time="0.000" classname="samplePackage.SampleTest"/>
  <testcase name="test1" time="3.922" classname="samplePackage.SampleTest"/>
  <testcase name="test1" time="0.000" classname="samplePackage.SampleTest"/>
  <testcase name="test1" time="0.000" classname="samplePackage.SampleTest"/>
  <testcase name="test1" time="0.000" classname="samplePackage.SampleTest"/>
  <testcase name="test1" time="3.922" classname="samplePackage.SampleTest"/>
  <testcase name="test1" time="2.719" classname="samplePackage.SampleTest"/>
  <testcase name="test1" time="2.890" classname="samplePackage.SampleTest"/>
  <testcase name="test1" time="2.851" classname="samplePackage.SampleTest"/>
  <testcase name="test1" time="3.391" classname="samplePackage.SampleTest"/>
  <testcase name="test1" time="0.000" classname="samplePackage.SampleTest"/>
  <testcase name="test1" time="0.000" classname="samplePackage.SampleTest"/>
  <testcase name="test1" time="0.015" classname="samplePackage.SampleTest"/>
  <testcase name="test1" time="2.719" classname="samplePackage.SampleTest"/>
  <testcase name="test1" time="2.974" classname="samplePackage.SampleTest"/>
  <testcase name="test1" time="2.734" classname="samplePackage.SampleTest"/>
  <testcase name="test1" time="3.359" classname="samplePackage.SampleTest"/>
  <testcase name="test1" time="3.266" classname="samplePackage.SampleTest"/>
  <testcase name="test1" time="3.594" classname="samplePackage.SampleTest"/>
  <testcase name="test1" time="2.747" classname="samplePackage.SampleTest"/>
  <testcase name="test1" time="2.844" classname="samplePackage.SampleTest"/>
  <testcase name="test1" time="3.688" classname="samplePackage.SampleTest"/>
  <testcase name="test1" time="3.235" classname="samplePackage.SampleTest"/>
  <testcase name="test1" time="2.874" classname="samplePackage.SampleTest"/>
  <testcase name="test1" time="0.000" classname="samplePackage.SampleTest"/>
  <testcase name="test1" time="0.000" classname="samplePackage.SampleTest"/>
  <testcase name="test1" time="2.750" classname="samplePackage.SampleTest"/>
  <testcase name="test1" time="0.016" classname="samplePackage.SampleTest"/>
  <testcase name="test1" time="3.016" classname="samplePackage.SampleTest"/>
  <testcase name="test1" time="5.719" classname="samplePackage.SampleTest"/>
  <testcase name="test1" time="0.000" classname="samplePackage.SampleTest"/>
  <testcase name="test1" time="3.500" classname="samplePackage.SampleTest"/>
  <testcase name="test1" time="2.859" classname="samplePackage.SampleTest"/>
  <testcase name="test1" time="2.734" classname="samplePackage.SampleTest"/>
  <testcase name="test1" time="2.844" classname="samplePackage.SampleTest"/>
  <testcase name="test1" time="3.204" classname="samplePackage.SampleTest"/>
  <testcase name="test1" time="3.250" classname="samplePackage.SampleTest"/>
  <testcase name="test1" time="2.937" classname="samplePackage.SampleTest"/>
  <testcase name="test1" time="0.000" classname="samplePackage.SampleTest"/>
  <testcase name="test1" time="0.000" classname="samplePackage.SampleTest"/>
  <testcase name="test1" time="3.703" classname="samplePackage.SampleTest"/>
  <testcase name="test1" time="2.735" classname="samplePackage.SampleTest"/>
  <testcase name="test1" time="0.000" classname="samplePackage.SampleTest"/>
  <testcase name="test1" time="2.838" classname="samplePackage.SampleTest"/>
  <testcase name="test1" time="2.704" classname="samplePackage.SampleTest"/>
  <testcase name="test1" time="0.000" classname="samplePackage.SampleTest"/>
  <testcase name="test1" time="3.172" classname="samplePackage.SampleTest"/>
  <testcase name="test1" time="0.000" classname="samplePackage.SampleTest"/>
  <testcase name="test1" time="3.547" classname="samplePackage.SampleTest"/>
  <testcase name="test1" time="3.953" classname="samplePackage.SampleTest"/>
  <testcase name="test1" time="3.248" classname="samplePackage.SampleTest"/>
  <testcase name="test1" time="2.719" classname="samplePackage.SampleTest"/>
  <testcase name="test1" time="2.719" classname="samplePackage.SampleTest"/>
  <testcase name="test1" time="3.422" classname="samplePackage.SampleTest"/>
  <testcase name="test1" time="2.766" classname="samplePackage.SampleTest"/>
  <testcase name="test1" time="3.406" classname="samplePackage.SampleTest"/>
  <testcase name="test1" time="0.000" classname="samplePackage.SampleTest"/>
  <testcase name="test1" time="2.860" classname="samplePackage.SampleTest"/>
  <testcase name="test1" time="0.188" classname="samplePackage.SampleTest"/>
  <testcase name="test1" time="2.844" classname="samplePackage.SampleTest"/>
  <testcase name="test1" time="2.672" classname="samplePackage.SampleTest"/>
  <testcase name="test1" time="2.766" classname="samplePackage.SampleTest"/>
  <testcase name="test1" time="0.000" classname="samplePackage.SampleTest"/>
  <testcase name="test1" time="2.969" classname="samplePackage.SampleTest"/>
  <testcase name="test1" time="3.093" classname="samplePackage.SampleTest"/>
  <testcase name="test1" time="3.281" classname="samplePackage.SampleTest"/>
  <testcase name="test1" time="3.860" classname="samplePackage.SampleTest"/>
  <testcase name="test1" time="2.750" classname="samplePackage.SampleTest"/>
  <testcase name="test1" time="3.330" classname="samplePackage.SampleTest"/>
  <testcase name="test1" time="2.750" classname="samplePackage.SampleTest"/>
  <testcase name="test1" time="3.250" classname="samplePackage.SampleTest"/>
  <testcase name="test1" time="2.797" classname="samplePackage.SampleTest"/>
  <testcase name="test1" time="3.125" classname="samplePackage.SampleTest"/>
  <testcase name="test1" time="2.781" classname="samplePackage.SampleTest"/>
  <testcase name="test1" time="2.985" classname="samplePackage.SampleTest"/>
  <testcase name="test1" time="5.172" classname="samplePackage.SampleTest"/>
  <testcase name="test1" time="2.734" classname="samplePackage.SampleTest"/>
  <testcase name="test1" time="3.923" classname="samplePackage.SampleTest"/>
  <testcase name="test1" time="2.672" classname="samplePackage.SampleTest"/>
  <testcase name="test1" time="3.250" classname="samplePackage.SampleTest"/>
  <testcase name="test1" time="0.000" classname="samplePackage.SampleTest"/>
  <testcase name="test1" time="0.000" classname="samplePackage.SampleTest"/>
  <testcase name="test1" time="0.000" classname="samplePackage.SampleTest"/>
  <testcase name="test1" time="3.125" classname="samplePackage.SampleTest"/>
  <testcase name="test1" time="2.687" classname="samplePackage.SampleTest"/>
  <testcase name="test1" time="0.000" classname="samplePackage.SampleTest"/>
  <testcase name="test1" time="9.906" classname="samplePackage.SampleTest"/>
  <testcase name="test1" time="2.875" classname="samplePackage.SampleTest"/>
  <testcase name="test1" time="0.000" classname="samplePackage.SampleTest"/>
  <testcase name="test1" time="3.372" classname="samplePackage.SampleTest"/>
  <testcase name="test1" time="3.110" classname="samplePackage.SampleTest"/>
  <testcase name="test1" time="0.000" classname="samplePackage.SampleTest"/>
  <testcase name="test1" time="2.847" classname="samplePackage.SampleTest"/>
  <testcase name="test1" time="4.626" classname="samplePackage.SampleTest"/>
  <testcase name="test1" time="3.751" classname="samplePackage.SampleTest"/>
  <testcase name="test1" time="2.782" classname="samplePackage.SampleTest"/>
  <testcase name="test1" time="6.516" classname="samplePackage.SampleTest"/>
  <testcase name="test1" time="3.250" classname="samplePackage.SampleTest"/>
  <testcase name="test1" time="2.718" classname="samplePackage.SampleTest"/>
  <testcase name="test1" time="3.172" classname="samplePackage.SampleTest"/>
  <testcase name="test1" time="3.641" classname="samplePackage.SampleTest"/>
  <testcase name="test1" time="3.734" classname="samplePackage.SampleTest"/>
  <testcase name="test1" time="2.735" classname="samplePackage.SampleTest"/>
  <testcase name="test1" time="3.765" classname="samplePackage.SampleTest"/>
  <testcase name="test1" time="3.141" classname="samplePackage.SampleTest"/>
  <testcase name="test1" time="2.938" classname="samplePackage.SampleTest"/>
  <testcase name="test1" time="6.344" classname="samplePackage.SampleTest"/>
  <testcase name="test1" time="2.841" classname="samplePackage.SampleTest"/>
  <testcase name="test1" time="3.750" classname="samplePackage.SampleTest"/>
  <testcase name="test1" time="3.109" classname="samplePackage.SampleTest"/>
  <testcase name="test1" time="4.000" classname="samplePackage.SampleTest"/>
  <testcase name="test1" time="2.672" classname="samplePackage.SampleTest"/>
  <testcase name="test1" time="4.133" classname="samplePackage.SampleTest"/>
  <testcase name="test1" time="2.766" classname="samplePackage.SampleTest"/>
  <testcase name="test1" time="3.094" classname="samplePackage.SampleTest"/>
  <testcase name="test1" time="3.656" classname="samplePackage.SampleTest"/>
  <testcase name="test1" time="2.797" classname="samplePackage.SampleTest"/>
  <testcase name="test1" time="2.809" classname="samplePackage.SampleTest"/>
  <testcase name="test1" time="0.000" classname="samplePackage.SampleTest"/>
  <testcase name="test1" time="3.731" classname="samplePackage.SampleTest"/>
  <testcase name="test1" time="0.000" classname="samplePackage.SampleTest"/>
  <testcase name="test1" time="3.031" classname="samplePackage.SampleTest"/>
  <testcase name="test1" time="4.205" classname="samplePackage.SampleTest"/>
  <testcase name="test1" time="3.141" classname="samplePackage.SampleTest"/>
  <testcase name="test1" time="3.219" classname="samplePackage.SampleTest"/>
  <testcase name="test1" time="3.984" classname="samplePackage.SampleTest"/>
  <testcase name="test1" time="4.610" classname="samplePackage.SampleTest"/>
  <testcase name="test1" time="3.918" classname="samplePackage.SampleTest"/>
  <testcase name="test1" time="2.750" classname="samplePackage.SampleTest"/>
  <testcase name="test1" time="2.719" classname="samplePackage.SampleTest"/>
  <testcase name="test1" time="5.271" classname="samplePackage.SampleTest"/>
  <testcase name="test1" time="3.407" classname="samplePackage.SampleTest"/>
  <testcase name="test1" time="3.734" classname="samplePackage.SampleTest"/>
  <testcase name="test1" time="2.853" classname="samplePackage.SampleTest"/>
  <testcase name="test1" time="2.953" classname="samplePackage.SampleTest"/>
  <testcase name="test1" time="2.837" classname="samplePackage.SampleTest"/>
  <testcase name="test1" time="3.578" classname="samplePackage.SampleTest"/>
  <testcase name="test1" time="3.735" classname="samplePackage.SampleTest"/>
  <testcase name="test1" time="2.828" classname="samplePackage.SampleTest"/>
  <testcase name="test1" time="4.032" classname="samplePackage.SampleTest"/>
  <testcase name="test1" time="4.438" classname="samplePackage.SampleTest"/>
  <testcase name="test1" time="0.015" classname="samplePackage.SampleTest"/>
  <testcase name="test1" time="4.647" classname="samplePackage.SampleTest"/>
  <testcase name="test1" time="6.500" classname="samplePackage.SampleTest"/>
  <testcase name="test1" time="3.691" classname="samplePackage.SampleTest"/>
  <testcase name="test1" time="2.839" classname="samplePackage.SampleTest"/>
  <testcase name="test1" time="0.016" classname="samplePackage.SampleTest"/>
  <testcase name="test1" time="2.828" classname="samplePackage.SampleTest"/>
  <testcase name="test1" time="5.234" classname="samplePackage.SampleTest"/>
  <testcase name="test1" time="2.688" classname="samplePackage.SampleTest"/>
  <testcase name="test1" time="3.140" classname="samplePackage.SampleTest"/>
  <testcase name="test1" time="2.815" classname="samplePackage.SampleTest"/>
  <testcase name="test1" time="3.907" classname="samplePackage.SampleTest"/>
  <testcase name="test1" time="0.000" classname="samplePackage.SampleTest"/>
  <testcase name="test1" time="3.672" classname="samplePackage.SampleTest"/>
  <testcase name="test1" time="2.831" classname="samplePackage.SampleTest"/>
  <testcase name="test1" time="2.781" classname="samplePackage.SampleTest"/>
  <testcase name="test1" time="0.015" classname="samplePackage.SampleTest"/>
  <testcase name="test1" time="3.141" classname="samplePackage.SampleTest"/>
  <testcase name="test1" time="2.891" classname="samplePackage.SampleTest"/>
  <testcase name="test1" time="0.000" classname="samplePackage.SampleTest"/>
  <testcase name="test1" time="2.907" classname="samplePackage.SampleTest"/>
  <testcase name="test1" time="4.203" classname="samplePackage.SampleTest"/>
  <testcase name="test1" time="3.274" classname="samplePackage.SampleTest"/>
  <testcase name="test1" time="4.281" classname="samplePackage.SampleTest"/>
  <testcase name="test1" time="2.953" classname="samplePackage.SampleTest"/>
  <testcase name="test1" time="0.016" classname="samplePackage.SampleTest"/>
  <testcase name="test1" time="2.969" classname="samplePackage.SampleTest"/>
  <testcase name="test1" time="2.703" classname="samplePackage.SampleTest"/>
  <testcase name="test1" time="4.500" classname="samplePackage.SampleTest"/>
  <testcase name="test1" time="5.423" classname="samplePackage.SampleTest"/>
  <testcase name="test1" time="2.516" classname="samplePackage.SampleTest"/>
  <testcase name="test1" time="3.093" classname="samplePackage.SampleTest"/>
  <testcase name="test1" time="3.579" classname="samplePackage.SampleTest"/>
  <testcase name="test1" time="0.000" classname="samplePackage.SampleTest"/>
  <testcase name="test1" time="2.953" classname="samplePackage.SampleTest"/>
  <testcase name="test1" time="0.000" classname="samplePackage.SampleTest"/>
  <testcase name="test1" time="3.072" classname="samplePackage.SampleTest"/>
  <testcase name="test1" time="2.891" classname="samplePackage.SampleTest"/>
  <testcase name="test1" time="0.000" classname="samplePackage.SampleTest"/>
  <testcase name="test1" time="0.000" classname="samplePackage.SampleTest"/>
  <testcase name="test1" time="3.156" classname="samplePackage.SampleTest"/>
  <testcase name="test1" time="7.157" classname="samplePackage.SampleTest"/>
  <testcase name="test1" time="0.000" classname="samplePackage.SampleTest"/>
  <testcase name="test1" time="0.000" classname="samplePackage.SampleTest"/>
  <testcase name="test1" time="0.000" classname="samplePackage.SampleTest"/>
  <testcase name="test1" time="2.766" classname="samplePackage.SampleTest"/>
  <testcase name="test1" time="0.015" classname="samplePackage.SampleTest"/>
  <testcase name="test1" time="6.798" classname="samplePackage.SampleTest"/>
  <testcase name="test1" time="0.000" classname="samplePackage.SampleTest"/>
  <testcase name="test1" time="3.157" classname="samplePackage.SampleTest"/>
  <testcase name="test1" time="0.016" classname="samplePackage.SampleTest"/>
  <testcase name="test1" time="4.110" classname="samplePackage.SampleTest"/>
  <testcase name="test1" time="2.797" classname="samplePackage.SampleTest"/>
  <testcase name="test1" time="0.016" classname="samplePackage.SampleTest"/>
  <testcase name="test1" time="0.016" classname="samplePackage.SampleTest"/>
  <testcase name="test1" time="2.750" classname="samplePackage.SampleTest"/>
  <testcase name="test1" time="0.000" classname="samplePackage.SampleTest"/>
  <testcase name="test1" time="3.109" classname="samplePackage.SampleTest"/>
  <testcase name="test1" time="2.784" classname="samplePackage.SampleTest"/>
  <testcase name="test1" time="2.750" classname="samplePackage.SampleTest"/>
  <testcase name="test1" time="0.000" classname="samplePackage.SampleTest"/>
  <testcase name="test1" time="3.039" classname="samplePackage.SampleTest"/>
  <testcase name="test1" time="3.860" classname="samplePackage.SampleTest"/>
  <testcase name="test1" time="3.313" classname="samplePackage.SampleTest"/>
  <testcase name="test1" time="2.735" classname="samplePackage.SampleTest"/>
  <testcase name="test1" time="0.000" classname="samplePackage.SampleTest"/>
  <testcase name="test1" time="2.969" classname="samplePackage.SampleTest"/>
  <testcase name="test1" time="2.766" classname="samplePackage.SampleTest"/>
  <testcase name="test1" time="10.969" classname="samplePackage.SampleTest"/>
  <testcase name="test1" time="3.657" classname="samplePackage.SampleTest"/>
  <testcase name="test1" time="2.843" classname="samplePackage.SampleTest"/>
  <testcase name="test1" time="0.000" classname="samplePackage.SampleTest"/>
  <testcase name="test1" time="2.984" classname="samplePackage.SampleTest"/>
  <testcase name="test1" time="2.828" classname="samplePackage.SampleTest"/>
  <testcase name="test1" time="0.000" classname="samplePackage.SampleTest"/>
  <testcase name="test1" time="0.000" classname="samplePackage.SampleTest"/>
  <testcase name="test1" time="3.578" classname="samplePackage.SampleTest"/>
  <testcase name="test1" time="0.015" classname="samplePackage.SampleTest"/>
  <testcase name="test1" time="2.735" classname="samplePackage.SampleTest"/>
  <testcase name="test1" time="2.807" classname="samplePackage.SampleTest"/>
  <testcase name="test1" time="4.692" classname="samplePackage.SampleTest"/>
  <testcase name="test1" time="0.000" classname="samplePackage.SampleTest"/>
  <testcase name="test1" time="0.000" classname="samplePackage.SampleTest"/>
  <testcase name="test1" time="2.735" classname="samplePackage.SampleTest"/>
  <testcase name="test1" time="2.766" classname="samplePackage.SampleTest"/>
  <testcase name="test1" time="12.047" classname="samplePackage.SampleTest"/>
  <testcase name="test1" time="0.000" classname="samplePackage.SampleTest"/>
  <testcase name="test1" time="2.843" classname="samplePackage.SampleTest"/>
  <testcase name="test1" time="0.000" classname="samplePackage.SampleTest"/>
  <testcase name="test1" time="2.906" classname="samplePackage.SampleTest"/>
  <testcase name="test1" time="0.000" classname="samplePackage.SampleTest"/>
  <testcase name="test1" time="3.146" classname="samplePackage.SampleTest"/>
  <testcase name="test1" time="3.649" classname="samplePackage.SampleTest"/>
  <testcase name="test1" time="5.805" classname="samplePackage.SampleTest"/>
  <testcase name="test1" time="3.250" classname="samplePackage.SampleTest"/>
  <testcase name="test1" time="2.750" classname="samplePackage.SampleTest"/>
  <testcase name="test1" time="2.672" classname="samplePackage.SampleTest"/>
  <testcase name="test1" time="2.883" classname="samplePackage.SampleTest"/>
  <testcase name="test1" time="13.376" classname="samplePackage.SampleTest"/>
  <testcase name="test1" time="0.000" classname="samplePackage.SampleTest"/>
  <testcase name="test1" time="3.344" classname="samplePackage.SampleTest"/>
  <testcase name="test1" time="12.063" classname="samplePackage.SampleTest"/>
  <testcase name="test1" time="2.938" classname="samplePackage.SampleTest"/>
  <testcase name="test1" time="2.922" classname="samplePackage.SampleTest"/>
  <testcase name="test1" time="3.653" classname="samplePackage.SampleTest"/>
  <testcase name="test1" time="3.437" classname="samplePackage.SampleTest"/>
  <testcase name="test1" time="4.032" classname="samplePackage.SampleTest"/>
  <testcase name="test1" time="0.000" classname="samplePackage.SampleTest"/>
  <testcase name="test1" time="2.860" classname="samplePackage.SampleTest"/>
  <testcase name="test1" time="3.125" classname="samplePackage.SampleTest"/>
  <testcase name="test1" time="2.719" classname="samplePackage.SampleTest"/>
  <testcase name="test1" time="2.835" classname="samplePackage.SampleTest"/>
  <testcase name="test1" time="0.000" classname="samplePackage.SampleTest"/>
  <testcase name="test1" time="5.719" classname="samplePackage.SampleTest"/>
  <testcase name="test1" time="2.922" classname="samplePackage.SampleTest"/>
  <testcase name="test1" time="0.000" classname="samplePackage.SampleTest"/>
  <testcase name="test1" time="3.359" classname="samplePackage.SampleTest"/>
  <testcase name="test1" time="3.141" classname="samplePackage.SampleTest"/>
  <testcase name="test1" time="0.016" classname="samplePackage.SampleTest"/>
  <testcase name="test1" time="2.859" classname="samplePackage.SampleTest"/>
  <testcase name="test1" time="3.000" classname="samplePackage.SampleTest"/>
  <testcase name="test1" time="3.469" classname="samplePackage.SampleTest"/>
  <testcase name="test1" time="2.821" classname="samplePackage.SampleTest"/>
  <testcase name="test1" time="4.485" classname="samplePackage.SampleTest"/>
  <testcase name="test1" time="2.797" classname="samplePackage.SampleTest"/>
  <testcase name="test1" time="2.794" classname="samplePackage.SampleTest"/>
  <testcase name="test1" time="3.165" classname="samplePackage.SampleTest"/>
  <testcase name="test1" time="4.828" classname="samplePackage.SampleTest"/>
  <testcase name="test1" time="3.109" classname="samplePackage.SampleTest"/>
  <testcase name="test1" time="0.000" classname="samplePackage.SampleTest"/>
  <testcase name="test1" time="2.847" classname="samplePackage.SampleTest"/>
  <testcase name="test1" time="2.750" classname="samplePackage.SampleTest"/>
  <testcase name="test1" time="3.203" classname="samplePackage.SampleTest"/>
  <testcase name="test1" time="0.000" classname="samplePackage.SampleTest"/>
  <testcase name="test1" time="0.000" classname="samplePackage.SampleTest"/>
  <testcase name="test1" time="0.000" classname="samplePackage.SampleTest"/>
  <testcase name="test1" time="3.625" classname="samplePackage.SampleTest"/>
  <testcase name="test1" time="3.844" classname="samplePackage.SampleTest"/>
  <testcase name="test1" time="0.000" classname="samplePackage.SampleTest"/>
  <testcase name="test1" time="2.993" classname="samplePackage.SampleTest"/>
  <testcase name="test1" time="3.500" classname="samplePackage.SampleTest"/>
  <testcase name="test1" time="2.937" classname="samplePackage.SampleTest"/>
  <testcase name="test1" time="2.784" classname="samplePackage.SampleTest"/>
  <testcase name="test1" time="0.000" classname="samplePackage.SampleTest"/>
  <testcase name="test1" time="4.141" classname="samplePackage.SampleTest"/>
  <testcase name="test1" time="2.949" classname="samplePackage.SampleTest"/>
  <testcase name="test1" time="3.265" classname="samplePackage.SampleTest"/>
  <testcase name="test1" time="0.000" classname="samplePackage.SampleTest"/>
  <testcase name="test1" time="2.781" classname="samplePackage.SampleTest"/>
  <testcase name="test1" time="0.000" classname="samplePackage.SampleTest"/>
  <testcase name="test1" time="0.000" classname="samplePackage.SampleTest"/>
  <testcase name="test1" time="3.094" classname="samplePackage.SampleTest"/>
  <testcase name="test1" time="3.471" classname="samplePackage.SampleTest"/>
  <testcase name="test1" time="3.335" classname="samplePackage.SampleTest"/>
  <testcase name="test1" time="3.079" classname="samplePackage.SampleTest"/>
  <testcase name="test1" time="2.719" classname="samplePackage.SampleTest"/>
  <testcase name="test1" time="3.899" classname="samplePackage.SampleTest"/>
  <testcase name="test1" time="2.765" classname="samplePackage.SampleTest"/>
  <testcase name="test1" time="2.875" classname="samplePackage.SampleTest"/>
  <testcase name="test1" time="3.312" classname="samplePackage.SampleTest"/>
  <testcase name="test1" time="2.969" classname="samplePackage.SampleTest"/>
  <testcase name="test1" time="4.000" classname="samplePackage.SampleTest"/>
  <testcase name="test1" time="3.047" classname="samplePackage.SampleTest"/>
  <testcase name="test1" time="0.000" classname="samplePackage.SampleTest"/>
  <testcase name="test1" time="0.000" classname="samplePackage.SampleTest"/>
  <testcase name="test1" time="3.822" classname="samplePackage.SampleTest"/>
  <testcase name="test1" time="2.703" classname="samplePackage.SampleTest"/>
  <testcase name="test1" time="2.750" classname="samplePackage.SampleTest"/>
  <testcase name="test1" time="2.735" classname="samplePackage.SampleTest"/>
  <testcase name="test1" time="0.000" classname="samplePackage.SampleTest"/>
  <testcase name="test1" time="8.375" classname="samplePackage.SampleTest"/>
  <testcase name="test1" time="3.641" classname="samplePackage.SampleTest"/>
  <testcase name="test1" time="4.225" classname="samplePackage.SampleTest"/>
  <testcase name="test1" time="0.000" classname="samplePackage.SampleTest"/>
  <testcase name="test1" time="2.955" classname="samplePackage.SampleTest"/>
  <testcase name="test1" time="2.813" classname="samplePackage.SampleTest"/>
  <testcase name="test1" time="3.063" classname="samplePackage.SampleTest"/>
  <testcase name="test1" time="3.219" classname="samplePackage.SampleTest"/>
  <testcase name="test1" time="0.000" classname="samplePackage.SampleTest"/>
  <testcase name="test1" time="4.105" classname="samplePackage.SampleTest"/>
  <testcase name="test1" time="2.734" classname="samplePackage.SampleTest"/>
  <testcase name="test1" time="6.906" classname="samplePackage.SampleTest"/>
  <testcase name="test1" time="0.000" classname="samplePackage.SampleTest"/>
  <testcase name="test1" time="2.985" classname="samplePackage.SampleTest"/>
  <testcase name="test1" time="0.015" classname="samplePackage.SampleTest"/>
  <testcase name="test1" time="0.000" classname="samplePackage.SampleTest"/>
  <testcase name="test1" time="5.968" classname="samplePackage.SampleTest"/>
  <testcase name="test1" time="2.719" classname="samplePackage.SampleTest"/>
  <testcase name="test1" time="2.719" classname="samplePackage.SampleTest"/>
  <testcase name="test1" time="0.000" classname="samplePackage.SampleTest"/>
  <testcase name="test1" time="0.016" classname="samplePackage.SampleTest"/>
  <testcase name="test1" time="3.828" classname="samplePackage.SampleTest"/>
  <testcase name="test1" time="3.344" classname="samplePackage.SampleTest"/>
  <testcase name="test1" time="3.422" classname="samplePackage.SampleTest"/>
  <testcase name="test1" time="2.734" classname="samplePackage.SampleTest"/>
  <testcase name="test1" time="0.000" classname="samplePackage.SampleTest"/>
  <testcase name="test1" time="4.295" classname="samplePackage.SampleTest"/>
  <testcase name="test1" time="0.000" classname="samplePackage.SampleTest"/>
  <testcase name="test1" time="3.937" classname="samplePackage.SampleTest"/>
  <testcase name="test1" time="3.969" classname="samplePackage.SampleTest"/>
  <testcase name="test1" time="5.047" classname="samplePackage.SampleTest"/>
  <testcase name="test1" time="0.000" classname="samplePackage.SampleTest"/>
  <testcase name="test1" time="0.000" classname="samplePackage.SampleTest"/>
  <testcase name="test1" time="2.922" classname="samplePackage.SampleTest"/>
  <testcase name="test1" time="4.579" classname="samplePackage.SampleTest"/>
  <testcase name="test1" time="3.110" classname="samplePackage.SampleTest"/>
  <testcase name="test1" time="2.782" classname="samplePackage.SampleTest"/>
  <testcase name="test1" time="0.015" classname="samplePackage.SampleTest"/>
  <testcase name="test1" time="0.000" classname="samplePackage.SampleTest"/>
  <testcase name="test1" time="0.015" classname="samplePackage.SampleTest"/>
  <testcase name="test1" time="2.734" classname="samplePackage.SampleTest"/>
  <testcase name="test1" time="2.687" classname="samplePackage.SampleTest"/>
  <testcase name="test1" time="0.000" classname="samplePackage.SampleTest"/>
  <testcase name="test1" time="0.015" classname="samplePackage.SampleTest"/>
  <testcase name="test1" time="2.766" classname="samplePackage.SampleTest"/>
  <testcase name="test1" time="2.766" classname="samplePackage.SampleTest"/>
  <testcase name="test1" time="0.000" classname="samplePackage.SampleTest"/>
  <testcase name="test1" time="2.734" classname="samplePackage.SampleTest"/>
  <testcase name="test1" time="3.829" classname="samplePackage.SampleTest"/>
  <testcase name="test1" time="3.125" classname="samplePackage.SampleTest"/>
  <testcase name="test1" time="2.719" classname="samplePackage.SampleTest"/>
  <testcase name="test1" time="0.015" classname="samplePackage.SampleTest"/>
  <testcase name="test1" time="0.015" classname="samplePackage.SampleTest"/>
  <testcase name="test1" time="2.703" classname="samplePackage.SampleTest"/>
  <testcase name="test1" time="3.144" classname="samplePackage.SampleTest"/>
  <testcase name="test1" time="2.782" classname="samplePackage.SampleTest"/>
  <testcase name="test1" time="0.016" classname="samplePackage.SampleTest"/>
  <testcase name="test1" time="0.000" classname="samplePackage.SampleTest"/>
  <testcase name="test1" time="3.344" classname="samplePackage.SampleTest"/>
  <testcase name="test1" time="3.782" classname="samplePackage.SampleTest"/>
  <testcase name="test1" time="2.719" classname="samplePackage.SampleTest"/>
  <testcase name="test1" time="2.781" classname="samplePackage.SampleTest"/>
  <testcase name="test1" time="2.797" classname="samplePackage.SampleTest"/>
  <testcase name="test1" time="4.263" classname="samplePackage.SampleTest"/>
  <testcase name="test1" time="2.735" classname="samplePackage.SampleTest"/>
  <testcase name="test1" time="3.660" classname="samplePackage.SampleTest"/>
  <testcase name="test1" time="0.000" classname="samplePackage.SampleTest"/>
  <testcase name="test1" time="2.851" classname="samplePackage.SampleTest"/>
  <testcase name="test1" time="4.956" classname="samplePackage.SampleTest"/>
  <testcase name="test1" time="0.000" classname="samplePackage.SampleTest"/>
  <testcase name="test1" time="4.289" classname="samplePackage.SampleTest"/>
  <testcase name="test1" time="0.016" classname="samplePackage.SampleTest"/>
  <testcase name="test1" time="3.625" classname="samplePackage.SampleTest"/>
  <testcase name="test1" time="4.235" classname="samplePackage.SampleTest"/>
  <testcase name="test1" time="0.000" classname="samplePackage.SampleTest"/>
  <testcase name="test1" time="0.000" classname="samplePackage.SampleTest"/>
  <testcase name="test1" time="0.015" classname="samplePackage.SampleTest"/>
  <testcase name="test1" time="2.891" classname="samplePackage.SampleTest"/>
  <testcase name="test1" time="3.744" classname="samplePackage.SampleTest"/>
  <testcase name="test1" time="3.201" classname="samplePackage.SampleTest"/>
  <testcase name="test1" time="0.000" classname="samplePackage.SampleTest"/>
  <testcase name="test1" time="0.016" classname="samplePackage.SampleTest"/>
  <testcase name="test1" time="3.110" classname="samplePackage.SampleTest"/>
  <testcase name="test1" time="0.015" classname="samplePackage.SampleTest"/>
  <testcase name="test1" time="2.750" classname="samplePackage.SampleTest"/>
  <testcase name="test1" time="3.297" classname="samplePackage.SampleTest"/>
  <testcase name="test1" time="2.703" classname="samplePackage.SampleTest"/>
  <testcase name="test1" time="3.344" classname="samplePackage.SampleTest"/>
  <testcase name="test1" time="0.000" classname="samplePackage.SampleTest"/>
  <testcase name="test1" time="3.219" classname="samplePackage.SampleTest"/>
  <testcase name="test1" time="2.735" classname="samplePackage.SampleTest"/>
  <testcase name="test1" time="2.782" classname="samplePackage.SampleTest"/>
  <testcase name="test1" time="0.000" classname="samplePackage.SampleTest"/>
  <testcase name="test1" time="3.031" classname="samplePackage.SampleTest"/>
  <testcase name="test1" time="2.891" classname="samplePackage.SampleTest"/>
  <testcase name="test1" time="0.000" classname="samplePackage.SampleTest"/>
  <testcase name="test1" time="3.688" classname="samplePackage.SampleTest"/>
  <testcase name="test1" time="3.219" classname="samplePackage.SampleTest"/>
  <testcase name="test1" time="0.016" classname="samplePackage.SampleTest"/>
  <testcase name="test1" time="2.938" classname="samplePackage.SampleTest"/>
  <testcase name="test1" time="2.908" classname="samplePackage.SampleTest"/>
  <testcase name="test1" time="0.000" classname="samplePackage.SampleTest"/>
  <testcase name="test1" time="2.790" classname="samplePackage.SampleTest"/>
  <testcase name="test1" time="0.000" classname="samplePackage.SampleTest"/>
  <testcase name="test1" time="2.688" classname="samplePackage.SampleTest"/>
  <testcase name="test1" time="4.250" classname="samplePackage.SampleTest"/>
  <testcase name="test1" time="2.735" classname="samplePackage.SampleTest"/>
  <testcase name="test1" time="3.656" classname="samplePackage.SampleTest"/>
  <testcase name="test1" time="3.672" classname="samplePackage.SampleTest"/>
  <testcase name="test1" time="0.016" classname="samplePackage.SampleTest"/>
  <testcase name="test1" time="0.000" classname="samplePackage.SampleTest"/>
  <testcase name="test1" time="2.803" classname="samplePackage.SampleTest"/>
  <testcase name="test1" time="0.000" classname="samplePackage.SampleTest"/>
  <testcase name="test1" time="2.687" classname="samplePackage.SampleTest"/>
  <testcase name="test1" time="0.016" classname="samplePackage.SampleTest"/>
  <testcase name="test1" time="0.000" classname="samplePackage.SampleTest"/>
  <testcase name="test1" time="2.788" classname="samplePackage.SampleTest"/>
  <testcase name="test1" time="0.000" classname="samplePackage.SampleTest"/>
  <testcase name="test1" time="0.000" classname="samplePackage.SampleTest"/>
  <testcase name="test1" time="2.922" classname="samplePackage.SampleTest"/>
  <testcase name="test1" time="2.813" classname="samplePackage.SampleTest"/>
  <testcase name="test1" time="3.438" classname="samplePackage.SampleTest"/>
  <testcase name="test1" time="2.890" classname="samplePackage.SampleTest"/>
  <testcase name="test1" time="0.000" classname="samplePackage.SampleTest"/>
  <testcase name="test1" time="3.279" classname="samplePackage.SampleTest"/>
  <testcase name="test1" time="0.000" classname="samplePackage.SampleTest"/>
  <testcase name="test1" time="2.782" classname="samplePackage.SampleTest"/>
  <testcase name="test1" time="3.244" classname="samplePackage.SampleTest"/>
  <testcase name="test1" time="0.000" classname="samplePackage.SampleTest"/>
  <testcase name="test1" time="3.031" classname="samplePackage.SampleTest"/>
  <testcase name="test1" time="2.935" classname="samplePackage.SampleTest"/>
  <testcase name="test1" time="2.766" classname="samplePackage.SampleTest"/>
  <testcase name="test1" time="3.641" classname="samplePackage.SampleTest"/>
  <testcase name="test1" time="2.734" classname="samplePackage.SampleTest"/>
  <testcase name="test1" time="2.855" classname="samplePackage.SampleTest"/>
  <testcase name="test1" time="0.000" classname="samplePackage.SampleTest"/>
  <testcase name="test1" time="3.313" classname="samplePackage.SampleTest"/>
  <testcase name="test1" time="2.750" classname="samplePackage.SampleTest"/>
  <testcase name="test1" time="2.766" classname="samplePackage.SampleTest"/>
  <testcase name="test1" time="6.313" classname="samplePackage.SampleTest"/>
  <testcase name="test1" time="2.865" classname="samplePackage.SampleTest"/>
  <testcase name="test1" time="0.000" classname="samplePackage.SampleTest"/>
  <testcase name="test1" time="3.313" classname="samplePackage.SampleTest"/>
  <testcase name="test1" time="4.609" classname="samplePackage.SampleTest"/>
  <testcase name="test1" time="3.672" classname="samplePackage.SampleTest"/>
  <testcase name="test1" time="3.140" classname="samplePackage.SampleTest"/>
  <testcase name="test1" time="0.016" classname="samplePackage.SampleTest"/>
  <testcase name="test1" time="3.062" classname="samplePackage.SampleTest"/>
  <testcase name="test1" time="4.219" classname="samplePackage.SampleTest"/>
  <testcase name="test1" time="3.140" classname="samplePackage.SampleTest"/>
  <testcase name="test1" time="3.297" classname="samplePackage.SampleTest"/>
  <testcase name="test1" time="3.343" classname="samplePackage.SampleTest"/>
  <testcase name="test1" time="3.415" classname="samplePackage.SampleTest"/>
  <testcase name="test1" time="3.047" classname="samplePackage.SampleTest"/>
  <testcase name="test1" time="2.735" classname="samplePackage.SampleTest"/>
  <testcase name="test1" time="4.985" classname="samplePackage.SampleTest"/>
  <testcase name="test1" time="0.015" classname="samplePackage.SampleTest"/>
  <testcase name="test1" time="2.750" classname="samplePackage.SampleTest"/>
  <testcase name="test1" time="3.532" classname="samplePackage.SampleTest"/>
  <testcase name="test1" time="3.828" classname="samplePackage.SampleTest"/>
  <testcase name="test1" time="3.078" classname="samplePackage.SampleTest"/>
  <testcase name="test1" time="4.108" classname="samplePackage.SampleTest"/>
  <testcase name="test1" time="3.968" classname="samplePackage.SampleTest"/>
  <testcase name="test1" time="2.844" classname="samplePackage.SampleTest"/>
  <testcase name="test1" time="0.016" classname="samplePackage.SampleTest"/>
  <testcase name="test1" time="0.016" classname="samplePackage.SampleTest"/>
  <testcase name="test1" time="0.000" classname="samplePackage.SampleTest"/>
  <testcase name="test1" time="2.845" classname="samplePackage.SampleTest"/>
  <testcase name="test1" time="3.469" classname="samplePackage.SampleTest"/>
  <testcase name="test1" time="3.750" classname="samplePackage.SampleTest"/>
  <testcase name="test1" time="2.781" classname="samplePackage.SampleTest"/>
  <testcase name="test1" time="2.750" classname="samplePackage.SampleTest"/>
  <testcase name="test1" time="7.235" classname="samplePackage.SampleTest"/>
  <testcase name="test1" time="0.000" classname="samplePackage.SampleTest"/>
  <testcase name="test1" time="3.049" classname="samplePackage.SampleTest"/>
  <testcase name="test1" time="0.015" classname="samplePackage.SampleTest"/>
  <testcase name="test1" time="3.844" classname="samplePackage.SampleTest"/>
  <testcase name="test1" time="4.000" classname="samplePackage.SampleTest"/>
  <testcase name="test1" time="4.172" classname="samplePackage.SampleTest"/>
  <testcase name="test1" time="3.625" classname="samplePackage.SampleTest"/>
  <testcase name="test1" time="3.219" classname="samplePackage.SampleTest"/>
  <testcase name="test1" time="0.000" classname="samplePackage.SampleTest"/>
  <testcase name="test1" time="2.719" classname="samplePackage.SampleTest"/>
  <testcase name="test1" time="2.781" classname="samplePackage.SampleTest"/>
  <testcase name="test1" time="3.458" classname="samplePackage.SampleTest"/>
  <testcase name="test1" time="2.808" classname="samplePackage.SampleTest"/>
  <testcase name="test1" time="4.578" classname="samplePackage.SampleTest"/>
  <testcase name="test1" time="0.000" classname="samplePackage.SampleTest"/>
  <testcase name="test1" time="3.281" classname="samplePackage.SampleTest"/>
  <testcase name="test1" time="3.526" classname="samplePackage.SampleTest"/>
  <testcase name="test1" time="0.000" classname="samplePackage.SampleTest"/>
  <testcase name="test1" time="0.016" classname="samplePackage.SampleTest"/>
  <testcase name="test1" time="3.062" classname="samplePackage.SampleTest"/>
  <testcase name="test1" time="3.765" classname="samplePackage.SampleTest"/>
  <testcase name="test1" time="3.031" classname="samplePackage.SampleTest"/>
  <testcase name="test1" time="4.579" classname="samplePackage.SampleTest"/>
  <testcase name="test1" time="3.266" classname="samplePackage.SampleTest"/>
  <testcase name="test1" time="3.282" classname="samplePackage.SampleTest"/>
  <testcase name="test1" time="0.000" classname="samplePackage.SampleTest"/>
  <testcase name="test1" time="2.704" classname="samplePackage.SampleTest"/>
  <testcase name="test1" time="0.000" classname="samplePackage.SampleTest"/>
  <testcase name="test1" time="3.062" classname="samplePackage.SampleTest"/>
  <testcase name="test1" time="0.000" classname="samplePackage.SampleTest"/>
  <testcase name="test1" time="0.000" classname="samplePackage.SampleTest"/>
  <testcase name="test1" time="3.594" classname="samplePackage.SampleTest"/>
  <testcase name="test1" time="0.000" classname="samplePackage.SampleTest"/>
  <testcase name="test1" time="2.766" classname="samplePackage.SampleTest"/>
  <testcase name="test1" time="2.484" classname="samplePackage.SampleTest"/>
  <testcase name="test1" time="3.312" classname="samplePackage.SampleTest"/>
  <testcase name="test1" time="9.985" classname="samplePackage.SampleTest"/>
  <testcase name="test1" time="0.016" classname="samplePackage.SampleTest"/>
  <testcase name="test1" time="3.422" classname="samplePackage.SampleTest"/>
  <testcase name="test1" time="3.594" classname="samplePackage.SampleTest"/>
  <testcase name="test1" time="3.813" classname="samplePackage.SampleTest"/>
  <testcase name="test1" time="0.015" classname="samplePackage.SampleTest"/>
  <testcase name="test1" time="4.125" classname="samplePackage.SampleTest"/>
  <testcase name="test1" time="3.188" classname="samplePackage.SampleTest"/>
  <testcase name="test1" time="0.000" classname="samplePackage.SampleTest"/>
  <testcase name="test1" time="3.156" classname="samplePackage.SampleTest"/>
  <testcase name="test1" time="0.016" classname="samplePackage.SampleTest"/>
  <testcase name="test1" time="2.719" classname="samplePackage.SampleTest"/>
  <testcase name="test1" time="21.017" classname="samplePackage.SampleTest"/>
  <testcase name="test1" time="4.016" classname="samplePackage.SampleTest"/>
  <testcase name="test1" time="2.969" classname="samplePackage.SampleTest"/>
  <testcase name="test1" time="3.641" classname="samplePackage.SampleTest"/>
  <testcase name="test1" time="0.000" classname="samplePackage.SampleTest"/>
  <testcase name="test1" time="3.203" classname="samplePackage.SampleTest"/>
  <testcase name="test1" time="3.275" classname="samplePackage.SampleTest"/>
  <testcase name="test1" time="0.000" classname="samplePackage.SampleTest"/>
  <testcase name="test1" time="2.750" classname="samplePackage.SampleTest"/>
  <testcase name="test1" time="2.719" classname="samplePackage.SampleTest"/>
  <testcase name="test1" time="0.015" classname="samplePackage.SampleTest"/>
  <testcase name="test1" time="0.000" classname="samplePackage.SampleTest"/>
  <testcase name="test1" time="0.015" classname="samplePackage.SampleTest"/>
  <testcase name="test1" time="3.735" classname="samplePackage.SampleTest"/>
  <testcase name="test1" time="3.750" classname="samplePackage.SampleTest"/>
  <testcase name="test1" time="2.856" classname="samplePackage.SampleTest"/>
  <testcase name="test1" time="0.000" classname="samplePackage.SampleTest"/>
  <testcase name="test1" time="2.751" classname="samplePackage.SampleTest"/>
  <testcase name="test1" time="2.812" classname="samplePackage.SampleTest"/>
  <testcase name="test1" time="3.828" classname="samplePackage.SampleTest"/>
  <testcase name="test1" time="4.219" classname="samplePackage.SampleTest"/>
  <testcase name="test1" time="0.000" classname="samplePackage.SampleTest"/>
  <testcase name="test1" time="0.000" classname="samplePackage.SampleTest"/>
  <testcase name="test1" time="0.000" classname="samplePackage.SampleTest"/>
  <testcase name="test1" time="3.083" classname="samplePackage.SampleTest"/>
  <testcase name="test1" time="3.271" classname="samplePackage.SampleTest"/>
  <testcase name="test1" time="2.765" classname="samplePackage.SampleTest"/>
  <testcase name="test1" time="0.000" classname="samplePackage.SampleTest"/>
  <testcase name="test1" time="3.622" classname="samplePackage.SampleTest"/>
  <testcase name="test1" time="0.000" classname="samplePackage.SampleTest"/>
  <testcase name="test1" time="3.860" classname="samplePackage.SampleTest"/>
  <testcase name="test1" time="0.000" classname="samplePackage.SampleTest"/>
  <testcase name="test1" time="0.000" classname="samplePackage.SampleTest"/>
  <testcase name="test1" time="3.093" classname="samplePackage.SampleTest"/>
  <testcase name="test1" time="2.728" classname="samplePackage.SampleTest"/>
  <testcase name="test1" time="0.000" classname="samplePackage.SampleTest"/>
  <testcase name="test1" time="3.047" classname="samplePackage.SampleTest"/>
  <testcase name="test1" time="2.968" classname="samplePackage.SampleTest"/>
  <testcase name="test1" time="3.188" classname="samplePackage.SampleTest"/>
  <testcase name="test1" time="0.000" classname="samplePackage.SampleTest"/>
  <testcase name="test1" time="0.000" classname="samplePackage.SampleTest"/>
  <testcase name="test1" time="3.703" classname="samplePackage.SampleTest"/>
  <testcase name="test1" time="2.938" classname="samplePackage.SampleTest"/>
  <testcase name="test1" time="2.734" classname="samplePackage.SampleTest"/>
  <testcase name="test1" time="2.594" classname="samplePackage.SampleTest"/>
  <testcase name="test1" time="3.082" classname="samplePackage.SampleTest"/>
  <testcase name="test1" time="3.670" classname="samplePackage.SampleTest"/>
  <testcase name="test1" time="2.831" classname="samplePackage.SampleTest"/>
  <testcase name="test1" time="2.891" classname="samplePackage.SampleTest"/>
  <testcase name="test1" time="3.531" classname="samplePackage.SampleTest"/>
  <testcase name="test1" time="3.705" classname="samplePackage.SampleTest"/>
  <testcase name="test1" time="2.829" classname="samplePackage.SampleTest"/>
  <testcase name="test1" time="2.688" classname="samplePackage.SampleTest"/>
  <testcase name="test1" time="3.797" classname="samplePackage.SampleTest"/>
  <testcase name="test1" time="2.687" classname="samplePackage.SampleTest"/>
  <testcase name="test1" time="3.172" classname="samplePackage.SampleTest"/>
  <testcase name="test1" time="3.875" classname="samplePackage.SampleTest"/>
  <testcase name="test1" time="0.000" classname="samplePackage.SampleTest"/>
  <testcase name="test1" time="0.016" classname="samplePackage.SampleTest"/>
  <testcase name="test1" time="0.000" classname="samplePackage.SampleTest"/>
  <testcase name="test1" time="2.859" classname="samplePackage.SampleTest"/>
  <testcase name="test1" time="2.815" classname="samplePackage.SampleTest"/>
  <testcase name="test1" time="3.878" classname="samplePackage.SampleTest"/>
  <testcase name="test1" time="3.125" classname="samplePackage.SampleTest"/>
  <testcase name="test1" time="0.000" classname="samplePackage.SampleTest"/>
  <testcase name="test1" time="2.688" classname="samplePackage.SampleTest"/>
  <testcase name="test1" time="2.860" classname="samplePackage.SampleTest"/>
  <testcase name="test1" time="0.000" classname="samplePackage.SampleTest"/>
  <testcase name="test1" time="4.141" classname="samplePackage.SampleTest"/>
  <testcase name="test1" time="0.000" classname="samplePackage.SampleTest"/>
  <testcase name="test1" time="0.000" classname="samplePackage.SampleTest"/>
  <testcase name="test1" time="2.961" classname="samplePackage.SampleTest"/>
  <testcase name="test1" time="2.766" classname="samplePackage.SampleTest"/>
  <testcase name="test1" time="2.922" classname="samplePackage.SampleTest"/>
  <testcase name="test1" time="0.000" classname="samplePackage.SampleTest"/>
  <testcase name="test1" time="2.734" classname="samplePackage.SampleTest"/>
  <testcase name="test1" time="2.828" classname="samplePackage.SampleTest"/>
  <testcase name="test1" time="2.773" classname="samplePackage.SampleTest"/>
  <testcase name="test1" time="2.719" classname="samplePackage.SampleTest"/>
  <testcase name="test1" time="0.000" classname="samplePackage.SampleTest"/>
  <testcase name="test1" time="4.475" classname="samplePackage.SampleTest"/>
  <testcase name="test1" time="3.135" classname="samplePackage.SampleTest"/>
  <testcase name="test1" time="0.000" classname="samplePackage.SampleTest"/>
  <testcase name="test1" time="0.000" classname="samplePackage.SampleTest"/>
  <testcase name="test1" time="3.328" classname="samplePackage.SampleTest"/>
  <testcase name="test1" time="0.000" classname="samplePackage.SampleTest"/>
  <testcase name="test1" time="2.792" classname="samplePackage.SampleTest"/>
  <testcase name="test1" time="0.000" classname="samplePackage.SampleTest"/>
  <testcase name="test1" time="0.000" classname="samplePackage.SampleTest"/>
  <testcase name="test1" time="3.606" classname="samplePackage.SampleTest"/>
  <testcase name="test1" time="2.625" classname="samplePackage.SampleTest"/>
  <testcase name="test1" time="0.016" classname="samplePackage.SampleTest"/>
  <testcase name="test1" time="15.813" classname="samplePackage.SampleTest"/>
  <testcase name="test1" time="4.000" classname="samplePackage.SampleTest"/>
  <testcase name="test1" time="3.907" classname="samplePackage.SampleTest"/>
  <testcase name="test1" time="12.438" classname="samplePackage.SampleTest"/>
  <testcase name="test1" time="0.000" classname="samplePackage.SampleTest"/>
  <testcase name="test1" time="2.813" classname="samplePackage.SampleTest"/>
  <testcase name="test1" time="2.766" classname="samplePackage.SampleTest"/>
  <testcase name="test1" time="3.663" classname="samplePackage.SampleTest"/>
  <testcase name="test1" time="2.885" classname="samplePackage.SampleTest"/>
  <testcase name="test1" time="2.797" classname="samplePackage.SampleTest"/>
  <testcase name="test1" time="8.410" classname="samplePackage.SampleTest"/>
  <testcase name="test1" time="0.000" classname="samplePackage.SampleTest"/>
  <testcase name="test1" time="3.317" classname="samplePackage.SampleTest"/>
  <testcase name="test1" time="2.824" classname="samplePackage.SampleTest"/>
  <testcase name="test1" time="2.969" classname="samplePackage.SampleTest"/>
  <testcase name="test1" time="0.000" classname="samplePackage.SampleTest"/>
  <testcase name="test1" time="0.000" classname="samplePackage.SampleTest"/>
  <testcase name="test1" time="0.016" classname="samplePackage.SampleTest"/>
  <testcase name="test1" time="3.071" classname="samplePackage.SampleTest"/>
  <testcase name="test1" time="3.376" classname="samplePackage.SampleTest"/>
  <testcase name="test1" time="2.922" classname="samplePackage.SampleTest"/>
  <testcase name="test1" time="0.016" classname="samplePackage.SampleTest"/>
  <testcase name="test1" time="0.000" classname="samplePackage.SampleTest"/>
  <testcase name="test1" time="2.906" classname="samplePackage.SampleTest"/>
  <testcase name="test1" time="3.235" classname="samplePackage.SampleTest"/>
  <testcase name="test1" time="0.000" classname="samplePackage.SampleTest"/>
  <testcase name="test1" time="3.766" classname="samplePackage.SampleTest"/>
  <testcase name="test1" time="2.829" classname="samplePackage.SampleTest"/>
  <testcase name="test1" time="2.846" classname="samplePackage.SampleTest"/>
  <testcase name="test1" time="0.015" classname="samplePackage.SampleTest"/>
  <testcase name="test1" time="0.000" classname="samplePackage.SampleTest"/>
  <testcase name="test1" time="3.829" classname="samplePackage.SampleTest"/>
  <testcase name="test1" time="3.032" classname="samplePackage.SampleTest"/>
  <testcase name="test1" time="2.750" classname="samplePackage.SampleTest"/>
  <testcase name="test1" time="2.880" classname="samplePackage.SampleTest"/>
  <testcase name="test1" time="3.719" classname="samplePackage.SampleTest"/>
  <testcase name="test1" time="0.000" classname="samplePackage.SampleTest"/>
  <testcase name="test1" time="4.907" classname="samplePackage.SampleTest"/>
  <testcase name="test1" time="2.843" classname="samplePackage.SampleTest"/>
  <testcase name="test1" time="0.000" classname="samplePackage.SampleTest"/>
  <testcase name="test1" time="2.734" classname="samplePackage.SampleTest"/>
  <testcase name="test1" time="3.188" classname="samplePackage.SampleTest"/>
  <testcase name="test1" time="0.000" classname="samplePackage.SampleTest"/>
  <testcase name="test1" time="2.766" classname="samplePackage.SampleTest"/>
  <testcase name="test1" time="0.015" classname="samplePackage.SampleTest"/>
  <testcase name="test1" time="0.000" classname="samplePackage.SampleTest"/>
  <testcase name="test1" time="3.141" classname="samplePackage.SampleTest"/>
  <testcase name="test1" time="2.875" classname="samplePackage.SampleTest"/>
  <testcase name="test1" time="3.110" classname="samplePackage.SampleTest"/>
  <testcase name="test1" time="2.843" classname="samplePackage.SampleTest"/>
  <testcase name="test1" time="3.313" classname="samplePackage.SampleTest"/>
  <testcase name="test1" time="2.906" classname="samplePackage.SampleTest"/>
  <testcase name="test1" time="0.000" classname="samplePackage.SampleTest"/>
  <testcase name="test1" time="0.000" classname="samplePackage.SampleTest"/>
  <testcase name="test1" time="0.000" classname="samplePackage.SampleTest"/>
  <testcase name="test1" time="2.750" classname="samplePackage.SampleTest"/>
  <testcase name="test1" time="0.000" classname="samplePackage.SampleTest"/>
  <testcase name="test1" time="2.751" classname="samplePackage.SampleTest"/>
  <testcase name="test1" time="3.469" classname="samplePackage.SampleTest"/>
  <testcase name="test1" time="3.032" classname="samplePackage.SampleTest"/>
  <testcase name="test1" time="0.000" classname="samplePackage.SampleTest"/>
  <testcase name="test1" time="4.281" classname="samplePackage.SampleTest"/>
  <testcase name="test1" time="3.096" classname="samplePackage.SampleTest"/>
  <testcase name="test1" time="2.822" classname="samplePackage.SampleTest"/>
  <testcase name="test1" time="0.000" classname="samplePackage.SampleTest"/>
  <testcase name="test1" time="2.734" classname="samplePackage.SampleTest"/>
  <testcase name="test1" time="4.735" classname="samplePackage.SampleTest"/>
  <testcase name="test1" time="0.000" classname="samplePackage.SampleTest"/>
  <testcase name="test1" time="3.297" classname="samplePackage.SampleTest"/>
  <testcase name="test1" time="2.914" classname="samplePackage.SampleTest"/>
  <testcase name="test1" time="2.734" classname="samplePackage.SampleTest"/>
  <testcase name="test1" time="0.016" classname="samplePackage.SampleTest"/>
  <testcase name="test1" time="2.844" classname="samplePackage.SampleTest"/>
  <testcase name="test1" time="2.719" classname="samplePackage.SampleTest"/>
  <testcase name="test1" time="0.000" classname="samplePackage.SampleTest"/>
  <testcase name="test1" time="3.282" classname="samplePackage.SampleTest"/>
  <testcase name="test1" time="3.344" classname="samplePackage.SampleTest"/>
  <testcase name="test1" time="2.781" classname="samplePackage.SampleTest"/>
  <testcase name="test1" time="0.000" classname="samplePackage.SampleTest"/>
  <testcase name="test1" time="3.016" classname="samplePackage.SampleTest"/>
  <testcase name="test1" time="2.860" classname="samplePackage.SampleTest"/>
  <testcase name="test1" time="2.750" classname="samplePackage.SampleTest"/>
  <testcase name="test1" time="16.475" classname="samplePackage.SampleTest"/>
  <testcase name="test1" time="2.981" classname="samplePackage.SampleTest"/>
  <testcase name="test1" time="0.000" classname="samplePackage.SampleTest"/>
  <testcase name="test1" time="0.000" classname="samplePackage.SampleTest"/>
  <testcase name="test1" time="2.719" classname="samplePackage.SampleTest"/>
  <testcase name="test1" time="2.734" classname="samplePackage.SampleTest"/>
  <testcase name="test1" time="0.000" classname="samplePackage.SampleTest"/>
  <testcase name="test1" time="3.830" classname="samplePackage.SampleTest"/>
  <testcase name="test1" time="2.860" classname="samplePackage.SampleTest"/>
  <testcase name="test1" time="0.016" classname="samplePackage.SampleTest"/>
  <testcase name="test1" time="0.000" classname="samplePackage.SampleTest"/>
  <testcase name="test1" time="0.000" classname="samplePackage.SampleTest"/>
  <testcase name="test1" time="2.838" classname="samplePackage.SampleTest"/>
  <testcase name="test1" time="2.813" classname="samplePackage.SampleTest"/>
  <testcase name="test1" time="2.782" classname="samplePackage.SampleTest"/>
  <testcase name="test1" time="2.734" classname="samplePackage.SampleTest"/>
  <testcase name="test1" time="3.406" classname="samplePackage.SampleTest"/>
  <testcase name="test1" time="3.610" classname="samplePackage.SampleTest"/>
  <testcase name="test1" time="4.266" classname="samplePackage.SampleTest"/>
  <testcase name="test1" time="2.515" classname="samplePackage.SampleTest"/>
  <testcase name="test1" time="3.078" classname="samplePackage.SampleTest"/>
  <testcase name="test1" time="0.000" classname="samplePackage.SampleTest"/>
  <testcase name="test1" time="2.703" classname="samplePackage.SampleTest"/>
  <testcase name="test1" time="2.734" classname="samplePackage.SampleTest"/>
  <testcase name="test1" time="4.453" classname="samplePackage.SampleTest"/>
  <testcase name="test1" time="0.000" classname="samplePackage.SampleTest"/>
  <testcase name="test1" time="0.000" classname="samplePackage.SampleTest"/>
  <testcase name="test1" time="0.000" classname="samplePackage.SampleTest"/>
  <testcase name="test1" time="0.000" classname="samplePackage.SampleTest"/>
  <testcase name="test1" time="2.843" classname="samplePackage.SampleTest"/>
  <testcase name="test1" time="2.846" classname="samplePackage.SampleTest"/>
  <testcase name="test1" time="0.016" classname="samplePackage.SampleTest"/>
  <testcase name="test1" time="0.000" classname="samplePackage.SampleTest"/>
  <testcase name="test1" time="2.719" classname="samplePackage.SampleTest"/>
  <testcase name="test1" time="2.890" classname="samplePackage.SampleTest"/>
  <testcase name="test1" time="3.625" classname="samplePackage.SampleTest"/>
  <testcase name="test1" time="6.574" classname="samplePackage.SampleTest"/>
  <testcase name="test1" time="2.805" classname="samplePackage.SampleTest"/>
  <testcase name="test1" time="4.063" classname="samplePackage.SampleTest"/>
  <testcase name="test1" time="0.016" classname="samplePackage.SampleTest"/>
  <testcase name="test1" time="0.000" classname="samplePackage.SampleTest"/>
  <testcase name="test1" time="0.000" classname="samplePackage.SampleTest"/>
  <testcase name="test1" time="0.000" classname="samplePackage.SampleTest"/>
  <testcase name="test1" time="2.688" classname="samplePackage.SampleTest"/>
  <testcase name="test1" time="0.000" classname="samplePackage.SampleTest"/>
  <testcase name="test1" time="0.000" classname="samplePackage.SampleTest"/>
  <testcase name="test1" time="4.563" classname="samplePackage.SampleTest"/>
  <testcase name="test1" time="2.875" classname="samplePackage.SampleTest"/>
  <testcase name="test1" time="2.766" classname="samplePackage.SampleTest"/>
  <testcase name="test1" time="12.563" classname="samplePackage.SampleTest"/>
  <testcase name="test1" time="0.016" classname="samplePackage.SampleTest"/>
  <testcase name="test1" time="3.906" classname="samplePackage.SampleTest"/>
  <testcase name="test1" time="2.953" classname="samplePackage.SampleTest"/>
  <testcase name="test1" time="0.016" classname="samplePackage.SampleTest"/>
  <testcase name="test1" time="3.077" classname="samplePackage.SampleTest"/>
  <testcase name="test1" time="3.001" classname="samplePackage.SampleTest"/>
  <testcase name="test1" time="0.000" classname="samplePackage.SampleTest"/>
  <testcase name="test1" time="3.157" classname="samplePackage.SampleTest"/>
  <testcase name="test1" time="2.734" classname="samplePackage.SampleTest"/>
  <testcase name="test1" time="0.016" classname="samplePackage.SampleTest"/>
  <testcase name="test1" time="4.646" classname="samplePackage.SampleTest"/>
  <testcase name="test1" time="2.859" classname="samplePackage.SampleTest"/>
  <testcase name="test1" time="2.735" classname="samplePackage.SampleTest"/>
  <testcase name="test1" time="2.750" classname="samplePackage.SampleTest"/>
  <testcase name="test1" time="2.766" classname="samplePackage.SampleTest"/>
  <testcase name="test1" time="0.000" classname="samplePackage.SampleTest"/>
  <testcase name="test1" time="0.000" classname="samplePackage.SampleTest"/>
  <testcase name="test1" time="0.000" classname="samplePackage.SampleTest"/>
  <testcase name="test1" time="2.859" classname="samplePackage.SampleTest"/>
  <testcase name="test1" time="2.852" classname="samplePackage.SampleTest"/>
  <testcase name="test1" time="3.297" classname="samplePackage.SampleTest"/>
  <testcase name="test1" time="5.008" classname="samplePackage.SampleTest"/>
  <testcase name="test1" time="3.591" classname="samplePackage.SampleTest"/>
  <testcase name="test1" time="0.000" classname="samplePackage.SampleTest"/>
  <testcase name="test1" time="0.000" classname="samplePackage.SampleTest"/>
  <testcase name="test1" time="0.016" classname="samplePackage.SampleTest"/>
  <testcase name="test1" time="3.485" classname="samplePackage.SampleTest"/>
  <testcase name="test1" time="4.016" classname="samplePackage.SampleTest"/>
  <testcase name="test1" time="0.000" classname="samplePackage.SampleTest"/>
  <testcase name="test1" time="0.000" classname="samplePackage.SampleTest"/>
  <testcase name="test1" time="8.429" classname="samplePackage.SampleTest"/>
  <testcase name="test1" time="2.922" classname="samplePackage.SampleTest"/>
  <testcase name="test1" time="0.016" classname="samplePackage.SampleTest"/>
  <testcase name="test1" time="0.016" classname="samplePackage.SampleTest"/>
  <testcase name="test1" time="3.500" classname="samplePackage.SampleTest"/>
  <testcase name="test1" time="4.794" classname="samplePackage.SampleTest"/>
  <testcase name="test1" time="0.000" classname="samplePackage.SampleTest"/>
  <testcase name="test1" time="0.000" classname="samplePackage.SampleTest"/>
  <testcase name="test1" time="0.000" classname="samplePackage.SampleTest"/>
  <testcase name="test1" time="2.735" classname="samplePackage.SampleTest"/>
  <testcase name="test1" time="3.203" classname="samplePackage.SampleTest"/>
  <testcase name="test1" time="0.000" classname="samplePackage.SampleTest"/>
  <testcase name="test1" time="2.765" classname="samplePackage.SampleTest"/>
  <testcase name="test1" time="3.188" classname="samplePackage.SampleTest"/>
  <testcase name="test1" time="3.687" classname="samplePackage.SampleTest"/>
  <testcase name="test1" time="0.000" classname="samplePackage.SampleTest"/>
  <testcase name="test1" time="3.047" classname="samplePackage.SampleTest"/>
  <testcase name="test1" time="4.078" classname="samplePackage.SampleTest"/>
  <testcase name="test1" time="0.000" classname="samplePackage.SampleTest"/>
  <testcase name="test1" time="3.031" classname="samplePackage.SampleTest"/>
  <testcase name="test1" time="4.437" classname="samplePackage.SampleTest"/>
  <testcase name="test1" time="4.125" classname="samplePackage.SampleTest"/>
  <testcase name="test1" time="4.520" classname="samplePackage.SampleTest"/>
  <testcase name="test1" time="0.000" classname="samplePackage.SampleTest"/>
  <testcase name="test1" time="3.110" classname="samplePackage.SampleTest"/>
  <testcase name="test1" time="6.016" classname="samplePackage.SampleTest"/>
  <testcase name="test1" time="0.000" classname="samplePackage.SampleTest"/>
  <testcase name="test1" time="3.469" classname="samplePackage.SampleTest"/>
  <testcase name="test1" time="0.015" classname="samplePackage.SampleTest"/>
  <testcase name="test1" time="3.656" classname="samplePackage.SampleTest"/>
  <testcase name="test1" time="3.453" classname="samplePackage.SampleTest"/>
  <testcase name="test1" time="3.672" classname="samplePackage.SampleTest"/>
  <testcase name="test1" time="4.016" classname="samplePackage.SampleTest"/>
  <testcase name="test1" time="2.687" classname="samplePackage.SampleTest"/>
  <testcase name="test1" time="3.922" classname="samplePackage.SampleTest"/>
  <testcase name="test1" time="2.861" classname="samplePackage.SampleTest"/>
  <testcase name="test1" time="3.911" classname="samplePackage.SampleTest"/>
  <testcase name="test1" time="2.766" classname="samplePackage.SampleTest"/>
  <testcase name="test1" time="0.000" classname="samplePackage.SampleTest"/>
  <testcase name="test1" time="3.188" classname="samplePackage.SampleTest"/>
  <testcase name="test1" time="0.000" classname="samplePackage.SampleTest"/>
  <testcase name="test1" time="3.219" classname="samplePackage.SampleTest"/>
  <testcase name="test1" time="3.813" classname="samplePackage.SampleTest"/>
  <testcase name="test1" time="4.117" classname="samplePackage.SampleTest"/>
  <testcase name="test1" time="0.016" classname="samplePackage.SampleTest"/>
  <testcase name="test1" time="3.562" classname="samplePackage.SampleTest"/>
  <testcase name="test1" time="3.344" classname="samplePackage.SampleTest"/>
  <testcase name="test1" time="3.219" classname="samplePackage.SampleTest"/>
  <testcase name="test1" time="3.565" classname="samplePackage.SampleTest"/>
  <testcase name="test1" time="2.750" classname="samplePackage.SampleTest"/>
  <testcase name="test1" time="0.000" classname="samplePackage.SampleTest"/>
  <testcase name="test1" time="3.458" classname="samplePackage.SampleTest"/>
  <testcase name="test1" time="0.000" classname="samplePackage.SampleTest"/>
  <testcase name="test1" time="0.016" classname="samplePackage.SampleTest"/>
  <testcase name="test1" time="2.818" classname="samplePackage.SampleTest"/>
  <testcase name="test1" time="2.813" classname="samplePackage.SampleTest"/>
  <testcase name="test1" time="3.375" classname="samplePackage.SampleTest"/>
  <testcase name="test1" time="3.360" classname="samplePackage.SampleTest"/>
  <testcase name="test1" time="2.782" classname="samplePackage.SampleTest"/>
  <testcase name="test1" time="2.718" classname="samplePackage.SampleTest"/>
  <testcase name="test1" time="2.734" classname="samplePackage.SampleTest"/>
  <testcase name="test1" time="0.000" classname="samplePackage.SampleTest"/>
  <testcase name="test1" time="3.172" classname="samplePackage.SampleTest"/>
  <testcase name="test1" time="4.031" classname="samplePackage.SampleTest"/>
  <testcase name="test1" time="2.813" classname="samplePackage.SampleTest"/>
  <testcase name="test1" time="0.000" classname="samplePackage.SampleTest"/>
  <testcase name="test1" time="0.000" classname="samplePackage.SampleTest"/>
  <testcase name="test1" time="3.860" classname="samplePackage.SampleTest"/>
  <testcase name="test1" time="2.703" classname="samplePackage.SampleTest"/>
  <testcase name="test1" time="2.811" classname="samplePackage.SampleTest"/>
  <testcase name="test1" time="2.532" classname="samplePackage.SampleTest"/>
  <testcase name="test1" time="0.000" classname="samplePackage.SampleTest"/>
  <testcase name="test1" time="2.938" classname="samplePackage.SampleTest"/>
  <testcase name="test1" time="2.909" classname="samplePackage.SampleTest"/>
  <testcase name="test1" time="3.547" classname="samplePackage.SampleTest"/>
  <testcase name="test1" time="3.359" classname="samplePackage.SampleTest"/>
  <testcase name="test1" time="3.407" classname="samplePackage.SampleTest"/>
  <testcase name="test1" time="2.982" classname="samplePackage.SampleTest"/>
  <testcase name="test1" time="3.501" classname="samplePackage.SampleTest"/>
  <testcase name="test1" time="2.859" classname="samplePackage.SampleTest"/>
  <testcase name="test1" time="4.125" classname="samplePackage.SampleTest"/>
  <testcase name="test1" time="2.954" classname="samplePackage.SampleTest"/>
  <testcase name="test1" time="4.719" classname="samplePackage.SampleTest"/>
  <testcase name="test1" time="2.844" classname="samplePackage.SampleTest"/>
  <testcase name="test1" time="0.015" classname="samplePackage.SampleTest"/>
  <testcase name="test1" time="0.000" classname="samplePackage.SampleTest"/>
  <testcase name="test1" time="2.750" classname="samplePackage.SampleTest"/>
  <testcase name="test1" time="3.219" classname="samplePackage.SampleTest"/>
  <testcase name="test1" time="0.016" classname="samplePackage.SampleTest"/>
  <testcase name="test1" time="2.722" classname="samplePackage.SampleTest"/>
  <testcase name="test1" time="2.860" classname="samplePackage.SampleTest"/>
  <testcase name="test1" time="2.797" classname="samplePackage.SampleTest"/>
  <testcase name="test1" time="3.485" classname="samplePackage.SampleTest"/>
  <testcase name="test1" time="0.000" classname="samplePackage.SampleTest"/>
  <testcase name="test1" time="2.938" classname="samplePackage.SampleTest"/>
  <testcase name="test1" time="4.047" classname="samplePackage.SampleTest"/>
  <testcase name="test1" time="3.719" classname="samplePackage.SampleTest"/>
  <testcase name="test1" time="6.703" classname="samplePackage.SampleTest"/>
  <testcase name="test1" time="3.047" classname="samplePackage.SampleTest"/>
  <testcase name="test1" time="4.125" classname="samplePackage.SampleTest"/>
  <testcase name="test1" time="3.203" classname="samplePackage.SampleTest"/>
  <testcase name="test1" time="3.110" classname="samplePackage.SampleTest"/>
  <testcase name="test1" time="3.641" classname="samplePackage.SampleTest"/>
  <testcase name="test1" time="3.442" classname="samplePackage.SampleTest"/>
  <testcase name="test1" time="2.734" classname="samplePackage.SampleTest"/>
  <testcase name="test1" time="0.000" classname="samplePackage.SampleTest"/>
  <testcase name="test1" time="3.500" classname="samplePackage.SampleTest"/>
  <testcase name="test1" time="2.984" classname="samplePackage.SampleTest"/>
  <testcase name="test1" time="2.765" classname="samplePackage.SampleTest"/>
  <testcase name="test1" time="3.892" classname="samplePackage.SampleTest"/>
  <testcase name="test1" time="3.579" classname="samplePackage.SampleTest"/>
  <testcase name="test1" time="3.649" classname="samplePackage.SampleTest"/>
  <testcase name="test1" time="3.547" classname="samplePackage.SampleTest"/>
  <testcase name="test1" time="3.328" classname="samplePackage.SampleTest"/>
  <testcase name="test1" time="2.922" classname="samplePackage.SampleTest"/>
  <testcase name="test1" time="4.125" classname="samplePackage.SampleTest"/>
  <testcase name="test1" time="3.328" classname="samplePackage.SampleTest"/>
  <testcase name="test1" time="0.000" classname="samplePackage.SampleTest"/>
  <testcase name="test1" time="2.907" classname="samplePackage.SampleTest"/>
  <testcase name="test1" time="0.000" classname="samplePackage.SampleTest"/>
  <testcase name="test1" time="0.000" classname="samplePackage.SampleTest"/>
  <testcase name="test1" time="3.234" classname="samplePackage.SampleTest"/>
  <testcase name="test1" time="3.688" classname="samplePackage.SampleTest"/>
  <testcase name="test1" time="3.276" classname="samplePackage.SampleTest"/>
  <testcase name="test1" time="0.000" classname="samplePackage.SampleTest"/>
  <testcase name="test1" time="0.000" classname="samplePackage.SampleTest"/>
  <testcase name="test1" time="2.875" classname="samplePackage.SampleTest"/>
  <testcase name="test1" time="0.016" classname="samplePackage.SampleTest"/>
  <testcase name="test1" time="3.281" classname="samplePackage.SampleTest"/>
  <testcase name="test1" time="0.016" classname="samplePackage.SampleTest"/>
  <testcase name="test1" time="0.000" classname="samplePackage.SampleTest"/>
  <testcase name="test1" time="12.892" classname="samplePackage.SampleTest"/>
  <testcase name="test1" time="3.438" classname="samplePackage.SampleTest"/>
  <testcase name="test1" time="3.048" classname="samplePackage.SampleTest"/>
  <testcase name="test1" time="5.875" classname="samplePackage.SampleTest"/>
  <testcase name="test1" time="0.016" classname="samplePackage.SampleTest"/>
  <testcase name="test1" time="2.515" classname="samplePackage.SampleTest"/>
  <testcase name="test1" time="0.000" classname="samplePackage.SampleTest"/>
  <testcase name="test1" time="0.000" classname="samplePackage.SampleTest"/>
  <testcase name="test1" time="2.766" classname="samplePackage.SampleTest"/>
  <testcase name="test1" time="3.235" classname="samplePackage.SampleTest"/>
  <testcase name="test1" time="3.219" classname="samplePackage.SampleTest"/>
  <testcase name="test1" time="2.812" classname="samplePackage.SampleTest"/>
  <testcase name="test1" time="2.782" classname="samplePackage.SampleTest"/>
  <testcase name="test1" time="2.750" classname="samplePackage.SampleTest"/>
  <testcase name="test1" time="2.875" classname="samplePackage.SampleTest"/>
  <testcase name="test1" time="0.000" classname="samplePackage.SampleTest"/>
  <testcase name="test1" time="0.000" classname="samplePackage.SampleTest"/>
  <testcase name="test1" time="2.922" classname="samplePackage.SampleTest"/>
  <testcase name="test1" time="3.282" classname="samplePackage.SampleTest"/>
  <testcase name="test1" time="3.765" classname="samplePackage.SampleTest"/>
  <testcase name="test1" time="2.875" classname="samplePackage.SampleTest"/>
  <testcase name="test1" time="2.813" classname="samplePackage.SampleTest"/>
  <testcase name="test1" time="2.719" classname="samplePackage.SampleTest"/>
  <testcase name="test1" time="2.797" classname="samplePackage.SampleTest"/>
  <testcase name="test1" time="2.840" classname="samplePackage.SampleTest"/>
  <testcase name="test1" time="0.016" classname="samplePackage.SampleTest"/>
  <testcase name="test1" time="3.063" classname="samplePackage.SampleTest"/>
  <testcase name="test1" time="0.016" classname="samplePackage.SampleTest"/>
  <testcase name="test1" time="3.137" classname="samplePackage.SampleTest"/>
  <testcase name="test1" time="3.953" classname="samplePackage.SampleTest"/>
  <testcase name="test1" time="4.234" classname="samplePackage.SampleTest"/>
  <testcase name="test1" time="3.938" classname="samplePackage.SampleTest"/>
  <testcase name="test1" time="2.781" classname="samplePackage.SampleTest"/>
  <testcase name="test1" time="0.000" classname="samplePackage.SampleTest"/>
  <testcase name="test1" time="0.000" classname="samplePackage.SampleTest"/>
  <testcase name="test1" time="0.000" classname="samplePackage.SampleTest"/>
  <testcase name="test1" time="6.188" classname="samplePackage.SampleTest"/>
  <testcase name="test1" time="4.139" classname="samplePackage.SampleTest"/>
  <testcase name="test1" time="5.110" classname="samplePackage.SampleTest"/>
  <testcase name="test1" time="3.422" classname="samplePackage.SampleTest"/>
  <testcase name="test1" time="3.146" classname="samplePackage.SampleTest"/>
  <testcase name="test1" time="3.625" classname="samplePackage.SampleTest"/>
  <testcase name="test1" time="2.750" classname="samplePackage.SampleTest"/>
  <testcase name="test1" time="0.000" classname="samplePackage.SampleTest"/>
  <testcase name="test1" time="3.328" classname="samplePackage.SampleTest"/>
  <testcase name="test1" time="2.781" classname="samplePackage.SampleTest"/>
  <testcase name="test1" time="4.715" classname="samplePackage.SampleTest"/>
  <testcase name="test1" time="3.398" classname="samplePackage.SampleTest"/>
  <testcase name="test1" time="0.000" classname="samplePackage.SampleTest"/>
  <testcase name="test1" time="3.578" classname="samplePackage.SampleTest"/>
  <testcase name="test1" time="0.000" classname="samplePackage.SampleTest"/>
  <testcase name="test1" time="2.860" classname="samplePackage.SampleTest"/>
  <testcase name="test1" time="5.594" classname="samplePackage.SampleTest"/>
  <testcase name="test1" time="4.188" classname="samplePackage.SampleTest"/>
  <testcase name="test1" time="4.578" classname="samplePackage.SampleTest"/>
  <testcase name="test1" time="0.000" classname="samplePackage.SampleTest"/>
  <testcase name="test1" time="5.928" classname="samplePackage.SampleTest"/>
  <testcase name="test1" time="0.016" classname="samplePackage.SampleTest"/>
  <testcase name="test1" time="0.000" classname="samplePackage.SampleTest"/>
  <testcase name="test1" time="2.751" classname="samplePackage.SampleTest"/>
  <testcase name="test1" time="3.324" classname="samplePackage.SampleTest"/>
  <testcase name="test1" time="3.235" classname="samplePackage.SampleTest"/>
  <testcase name="test1" time="3.765" classname="samplePackage.SampleTest"/>
  <testcase name="test1" time="0.000" classname="samplePackage.SampleTest"/>
  <testcase name="test1" time="3.188" classname="samplePackage.SampleTest"/>
  <testcase name="test1" time="2.891" classname="samplePackage.SampleTest"/>
  <testcase name="test1" time="0.000" classname="samplePackage.SampleTest"/>
  <testcase name="test1" time="0.000" classname="samplePackage.SampleTest"/>
  <testcase name="test1" time="0.000" classname="samplePackage.SampleTest"/>
  <testcase name="test1" time="2.703" classname="samplePackage.SampleTest"/>
  <testcase name="test1" time="3.719" classname="samplePackage.SampleTest"/>
  <testcase name="test1" time="2.735" classname="samplePackage.SampleTest"/>
  <testcase name="test1" time="2.750" classname="samplePackage.SampleTest"/>
  <testcase name="test1" time="0.000" classname="samplePackage.SampleTest"/>
  <testcase name="test1" time="2.719" classname="samplePackage.SampleTest"/>
  <testcase name="test1" time="3.297" classname="samplePackage.SampleTest"/>
  <testcase name="test1" time="2.750" classname="samplePackage.SampleTest"/>
  <testcase name="test1" time="2.735" classname="samplePackage.SampleTest"/>
  <testcase name="test1" time="2.987" classname="samplePackage.SampleTest"/>
  <testcase name="test1" time="2.797" classname="samplePackage.SampleTest"/>
  <testcase name="test1" time="3.438" classname="samplePackage.SampleTest"/>
  <testcase name="test1" time="3.047" classname="samplePackage.SampleTest"/>
  <testcase name="test1" time="3.703" classname="samplePackage.SampleTest"/>
  <testcase name="test1" time="0.000" classname="samplePackage.SampleTest"/>
  <testcase name="test1" time="0.000" classname="samplePackage.SampleTest"/>
  <testcase name="test1" time="0.000" classname="samplePackage.SampleTest"/>
  <testcase name="test1" time="2.819" classname="samplePackage.SampleTest"/>
  <testcase name="test1" time="9.750" classname="samplePackage.SampleTest"/>
  <testcase name="test1" time="4.031" classname="samplePackage.SampleTest"/>
  <testcase name="test1" time="0.000" classname="samplePackage.SampleTest"/>
  <testcase name="test1" time="2.734" classname="samplePackage.SampleTest"/>
  <testcase name="test1" time="0.015" classname="samplePackage.SampleTest"/>
  <testcase name="test1" time="2.812" classname="samplePackage.SampleTest"/>
  <testcase name="test1" time="2.781" classname="samplePackage.SampleTest"/>
  <testcase name="test1" time="0.000" classname="samplePackage.SampleTest"/>
  <testcase name="test1" time="2.891" classname="samplePackage.SampleTest"/>
  <testcase name="test1" time="2.845" classname="samplePackage.SampleTest"/>
  <testcase name="test1" time="3.265" classname="samplePackage.SampleTest"/>
  <testcase name="test1" time="4.281" classname="samplePackage.SampleTest"/>
  <testcase name="test1" time="0.000" classname="samplePackage.SampleTest"/>
  <testcase name="test1" time="3.844" classname="samplePackage.SampleTest"/>
  <testcase name="test1" time="4.234" classname="samplePackage.SampleTest"/>
  <testcase name="test1" time="0.000" classname="samplePackage.SampleTest"/>
  <testcase name="test1" time="3.672" classname="samplePackage.SampleTest"/>
  <testcase name="test1" time="0.000" classname="samplePackage.SampleTest"/>
  <testcase name="test1" time="3.291" classname="samplePackage.SampleTest"/>
  <testcase name="test1" time="3.031" classname="samplePackage.SampleTest"/>
  <testcase name="test1" time="2.828" classname="samplePackage.SampleTest"/>
  <testcase name="test1" time="2.750" classname="samplePackage.SampleTest"/>
  <testcase name="test1" time="0.000" classname="samplePackage.SampleTest"/>
  <testcase name="test1" time="2.833" classname="samplePackage.SampleTest"/>
  <testcase name="test1" time="2.750" classname="samplePackage.SampleTest"/>
  <testcase name="test1" time="3.266" classname="samplePackage.SampleTest"/>
  <testcase name="test1" time="3.063" classname="samplePackage.SampleTest"/>
  <testcase name="test1" time="2.750" classname="samplePackage.SampleTest"/>
  <testcase name="test1" time="3.022" classname="samplePackage.SampleTest"/>
  <testcase name="test1" time="3.625" classname="samplePackage.SampleTest"/>
  <testcase name="test1" time="2.782" classname="samplePackage.SampleTest"/>
  <testcase name="test1" time="0.000" classname="samplePackage.SampleTest"/>
  <testcase name="test1" time="3.204" classname="samplePackage.SampleTest"/>
  <testcase name="test1" time="2.828" classname="samplePackage.SampleTest"/>
  <testcase name="test1" time="3.328" classname="samplePackage.SampleTest"/>
  <testcase name="test1" time="3.860" classname="samplePackage.SampleTest"/>
  <testcase name="test1" time="3.828" classname="samplePackage.SampleTest"/>
  <testcase name="test1" time="0.000" classname="samplePackage.SampleTest"/>
  <testcase name="test1" time="16.219" classname="samplePackage.SampleTest"/>
  <testcase name="test1" time="2.766" classname="samplePackage.SampleTest"/>
  <testcase name="test1" time="2.890" classname="samplePackage.SampleTest"/>
  <testcase name="test1" time="6.363" classname="samplePackage.SampleTest"/>
  <testcase name="test1" time="3.049" classname="samplePackage.SampleTest"/>
  <testcase name="test1" time="0.000" classname="samplePackage.SampleTest"/>
  <testcase name="test1" time="2.889" classname="samplePackage.SampleTest"/>
  <testcase name="test1" time="2.719" classname="samplePackage.SampleTest"/>
  <testcase name="test1" time="2.735" classname="samplePackage.SampleTest"/>
  <testcase name="test1" time="3.766" classname="samplePackage.SampleTest"/>
  <testcase name="test1" time="2.844" classname="samplePackage.SampleTest"/>
  <testcase name="test1" time="3.057" classname="samplePackage.SampleTest"/>
  <testcase name="test1" time="2.703" classname="samplePackage.SampleTest"/>
  <testcase name="test1" time="5.469" classname="samplePackage.SampleTest"/>
  <testcase name="test1" time="0.000" classname="samplePackage.SampleTest"/>
  <testcase name="test1" time="4.266" classname="samplePackage.SampleTest"/>
  <testcase name="test1" time="2.781" classname="samplePackage.SampleTest"/>
  <testcase name="test1" time="2.719" classname="samplePackage.SampleTest"/>
  <testcase name="test1" time="2.516" classname="samplePackage.SampleTest"/>
  <testcase name="test1" time="3.922" classname="samplePackage.SampleTest"/>
  <testcase name="test1" time="0.000" classname="samplePackage.SampleTest"/>
  <testcase name="test1" time="3.555" classname="samplePackage.SampleTest"/>
  <testcase name="test1" time="2.594" classname="samplePackage.SampleTest"/>
  <testcase name="test1" time="0.015" classname="samplePackage.SampleTest"/>
  <testcase name="test1" time="2.719" classname="samplePackage.SampleTest"/>
  <testcase name="test1" time="3.579" classname="samplePackage.SampleTest"/>
  <testcase name="test1" time="0.000" classname="samplePackage.SampleTest"/>
  <testcase name="test1" time="2.969" classname="samplePackage.SampleTest"/>
  <testcase name="test1" time="3.196" classname="samplePackage.SampleTest"/>
  <testcase name="test1" time="3.187" classname="samplePackage.SampleTest"/>
  <testcase name="test1" time="2.735" classname="samplePackage.SampleTest"/>
  <testcase name="test1" time="3.641" classname="samplePackage.SampleTest"/>
  <testcase name="test1" time="12.829" classname="samplePackage.SampleTest"/>
  <testcase name="test1" time="4.219" classname="samplePackage.SampleTest"/>
  <testcase name="test1" time="0.000" classname="samplePackage.SampleTest"/>
  <testcase name="test1" time="2.781" classname="samplePackage.SampleTest"/>
  <testcase name="test1" time="0.000" classname="samplePackage.SampleTest"/>
  <testcase name="test1" time="3.188" classname="samplePackage.SampleTest"/>
  <testcase name="test1" time="2.906" classname="samplePackage.SampleTest"/>
  <testcase name="test1" time="2.797" classname="samplePackage.SampleTest"/>
  <testcase name="test1" time="2.735" classname="samplePackage.SampleTest"/>
  <testcase name="test1" time="0.000" classname="samplePackage.SampleTest"/>
  <testcase name="test1" time="3.813" classname="samplePackage.SampleTest"/>
  <testcase name="test1" time="0.000" classname="samplePackage.SampleTest"/>
  <testcase name="test1" time="0.000" classname="samplePackage.SampleTest"/>
  <testcase name="test1" time="0.000" classname="samplePackage.SampleTest"/>
  <testcase name="test1" time="3.468" classname="samplePackage.SampleTest"/>
  <testcase name="test1" time="4.681" classname="samplePackage.SampleTest"/>
  <testcase name="test1" time="2.985" classname="samplePackage.SampleTest"/>
  <testcase name="test1" time="5.922" classname="samplePackage.SampleTest"/>
  <testcase name="test1" time="0.000" classname="samplePackage.SampleTest"/>
  <testcase name="test1" time="2.729" classname="samplePackage.SampleTest"/>
  <testcase name="test1" time="0.000" classname="samplePackage.SampleTest"/>
  <testcase name="test1" time="2.828" classname="samplePackage.SampleTest"/>
  <testcase name="test1" time="3.062" classname="samplePackage.SampleTest"/>
  <testcase name="test1" time="2.859" classname="samplePackage.SampleTest"/>
  <testcase name="test1" time="2.782" classname="samplePackage.SampleTest"/>
  <testcase name="test1" time="4.469" classname="samplePackage.SampleTest"/>
  <testcase name="test1" time="3.328" classname="samplePackage.SampleTest"/>
  <testcase name="test1" time="0.000" classname="samplePackage.SampleTest"/>
  <testcase name="test1" time="0.000" classname="samplePackage.SampleTest"/>
  <testcase name="test1" time="3.531" classname="samplePackage.SampleTest"/>
  <testcase name="test1" time="32.532" classname="samplePackage.SampleTest"/>
  <testcase name="test1" time="2.813" classname="samplePackage.SampleTest"/>
  <testcase name="test1" time="3.891" classname="samplePackage.SampleTest"/>
  <testcase name="test1" time="0.000" classname="samplePackage.SampleTest"/>
  <testcase name="test1" time="3.020" classname="samplePackage.SampleTest"/>
  <testcase name="test1" time="0.000" classname="samplePackage.SampleTest"/>
  <testcase name="test1" time="0.000" classname="samplePackage.SampleTest"/>
  <testcase name="test1" time="2.906" classname="samplePackage.SampleTest"/>
  <testcase name="test1" time="3.251" classname="samplePackage.SampleTest"/>
  <testcase name="test1" time="2.735" classname="samplePackage.SampleTest"/>
  <testcase name="test1" time="3.359" classname="samplePackage.SampleTest"/>
  <testcase name="test1" time="0.000" classname="samplePackage.SampleTest"/>
  <testcase name="test1" time="2.851" classname="samplePackage.SampleTest"/>
  <testcase name="test1" time="3.614" classname="samplePackage.SampleTest"/>
  <testcase name="test1" time="5.453" classname="samplePackage.SampleTest"/>
  <testcase name="test1" time="0.000" classname="samplePackage.SampleTest"/>
  <testcase name="test1" time="2.765" classname="samplePackage.SampleTest"/>
  <testcase name="test1" time="0.000" classname="samplePackage.SampleTest"/>
  <testcase name="test1" time="2.953" classname="samplePackage.SampleTest"/>
  <testcase name="test1" time="2.735" classname="samplePackage.SampleTest"/>
  <testcase name="test1" time="0.000" classname="samplePackage.SampleTest"/>
  <testcase name="test1" time="0.000" classname="samplePackage.SampleTest"/>
  <testcase name="test1" time="2.734" classname="samplePackage.SampleTest"/>
  <testcase name="test1" time="3.218" classname="samplePackage.SampleTest"/>
  <testcase name="test1" time="0.000" classname="samplePackage.SampleTest"/>
  <testcase name="test1" time="2.781" classname="samplePackage.SampleTest"/>
  <testcase name="test1" time="3.360" classname="samplePackage.SampleTest"/>
  <testcase name="test1" time="3.047" classname="samplePackage.SampleTest"/>
  <testcase name="test1" time="2.844" classname="samplePackage.SampleTest"/>
  <testcase name="test1" time="2.875" classname="samplePackage.SampleTest"/>
  <testcase name="test1" time="0.016" classname="samplePackage.SampleTest"/>
  <testcase name="test1" time="2.734" classname="samplePackage.SampleTest"/>
  <testcase name="test1" time="25.314" classname="samplePackage.SampleTest"/>
  <testcase name="test1" time="2.970" classname="samplePackage.SampleTest"/>
  <testcase name="test1" time="3.079" classname="samplePackage.SampleTest"/>
  <testcase name="test1" time="0.000" classname="samplePackage.SampleTest"/>
  <testcase name="test1" time="0.000" classname="samplePackage.SampleTest"/>
  <testcase name="test1" time="3.203" classname="samplePackage.SampleTest"/>
  <testcase name="test1" time="0.000" classname="samplePackage.SampleTest"/>
  <testcase name="test1" time="0.000" classname="samplePackage.SampleTest"/>
  <testcase name="test1" time="2.734" classname="samplePackage.SampleTest"/>
  <testcase name="test1" time="0.015" classname="samplePackage.SampleTest"/>
  <testcase name="test1" time="3.047" classname="samplePackage.SampleTest"/>
  <testcase name="test1" time="2.734" classname="samplePackage.SampleTest"/>
  <testcase name="test1" time="3.766" classname="samplePackage.SampleTest"/>
  <testcase name="test1" time="2.703" classname="samplePackage.SampleTest"/>
  <testcase name="test1" time="3.547" classname="samplePackage.SampleTest"/>
  <testcase name="test1" time="3.750" classname="samplePackage.SampleTest"/>
  <testcase name="test1" time="0.000" classname="samplePackage.SampleTest"/>
  <testcase name="test1" time="0.000" classname="samplePackage.SampleTest"/>
  <testcase name="test1" time="2.719" classname="samplePackage.SampleTest"/>
  <testcase name="test1" time="3.046" classname="samplePackage.SampleTest"/>
  <testcase name="test1" time="0.000" classname="samplePackage.SampleTest"/>
  <testcase name="test1" time="2.830" classname="samplePackage.SampleTest"/>
  <testcase name="test1" time="2.844" classname="samplePackage.SampleTest"/>
  <testcase name="test1" time="2.641" classname="samplePackage.SampleTest"/>
  <testcase name="test1" time="3.250" classname="samplePackage.SampleTest"/>
  <testcase name="test1" time="2.817" classname="samplePackage.SampleTest"/>
  <testcase name="test1" time="2.836" classname="samplePackage.SampleTest"/>
  <testcase name="test1" time="0.000" classname="samplePackage.SampleTest"/>
  <testcase name="test1" time="0.000" classname="samplePackage.SampleTest"/>
  <testcase name="test1" time="0.000" classname="samplePackage.SampleTest"/>
  <testcase name="test1" time="3.233" classname="samplePackage.SampleTest"/>
  <testcase name="test1" time="2.846" classname="samplePackage.SampleTest"/>
  <testcase name="test1" time="3.063" classname="samplePackage.SampleTest"/>
  <testcase name="test1" time="3.451" classname="samplePackage.SampleTest"/>
  <testcase name="test1" time="3.672" classname="samplePackage.SampleTest"/>
  <testcase name="test1" time="2.953" classname="samplePackage.SampleTest"/>
  <testcase name="test1" time="2.703" classname="samplePackage.SampleTest"/>
  <testcase name="test1" time="2.797" classname="samplePackage.SampleTest"/>
  <testcase name="test1" time="0.000" classname="samplePackage.SampleTest"/>
  <testcase name="test1" time="2.813" classname="samplePackage.SampleTest"/>
  <testcase name="test1" time="4.311" classname="samplePackage.SampleTest"/>
  <testcase name="test1" time="4.110" classname="samplePackage.SampleTest"/>
  <testcase name="test1" time="4.110" classname="samplePackage.SampleTest"/>
  <testcase name="test1" time="2.970" classname="samplePackage.SampleTest"/>
  <testcase name="test1" time="3.313" classname="samplePackage.SampleTest"/>
  <testcase name="test1" time="0.000" classname="samplePackage.SampleTest"/>
  <testcase name="test1" time="0.047" classname="samplePackage.SampleTest"/>
  <testcase name="test1" time="3.282" classname="samplePackage.SampleTest"/>
  <testcase name="test1" time="3.835" classname="samplePackage.SampleTest"/>
  <testcase name="test1" time="3.829" classname="samplePackage.SampleTest"/>
  <testcase name="test1" time="2.719" classname="samplePackage.SampleTest"/>
  <testcase name="test1" time="2.708" classname="samplePackage.SampleTest"/>
  <testcase name="test1" time="2.750" classname="samplePackage.SampleTest"/>
  <testcase name="test1" time="0.000" classname="samplePackage.SampleTest"/>
  <testcase name="test1" time="2.703" classname="samplePackage.SampleTest"/>
  <testcase name="test1" time="4.141" classname="samplePackage.SampleTest"/>
  <testcase name="test1" time="3.172" classname="samplePackage.SampleTest"/>
  <testcase name="test1" time="3.245" classname="samplePackage.SampleTest"/>
  <testcase name="test1" time="3.000" classname="samplePackage.SampleTest"/>
  <testcase name="test1" time="2.778" classname="samplePackage.SampleTest"/>
  <testcase name="test1" time="2.766" classname="samplePackage.SampleTest"/>
  <testcase name="test1" time="0.000" classname="samplePackage.SampleTest"/>
  <testcase name="test1" time="14.485" classname="samplePackage.SampleTest"/>
  <testcase name="test1" time="0.000" classname="samplePackage.SampleTest"/>
  <testcase name="test1" time="3.313" classname="samplePackage.SampleTest"/>
  <testcase name="test1" time="4.563" classname="samplePackage.SampleTest"/>
  <testcase name="test1" time="3.501" classname="samplePackage.SampleTest"/>
  <testcase name="test1" time="3.272" classname="samplePackage.SampleTest"/>
  <testcase name="test1" time="3.813" classname="samplePackage.SampleTest"/>
  <testcase name="test1" time="3.452" classname="samplePackage.SampleTest"/>
  <testcase name="test1" time="3.922" classname="samplePackage.SampleTest"/>
  <testcase name="test1" time="0.000" classname="samplePackage.SampleTest"/>
  <testcase name="test1" time="0.000" classname="samplePackage.SampleTest"/>
  <testcase name="test1" time="3.391" classname="samplePackage.SampleTest"/>
  <testcase name="test1" time="3.140" classname="samplePackage.SampleTest"/>
  <testcase name="test1" time="0.016" classname="samplePackage.SampleTest"/>
  <testcase name="test1" time="3.844" classname="samplePackage.SampleTest"/>
  <testcase name="test1" time="4.469" classname="samplePackage.SampleTest"/>
  <testcase name="test1" time="3.297" classname="samplePackage.SampleTest"/>
  <testcase name="test1" time="3.562" classname="samplePackage.SampleTest"/>
  <testcase name="test1" time="2.735" classname="samplePackage.SampleTest"/>
  <testcase name="test1" time="2.906" classname="samplePackage.SampleTest"/>
  <testcase name="test1" time="3.044" classname="samplePackage.SampleTest"/>
  <testcase name="test1" time="96.125" classname="samplePackage.SampleTest"/>
  <testcase name="test1" time="3.125" classname="samplePackage.SampleTest"/>
  <testcase name="test1" time="4.207" classname="samplePackage.SampleTest"/>
  <testcase name="test1" time="3.219" classname="samplePackage.SampleTest"/>
  <testcase name="test1" time="3.829" classname="samplePackage.SampleTest"/>
  <testcase name="test1" time="2.906" classname="samplePackage.SampleTest"/>
  <testcase name="test1" time="2.719" classname="samplePackage.SampleTest"/>
  <testcase name="test1" time="3.203" classname="samplePackage.SampleTest"/>
  <testcase name="test1" time="3.656" classname="samplePackage.SampleTest"/>
  <testcase name="test1" time="5.969" classname="samplePackage.SampleTest"/>
  <testcase name="test1" time="3.030" classname="samplePackage.SampleTest"/>
  <testcase name="test1" time="0.000" classname="samplePackage.SampleTest"/>
  <testcase name="test1" time="0.016" classname="samplePackage.SampleTest"/>
  <testcase name="test1" time="2.719" classname="samplePackage.SampleTest"/>
  <testcase name="test1" time="2.797" classname="samplePackage.SampleTest"/>
  <testcase name="test1" time="4.438" classname="samplePackage.SampleTest"/>
  <testcase name="test1" time="3.204" classname="samplePackage.SampleTest"/>
  <testcase name="test1" time="3.094" classname="samplePackage.SampleTest"/>
  <testcase name="test1" time="0.000" classname="samplePackage.SampleTest"/>
  <testcase name="test1" time="2.719" classname="samplePackage.SampleTest"/>
  <testcase name="test1" time="2.735" classname="samplePackage.SampleTest"/>
  <testcase name="test1" time="0.016" classname="samplePackage.SampleTest"/>
  <testcase name="test1" time="3.703" classname="samplePackage.SampleTest"/>
  <testcase name="test1" time="2.860" classname="samplePackage.SampleTest"/>
  <testcase name="test1" time="0.000" classname="samplePackage.SampleTest"/>
  <testcase name="test1" time="2.734" classname="samplePackage.SampleTest"/>
  <testcase name="test1" time="2.782" classname="samplePackage.SampleTest"/>
  <testcase name="test1" time="2.793" classname="samplePackage.SampleTest"/>
  <testcase name="test1" time="3.312" classname="samplePackage.SampleTest"/>
  <testcase name="test1" time="4.172" classname="samplePackage.SampleTest"/>
  <testcase name="test1" time="0.016" classname="samplePackage.SampleTest"/>
  <testcase name="test1" time="3.508" classname="samplePackage.SampleTest"/>
  <testcase name="test1" time="0.000" classname="samplePackage.SampleTest"/>
  <testcase name="test1" time="3.125" classname="samplePackage.SampleTest"/>
  <testcase name="test1" time="2.896" classname="samplePackage.SampleTest"/>
  <testcase name="test1" time="2.954" classname="samplePackage.SampleTest"/>
  <testcase name="test1" time="2.532" classname="samplePackage.SampleTest"/>
  <testcase name="test1" time="3.003" classname="samplePackage.SampleTest"/>
  <testcase name="test1" time="4.000" classname="samplePackage.SampleTest"/>
  <testcase name="test1" time="2.829" classname="samplePackage.SampleTest"/>
  <testcase name="test1" time="3.437" classname="samplePackage.SampleTest"/>
  <testcase name="test1" time="2.703" classname="samplePackage.SampleTest"/>
  <testcase name="test1" time="3.068" classname="samplePackage.SampleTest"/>
  <testcase name="test1" time="3.750" classname="samplePackage.SampleTest"/>
  <testcase name="test1" time="3.891" classname="samplePackage.SampleTest"/>
  <testcase name="test1" time="3.703" classname="samplePackage.SampleTest"/>
  <testcase name="test1" time="3.688" classname="samplePackage.SampleTest"/>
  <testcase name="test1" time="3.000" classname="samplePackage.SampleTest"/>
  <testcase name="test1" time="0.000" classname="samplePackage.SampleTest"/>
  <testcase name="test1" time="2.829" classname="samplePackage.SampleTest"/>
  <testcase name="test1" time="0.016" classname="samplePackage.SampleTest"/>
  <testcase name="test1" time="3.247" classname="samplePackage.SampleTest"/>
  <testcase name="test1" time="0.000" classname="samplePackage.SampleTest"/>
  <testcase name="test1" time="3.687" classname="samplePackage.SampleTest"/>
  <testcase name="test1" time="3.766" classname="samplePackage.SampleTest"/>
  <testcase name="test1" time="2.734" classname="samplePackage.SampleTest"/>
  <testcase name="test1" time="0.000" classname="samplePackage.SampleTest"/>
  <testcase name="test1" time="3.484" classname="samplePackage.SampleTest"/>
  <testcase name="test1" time="3.609" classname="samplePackage.SampleTest"/>
  <testcase name="test1" time="3.547" classname="samplePackage.SampleTest"/>
  <testcase name="test1" time="2.868" classname="samplePackage.SampleTest"/>
  <testcase name="test1" time="8.781" classname="samplePackage.SampleTest"/>
  <testcase name="test1" time="2.997" classname="samplePackage.SampleTest"/>
  <testcase name="test1" time="2.826" classname="samplePackage.SampleTest"/>
  <testcase name="test1" time="0.000" classname="samplePackage.SampleTest"/>
  <testcase name="test1" time="3.813" classname="samplePackage.SampleTest"/>
  <testcase name="test1" time="3.828" classname="samplePackage.SampleTest"/>
  <testcase name="test1" time="2.703" classname="samplePackage.SampleTest"/>
  <testcase name="test1" time="2.906" classname="samplePackage.SampleTest"/>
  <testcase name="test1" time="2.813" classname="samplePackage.SampleTest"/>
  <testcase name="test1" time="8.828" classname="samplePackage.SampleTest"/>
  <testcase name="test1" time="3.641" classname="samplePackage.SampleTest"/>
  <testcase name="test1" time="4.411" classname="samplePackage.SampleTest"/>
  <testcase name="test1" time="2.735" classname="samplePackage.SampleTest"/>
  <testcase name="test1" time="2.860" classname="samplePackage.SampleTest"/>
  <testcase name="test1" time="2.615" classname="samplePackage.SampleTest"/>
  <testcase name="test1" time="3.172" classname="samplePackage.SampleTest"/>
  <testcase name="test1" time="3.500" classname="samplePackage.SampleTest"/>
  <testcase name="test1" time="3.282" classname="samplePackage.SampleTest"/>
  <testcase name="test1" time="4.188" classname="samplePackage.SampleTest"/>
  <testcase name="test1" time="2.936" classname="samplePackage.SampleTest"/>
  <testcase name="test1" time="0.000" classname="samplePackage.SampleTest"/>
  <testcase name="test1" time="2.797" classname="samplePackage.SampleTest"/>
  <testcase name="test1" time="4.735" classname="samplePackage.SampleTest"/>
  <testcase name="test1" time="0.000" classname="samplePackage.SampleTest"/>
  <testcase name="test1" time="3.644" classname="samplePackage.SampleTest"/>
  <testcase name="test1" time="2.922" classname="samplePackage.SampleTest"/>
  <testcase name="test1" time="2.750" classname="samplePackage.SampleTest"/>
  <testcase name="test1" time="2.797" classname="samplePackage.SampleTest"/>
  <testcase name="test1" time="3.172" classname="samplePackage.SampleTest"/>
  <testcase name="test1" time="3.875" classname="samplePackage.SampleTest"/>
  <testcase name="test1" time="3.375" classname="samplePackage.SampleTest"/>
  <testcase name="test1" time="3.000" classname="samplePackage.SampleTest"/>
  <testcase name="test1" time="0.000" classname="samplePackage.SampleTest"/>
  <testcase name="test1" time="0.016" classname="samplePackage.SampleTest"/>
  <testcase name="test1" time="2.891" classname="samplePackage.SampleTest"/>
  <testcase name="test1" time="60.071" classname="samplePackage.SampleTest"/>
  <testcase name="test1" time="0.016" classname="samplePackage.SampleTest"/>
  <testcase name="test1" time="0.000" classname="samplePackage.SampleTest"/>
  <testcase name="test1" time="3.797" classname="samplePackage.SampleTest"/>
  <testcase name="test1" time="2.844" classname="samplePackage.SampleTest"/>
  <testcase name="test1" time="0.000" classname="samplePackage.SampleTest"/>
  <testcase name="test1" time="0.000" classname="samplePackage.SampleTest"/>
  <testcase name="test1" time="2.500" classname="samplePackage.SampleTest"/>
  <testcase name="test1" time="3.313" classname="samplePackage.SampleTest"/>
  <testcase name="test1" time="3.455" classname="samplePackage.SampleTest"/>
  <testcase name="test1" time="2.801" classname="samplePackage.SampleTest"/>
  <testcase name="test1" time="2.657" classname="samplePackage.SampleTest"/>
  <testcase name="test1" time="0.000" classname="samplePackage.SampleTest"/>
  <testcase name="test1" time="0.016" classname="samplePackage.SampleTest"/>
  <testcase name="test1" time="2.861" classname="samplePackage.SampleTest"/>
  <testcase name="test1" time="4.103" classname="samplePackage.SampleTest"/>
  <testcase name="test1" time="3.531" classname="samplePackage.SampleTest"/>
  <testcase name="test1" time="2.959" classname="samplePackage.SampleTest"/>
  <testcase name="test1" time="2.515" classname="samplePackage.SampleTest"/>
  <testcase name="test1" time="3.328" classname="samplePackage.SampleTest"/>
  <testcase name="test1" time="3.391" classname="samplePackage.SampleTest"/>
  <testcase name="test1" time="0.000" classname="samplePackage.SampleTest"/>
  <testcase name="test1" time="3.558" classname="samplePackage.SampleTest"/>
  <testcase name="test1" time="2.703" classname="samplePackage.SampleTest"/>
  <testcase name="test1" time="3.140" classname="samplePackage.SampleTest"/>
  <testcase name="test1" time="3.789" classname="samplePackage.SampleTest"/>
  <testcase name="test1" time="0.015" classname="samplePackage.SampleTest"/>
  <testcase name="test1" time="3.125" classname="samplePackage.SampleTest"/>
  <testcase name="test1" time="2.782" classname="samplePackage.SampleTest"/>
  <testcase name="test1" time="0.000" classname="samplePackage.SampleTest"/>
  <testcase name="test1" time="4.203" classname="samplePackage.SampleTest"/>
  <testcase name="test1" time="2.922" classname="samplePackage.SampleTest"/>
  <testcase name="test1" time="2.765" classname="samplePackage.SampleTest"/>
  <testcase name="test1" time="3.078" classname="samplePackage.SampleTest"/>
  <testcase name="test1" time="0.000" classname="samplePackage.SampleTest"/>
  <testcase name="test1" time="3.391" classname="samplePackage.SampleTest"/>
  <testcase name="test1" time="2.970" classname="samplePackage.SampleTest"/>
  <testcase name="test1" time="3.817" classname="samplePackage.SampleTest"/>
  <testcase name="test1" time="3.427" classname="samplePackage.SampleTest"/>
  <testcase name="test1" time="0.016" classname="samplePackage.SampleTest"/>
  <testcase name="test1" time="2.939" classname="samplePackage.SampleTest"/>
  <testcase name="test1" time="0.000" classname="samplePackage.SampleTest"/>
  <testcase name="test1" time="2.782" classname="samplePackage.SampleTest"/>
  <testcase name="test1" time="3.131" classname="samplePackage.SampleTest"/>
  <testcase name="test1" time="3.057" classname="samplePackage.SampleTest"/>
  <testcase name="test1" time="0.000" classname="samplePackage.SampleTest"/>
  <testcase name="test1" time="3.626" classname="samplePackage.SampleTest"/>
  <testcase name="test1" time="0.016" classname="samplePackage.SampleTest"/>
  <testcase name="test1" time="2.906" classname="samplePackage.SampleTest"/>
  <testcase name="test1" time="3.138" classname="samplePackage.SampleTest"/>
  <testcase name="test1" time="0.000" classname="samplePackage.SampleTest"/>
  <testcase name="test1" time="0.000" classname="samplePackage.SampleTest"/>
  <testcase name="test1" time="0.016" classname="samplePackage.SampleTest"/>
  <testcase name="test1" time="2.765" classname="samplePackage.SampleTest"/>
  <testcase name="test1" time="2.891" classname="samplePackage.SampleTest"/>
  <testcase name="test1" time="2.750" classname="samplePackage.SampleTest"/>
  <testcase name="test1" time="4.422" classname="samplePackage.SampleTest"/>
  <testcase name="test1" time="0.016" classname="samplePackage.SampleTest"/>
  <testcase name="test1" time="2.796" classname="samplePackage.SampleTest"/>
  <testcase name="test1" time="3.281" classname="samplePackage.SampleTest"/>
  <testcase name="test1" time="3.228" classname="samplePackage.SampleTest"/>
  <testcase name="test1" time="2.844" classname="samplePackage.SampleTest"/>
  <testcase name="test1" time="0.000" classname="samplePackage.SampleTest"/>
  <testcase name="test1" time="3.032" classname="samplePackage.SampleTest"/>
  <testcase name="test1" time="2.828" classname="samplePackage.SampleTest"/>
  <testcase name="test1" time="0.000" classname="samplePackage.SampleTest"/>
  <testcase name="test1" time="0.015" classname="samplePackage.SampleTest"/>
  <testcase name="test1" time="2.886" classname="samplePackage.SampleTest"/>
  <testcase name="test1" time="4.141" classname="samplePackage.SampleTest"/>
  <testcase name="test1" time="2.750" classname="samplePackage.SampleTest"/>
  <testcase name="test1" time="0.000" classname="samplePackage.SampleTest"/>
  <testcase name="test1" time="2.987" classname="samplePackage.SampleTest"/>
  <testcase name="test1" time="3.797" classname="samplePackage.SampleTest"/>
  <testcase name="test1" time="4.110" classname="samplePackage.SampleTest"/>
  <testcase name="test1" time="0.000" classname="samplePackage.SampleTest"/>
  <testcase name="test1" time="0.000" classname="samplePackage.SampleTest"/>
  <testcase name="test1" time="0.000" classname="samplePackage.SampleTest"/>
  <testcase name="test1" time="2.859" classname="samplePackage.SampleTest"/>
  <testcase name="test1" time="3.922" classname="samplePackage.SampleTest"/>
  <testcase name="test1" time="2.844" classname="samplePackage.SampleTest"/>
  <testcase name="test1" time="0.000" classname="samplePackage.SampleTest"/>
  <testcase name="test1" time="3.407" classname="samplePackage.SampleTest"/>
  <testcase name="test1" time="2.734" classname="samplePackage.SampleTest"/>
  <testcase name="test1" time="2.751" classname="samplePackage.SampleTest"/>
  <testcase name="test1" time="3.037" classname="samplePackage.SampleTest"/>
  <testcase name="test1" time="0.000" classname="samplePackage.SampleTest"/>
  <testcase name="test1" time="4.574" classname="samplePackage.SampleTest"/>
  <testcase name="test1" time="3.938" classname="samplePackage.SampleTest"/>
  <testcase name="test1" time="0.000" classname="samplePackage.SampleTest"/>
  <testcase name="test1" time="4.235" classname="samplePackage.SampleTest"/>
  <testcase name="test1" time="3.766" classname="samplePackage.SampleTest"/>
  <testcase name="test1" time="3.547" classname="samplePackage.SampleTest"/>
  <testcase name="test1" time="2.781" classname="samplePackage.SampleTest"/>
  <testcase name="test1" time="3.219" classname="samplePackage.SampleTest"/>
  <testcase name="test1" time="2.751" classname="samplePackage.SampleTest"/>
  <testcase name="test1" time="2.813" classname="samplePackage.SampleTest"/>
  <testcase name="test1" time="3.328" classname="samplePackage.SampleTest"/>
  <testcase name="test1" time="3.813" classname="samplePackage.SampleTest"/>
  <testcase name="test1" time="3.000" classname="samplePackage.SampleTest"/>
  <testcase name="test1" time="3.438" classname="samplePackage.SampleTest"/>
  <testcase name="test1" time="0.000" classname="samplePackage.SampleTest"/>
  <testcase name="test1" time="3.459" classname="samplePackage.SampleTest"/>
  <testcase name="test1" time="3.101" classname="samplePackage.SampleTest"/>
  <testcase name="test1" time="3.547" classname="samplePackage.SampleTest"/>
  <testcase name="test1" time="0.000" classname="samplePackage.SampleTest"/>
  <testcase name="test1" time="2.750" classname="samplePackage.SampleTest"/>
  <testcase name="test1" time="0.000" classname="samplePackage.SampleTest"/>
  <testcase name="test1" time="3.765" classname="samplePackage.SampleTest"/>
  <testcase name="test1" time="4.344" classname="samplePackage.SampleTest"/>
  <testcase name="test1" time="2.719" classname="samplePackage.SampleTest"/>
  <testcase name="test1" time="2.500" classname="samplePackage.SampleTest"/>
  <testcase name="test1" time="0.000" classname="samplePackage.SampleTest"/>
  <testcase name="test1" time="3.766" classname="samplePackage.SampleTest"/>
  <testcase name="test1" time="0.000" classname="samplePackage.SampleTest"/>
  <testcase name="test1" time="4.094" classname="samplePackage.SampleTest"/>
  <testcase name="test1" time="0.000" classname="samplePackage.SampleTest"/>
  <testcase name="test1" time="0.000" classname="samplePackage.SampleTest"/>
  <testcase name="test1" time="3.187" classname="samplePackage.SampleTest"/>
  <testcase name="test1" time="2.750" classname="samplePackage.SampleTest"/>
  <testcase name="test1" time="3.734" classname="samplePackage.SampleTest"/>
  <testcase name="test1" time="3.055" classname="samplePackage.SampleTest"/>
  <testcase name="test1" time="0.000" classname="samplePackage.SampleTest"/>
  <testcase name="test1" time="2.852" classname="samplePackage.SampleTest"/>
  <testcase name="test1" time="2.765" classname="samplePackage.SampleTest"/>
  <testcase name="test1" time="3.422" classname="samplePackage.SampleTest"/>
  <testcase name="test1" time="3.422" classname="samplePackage.SampleTest"/>
  <testcase name="test1" time="2.735" classname="samplePackage.SampleTest"/>
  <testcase name="test1" time="2.750" classname="samplePackage.SampleTest"/>
  <testcase name="test1" time="3.110" classname="samplePackage.SampleTest"/>
  <testcase name="test1" time="2.966" classname="samplePackage.SampleTest"/>
  <testcase name="test1" time="2.808" classname="samplePackage.SampleTest"/>
  <testcase name="test1" time="3.214" classname="samplePackage.SampleTest"/>
  <testcase name="test1" time="0.000" classname="samplePackage.SampleTest"/>
  <testcase name="test1" time="2.954" classname="samplePackage.SampleTest"/>
  <testcase name="test1" time="2.808" classname="samplePackage.SampleTest"/>
  <testcase name="test1" time="2.703" classname="samplePackage.SampleTest"/>
  <testcase name="test1" time="0.000" classname="samplePackage.SampleTest"/>
  <testcase name="test1" time="2.887" classname="samplePackage.SampleTest"/>
  <testcase name="test1" time="3.340" classname="samplePackage.SampleTest"/>
  <testcase name="test1" time="0.000" classname="samplePackage.SampleTest"/>
  <testcase name="test1" time="3.250" classname="samplePackage.SampleTest"/>
  <testcase name="test1" time="2.934" classname="samplePackage.SampleTest"/>
  <testcase name="test1" time="2.704" classname="samplePackage.SampleTest"/>
  <testcase name="test1" time="3.391" classname="samplePackage.SampleTest"/>
  <testcase name="test1" time="3.335" classname="samplePackage.SampleTest"/>
  <testcase name="test1" time="4.565" classname="samplePackage.SampleTest"/>
  <testcase name="test1" time="2.703" classname="samplePackage.SampleTest"/>
  <testcase name="test1" time="0.000" classname="samplePackage.SampleTest"/>
  <testcase name="test1" time="39.127" classname="samplePackage.SampleTest"/>
  <testcase name="test1" time="3.109" classname="samplePackage.SampleTest"/>
  <testcase name="test1" time="2.969" classname="samplePackage.SampleTest"/>
  <testcase name="test1" time="0.000" classname="samplePackage.SampleTest"/>
  <testcase name="test1" time="2.816" classname="samplePackage.SampleTest"/>
  <testcase name="test1" time="3.058" classname="samplePackage.SampleTest"/>
  <testcase name="test1" time="3.811" classname="samplePackage.SampleTest"/>
  <testcase name="test1" time="3.563" classname="samplePackage.SampleTest"/>
  <testcase name="test1" time="0.000" classname="samplePackage.SampleTest"/>
  <testcase name="test1" time="0.000" classname="samplePackage.SampleTest"/>
  <testcase name="test1" time="2.859" classname="samplePackage.SampleTest"/>
  <testcase name="test1" time="3.329" classname="samplePackage.SampleTest"/>
  <testcase name="test1" time="0.000" classname="samplePackage.SampleTest"/>
  <testcase name="test1" time="3.344" classname="samplePackage.SampleTest"/>
  <testcase name="test1" time="2.845" classname="samplePackage.SampleTest"/>
  <testcase name="test1" time="2.875" classname="samplePackage.SampleTest"/>
  <testcase name="test1" time="3.516" classname="samplePackage.SampleTest"/>
  <testcase name="test1" time="2.890" classname="samplePackage.SampleTest"/>
  <testcase name="test1" time="2.875" classname="samplePackage.SampleTest"/>
  <testcase name="test1" time="0.000" classname="samplePackage.SampleTest"/>
  <testcase name="test1" time="2.772" classname="samplePackage.SampleTest"/>
  <testcase name="test1" time="0.000" classname="samplePackage.SampleTest"/>
  <testcase name="test1" time="2.735" classname="samplePackage.SampleTest"/>
  <testcase name="test1" time="0.000" classname="samplePackage.SampleTest"/>
  <testcase name="test1" time="2.500" classname="samplePackage.SampleTest"/>
  <testcase name="test1" time="2.969" classname="samplePackage.SampleTest"/>
  <testcase name="test1" time="3.078" classname="samplePackage.SampleTest"/>
  <testcase name="test1" time="2.906" classname="samplePackage.SampleTest"/>
  <testcase name="test1" time="2.750" classname="samplePackage.SampleTest"/>
  <testcase name="test1" time="0.000" classname="samplePackage.SampleTest"/>
  <testcase name="test1" time="3.036" classname="samplePackage.SampleTest"/>
  <testcase name="test1" time="0.000" classname="samplePackage.SampleTest"/>
  <testcase name="test1" time="3.188" classname="samplePackage.SampleTest"/>
  <testcase name="test1" time="4.188" classname="samplePackage.SampleTest"/>
  <testcase name="test1" time="3.672" classname="samplePackage.SampleTest"/>
  <testcase name="test1" time="3.290" classname="samplePackage.SampleTest"/>
  <testcase name="test1" time="8.750" classname="samplePackage.SampleTest"/>
  <testcase name="test1" time="3.297" classname="samplePackage.SampleTest"/>
  <testcase name="test1" time="0.016" classname="samplePackage.SampleTest"/>
  <testcase name="test1" time="3.047" classname="samplePackage.SampleTest"/>
  <testcase name="test1" time="2.735" classname="samplePackage.SampleTest"/>
  <testcase name="test1" time="8.687" classname="samplePackage.SampleTest"/>
  <testcase name="test1" time="3.036" classname="samplePackage.SampleTest"/>
  <testcase name="test1" time="3.172" classname="samplePackage.SampleTest"/>
  <testcase name="test1" time="3.640" classname="samplePackage.SampleTest"/>
  <testcase name="test1" time="2.750" classname="samplePackage.SampleTest"/>
  <testcase name="test1" time="2.750" classname="samplePackage.SampleTest"/>
  <testcase name="test1" time="0.000" classname="samplePackage.SampleTest"/>
  <testcase name="test1" time="2.979" classname="samplePackage.SampleTest"/>
  <testcase name="test1" time="2.734" classname="samplePackage.SampleTest"/>
  <testcase name="test1" time="0.000" classname="samplePackage.SampleTest"/>
  <testcase name="test1" time="0.000" classname="samplePackage.SampleTest"/>
  <testcase name="test1" time="2.703" classname="samplePackage.SampleTest"/>
  <testcase name="test1" time="3.570" classname="samplePackage.SampleTest"/>
  <testcase name="test1" time="2.719" classname="samplePackage.SampleTest"/>
  <testcase name="test1" time="0.015" classname="samplePackage.SampleTest"/>
  <testcase name="test1" time="0.000" classname="samplePackage.SampleTest"/>
  <testcase name="test1" time="0.000" classname="samplePackage.SampleTest"/>
  <testcase name="test1" time="4.094" classname="samplePackage.SampleTest"/>
  <testcase name="test1" time="0.000" classname="samplePackage.SampleTest"/>
  <testcase name="test1" time="3.672" classname="samplePackage.SampleTest"/>
  <testcase name="test1" time="3.093" classname="samplePackage.SampleTest"/>
  <testcase name="test1" time="3.059" classname="samplePackage.SampleTest"/>
  <testcase name="test1" time="0.000" classname="samplePackage.SampleTest"/>
  <testcase name="test1" time="0.000" classname="samplePackage.SampleTest"/>
  <testcase name="test1" time="6.687" classname="samplePackage.SampleTest"/>
  <testcase name="test1" time="2.734" classname="samplePackage.SampleTest"/>
  <testcase name="test1" time="0.000" classname="samplePackage.SampleTest"/>
  <testcase name="test1" time="2.703" classname="samplePackage.SampleTest"/>
  <testcase name="test1" time="2.719" classname="samplePackage.SampleTest"/>
  <testcase name="test1" time="2.797" classname="samplePackage.SampleTest"/>
  <testcase name="test1" time="4.375" classname="samplePackage.SampleTest"/>
  <testcase name="test1" time="2.735" classname="samplePackage.SampleTest"/>
  <testcase name="test1" time="0.016" classname="samplePackage.SampleTest"/>
  <testcase name="test1" time="3.422" classname="samplePackage.SampleTest"/>
  <testcase name="test1" time="2.672" classname="samplePackage.SampleTest"/>
  <testcase name="test1" time="0.000" classname="samplePackage.SampleTest"/>
  <testcase name="test1" time="2.750" classname="samplePackage.SampleTest"/>
  <testcase name="test1" time="0.000" classname="samplePackage.SampleTest"/>
  <testcase name="test1" time="3.469" classname="samplePackage.SampleTest"/>
  <testcase name="test1" time="3.563" classname="samplePackage.SampleTest"/>
  <testcase name="test1" time="3.424" classname="samplePackage.SampleTest"/>
  <testcase name="test1" time="2.750" classname="samplePackage.SampleTest"/>
  <testcase name="test1" time="6.750" classname="samplePackage.SampleTest"/>
  <testcase name="test1" time="3.125" classname="samplePackage.SampleTest"/>
  <testcase name="test1" time="0.000" classname="samplePackage.SampleTest"/>
  <testcase name="test1" time="0.000" classname="samplePackage.SampleTest"/>
  <testcase name="test1" time="2.928" classname="samplePackage.SampleTest"/>
  <testcase name="test1" time="2.761" classname="samplePackage.SampleTest"/>
  <testcase name="test1" time="0.000" classname="samplePackage.SampleTest"/>
  <testcase name="test1" time="3.344" classname="samplePackage.SampleTest"/>
  <testcase name="test1" time="2.766" classname="samplePackage.SampleTest"/>
  <testcase name="test1" time="2.860" classname="samplePackage.SampleTest"/>
  <testcase name="test1" time="2.897" classname="samplePackage.SampleTest"/>
  <testcase name="test1" time="103.739" classname="samplePackage.SampleTest"/>
  <testcase name="test1" time="0.000" classname="samplePackage.SampleTest"/>
  <testcase name="test1" time="0.000" classname="samplePackage.SampleTest"/>
  <testcase name="test1" time="0.000" classname="samplePackage.SampleTest"/>
  <testcase name="test1" time="3.969" classname="samplePackage.SampleTest"/>
  <testcase name="test1" time="0.000" classname="samplePackage.SampleTest"/>
  <testcase name="test1" time="0.000" classname="samplePackage.SampleTest"/>
  <testcase name="test1" time="0.000" classname="samplePackage.SampleTest"/>
  <testcase name="test1" time="4.219" classname="samplePackage.SampleTest"/>
  <testcase name="test1" time="2.906" classname="samplePackage.SampleTest"/>
  <testcase name="test1" time="3.203" classname="samplePackage.SampleTest"/>
  <testcase name="test1" time="3.265" classname="samplePackage.SampleTest"/>
  <testcase name="test1" time="0.000" classname="samplePackage.SampleTest"/>
  <testcase name="test1" time="0.000" classname="samplePackage.SampleTest"/>
  <testcase name="test1" time="2.925" classname="samplePackage.SampleTest"/>
  <testcase name="test1" time="3.407" classname="samplePackage.SampleTest"/>
  <testcase name="test1" time="0.000" classname="samplePackage.SampleTest"/>
  <testcase name="test1" time="21.657" classname="samplePackage.SampleTest"/>
  <testcase name="test1" time="3.094" classname="samplePackage.SampleTest"/>
  <testcase name="test1" time="3.860" classname="samplePackage.SampleTest"/>
  <testcase name="test1" time="0.000" classname="samplePackage.SampleTest"/>
  <testcase name="test1" time="0.000" classname="samplePackage.SampleTest"/>
  <testcase name="test1" time="2.750" classname="samplePackage.SampleTest"/>
  <testcase name="test1" time="2.766" classname="samplePackage.SampleTest"/>
  <testcase name="test1" time="3.390" classname="samplePackage.SampleTest"/>
  <testcase name="test1" time="2.748" classname="samplePackage.SampleTest"/>
  <testcase name="test1" time="3.266" classname="samplePackage.SampleTest"/>
  <testcase name="test1" time="2.750" classname="samplePackage.SampleTest"/>
  <testcase name="test1" time="2.906" classname="samplePackage.SampleTest"/>
  <testcase name="test1" time="2.890" classname="samplePackage.SampleTest"/>
  <testcase name="test1" time="4.094" classname="samplePackage.SampleTest"/>
  <testcase name="test1" time="0.000" classname="samplePackage.SampleTest"/>
  <testcase name="test1" time="0.016" classname="samplePackage.SampleTest"/>
  <testcase name="test1" time="2.853" classname="samplePackage.SampleTest"/>
  <testcase name="test1" time="0.016" classname="samplePackage.SampleTest"/>
  <testcase name="test1" time="2.797" classname="samplePackage.SampleTest"/>
  <testcase name="test1" time="3.141" classname="samplePackage.SampleTest"/>
  <testcase name="test1" time="3.453" classname="samplePackage.SampleTest"/>
  <testcase name="test1" time="2.735" classname="samplePackage.SampleTest"/>
  <testcase name="test1" time="0.000" classname="samplePackage.SampleTest"/>
  <testcase name="test1" time="3.044" classname="samplePackage.SampleTest"/>
  <testcase name="test1" time="0.000" classname="samplePackage.SampleTest"/>
  <testcase name="test1" time="2.890" classname="samplePackage.SampleTest"/>
  <testcase name="test1" time="0.000" classname="samplePackage.SampleTest"/>
  <testcase name="test1" time="3.813" classname="samplePackage.SampleTest"/>
  <testcase name="test1" time="2.735" classname="samplePackage.SampleTest"/>
  <testcase name="test1" time="3.593" classname="samplePackage.SampleTest"/>
  <testcase name="test1" time="2.719" classname="samplePackage.SampleTest"/>
  <testcase name="test1" time="3.844" classname="samplePackage.SampleTest"/>
  <testcase name="test1" time="3.172" classname="samplePackage.SampleTest"/>
  <testcase name="test1" time="2.797" classname="samplePackage.SampleTest"/>
  <testcase name="test1" time="11.782" classname="samplePackage.SampleTest"/>
  <testcase name="test1" time="0.000" classname="samplePackage.SampleTest"/>
  <testcase name="test1" time="4.375" classname="samplePackage.SampleTest"/>
  <testcase name="test1" time="2.766" classname="samplePackage.SampleTest"/>
  <testcase name="test1" time="0.000" classname="samplePackage.SampleTest"/>
  <testcase name="test1" time="3.500" classname="samplePackage.SampleTest"/>
  <testcase name="test1" time="3.343" classname="samplePackage.SampleTest"/>
  <testcase name="test1" time="11.313" classname="samplePackage.SampleTest"/>
  <testcase name="test1" time="3.000" classname="samplePackage.SampleTest"/>
  <testcase name="test1" time="0.000" classname="samplePackage.SampleTest"/>
  <testcase name="test1" time="2.766" classname="samplePackage.SampleTest"/>
  <testcase name="test1" time="2.911" classname="samplePackage.SampleTest"/>
  <testcase name="test1" time="0.000" classname="samplePackage.SampleTest"/>
  <testcase name="test1" time="2.781" classname="samplePackage.SampleTest"/>
  <testcase name="test1" time="4.125" classname="samplePackage.SampleTest"/>
  <testcase name="test1" time="3.922" classname="samplePackage.SampleTest"/>
  <testcase name="test1" time="3.125" classname="samplePackage.SampleTest"/>
  <testcase name="test1" time="4.157" classname="samplePackage.SampleTest"/>
  <testcase name="test1" time="2.610" classname="samplePackage.SampleTest"/>
  <testcase name="test1" time="19.157" classname="samplePackage.SampleTest"/>
  <testcase name="test1" time="4.820" classname="samplePackage.SampleTest"/>
  <testcase name="test1" time="2.950" classname="samplePackage.SampleTest"/>
  <testcase name="test1" time="2.844" classname="samplePackage.SampleTest"/>
  <testcase name="test1" time="0.000" classname="samplePackage.SampleTest"/>
  <testcase name="test1" time="3.981" classname="samplePackage.SampleTest"/>
  <testcase name="test1" time="3.453" classname="samplePackage.SampleTest"/>
  <testcase name="test1" time="2.859" classname="samplePackage.SampleTest"/>
  <testcase name="test1" time="4.422" classname="samplePackage.SampleTest"/>
  <testcase name="test1" time="3.578" classname="samplePackage.SampleTest"/>
  <testcase name="test1" time="0.015" classname="samplePackage.SampleTest"/>
  <testcase name="test1" time="2.882" classname="samplePackage.SampleTest"/>
  <testcase name="test1" time="2.969" classname="samplePackage.SampleTest"/>
  <testcase name="test1" time="3.000" classname="samplePackage.SampleTest"/>
  <testcase name="test1" time="4.813" classname="samplePackage.SampleTest"/>
  <testcase name="test1" time="2.797" classname="samplePackage.SampleTest"/>
  <testcase name="test1" time="2.875" classname="samplePackage.SampleTest"/>
  <testcase name="test1" time="2.735" classname="samplePackage.SampleTest"/>
  <testcase name="test1" time="2.903" classname="samplePackage.SampleTest"/>
  <testcase name="test1" time="3.500" classname="samplePackage.SampleTest"/>
  <testcase name="test1" time="2.750" classname="samplePackage.SampleTest"/>
  <testcase name="test1" time="3.250" classname="samplePackage.SampleTest"/>
  <testcase name="test1" time="2.890" classname="samplePackage.SampleTest"/>
  <testcase name="test1" time="3.703" classname="samplePackage.SampleTest"/>
  <testcase name="test1" time="0.000" classname="samplePackage.SampleTest"/>
  <testcase name="test1" time="2.797" classname="samplePackage.SampleTest"/>
  <testcase name="test1" time="0.000" classname="samplePackage.SampleTest"/>
  <testcase name="test1" time="2.797" classname="samplePackage.SampleTest"/>
  <testcase name="test1" time="2.984" classname="samplePackage.SampleTest"/>
  <testcase name="test1" time="21.038" classname="samplePackage.SampleTest"/>
  <testcase name="test1" time="0.000" classname="samplePackage.SampleTest"/>
  <testcase name="test1" time="2.719" classname="samplePackage.SampleTest"/>
  <testcase name="test1" time="2.797" classname="samplePackage.SampleTest"/>
  <testcase name="test1" time="2.750" classname="samplePackage.SampleTest"/>
  <testcase name="test1" time="5.829" classname="samplePackage.SampleTest"/>
  <testcase name="test1" time="3.793" classname="samplePackage.SampleTest"/>
  <testcase name="test1" time="0.000" classname="samplePackage.SampleTest"/>
  <testcase name="test1" time="0.015" classname="samplePackage.SampleTest"/>
  <testcase name="test1" time="2.860" classname="samplePackage.SampleTest"/>
  <testcase name="test1" time="0.000" classname="samplePackage.SampleTest"/>
  <testcase name="test1" time="3.552" classname="samplePackage.SampleTest"/>
  <testcase name="test1" time="2.750" classname="samplePackage.SampleTest"/>
  <testcase name="test1" time="2.809" classname="samplePackage.SampleTest"/>
  <testcase name="test1" time="2.891" classname="samplePackage.SampleTest"/>
  <testcase name="test1" time="2.735" classname="samplePackage.SampleTest"/>
  <testcase name="test1" time="0.000" classname="samplePackage.SampleTest"/>
  <testcase name="test1" time="0.000" classname="samplePackage.SampleTest"/>
  <testcase name="test1" time="2.999" classname="samplePackage.SampleTest"/>
  <testcase name="test1" time="0.000" classname="samplePackage.SampleTest"/>
  <testcase name="test1" time="0.000" classname="samplePackage.SampleTest"/>
  <testcase name="test1" time="15.235" classname="samplePackage.SampleTest"/>
  <testcase name="test1" time="2.875" classname="samplePackage.SampleTest"/>
  <testcase name="test1" time="2.610" classname="samplePackage.SampleTest"/>
  <testcase name="test1" time="0.000" classname="samplePackage.SampleTest"/>
  <testcase name="test1" time="0.015" classname="samplePackage.SampleTest"/>
  <testcase name="test1" time="3.329" classname="samplePackage.SampleTest"/>
  <testcase name="test1" time="2.922" classname="samplePackage.SampleTest"/>
  <testcase name="test1" time="3.453" classname="samplePackage.SampleTest"/>
  <testcase name="test1" time="2.781" classname="samplePackage.SampleTest"/>
  <testcase name="test1" time="0.000" classname="samplePackage.SampleTest"/>
  <testcase name="test1" time="2.797" classname="samplePackage.SampleTest"/>
  <testcase name="test1" time="0.000" classname="samplePackage.SampleTest"/>
  <testcase name="test1" time="3.453" classname="samplePackage.SampleTest"/>
  <testcase name="test1" time="3.386" classname="samplePackage.SampleTest"/>
  <testcase name="test1" time="0.000" classname="samplePackage.SampleTest"/>
  <testcase name="test1" time="0.016" classname="samplePackage.SampleTest"/>
  <testcase name="test1" time="3.469" classname="samplePackage.SampleTest"/>
  <testcase name="test1" time="2.655" classname="samplePackage.SampleTest"/>
  <testcase name="test1" time="3.047" classname="samplePackage.SampleTest"/>
  <testcase name="test1" time="2.687" classname="samplePackage.SampleTest"/>
  <testcase name="test1" time="2.704" classname="samplePackage.SampleTest"/>
  <testcase name="test1" time="0.000" classname="samplePackage.SampleTest"/>
  <testcase name="test1" time="3.281" classname="samplePackage.SampleTest"/>
  <testcase name="test1" time="2.955" classname="samplePackage.SampleTest"/>
  <testcase name="test1" time="0.000" classname="samplePackage.SampleTest"/>
  <testcase name="test1" time="0.000" classname="samplePackage.SampleTest"/>
  <testcase name="test1" time="4.922" classname="samplePackage.SampleTest"/>
  <testcase name="test1" time="3.250" classname="samplePackage.SampleTest"/>
  <testcase name="test1" time="5.406" classname="samplePackage.SampleTest"/>
  <testcase name="test1" time="3.453" classname="samplePackage.SampleTest"/>
  <testcase name="test1" time="2.797" classname="samplePackage.SampleTest"/>
  <testcase name="test1" time="2.781" classname="samplePackage.SampleTest"/>
  <testcase name="test1" time="2.750" classname="samplePackage.SampleTest"/>
  <testcase name="test1" time="0.000" classname="samplePackage.SampleTest"/>
  <testcase name="test1" time="3.484" classname="samplePackage.SampleTest"/>
  <testcase name="test1" time="5.609" classname="samplePackage.SampleTest"/>
  <testcase name="test1" time="2.719" classname="samplePackage.SampleTest"/>
  <testcase name="test1" time="7.281" classname="samplePackage.SampleTest"/>
  <testcase name="test1" time="3.563" classname="samplePackage.SampleTest"/>
  <testcase name="test1" time="0.016" classname="samplePackage.SampleTest"/>
  <testcase name="test1" time="2.797" classname="samplePackage.SampleTest"/>
  <testcase name="test1" time="2.781" classname="samplePackage.SampleTest"/>
  <testcase name="test1" time="0.000" classname="samplePackage.SampleTest"/>
  <testcase name="test1" time="3.508" classname="samplePackage.SampleTest"/>
  <testcase name="test1" time="2.813" classname="samplePackage.SampleTest"/>
  <testcase name="test1" time="3.860" classname="samplePackage.SampleTest"/>
  <testcase name="test1" time="2.794" classname="samplePackage.SampleTest"/>
  <testcase name="test1" time="5.594" classname="samplePackage.SampleTest"/>
  <testcase name="test1" time="3.257" classname="samplePackage.SampleTest"/>
  <testcase name="test1" time="3.781" classname="samplePackage.SampleTest"/>
  <testcase name="test1" time="3.547" classname="samplePackage.SampleTest"/>
  <testcase name="test1" time="4.610" classname="samplePackage.SampleTest"/>
  <testcase name="test1" time="2.844" classname="samplePackage.SampleTest"/>
  <testcase name="test1" time="2.703" classname="samplePackage.SampleTest"/>
  <testcase name="test1" time="2.719" classname="samplePackage.SampleTest"/>
  <testcase name="test1" time="0.015" classname="samplePackage.SampleTest"/>
  <testcase name="test1" time="2.908" classname="samplePackage.SampleTest"/>
  <testcase name="test1" time="2.875" classname="samplePackage.SampleTest"/>
  <testcase name="test1" time="2.813" classname="samplePackage.SampleTest"/>
  <testcase name="test1" time="0.000" classname="samplePackage.SampleTest"/>
  <testcase name="test1" time="2.875" classname="samplePackage.SampleTest"/>
  <testcase name="test1" time="2.687" classname="samplePackage.SampleTest"/>
  <testcase name="test1" time="3.969" classname="samplePackage.SampleTest"/>
  <testcase name="test1" time="3.906" classname="samplePackage.SampleTest"/>
  <testcase name="test1" time="0.000" classname="samplePackage.SampleTest"/>
  <testcase name="test1" time="3.141" classname="samplePackage.SampleTest"/>
  <testcase name="test1" time="0.000" classname="samplePackage.SampleTest"/>
  <testcase name="test1" time="2.703" classname="samplePackage.SampleTest"/>
  <testcase name="test1" time="2.766" classname="samplePackage.SampleTest"/>
  <testcase name="test1" time="0.000" classname="samplePackage.SampleTest"/>
  <testcase name="test1" time="2.817" classname="samplePackage.SampleTest"/>
  <testcase name="test1" time="3.297" classname="samplePackage.SampleTest"/>
  <testcase name="test1" time="3.071" classname="samplePackage.SampleTest"/>
  <testcase name="test1" time="0.000" classname="samplePackage.SampleTest"/>
  <testcase name="test1" time="2.718" classname="samplePackage.SampleTest"/>
  <testcase name="test1" time="2.766" classname="samplePackage.SampleTest"/>
  <testcase name="test1" time="4.198" classname="samplePackage.SampleTest"/>
  <testcase name="test1" time="0.000" classname="samplePackage.SampleTest"/>
  <testcase name="test1" time="2.922" classname="samplePackage.SampleTest"/>
  <testcase name="test1" time="0.016" classname="samplePackage.SampleTest"/>
  <testcase name="test1" time="3.636" classname="samplePackage.SampleTest"/>
  <testcase name="test1" time="0.000" classname="samplePackage.SampleTest"/>
  <testcase name="test1" time="3.246" classname="samplePackage.SampleTest"/>
  <testcase name="test1" time="2.887" classname="samplePackage.SampleTest"/>
  <testcase name="test1" time="3.500" classname="samplePackage.SampleTest"/>
  <testcase name="test1" time="3.343" classname="samplePackage.SampleTest"/>
  <testcase name="test1" time="3.165" classname="samplePackage.SampleTest"/>
  <testcase name="test1" time="2.766" classname="samplePackage.SampleTest"/>
  <testcase name="test1" time="4.234" classname="samplePackage.SampleTest"/>
  <testcase name="test1" time="2.907" classname="samplePackage.SampleTest"/>
  <testcase name="test1" time="3.757" classname="samplePackage.SampleTest"/>
  <testcase name="test1" time="0.000" classname="samplePackage.SampleTest"/>
  <testcase name="test1" time="0.000" classname="samplePackage.SampleTest"/>
  <testcase name="test1" time="0.000" classname="samplePackage.SampleTest"/>
  <testcase name="test1" time="3.828" classname="samplePackage.SampleTest"/>
  <testcase name="test1" time="3.829" classname="samplePackage.SampleTest"/>
  <testcase name="test1" time="2.980" classname="samplePackage.SampleTest"/>
  <testcase name="test1" time="0.000" classname="samplePackage.SampleTest"/>
  <testcase name="test1" time="3.250" classname="samplePackage.SampleTest"/>
  <testcase name="test1" time="3.469" classname="samplePackage.SampleTest"/>
  <testcase name="test1" time="2.718" classname="samplePackage.SampleTest"/>
  <testcase name="test1" time="2.827" classname="samplePackage.SampleTest"/>
  <testcase name="test1" time="3.562" classname="samplePackage.SampleTest"/>
  <testcase name="test1" time="4.081" classname="samplePackage.SampleTest"/>
  <testcase name="test1" time="2.797" classname="samplePackage.SampleTest"/>
  <testcase name="test1" time="3.274" classname="samplePackage.SampleTest"/>
  <testcase name="test1" time="0.000" classname="samplePackage.SampleTest"/>
  <testcase name="test1" time="4.391" classname="samplePackage.SampleTest"/>
  <testcase name="test1" time="3.547" classname="samplePackage.SampleTest"/>
  <testcase name="test1" time="2.735" classname="samplePackage.SampleTest"/>
  <testcase name="test1" time="0.000" classname="samplePackage.SampleTest"/>
  <testcase name="test1" time="0.015" classname="samplePackage.SampleTest"/>
  <testcase name="test1" time="2.672" classname="samplePackage.SampleTest"/>
  <testcase name="test1" time="0.000" classname="samplePackage.SampleTest"/>
  <testcase name="test1" time="0.000" classname="samplePackage.SampleTest"/>
  <testcase name="test1" time="2.969" classname="samplePackage.SampleTest"/>
  <testcase name="test1" time="11.516" classname="samplePackage.SampleTest"/>
  <testcase name="test1" time="2.718" classname="samplePackage.SampleTest"/>
  <testcase name="test1" time="0.000" classname="samplePackage.SampleTest"/>
  <testcase name="test1" time="3.098" classname="samplePackage.SampleTest"/>
  <testcase name="test1" time="2.922" classname="samplePackage.SampleTest"/>
  <testcase name="test1" time="0.000" classname="samplePackage.SampleTest"/>
  <testcase name="test1" time="3.734" classname="samplePackage.SampleTest"/>
  <testcase name="test1" time="2.703" classname="samplePackage.SampleTest"/>
  <testcase name="test1" time="0.000" classname="samplePackage.SampleTest"/>
  <testcase name="test1" time="0.000" classname="samplePackage.SampleTest"/>
  <testcase name="test1" time="2.906" classname="samplePackage.SampleTest"/>
  <testcase name="test1" time="2.593" classname="samplePackage.SampleTest"/>
  <testcase name="test1" time="3.187" classname="samplePackage.SampleTest"/>
  <testcase name="test1" time="3.130" classname="samplePackage.SampleTest"/>
  <testcase name="test1" time="3.007" classname="samplePackage.SampleTest"/>
  <testcase name="test1" time="0.000" classname="samplePackage.SampleTest"/>
  <testcase name="test1" time="2.781" classname="samplePackage.SampleTest"/>
  <testcase name="test1" time="3.224" classname="samplePackage.SampleTest"/>
  <testcase name="test1" time="0.000" classname="samplePackage.SampleTest"/>
  <testcase name="test1" time="11.891" classname="samplePackage.SampleTest"/>
  <testcase name="test1" time="0.000" classname="samplePackage.SampleTest"/>
  <testcase name="test1" time="0.000" classname="samplePackage.SampleTest"/>
  <testcase name="test1" time="3.454" classname="samplePackage.SampleTest"/>
  <testcase name="test1" time="2.719" classname="samplePackage.SampleTest"/>
  <testcase name="test1" time="3.140" classname="samplePackage.SampleTest"/>
  <testcase name="test1" time="0.000" classname="samplePackage.SampleTest"/>
  <testcase name="test1" time="3.016" classname="samplePackage.SampleTest"/>
  <testcase name="test1" time="2.939" classname="samplePackage.SampleTest"/>
  <testcase name="test1" time="0.000" classname="samplePackage.SampleTest"/>
  <testcase name="test1" time="2.781" classname="samplePackage.SampleTest"/>
  <testcase name="test1" time="2.766" classname="samplePackage.SampleTest"/>
  <testcase name="test1" time="3.094" classname="samplePackage.SampleTest"/>
  <testcase name="test1" time="0.000" classname="samplePackage.SampleTest"/>
  <testcase name="test1" time="0.000" classname="samplePackage.SampleTest"/>
  <testcase name="test1" time="3.563" classname="samplePackage.SampleTest"/>
  <testcase name="test1" time="0.016" classname="samplePackage.SampleTest"/>
  <testcase name="test1" time="2.734" classname="samplePackage.SampleTest"/>
  <testcase name="test1" time="0.000" classname="samplePackage.SampleTest"/>
  <testcase name="test1" time="2.848" classname="samplePackage.SampleTest"/>
  <testcase name="test1" time="2.828" classname="samplePackage.SampleTest"/>
  <testcase name="test1" time="3.891" classname="samplePackage.SampleTest"/>
  <testcase name="test1" time="0.000" classname="samplePackage.SampleTest"/>
  <testcase name="test1" time="2.688" classname="samplePackage.SampleTest"/>
  <testcase name="test1" time="10.719" classname="samplePackage.SampleTest"/>
  <testcase name="test1" time="0.000" classname="samplePackage.SampleTest"/>
  <testcase name="test1" time="3.262" classname="samplePackage.SampleTest"/>
  <testcase name="test1" time="0.000" classname="samplePackage.SampleTest"/>
  <testcase name="test1" time="0.000" classname="samplePackage.SampleTest"/>
  <testcase name="test1" time="3.109" classname="samplePackage.SampleTest"/>
  <testcase name="test1" time="2.734" classname="samplePackage.SampleTest"/>
  <testcase name="test1" time="3.270" classname="samplePackage.SampleTest"/>
  <testcase name="test1" time="4.375" classname="samplePackage.SampleTest"/>
  <testcase name="test1" time="2.734" classname="samplePackage.SampleTest"/>
  <testcase name="test1" time="3.547" classname="samplePackage.SampleTest"/>
  <testcase name="test1" time="0.000" classname="samplePackage.SampleTest"/>
  <testcase name="test1" time="2.711" classname="samplePackage.SampleTest"/>
  <testcase name="test1" time="0.000" classname="samplePackage.SampleTest"/>
  <testcase name="test1" time="0.016" classname="samplePackage.SampleTest"/>
  <testcase name="test1" time="3.272" classname="samplePackage.SampleTest"/>
  <testcase name="test1" time="0.000" classname="samplePackage.SampleTest"/>
  <testcase name="test1" time="3.458" classname="samplePackage.SampleTest"/>
  <testcase name="test1" time="2.906" classname="samplePackage.SampleTest"/>
  <testcase name="test1" time="2.850" classname="samplePackage.SampleTest"/>
  <testcase name="test1" time="2.862" classname="samplePackage.SampleTest"/>
  <testcase name="test1" time="2.766" classname="samplePackage.SampleTest"/>
  <testcase name="test1" time="4.250" classname="samplePackage.SampleTest"/>
  <testcase name="test1" time="0.000" classname="samplePackage.SampleTest"/>
  <testcase name="test1" time="2.836" classname="samplePackage.SampleTest"/>
  <testcase name="test1" time="3.331" classname="samplePackage.SampleTest"/>
  <testcase name="test1" time="3.922" classname="samplePackage.SampleTest"/>
  <testcase name="test1" time="4.388" classname="samplePackage.SampleTest"/>
  <testcase name="test1" time="3.047" classname="samplePackage.SampleTest"/>
  <testcase name="test1" time="2.813" classname="samplePackage.SampleTest"/>
  <testcase name="test1" time="3.875" classname="samplePackage.SampleTest"/>
  <testcase name="test1" time="0.000" classname="samplePackage.SampleTest"/>
  <testcase name="test1" time="2.734" classname="samplePackage.SampleTest"/>
  <testcase name="test1" time="2.794" classname="samplePackage.SampleTest"/>
  <testcase name="test1" time="2.734" classname="samplePackage.SampleTest"/>
  <testcase name="test1" time="0.000" classname="samplePackage.SampleTest"/>
  <testcase name="test1" time="2.780" classname="samplePackage.SampleTest"/>
  <testcase name="test1" time="6.219" classname="samplePackage.SampleTest"/>
  <testcase name="test1" time="0.000" classname="samplePackage.SampleTest"/>
  <testcase name="test1" time="4.140" classname="samplePackage.SampleTest"/>
  <testcase name="test1" time="2.968" classname="samplePackage.SampleTest"/>
  <testcase name="test1" time="2.672" classname="samplePackage.SampleTest"/>
  <testcase name="test1" time="0.000" classname="samplePackage.SampleTest"/>
  <testcase name="test1" time="2.765" classname="samplePackage.SampleTest"/>
  <testcase name="test1" time="2.781" classname="samplePackage.SampleTest"/>
  <testcase name="test1" time="0.000" classname="samplePackage.SampleTest"/>
  <testcase name="test1" time="3.328" classname="samplePackage.SampleTest"/>
  <testcase name="test1" time="3.844" classname="samplePackage.SampleTest"/>
  <testcase name="test1" time="3.390" classname="samplePackage.SampleTest"/>
  <testcase name="test1" time="6.094" classname="samplePackage.SampleTest"/>
  <testcase name="test1" time="0.000" classname="samplePackage.SampleTest"/>
  <testcase name="test1" time="0.000" classname="samplePackage.SampleTest"/>
  <testcase name="test1" time="2.625" classname="samplePackage.SampleTest"/>
  <testcase name="test1" time="3.375" classname="samplePackage.SampleTest"/>
  <testcase name="test1" time="2.860" classname="samplePackage.SampleTest"/>
  <testcase name="test1" time="2.925" classname="samplePackage.SampleTest"/>
  <testcase name="test1" time="0.000" classname="samplePackage.SampleTest"/>
  <testcase name="test1" time="2.735" classname="samplePackage.SampleTest"/>
  <testcase name="test1" time="4.016" classname="samplePackage.SampleTest"/>
  <testcase name="test1" time="3.422" classname="samplePackage.SampleTest"/>
  <testcase name="test1" time="0.000" classname="samplePackage.SampleTest"/>
  <testcase name="test1" time="3.703" classname="samplePackage.SampleTest"/>
  <testcase name="test1" time="2.937" classname="samplePackage.SampleTest"/>
  <testcase name="test1" time="0.000" classname="samplePackage.SampleTest"/>
  <testcase name="test1" time="3.126" classname="samplePackage.SampleTest"/>
  <testcase name="test1" time="0.000" classname="samplePackage.SampleTest"/>
  <testcase name="test1" time="3.203" classname="samplePackage.SampleTest"/>
  <testcase name="test1" time="0.000" classname="samplePackage.SampleTest"/>
  <testcase name="test1" time="0.000" classname="samplePackage.SampleTest"/>
  <testcase name="test1" time="3.281" classname="samplePackage.SampleTest"/>
  <testcase name="test1" time="3.344" classname="samplePackage.SampleTest"/>
  <testcase name="test1" time="3.766" classname="samplePackage.SampleTest"/>
  <testcase name="test1" time="0.000" classname="samplePackage.SampleTest"/>
  <testcase name="test1" time="3.719" classname="samplePackage.SampleTest"/>
  <testcase name="test1" time="6.016" classname="samplePackage.SampleTest"/>
  <testcase name="test1" time="0.016" classname="samplePackage.SampleTest"/>
  <testcase name="test1" time="0.000" classname="samplePackage.SampleTest"/>
  <testcase name="test1" time="3.532" classname="samplePackage.SampleTest"/>
  <testcase name="test1" time="5.125" classname="samplePackage.SampleTest"/>
  <testcase name="test1" time="3.797" classname="samplePackage.SampleTest"/>
  <testcase name="test1" time="2.703" classname="samplePackage.SampleTest"/>
  <testcase name="test1" time="3.438" classname="samplePackage.SampleTest"/>
  <testcase name="test1" time="2.734" classname="samplePackage.SampleTest"/>
  <testcase name="test1" time="0.000" classname="samplePackage.SampleTest"/>
  <testcase name="test1" time="0.000" classname="samplePackage.SampleTest"/>
  <testcase name="test1" time="3.360" classname="samplePackage.SampleTest"/>
  <testcase name="test1" time="6.067" classname="samplePackage.SampleTest"/>
  <testcase name="test1" time="3.390" classname="samplePackage.SampleTest"/>
  <testcase name="test1" time="2.815" classname="samplePackage.SampleTest"/>
  <testcase name="test1" time="0.000" classname="samplePackage.SampleTest"/>
  <testcase name="test1" time="2.766" classname="samplePackage.SampleTest"/>
  <testcase name="test1" time="0.000" classname="samplePackage.SampleTest"/>
  <testcase name="test1" time="0.000" classname="samplePackage.SampleTest"/>
  <testcase name="test1" time="3.109" classname="samplePackage.SampleTest"/>
  <testcase name="test1" time="3.765" classname="samplePackage.SampleTest"/>
  <testcase name="test1" time="3.281" classname="samplePackage.SampleTest"/>
  <testcase name="test1" time="2.985" classname="samplePackage.SampleTest"/>
  <testcase name="test1" time="2.812" classname="samplePackage.SampleTest"/>
  <testcase name="test1" time="0.000" classname="samplePackage.SampleTest"/>
  <testcase name="test1" time="3.154" classname="samplePackage.SampleTest"/>
  <testcase name="test1" time="3.188" classname="samplePackage.SampleTest"/>
  <testcase name="test1" time="3.047" classname="samplePackage.SampleTest"/>
  <testcase name="test1" time="3.953" classname="samplePackage.SampleTest"/>
  <testcase name="test1" time="0.000" classname="samplePackage.SampleTest"/>
  <testcase name="test1" time="3.782" classname="samplePackage.SampleTest"/>
  <testcase name="test1" time="2.806" classname="samplePackage.SampleTest"/>
  <testcase name="test1" time="3.328" classname="samplePackage.SampleTest"/>
  <testcase name="test1" time="2.735" classname="samplePackage.SampleTest"/>
  <testcase name="test1" time="0.000" classname="samplePackage.SampleTest"/>
  <testcase name="test1" time="0.000" classname="samplePackage.SampleTest"/>
  <testcase name="test1" time="2.891" classname="samplePackage.SampleTest"/>
  <testcase name="test1" time="0.000" classname="samplePackage.SampleTest"/>
  <testcase name="test1" time="2.734" classname="samplePackage.SampleTest"/>
  <testcase name="test1" time="3.844" classname="samplePackage.SampleTest"/>
  <testcase name="test1" time="0.000" classname="samplePackage.SampleTest"/>
  <testcase name="test1" time="2.719" classname="samplePackage.SampleTest"/>
  <testcase name="test1" time="2.930" classname="samplePackage.SampleTest"/>
  <testcase name="test1" time="0.015" classname="samplePackage.SampleTest"/>
  <testcase name="test1" time="0.000" classname="samplePackage.SampleTest"/>
  <testcase name="test1" time="2.750" classname="samplePackage.SampleTest"/>
  <testcase name="test1" time="3.547" classname="samplePackage.SampleTest"/>
  <testcase name="test1" time="0.000" classname="samplePackage.SampleTest"/>
  <testcase name="test1" time="0.000" classname="samplePackage.SampleTest"/>
  <testcase name="test1" time="2.594" classname="samplePackage.SampleTest"/>
  <testcase name="test1" time="2.734" classname="samplePackage.SampleTest"/>
  <testcase name="test1" time="2.719" classname="samplePackage.SampleTest"/>
  <testcase name="test1" time="2.824" classname="samplePackage.SampleTest"/>
  <testcase name="test1" time="4.042" classname="samplePackage.SampleTest"/>
  <testcase name="test1" time="3.735" classname="samplePackage.SampleTest"/>
  <testcase name="test1" time="0.000" classname="samplePackage.SampleTest"/>
  <testcase name="test1" time="3.032" classname="samplePackage.SampleTest"/>
  <testcase name="test1" time="2.875" classname="samplePackage.SampleTest"/>
  <testcase name="test1" time="3.620" classname="samplePackage.SampleTest"/>
  <testcase name="test1" time="2.750" classname="samplePackage.SampleTest"/>
  <testcase name="test1" time="0.000" classname="samplePackage.SampleTest"/>
  <testcase name="test1" time="2.719" classname="samplePackage.SampleTest"/>
  <testcase name="test1" time="3.111" classname="samplePackage.SampleTest"/>
  <testcase name="test1" time="3.110" classname="samplePackage.SampleTest"/>
  <testcase name="test1" time="3.688" classname="samplePackage.SampleTest"/>
  <testcase name="test1" time="0.016" classname="samplePackage.SampleTest"/>
  <testcase name="test1" time="2.750" classname="samplePackage.SampleTest"/>
  <testcase name="test1" time="3.144" classname="samplePackage.SampleTest"/>
  <testcase name="test1" time="2.813" classname="samplePackage.SampleTest"/>
  <testcase name="test1" time="2.797" classname="samplePackage.SampleTest"/>
  <testcase name="test1" time="0.000" classname="samplePackage.SampleTest"/>
  <testcase name="test1" time="0.000" classname="samplePackage.SampleTest"/>
  <testcase name="test1" time="3.250" classname="samplePackage.SampleTest"/>
  <testcase name="test1" time="0.016" classname="samplePackage.SampleTest"/>
  <testcase name="test1" time="3.170" classname="samplePackage.SampleTest"/>
  <testcase name="test1" time="2.782" classname="samplePackage.SampleTest"/>
  <testcase name="test1" time="0.015" classname="samplePackage.SampleTest"/>
  <testcase name="test1" time="3.141" classname="samplePackage.SampleTest"/>
  <testcase name="test1" time="3.329" classname="samplePackage.SampleTest"/>
  <testcase name="test1" time="2.974" classname="samplePackage.SampleTest"/>
  <testcase name="test1" time="2.781" classname="samplePackage.SampleTest"/>
  <testcase name="test1" time="2.641" classname="samplePackage.SampleTest"/>
  <testcase name="test1" time="2.750" classname="samplePackage.SampleTest"/>
  <testcase name="test1" time="3.469" classname="samplePackage.SampleTest"/>
  <testcase name="test1" time="0.015" classname="samplePackage.SampleTest"/>
  <testcase name="test1" time="0.000" classname="samplePackage.SampleTest"/>
  <testcase name="test1" time="3.360" classname="samplePackage.SampleTest"/>
  <testcase name="test1" time="3.110" classname="samplePackage.SampleTest"/>
  <testcase name="test1" time="3.047" classname="samplePackage.SampleTest"/>
  <testcase name="test1" time="3.047" classname="samplePackage.SampleTest"/>
  <testcase name="test1" time="3.123" classname="samplePackage.SampleTest"/>
  <testcase name="test1" time="2.782" classname="samplePackage.SampleTest"/>
  <testcase name="test1" time="2.750" classname="samplePackage.SampleTest"/>
  <testcase name="test1" time="0.000" classname="samplePackage.SampleTest"/>
  <testcase name="test1" time="3.984" classname="samplePackage.SampleTest"/>
  <testcase name="test1" time="0.000" classname="samplePackage.SampleTest"/>
  <testcase name="test1" time="2.718" classname="samplePackage.SampleTest"/>
  <testcase name="test1" time="3.094" classname="samplePackage.SampleTest"/>
  <testcase name="test1" time="3.484" classname="samplePackage.SampleTest"/>
  <testcase name="test1" time="0.000" classname="samplePackage.SampleTest"/>
  <testcase name="test1" time="0.000" classname="samplePackage.SampleTest"/>
  <testcase name="test1" time="3.121" classname="samplePackage.SampleTest"/>
  <testcase name="test1" time="2.719" classname="samplePackage.SampleTest"/>
  <testcase name="test1" time="0.000" classname="samplePackage.SampleTest"/>
  <testcase name="test1" time="3.250" classname="samplePackage.SampleTest"/>
  <testcase name="test1" time="3.250" classname="samplePackage.SampleTest"/>
  <testcase name="test1" time="2.797" classname="samplePackage.SampleTest"/>
  <testcase name="test1" time="0.000" classname="samplePackage.SampleTest"/>
  <testcase name="test1" time="21.064" classname="samplePackage.SampleTest"/>
  <testcase name="test1" time="3.515" classname="samplePackage.SampleTest"/>
  <testcase name="test1" time="2.781" classname="samplePackage.SampleTest"/>
  <testcase name="test1" time="0.016" classname="samplePackage.SampleTest"/>
  <testcase name="test1" time="4.195" classname="samplePackage.SampleTest"/>
  <testcase name="test1" time="2.821" classname="samplePackage.SampleTest"/>
  <testcase name="test1" time="2.906" classname="samplePackage.SampleTest"/>
  <testcase name="test1" time="0.000" classname="samplePackage.SampleTest"/>
  <testcase name="test1" time="0.000" classname="samplePackage.SampleTest"/>
  <testcase name="test1" time="0.000" classname="samplePackage.SampleTest"/>
  <testcase name="test1" time="3.844" classname="samplePackage.SampleTest"/>
  <testcase name="test1" time="3.109" classname="samplePackage.SampleTest"/>
  <testcase name="test1" time="3.641" classname="samplePackage.SampleTest"/>
  <testcase name="test1" time="0.000" classname="samplePackage.SampleTest"/>
  <testcase name="test1" time="3.172" classname="samplePackage.SampleTest"/>
  <testcase name="test1" time="0.000" classname="samplePackage.SampleTest"/>
  <testcase name="test1" time="3.058" classname="samplePackage.SampleTest"/>
  <testcase name="test1" time="3.282" classname="samplePackage.SampleTest"/>
  <testcase name="test1" time="2.751" classname="samplePackage.SampleTest"/>
  <testcase name="test1" time="0.000" classname="samplePackage.SampleTest"/>
  <testcase name="test1" time="3.219" classname="samplePackage.SampleTest"/>
  <testcase name="test1" time="3.556" classname="samplePackage.SampleTest"/>
  <testcase name="test1" time="3.453" classname="samplePackage.SampleTest"/>
  <testcase name="test1" time="2.766" classname="samplePackage.SampleTest"/>
  <testcase name="test1" time="2.954" classname="samplePackage.SampleTest"/>
  <testcase name="test1" time="0.000" classname="samplePackage.SampleTest"/>
  <testcase name="test1" time="3.156" classname="samplePackage.SampleTest"/>
  <testcase name="test1" time="3.360" classname="samplePackage.SampleTest"/>
  <testcase name="test1" time="0.000" classname="samplePackage.SampleTest"/>
  <testcase name="test1" time="0.000" classname="samplePackage.SampleTest"/>
  <testcase name="test1" time="3.156" classname="samplePackage.SampleTest"/>
  <testcase name="test1" time="2.892" classname="samplePackage.SampleTest"/>
  <testcase name="test1" time="3.125" classname="samplePackage.SampleTest"/>
  <testcase name="test1" time="0.000" classname="samplePackage.SampleTest"/>
  <testcase name="test1" time="6.090" classname="samplePackage.SampleTest"/>
  <testcase name="test1" time="2.859" classname="samplePackage.SampleTest"/>
  <testcase name="test1" time="2.703" classname="samplePackage.SampleTest"/>
  <testcase name="test1" time="3.204" classname="samplePackage.SampleTest"/>
  <testcase name="test1" time="3.506" classname="samplePackage.SampleTest"/>
  <testcase name="test1" time="0.000" classname="samplePackage.SampleTest"/>
  <testcase name="test1" time="2.656" classname="samplePackage.SampleTest"/>
  <testcase name="test1" time="3.028" classname="samplePackage.SampleTest"/>
  <testcase name="test1" time="0.000" classname="samplePackage.SampleTest"/>
  <testcase name="test1" time="3.360" classname="samplePackage.SampleTest"/>
  <testcase name="test1" time="3.253" classname="samplePackage.SampleTest"/>
  <testcase name="test1" time="0.000" classname="samplePackage.SampleTest"/>
  <testcase name="test1" time="2.937" classname="samplePackage.SampleTest"/>
  <testcase name="test1" time="2.890" classname="samplePackage.SampleTest"/>
  <testcase name="test1" time="2.718" classname="samplePackage.SampleTest"/>
  <testcase name="test1" time="9.626" classname="samplePackage.SampleTest"/>
  <testcase name="test1" time="3.386" classname="samplePackage.SampleTest"/>
  <testcase name="test1" time="0.000" classname="samplePackage.SampleTest"/>
  <testcase name="test1" time="4.360" classname="samplePackage.SampleTest"/>
  <testcase name="test1" time="2.766" classname="samplePackage.SampleTest"/>
  <testcase name="test1" time="0.015" classname="samplePackage.SampleTest"/>
  <testcase name="test1" time="7.433" classname="samplePackage.SampleTest"/>
  <testcase name="test1" time="2.933" classname="samplePackage.SampleTest"/>
  <testcase name="test1" time="3.001" classname="samplePackage.SampleTest"/>
  <testcase name="test1" time="0.000" classname="samplePackage.SampleTest"/>
  <testcase name="test1" time="3.656" classname="samplePackage.SampleTest"/>
  <testcase name="test1" time="2.859" classname="samplePackage.SampleTest"/>
  <testcase name="test1" time="3.422" classname="samplePackage.SampleTest"/>
  <testcase name="test1" time="3.235" classname="samplePackage.SampleTest"/>
  <testcase name="test1" time="3.416" classname="samplePackage.SampleTest"/>
  <testcase name="test1" time="2.984" classname="samplePackage.SampleTest"/>
  <testcase name="test1" time="3.829" classname="samplePackage.SampleTest"/>
  <testcase name="test1" time="3.906" classname="samplePackage.SampleTest"/>
  <testcase name="test1" time="3.031" classname="samplePackage.SampleTest"/>
  <testcase name="test1" time="3.656" classname="samplePackage.SampleTest"/>
  <testcase name="test1" time="3.891" classname="samplePackage.SampleTest"/>
  <testcase name="test1" time="19.047" classname="samplePackage.SampleTest"/>
  <testcase name="test1" time="3.719" classname="samplePackage.SampleTest"/>
  <testcase name="test1" time="8.708" classname="samplePackage.SampleTest"/>
  <testcase name="test1" time="2.719" classname="samplePackage.SampleTest"/>
  <testcase name="test1" time="2.937" classname="samplePackage.SampleTest"/>
  <testcase name="test1" time="3.984" classname="samplePackage.SampleTest"/>
  <testcase name="test1" time="2.828" classname="samplePackage.SampleTest"/>
  <testcase name="test1" time="4.257" classname="samplePackage.SampleTest"/>
  <testcase name="test1" time="2.703" classname="samplePackage.SampleTest"/>
  <testcase name="test1" time="0.000" classname="samplePackage.SampleTest"/>
  <testcase name="test1" time="3.953" classname="samplePackage.SampleTest"/>
  <testcase name="test1" time="0.000" classname="samplePackage.SampleTest"/>
  <testcase name="test1" time="2.860" classname="samplePackage.SampleTest"/>
  <testcase name="test1" time="3.422" classname="samplePackage.SampleTest"/>
  <testcase name="test1" time="3.231" classname="samplePackage.SampleTest"/>
  <testcase name="test1" time="0.000" classname="samplePackage.SampleTest"/>
  <testcase name="test1" time="2.718" classname="samplePackage.SampleTest"/>
  <testcase name="test1" time="0.000" classname="samplePackage.SampleTest"/>
  <testcase name="test1" time="0.015" classname="samplePackage.SampleTest"/>
  <testcase name="test1" time="2.641" classname="samplePackage.SampleTest"/>
  <testcase name="test1" time="14.838" classname="samplePackage.SampleTest"/>
  <testcase name="test1" time="2.688" classname="samplePackage.SampleTest"/>
  <testcase name="test1" time="2.835" classname="samplePackage.SampleTest"/>
  <testcase name="test1" time="3.719" classname="samplePackage.SampleTest"/>
  <testcase name="test1" time="3.000" classname="samplePackage.SampleTest"/>
  <testcase name="test1" time="6.688" classname="samplePackage.SampleTest"/>
  <testcase name="test1" time="2.766" classname="samplePackage.SampleTest"/>
  <testcase name="test1" time="0.000" classname="samplePackage.SampleTest"/>
  <testcase name="test1" time="0.000" classname="samplePackage.SampleTest"/>
  <testcase name="test1" time="2.532" classname="samplePackage.SampleTest"/>
  <testcase name="test1" time="0.016" classname="samplePackage.SampleTest"/>
  <testcase name="test1" time="3.562" classname="samplePackage.SampleTest"/>
  <testcase name="test1" time="3.428" classname="samplePackage.SampleTest"/>
  <testcase name="test1" time="0.000" classname="samplePackage.SampleTest"/>
  <testcase name="test1" time="3.907" classname="samplePackage.SampleTest"/>
  <testcase name="test1" time="0.000" classname="samplePackage.SampleTest"/>
  <testcase name="test1" time="2.890" classname="samplePackage.SampleTest"/>
  <testcase name="test1" time="3.141" classname="samplePackage.SampleTest"/>
  <testcase name="test1" time="0.000" classname="samplePackage.SampleTest"/>
  <testcase name="test1" time="3.969" classname="samplePackage.SampleTest"/>
  <testcase name="test1" time="0.000" classname="samplePackage.SampleTest"/>
  <testcase name="test1" time="0.015" classname="samplePackage.SampleTest"/>
  <testcase name="test1" time="2.719" classname="samplePackage.SampleTest"/>
  <testcase name="test1" time="2.997" classname="samplePackage.SampleTest"/>
  <testcase name="test1" time="0.000" classname="samplePackage.SampleTest"/>
  <testcase name="test1" time="3.047" classname="samplePackage.SampleTest"/>
  <testcase name="test1" time="2.931" classname="samplePackage.SampleTest"/>
  <testcase name="test1" time="3.662" classname="samplePackage.SampleTest"/>
  <testcase name="test1" time="3.936" classname="samplePackage.SampleTest"/>
  <testcase name="test1" time="2.735" classname="samplePackage.SampleTest"/>
  <testcase name="test1" time="2.735" classname="samplePackage.SampleTest"/>
  <testcase name="test1" time="3.094" classname="samplePackage.SampleTest"/>
  <testcase name="test1" time="0.000" classname="samplePackage.SampleTest"/>
  <testcase name="test1" time="3.313" classname="samplePackage.SampleTest"/>
  <testcase name="test1" time="3.210" classname="samplePackage.SampleTest"/>
  <testcase name="test1" time="2.891" classname="samplePackage.SampleTest"/>
  <testcase name="test1" time="0.000" classname="samplePackage.SampleTest"/>
  <testcase name="test1" time="3.868" classname="samplePackage.SampleTest"/>
  <testcase name="test1" time="3.391" classname="samplePackage.SampleTest"/>
  <testcase name="test1" time="2.876" classname="samplePackage.SampleTest"/>
  <testcase name="test1" time="2.906" classname="samplePackage.SampleTest"/>
  <testcase name="test1" time="2.888" classname="samplePackage.SampleTest"/>
  <testcase name="test1" time="2.984" classname="samplePackage.SampleTest"/>
  <testcase name="test1" time="0.000" classname="samplePackage.SampleTest"/>
  <testcase name="test1" time="27.025" classname="samplePackage.SampleTest"/>
  <testcase name="test1" time="13.969" classname="samplePackage.SampleTest"/>
  <testcase name="test1" time="2.781" classname="samplePackage.SampleTest"/>
  <testcase name="test1" time="0.015" classname="samplePackage.SampleTest"/>
  <testcase name="test1" time="0.000" classname="samplePackage.SampleTest"/>
  <testcase name="test1" time="3.038" classname="samplePackage.SampleTest"/>
  <testcase name="test1" time="5.172" classname="samplePackage.SampleTest"/>
  <testcase name="test1" time="3.173" classname="samplePackage.SampleTest"/>
  <testcase name="test1" time="11.984" classname="samplePackage.SampleTest"/>
  <testcase name="test1" time="3.206" classname="samplePackage.SampleTest"/>
  <testcase name="test1" time="0.000" classname="samplePackage.SampleTest"/>
  <testcase name="test1" time="0.000" classname="samplePackage.SampleTest"/>
  <testcase name="test1" time="2.766" classname="samplePackage.SampleTest"/>
  <testcase name="test1" time="2.750" classname="samplePackage.SampleTest"/>
  <testcase name="test1" time="2.734" classname="samplePackage.SampleTest"/>
  <testcase name="test1" time="0.000" classname="samplePackage.SampleTest"/>
  <testcase name="test1" time="0.016" classname="samplePackage.SampleTest"/>
  <testcase name="test1" time="4.094" classname="samplePackage.SampleTest"/>
  <testcase name="test1" time="3.297" classname="samplePackage.SampleTest"/>
  <testcase name="test1" time="2.914" classname="samplePackage.SampleTest"/>
  <testcase name="test1" time="2.734" classname="samplePackage.SampleTest"/>
  <testcase name="test1" time="2.985" classname="samplePackage.SampleTest"/>
  <testcase name="test1" time="0.000" classname="samplePackage.SampleTest"/>
  <testcase name="test1" time="0.000" classname="samplePackage.SampleTest"/>
  <testcase name="test1" time="4.203" classname="samplePackage.SampleTest"/>
  <testcase name="test1" time="2.875" classname="samplePackage.SampleTest"/>
  <testcase name="test1" time="6.235" classname="samplePackage.SampleTest"/>
  <testcase name="test1" time="4.876" classname="samplePackage.SampleTest"/>
  <testcase name="test1" time="0.000" classname="samplePackage.SampleTest"/>
  <testcase name="test1" time="3.156" classname="samplePackage.SampleTest"/>
  <testcase name="test1" time="3.297" classname="samplePackage.SampleTest"/>
  <testcase name="test1" time="2.688" classname="samplePackage.SampleTest"/>
  <testcase name="test1" time="0.016" classname="samplePackage.SampleTest"/>
  <testcase name="test1" time="0.000" classname="samplePackage.SampleTest"/>
  <testcase name="test1" time="2.860" classname="samplePackage.SampleTest"/>
  <testcase name="test1" time="3.922" classname="samplePackage.SampleTest"/>
  <testcase name="test1" time="3.266" classname="samplePackage.SampleTest"/>
  <testcase name="test1" time="3.719" classname="samplePackage.SampleTest"/>
  <testcase name="test1" time="2.639" classname="samplePackage.SampleTest"/>
  <testcase name="test1" time="2.867" classname="samplePackage.SampleTest"/>
  <testcase name="test1" time="2.719" classname="samplePackage.SampleTest"/>
  <testcase name="test1" time="2.938" classname="samplePackage.SampleTest"/>
  <testcase name="test1" time="6.251" classname="samplePackage.SampleTest"/>
  <testcase name="test1" time="0.016" classname="samplePackage.SampleTest"/>
  <testcase name="test1" time="3.656" classname="samplePackage.SampleTest"/>
  <testcase name="test1" time="2.862" classname="samplePackage.SampleTest"/>
  <testcase name="test1" time="3.893" classname="samplePackage.SampleTest"/>
  <testcase name="test1" time="0.000" classname="samplePackage.SampleTest"/>
  <testcase name="test1" time="2.797" classname="samplePackage.SampleTest"/>
  <testcase name="test1" time="2.813" classname="samplePackage.SampleTest"/>
  <testcase name="test1" time="0.000" classname="samplePackage.SampleTest"/>
  <testcase name="test1" time="3.766" classname="samplePackage.SampleTest"/>
  <testcase name="test1" time="2.891" classname="samplePackage.SampleTest"/>
  <testcase name="test1" time="3.310" classname="samplePackage.SampleTest"/>
  <testcase name="test1" time="0.000" classname="samplePackage.SampleTest"/>
  <testcase name="test1" time="3.141" classname="samplePackage.SampleTest"/>
  <testcase name="test1" time="4.594" classname="samplePackage.SampleTest"/>
  <testcase name="test1" time="3.871" classname="samplePackage.SampleTest"/>
  <testcase name="test1" time="3.971" classname="samplePackage.SampleTest"/>
  <testcase name="test1" time="0.000" classname="samplePackage.SampleTest"/>
  <testcase name="test1" time="2.797" classname="samplePackage.SampleTest"/>
  <testcase name="test1" time="0.015" classname="samplePackage.SampleTest"/>
  <testcase name="test1" time="6.859" classname="samplePackage.SampleTest"/>
  <testcase name="test1" time="2.941" classname="samplePackage.SampleTest"/>
  <testcase name="test1" time="0.000" classname="samplePackage.SampleTest"/>
  <testcase name="test1" time="8.625" classname="samplePackage.SampleTest"/>
  <testcase name="test1" time="3.285" classname="samplePackage.SampleTest"/>
  <testcase name="test1" time="0.015" classname="samplePackage.SampleTest"/>
  <testcase name="test1" time="0.000" classname="samplePackage.SampleTest"/>
  <testcase name="test1" time="3.281" classname="samplePackage.SampleTest"/>
  <testcase name="test1" time="4.047" classname="samplePackage.SampleTest"/>
  <testcase name="test1" time="3.782" classname="samplePackage.SampleTest"/>
  <testcase name="test1" time="0.000" classname="samplePackage.SampleTest"/>
  <testcase name="test1" time="2.750" classname="samplePackage.SampleTest"/>
  <testcase name="test1" time="2.750" classname="samplePackage.SampleTest"/>
  <testcase name="test1" time="3.000" classname="samplePackage.SampleTest"/>
  <testcase name="test1" time="2.766" classname="samplePackage.SampleTest"/>
  <testcase name="test1" time="2.797" classname="samplePackage.SampleTest"/>
  <testcase name="test1" time="2.750" classname="samplePackage.SampleTest"/>
  <testcase name="test1" time="3.188" classname="samplePackage.SampleTest"/>
  <testcase name="test1" time="4.335" classname="samplePackage.SampleTest"/>
  <testcase name="test1" time="2.750" classname="samplePackage.SampleTest"/>
  <testcase name="test1" time="0.000" classname="samplePackage.SampleTest"/>
  <testcase name="test1" time="2.766" classname="samplePackage.SampleTest"/>
  <testcase name="test1" time="0.000" classname="samplePackage.SampleTest"/>
  <testcase name="test1" time="0.000" classname="samplePackage.SampleTest"/>
  <testcase name="test1" time="2.719" classname="samplePackage.SampleTest"/>
  <testcase name="test1" time="4.094" classname="samplePackage.SampleTest"/>
  <testcase name="test1" time="2.750" classname="samplePackage.SampleTest"/>
  <testcase name="test1" time="3.593" classname="samplePackage.SampleTest"/>
  <testcase name="test1" time="3.662" classname="samplePackage.SampleTest"/>
  <testcase name="test1" time="2.734" classname="samplePackage.SampleTest"/>
  <testcase name="test1" time="2.860" classname="samplePackage.SampleTest"/>
  <testcase name="test1" time="0.000" classname="samplePackage.SampleTest"/>
  <testcase name="test1" time="3.360" classname="samplePackage.SampleTest"/>
  <testcase name="test1" time="4.031" classname="samplePackage.SampleTest"/>
  <testcase name="test1" time="2.812" classname="samplePackage.SampleTest"/>
  <testcase name="test1" time="3.875" classname="samplePackage.SampleTest"/>
  <testcase name="test1" time="2.969" classname="samplePackage.SampleTest"/>
  <testcase name="test1" time="3.344" classname="samplePackage.SampleTest"/>
  <testcase name="test1" time="3.063" classname="samplePackage.SampleTest"/>
  <testcase name="test1" time="5.156" classname="samplePackage.SampleTest"/>
  <testcase name="test1" time="5.860" classname="samplePackage.SampleTest"/>
  <testcase name="test1" time="3.521" classname="samplePackage.SampleTest"/>
  <testcase name="test1" time="2.797" classname="samplePackage.SampleTest"/>
  <testcase name="test1" time="0.000" classname="samplePackage.SampleTest"/>
  <testcase name="test1" time="3.261" classname="samplePackage.SampleTest"/>
  <testcase name="test1" time="2.735" classname="samplePackage.SampleTest"/>
  <testcase name="test1" time="0.015" classname="samplePackage.SampleTest"/>
  <testcase name="test1" time="0.000" classname="samplePackage.SampleTest"/>
  <testcase name="test1" time="3.093" classname="samplePackage.SampleTest"/>
  <testcase name="test1" time="2.872" classname="samplePackage.SampleTest"/>
  <testcase name="test1" time="2.984" classname="samplePackage.SampleTest"/>
  <testcase name="test1" time="21.016" classname="samplePackage.SampleTest"/>
  <testcase name="test1" time="2.922" classname="samplePackage.SampleTest"/>
  <testcase name="test1" time="2.641" classname="samplePackage.SampleTest"/>
  <testcase name="test1" time="2.734" classname="samplePackage.SampleTest"/>
  <testcase name="test1" time="2.750" classname="samplePackage.SampleTest"/>
  <testcase name="test1" time="0.000" classname="samplePackage.SampleTest"/>
  <testcase name="test1" time="3.297" classname="samplePackage.SampleTest"/>
  <testcase name="test1" time="3.453" classname="samplePackage.SampleTest"/>
  <testcase name="test1" time="4.985" classname="samplePackage.SampleTest"/>
  <testcase name="test1" time="0.000" classname="samplePackage.SampleTest"/>
  <testcase name="test1" time="4.157" classname="samplePackage.SampleTest"/>
  <testcase name="test1" time="0.016" classname="samplePackage.SampleTest"/>
  <testcase name="test1" time="3.500" classname="samplePackage.SampleTest"/>
  <testcase name="test1" time="4.454" classname="samplePackage.SampleTest"/>
  <testcase name="test1" time="0.000" classname="samplePackage.SampleTest"/>
  <testcase name="test1" time="3.031" classname="samplePackage.SampleTest"/>
  <testcase name="test1" time="13.569" classname="samplePackage.SampleTest"/>
  <testcase name="test1" time="3.219" classname="samplePackage.SampleTest"/>
  <testcase name="test1" time="0.000" classname="samplePackage.SampleTest"/>
  <testcase name="test1" time="4.150" classname="samplePackage.SampleTest"/>
  <testcase name="test1" time="0.016" classname="samplePackage.SampleTest"/>
  <testcase name="test1" time="2.960" classname="samplePackage.SampleTest"/>
  <testcase name="test1" time="3.204" classname="samplePackage.SampleTest"/>
  <testcase name="test1" time="2.656" classname="samplePackage.SampleTest"/>
  <testcase name="test1" time="4.140" classname="samplePackage.SampleTest"/>
  <testcase name="test1" time="3.266" classname="samplePackage.SampleTest"/>
  <testcase name="test1" time="4.840" classname="samplePackage.SampleTest"/>
  <testcase name="test1" time="0.000" classname="samplePackage.SampleTest"/>
  <testcase name="test1" time="0.000" classname="samplePackage.SampleTest"/>
  <testcase name="test1" time="0.000" classname="samplePackage.SampleTest"/>
  <testcase name="test1" time="3.000" classname="samplePackage.SampleTest"/>
  <testcase name="test1" time="0.000" classname="samplePackage.SampleTest"/>
  <testcase name="test1" time="3.547" classname="samplePackage.SampleTest"/>
  <testcase name="test1" time="2.797" classname="samplePackage.SampleTest"/>
  <testcase name="test1" time="11.531" classname="samplePackage.SampleTest"/>
  <testcase name="test1" time="0.000" classname="samplePackage.SampleTest"/>
  <testcase name="test1" time="2.734" classname="samplePackage.SampleTest"/>
  <testcase name="test1" time="2.875" classname="samplePackage.SampleTest"/>
  <testcase name="test1" time="4.844" classname="samplePackage.SampleTest"/>
  <testcase name="test1" time="2.774" classname="samplePackage.SampleTest"/>
  <testcase name="test1" time="0.015" classname="samplePackage.SampleTest"/>
  <testcase name="test1" time="2.719" classname="samplePackage.SampleTest"/>
  <testcase name="test1" time="0.015" classname="samplePackage.SampleTest"/>
  <testcase name="test1" time="105.884" classname="samplePackage.SampleTest">
    <error type="org.openqa.selenium.WebDriverException" message="org.apache.http.conn.ConnectTimeoutException: Connect to learnaboutsoftwaretesting.blogspot.in:443 [learnaboutsoftwaretesting.blogspot.in/216.58.203.161] failed: Read timed out
Build info: version: &#039;2.53.1&#039;, revision: &#039;a36b8b1&#039;, time: &#039;2016-06-30 17:32:46&#039;
System info: host: &#039;DeskTop-Prakash&#039;, ip: &#039;192.168.1.106&#039;, os.name: &#039;Windows 10&#039;, os.arch: &#039;amd64&#039;, os.version: &#039;10.0&#039;, java.version: &#039;1.8.0_131&#039;
Driver info: driver.version: HtmlUnitDriver">
      <![CDATA[org.openqa.selenium.WebDriverException: org.apache.http.conn.ConnectTimeoutException: Connect to learnaboutsoftwaretesting.blogspot.in:443 [learnaboutsoftwaretesting.blogspot.in/216.58.203.161] failed: Read timed out
Build info: version: '2.53.1', revision: 'a36b8b1', time: '2016-06-30 17:32:46'
System info: host: 'DeskTop-Prakash', ip: '192.168.1.106', os.name: 'Windows 10', os.arch: 'amd64', os.version: '10.0', java.version: '1.8.0_131'
Driver info: driver.version: HtmlUnitDriver
	at org.openqa.selenium.htmlunit.HtmlUnitDriver.get(HtmlUnitDriver.java:554)
	at org.openqa.selenium.htmlunit.HtmlUnitDriver.get(HtmlUnitDriver.java:530)
	at org.openqa.selenium.htmlunit.HtmlUnitDriver$HtmlUnitNavigation.to(HtmlUnitDriver.java:1435)
	at samplePackage.SampleTest.test1(SampleTest.java:14)
	at sun.reflect.GeneratedMethodAccessor1.invoke(Unknown Source)
	at sun.reflect.DelegatingMethodAccessorImpl.invoke(Unknown Source)
	at java.lang.reflect.Method.invoke(Unknown Source)
	at org.testng.internal.MethodInvocationHelper.invokeMethod(MethodInvocationHelper.java:85)
	at org.testng.internal.Invoker.invokeMethod(Invoker.java:639)
	at org.testng.internal.Invoker.invokeTestMethod(Invoker.java:821)
	at org.testng.internal.Invoker.invokeTestMethods(Invoker.java:1131)
	at org.testng.internal.TestMethodWorker.invokeTestMethods(TestMethodWorker.java:124)
	at org.testng.internal.TestMethodWorker.run(TestMethodWorker.java:108)
	at org.testng.TestRunner.privateRun(TestRunner.java:773)
	at org.testng.TestRunner.run(TestRunner.java:623)
	at org.testng.SuiteRunner.runTest(SuiteRunner.java:357)
	at org.testng.SuiteRunner.runSequentially(SuiteRunner.java:352)
	at org.testng.SuiteRunner.privateRun(SuiteRunner.java:310)
	at org.testng.SuiteRunner.run(SuiteRunner.java:259)
	at org.testng.SuiteRunnerWorker.runSuite(SuiteRunnerWorker.java:52)
	at org.testng.SuiteRunnerWorker.run(SuiteRunnerWorker.java:86)
	at org.testng.TestNG.runSuitesSequentially(TestNG.java:1185)
	at org.testng.TestNG.runSuitesLocally(TestNG.java:1110)
	at org.testng.TestNG.run(TestNG.java:1018)
	at org.testng.TestNG.privateMain(TestNG.java:1325)
	at org.testng.TestNG.main(TestNG.java:1294)
Caused by: org.apache.http.conn.ConnectTimeoutException: Connect to learnaboutsoftwaretesting.blogspot.in:443 [learnaboutsoftwaretesting.blogspot.in/216.58.203.161] failed: Read timed out
	at org.apache.http.impl.conn.DefaultHttpClientConnectionOperator.connect(DefaultHttpClientConnectionOperator.java:143)
	at org.apache.http.impl.conn.PoolingHttpClientConnectionManager.connect(PoolingHttpClientConnectionManager.java:353)
	at org.apache.http.impl.execchain.MainClientExec.establishRoute(MainClientExec.java:380)
	at org.apache.http.impl.execchain.MainClientExec.execute(MainClientExec.java:236)
	at org.apache.http.impl.execchain.ProtocolExec.execute(ProtocolExec.java:184)
	at org.apache.http.impl.execchain.RetryExec.execute(RetryExec.java:88)
	at org.apache.http.impl.execchain.RedirectExec.execute(RedirectExec.java:110)
	at org.apache.http.impl.client.InternalHttpClient.doExecute(InternalHttpClient.java:184)
	at org.apache.http.impl.client.CloseableHttpClient.execute(CloseableHttpClient.java:71)
	at com.gargoylesoftware.htmlunit.HttpWebConnection.getResponse(HttpWebConnection.java:179)
	at com.gargoylesoftware.htmlunit.WebClient.loadWebResponseFromWebConnection(WebClient.java:1321)
	at com.gargoylesoftware.htmlunit.WebClient.loadWebResponse(WebClient.java:1238)
	at com.gargoylesoftware.htmlunit.WebClient.getPage(WebClient.java:346)
	at com.gargoylesoftware.htmlunit.WebClient.getPage(WebClient.java:415)
	at org.openqa.selenium.htmlunit.HtmlUnitDriver.get(HtmlUnitDriver.java:541)
	... 25 more
Caused by: java.net.SocketTimeoutException: Read timed out
	at java.net.SocketInputStream.socketRead0(Native Method)
	at java.net.SocketInputStream.socketRead(Unknown Source)
	at java.net.SocketInputStream.read(Unknown Source)
	at java.net.SocketInputStream.read(Unknown Source)
	at sun.security.ssl.InputRecord.readFully(Unknown Source)
	at sun.security.ssl.InputRecord.readV3Record(Unknown Source)
	at sun.security.ssl.InputRecord.read(Unknown Source)
	at sun.security.ssl.SSLSocketImpl.readRecord(Unknown Source)
	at sun.security.ssl.SSLSocketImpl.performInitialHandshake(Unknown Source)
	at sun.security.ssl.SSLSocketImpl.startHandshake(Unknown Source)
	at sun.security.ssl.SSLSocketImpl.startHandshake(Unknown Source)
	at org.apache.http.conn.ssl.SSLConnectionSocketFactory.createLayeredSocket(SSLConnectionSocketFactory.java:394)
	at org.apache.http.conn.ssl.SSLConnectionSocketFactory.connectSocket(SSLConnectionSocketFactory.java:353)
	at com.gargoylesoftware.htmlunit.httpclient.HtmlUnitSSLConnectionSocketFactory.connectSocket(HtmlUnitSSLConnectionSocketFactory.java:189)
	at org.apache.http.impl.conn.DefaultHttpClientConnectionOperator.connect(DefaultHttpClientConnectionOperator.java:134)
	... 39 more
]]>
    </error>
  </testcase> <!-- test1 -->
  <testcase name="test1" time="0.000" classname="samplePackage.SampleTest"/>
  <testcase name="test1" time="0.000" classname="samplePackage.SampleTest"/>
  <testcase name="test1" time="3.984" classname="samplePackage.SampleTest"/>
  <testcase name="test1" time="3.188" classname="samplePackage.SampleTest"/>
  <testcase name="test1" time="4.969" classname="samplePackage.SampleTest"/>
  <testcase name="test1" time="0.015" classname="samplePackage.SampleTest"/>
  <testcase name="test1" time="2.813" classname="samplePackage.SampleTest"/>
  <testcase name="test1" time="2.781" classname="samplePackage.SampleTest"/>
  <testcase name="test1" time="2.812" classname="samplePackage.SampleTest"/>
  <testcase name="test1" time="0.016" classname="samplePackage.SampleTest"/>
  <testcase name="test1" time="3.159" classname="samplePackage.SampleTest"/>
  <testcase name="test1" time="5.110" classname="samplePackage.SampleTest"/>
  <testcase name="test1" time="0.000" classname="samplePackage.SampleTest"/>
  <testcase name="test1" time="2.718" classname="samplePackage.SampleTest"/>
  <testcase name="test1" time="2.735" classname="samplePackage.SampleTest"/>
  <testcase name="test1" time="0.015" classname="samplePackage.SampleTest"/>
  <testcase name="test1" time="3.954" classname="samplePackage.SampleTest"/>
  <testcase name="test1" time="3.088" classname="samplePackage.SampleTest"/>
  <testcase name="test1" time="3.844" classname="samplePackage.SampleTest"/>
  <testcase name="test1" time="3.433" classname="samplePackage.SampleTest"/>
  <testcase name="test1" time="3.266" classname="samplePackage.SampleTest"/>
  <testcase name="test1" time="3.477" classname="samplePackage.SampleTest"/>
  <testcase name="test1" time="2.781" classname="samplePackage.SampleTest"/>
  <testcase name="test1" time="4.906" classname="samplePackage.SampleTest"/>
  <testcase name="test1" time="3.328" classname="samplePackage.SampleTest"/>
  <testcase name="test1" time="0.016" classname="samplePackage.SampleTest"/>
  <testcase name="test1" time="3.204" classname="samplePackage.SampleTest"/>
  <testcase name="test1" time="2.969" classname="samplePackage.SampleTest"/>
  <testcase name="test1" time="0.000" classname="samplePackage.SampleTest"/>
  <testcase name="test1" time="0.000" classname="samplePackage.SampleTest"/>
  <testcase name="test1" time="4.425" classname="samplePackage.SampleTest"/>
  <testcase name="test1" time="0.016" classname="samplePackage.SampleTest"/>
  <testcase name="test1" time="3.875" classname="samplePackage.SampleTest"/>
  <testcase name="test1" time="3.681" classname="samplePackage.SampleTest"/>
  <testcase name="test1" time="3.172" classname="samplePackage.SampleTest"/>
  <testcase name="test1" time="3.156" classname="samplePackage.SampleTest"/>
  <testcase name="test1" time="3.311" classname="samplePackage.SampleTest"/>
  <testcase name="test1" time="0.000" classname="samplePackage.SampleTest"/>
  <testcase name="test1" time="0.000" classname="samplePackage.SampleTest"/>
  <testcase name="test1" time="0.000" classname="samplePackage.SampleTest"/>
  <testcase name="test1" time="4.422" classname="samplePackage.SampleTest"/>
  <testcase name="test1" time="0.000" classname="samplePackage.SampleTest"/>
  <testcase name="test1" time="3.735" classname="samplePackage.SampleTest"/>
  <testcase name="test1" time="3.782" classname="samplePackage.SampleTest"/>
  <testcase name="test1" time="3.781" classname="samplePackage.SampleTest"/>
  <testcase name="test1" time="2.829" classname="samplePackage.SampleTest"/>
  <testcase name="test1" time="4.485" classname="samplePackage.SampleTest"/>
  <testcase name="test1" time="2.469" classname="samplePackage.SampleTest"/>
  <testcase name="test1" time="4.516" classname="samplePackage.SampleTest"/>
  <testcase name="test1" time="3.047" classname="samplePackage.SampleTest"/>
  <testcase name="test1" time="3.662" classname="samplePackage.SampleTest"/>
  <testcase name="test1" time="4.105" classname="samplePackage.SampleTest"/>
  <testcase name="test1" time="2.844" classname="samplePackage.SampleTest"/>
  <testcase name="test1" time="2.781" classname="samplePackage.SampleTest"/>
  <testcase name="test1" time="2.925" classname="samplePackage.SampleTest"/>
  <testcase name="test1" time="0.000" classname="samplePackage.SampleTest"/>
  <testcase name="test1" time="3.188" classname="samplePackage.SampleTest"/>
  <testcase name="test1" time="3.544" classname="samplePackage.SampleTest"/>
  <testcase name="test1" time="3.375" classname="samplePackage.SampleTest"/>
  <testcase name="test1" time="0.000" classname="samplePackage.SampleTest"/>
  <testcase name="test1" time="2.735" classname="samplePackage.SampleTest"/>
  <testcase name="test1" time="0.000" classname="samplePackage.SampleTest"/>
  <testcase name="test1" time="2.908" classname="samplePackage.SampleTest"/>
  <testcase name="test1" time="2.797" classname="samplePackage.SampleTest"/>
  <testcase name="test1" time="0.000" classname="samplePackage.SampleTest"/>
  <testcase name="test1" time="2.828" classname="samplePackage.SampleTest"/>
  <testcase name="test1" time="2.636" classname="samplePackage.SampleTest"/>
  <testcase name="test1" time="0.000" classname="samplePackage.SampleTest"/>
  <testcase name="test1" time="3.579" classname="samplePackage.SampleTest"/>
  <testcase name="test1" time="2.719" classname="samplePackage.SampleTest"/>
  <testcase name="test1" time="0.000" classname="samplePackage.SampleTest"/>
  <testcase name="test1" time="2.735" classname="samplePackage.SampleTest"/>
  <testcase name="test1" time="0.000" classname="samplePackage.SampleTest"/>
  <testcase name="test1" time="2.698" classname="samplePackage.SampleTest"/>
  <testcase name="test1" time="2.980" classname="samplePackage.SampleTest"/>
  <testcase name="test1" time="3.187" classname="samplePackage.SampleTest"/>
  <testcase name="test1" time="3.532" classname="samplePackage.SampleTest"/>
  <testcase name="test1" time="0.000" classname="samplePackage.SampleTest"/>
  <testcase name="test1" time="0.000" classname="samplePackage.SampleTest"/>
  <testcase name="test1" time="2.790" classname="samplePackage.SampleTest"/>
  <testcase name="test1" time="3.078" classname="samplePackage.SampleTest"/>
  <testcase name="test1" time="3.486" classname="samplePackage.SampleTest"/>
  <testcase name="test1" time="3.297" classname="samplePackage.SampleTest"/>
  <testcase name="test1" time="0.000" classname="samplePackage.SampleTest"/>
  <testcase name="test1" time="3.028" classname="samplePackage.SampleTest"/>
  <testcase name="test1" time="2.781" classname="samplePackage.SampleTest"/>
  <testcase name="test1" time="3.469" classname="samplePackage.SampleTest"/>
  <testcase name="test1" time="2.954" classname="samplePackage.SampleTest"/>
  <testcase name="test1" time="0.000" classname="samplePackage.SampleTest"/>
  <testcase name="test1" time="2.969" classname="samplePackage.SampleTest"/>
  <testcase name="test1" time="2.813" classname="samplePackage.SampleTest"/>
  <testcase name="test1" time="0.000" classname="samplePackage.SampleTest"/>
  <testcase name="test1" time="0.015" classname="samplePackage.SampleTest"/>
  <testcase name="test1" time="2.797" classname="samplePackage.SampleTest"/>
  <testcase name="test1" time="0.016" classname="samplePackage.SampleTest"/>
  <testcase name="test1" time="3.125" classname="samplePackage.SampleTest"/>
  <testcase name="test1" time="3.109" classname="samplePackage.SampleTest"/>
  <testcase name="test1" time="3.094" classname="samplePackage.SampleTest"/>
  <testcase name="test1" time="0.016" classname="samplePackage.SampleTest"/>
  <testcase name="test1" time="0.015" classname="samplePackage.SampleTest"/>
  <testcase name="test1" time="3.469" classname="samplePackage.SampleTest"/>
  <testcase name="test1" time="3.341" classname="samplePackage.SampleTest"/>
  <testcase name="test1" time="3.985" classname="samplePackage.SampleTest"/>
  <testcase name="test1" time="0.016" classname="samplePackage.SampleTest"/>
  <testcase name="test1" time="3.001" classname="samplePackage.SampleTest"/>
  <testcase name="test1" time="2.640" classname="samplePackage.SampleTest"/>
  <testcase name="test1" time="0.016" classname="samplePackage.SampleTest"/>
  <testcase name="test1" time="0.015" classname="samplePackage.SampleTest"/>
  <testcase name="test1" time="8.578" classname="samplePackage.SampleTest"/>
  <testcase name="test1" time="0.000" classname="samplePackage.SampleTest"/>
  <testcase name="test1" time="2.890" classname="samplePackage.SampleTest"/>
  <testcase name="test1" time="0.000" classname="samplePackage.SampleTest"/>
  <testcase name="test1" time="0.000" classname="samplePackage.SampleTest"/>
  <testcase name="test1" time="0.000" classname="samplePackage.SampleTest"/>
  <testcase name="test1" time="2.984" classname="samplePackage.SampleTest"/>
  <testcase name="test1" time="2.971" classname="samplePackage.SampleTest"/>
  <testcase name="test1" time="0.016" classname="samplePackage.SampleTest"/>
  <testcase name="test1" time="4.516" classname="samplePackage.SampleTest"/>
  <testcase name="test1" time="2.920" classname="samplePackage.SampleTest"/>
  <testcase name="test1" time="0.000" classname="samplePackage.SampleTest"/>
  <testcase name="test1" time="0.000" classname="samplePackage.SampleTest"/>
  <testcase name="test1" time="6.074" classname="samplePackage.SampleTest"/>
  <testcase name="test1" time="5.750" classname="samplePackage.SampleTest"/>
  <testcase name="test1" time="0.000" classname="samplePackage.SampleTest"/>
  <testcase name="test1" time="3.781" classname="samplePackage.SampleTest"/>
  <testcase name="test1" time="3.125" classname="samplePackage.SampleTest"/>
  <testcase name="test1" time="2.734" classname="samplePackage.SampleTest"/>
  <testcase name="test1" time="3.156" classname="samplePackage.SampleTest"/>
  <testcase name="test1" time="2.907" classname="samplePackage.SampleTest"/>
  <testcase name="test1" time="3.578" classname="samplePackage.SampleTest"/>
  <testcase name="test1" time="0.016" classname="samplePackage.SampleTest"/>
  <testcase name="test1" time="5.172" classname="samplePackage.SampleTest"/>
  <testcase name="test1" time="0.000" classname="samplePackage.SampleTest"/>
  <testcase name="test1" time="2.750" classname="samplePackage.SampleTest"/>
  <testcase name="test1" time="2.849" classname="samplePackage.SampleTest"/>
  <testcase name="test1" time="2.856" classname="samplePackage.SampleTest"/>
  <testcase name="test1" time="2.829" classname="samplePackage.SampleTest"/>
  <testcase name="test1" time="2.938" classname="samplePackage.SampleTest"/>
  <testcase name="test1" time="3.031" classname="samplePackage.SampleTest"/>
  <testcase name="test1" time="4.266" classname="samplePackage.SampleTest"/>
  <testcase name="test1" time="3.594" classname="samplePackage.SampleTest"/>
  <testcase name="test1" time="0.000" classname="samplePackage.SampleTest"/>
  <testcase name="test1" time="3.610" classname="samplePackage.SampleTest"/>
  <testcase name="test1" time="3.531" classname="samplePackage.SampleTest"/>
  <testcase name="test1" time="2.734" classname="samplePackage.SampleTest"/>
  <testcase name="test1" time="0.015" classname="samplePackage.SampleTest"/>
  <testcase name="test1" time="0.000" classname="samplePackage.SampleTest"/>
  <testcase name="test1" time="3.782" classname="samplePackage.SampleTest"/>
  <testcase name="test1" time="3.797" classname="samplePackage.SampleTest"/>
  <testcase name="test1" time="0.000" classname="samplePackage.SampleTest"/>
  <testcase name="test1" time="2.875" classname="samplePackage.SampleTest"/>
  <testcase name="test1" time="2.875" classname="samplePackage.SampleTest"/>
  <testcase name="test1" time="2.734" classname="samplePackage.SampleTest"/>
  <testcase name="test1" time="2.907" classname="samplePackage.SampleTest"/>
  <testcase name="test1" time="3.020" classname="samplePackage.SampleTest"/>
  <testcase name="test1" time="2.719" classname="samplePackage.SampleTest"/>
  <testcase name="test1" time="2.889" classname="samplePackage.SampleTest"/>
  <testcase name="test1" time="2.826" classname="samplePackage.SampleTest"/>
  <testcase name="test1" time="3.284" classname="samplePackage.SampleTest"/>
  <testcase name="test1" time="0.000" classname="samplePackage.SampleTest"/>
  <testcase name="test1" time="0.000" classname="samplePackage.SampleTest"/>
  <testcase name="test1" time="3.547" classname="samplePackage.SampleTest"/>
  <testcase name="test1" time="2.735" classname="samplePackage.SampleTest"/>
  <testcase name="test1" time="3.016" classname="samplePackage.SampleTest"/>
  <testcase name="test1" time="3.796" classname="samplePackage.SampleTest"/>
  <testcase name="test1" time="3.000" classname="samplePackage.SampleTest"/>
  <testcase name="test1" time="2.781" classname="samplePackage.SampleTest"/>
  <testcase name="test1" time="2.859" classname="samplePackage.SampleTest"/>
  <testcase name="test1" time="0.000" classname="samplePackage.SampleTest"/>
  <testcase name="test1" time="3.423" classname="samplePackage.SampleTest"/>
  <testcase name="test1" time="2.766" classname="samplePackage.SampleTest"/>
  <testcase name="test1" time="2.953" classname="samplePackage.SampleTest"/>
  <testcase name="test1" time="5.813" classname="samplePackage.SampleTest"/>
  <testcase name="test1" time="2.750" classname="samplePackage.SampleTest"/>
  <testcase name="test1" time="2.886" classname="samplePackage.SampleTest"/>
  <testcase name="test1" time="3.297" classname="samplePackage.SampleTest"/>
  <testcase name="test1" time="2.750" classname="samplePackage.SampleTest"/>
  <testcase name="test1" time="6.594" classname="samplePackage.SampleTest"/>
  <testcase name="test1" time="0.015" classname="samplePackage.SampleTest"/>
  <testcase name="test1" time="0.000" classname="samplePackage.SampleTest"/>
  <testcase name="test1" time="2.750" classname="samplePackage.SampleTest"/>
  <testcase name="test1" time="6.707" classname="samplePackage.SampleTest"/>
  <testcase name="test1" time="0.000" classname="samplePackage.SampleTest"/>
  <testcase name="test1" time="0.000" classname="samplePackage.SampleTest"/>
  <testcase name="test1" time="3.781" classname="samplePackage.SampleTest"/>
  <testcase name="test1" time="0.000" classname="samplePackage.SampleTest"/>
  <testcase name="test1" time="0.000" classname="samplePackage.SampleTest"/>
  <testcase name="test1" time="3.734" classname="samplePackage.SampleTest"/>
  <testcase name="test1" time="0.015" classname="samplePackage.SampleTest"/>
  <testcase name="test1" time="2.931" classname="samplePackage.SampleTest"/>
  <testcase name="test1" time="2.782" classname="samplePackage.SampleTest"/>
  <testcase name="test1" time="2.640" classname="samplePackage.SampleTest"/>
  <testcase name="test1" time="4.157" classname="samplePackage.SampleTest"/>
  <testcase name="test1" time="3.407" classname="samplePackage.SampleTest"/>
  <testcase name="test1" time="0.000" classname="samplePackage.SampleTest"/>
  <testcase name="test1" time="3.378" classname="samplePackage.SampleTest"/>
  <testcase name="test1" time="2.531" classname="samplePackage.SampleTest"/>
  <testcase name="test1" time="0.016" classname="samplePackage.SampleTest"/>
  <testcase name="test1" time="3.153" classname="samplePackage.SampleTest"/>
  <testcase name="test1" time="2.939" classname="samplePackage.SampleTest"/>
  <testcase name="test1" time="0.000" classname="samplePackage.SampleTest"/>
  <testcase name="test1" time="0.015" classname="samplePackage.SampleTest"/>
  <testcase name="test1" time="2.922" classname="samplePackage.SampleTest"/>
  <testcase name="test1" time="2.906" classname="samplePackage.SampleTest"/>
  <testcase name="test1" time="3.078" classname="samplePackage.SampleTest"/>
  <testcase name="test1" time="3.125" classname="samplePackage.SampleTest"/>
  <testcase name="test1" time="0.000" classname="samplePackage.SampleTest"/>
  <testcase name="test1" time="3.052" classname="samplePackage.SampleTest"/>
  <testcase name="test1" time="3.012" classname="samplePackage.SampleTest"/>
  <testcase name="test1" time="0.016" classname="samplePackage.SampleTest"/>
  <testcase name="test1" time="3.563" classname="samplePackage.SampleTest"/>
  <testcase name="test1" time="2.735" classname="samplePackage.SampleTest"/>
  <testcase name="test1" time="2.766" classname="samplePackage.SampleTest"/>
  <testcase name="test1" time="0.000" classname="samplePackage.SampleTest"/>
  <testcase name="test1" time="2.704" classname="samplePackage.SampleTest"/>
  <testcase name="test1" time="3.753" classname="samplePackage.SampleTest"/>
  <testcase name="test1" time="2.735" classname="samplePackage.SampleTest"/>
  <testcase name="test1" time="2.960" classname="samplePackage.SampleTest"/>
  <testcase name="test1" time="4.125" classname="samplePackage.SampleTest"/>
  <testcase name="test1" time="0.000" classname="samplePackage.SampleTest"/>
  <testcase name="test1" time="0.000" classname="samplePackage.SampleTest"/>
  <testcase name="test1" time="3.376" classname="samplePackage.SampleTest"/>
  <testcase name="test1" time="3.187" classname="samplePackage.SampleTest"/>
  <testcase name="test1" time="2.735" classname="samplePackage.SampleTest"/>
  <testcase name="test1" time="2.907" classname="samplePackage.SampleTest"/>
  <testcase name="test1" time="3.266" classname="samplePackage.SampleTest"/>
  <testcase name="test1" time="3.122" classname="samplePackage.SampleTest"/>
  <testcase name="test1" time="2.735" classname="samplePackage.SampleTest"/>
  <testcase name="test1" time="4.000" classname="samplePackage.SampleTest"/>
  <testcase name="test1" time="3.078" classname="samplePackage.SampleTest"/>
  <testcase name="test1" time="4.084" classname="samplePackage.SampleTest"/>
  <testcase name="test1" time="2.531" classname="samplePackage.SampleTest"/>
  <testcase name="test1" time="3.059" classname="samplePackage.SampleTest"/>
  <testcase name="test1" time="0.016" classname="samplePackage.SampleTest"/>
  <testcase name="test1" time="4.016" classname="samplePackage.SampleTest"/>
  <testcase name="test1" time="0.015" classname="samplePackage.SampleTest"/>
  <testcase name="test1" time="2.734" classname="samplePackage.SampleTest"/>
  <testcase name="test1" time="0.016" classname="samplePackage.SampleTest"/>
  <testcase name="test1" time="2.766" classname="samplePackage.SampleTest"/>
  <testcase name="test1" time="0.000" classname="samplePackage.SampleTest"/>
  <testcase name="test1" time="3.672" classname="samplePackage.SampleTest"/>
  <testcase name="test1" time="4.516" classname="samplePackage.SampleTest"/>
  <testcase name="test1" time="3.674" classname="samplePackage.SampleTest"/>
  <testcase name="test1" time="2.735" classname="samplePackage.SampleTest"/>
  <testcase name="test1" time="5.734" classname="samplePackage.SampleTest"/>
  <testcase name="test1" time="2.844" classname="samplePackage.SampleTest"/>
  <testcase name="test1" time="2.828" classname="samplePackage.SampleTest"/>
  <testcase name="test1" time="3.248" classname="samplePackage.SampleTest"/>
  <testcase name="test1" time="2.766" classname="samplePackage.SampleTest"/>
  <testcase name="test1" time="2.735" classname="samplePackage.SampleTest"/>
  <testcase name="test1" time="0.000" classname="samplePackage.SampleTest"/>
  <testcase name="test1" time="0.000" classname="samplePackage.SampleTest"/>
  <testcase name="test1" time="2.836" classname="samplePackage.SampleTest"/>
  <testcase name="test1" time="2.844" classname="samplePackage.SampleTest"/>
  <testcase name="test1" time="11.656" classname="samplePackage.SampleTest"/>
  <testcase name="test1" time="2.914" classname="samplePackage.SampleTest"/>
  <testcase name="test1" time="3.156" classname="samplePackage.SampleTest"/>
  <testcase name="test1" time="2.837" classname="samplePackage.SampleTest"/>
  <testcase name="test1" time="2.948" classname="samplePackage.SampleTest"/>
  <testcase name="test1" time="3.246" classname="samplePackage.SampleTest"/>
  <testcase name="test1" time="2.828" classname="samplePackage.SampleTest"/>
  <testcase name="test1" time="0.000" classname="samplePackage.SampleTest"/>
  <testcase name="test1" time="3.203" classname="samplePackage.SampleTest"/>
  <testcase name="test1" time="2.755" classname="samplePackage.SampleTest"/>
  <testcase name="test1" time="2.734" classname="samplePackage.SampleTest"/>
  <testcase name="test1" time="0.000" classname="samplePackage.SampleTest"/>
  <testcase name="test1" time="2.734" classname="samplePackage.SampleTest"/>
  <testcase name="test1" time="3.453" classname="samplePackage.SampleTest"/>
  <testcase name="test1" time="3.468" classname="samplePackage.SampleTest"/>
  <testcase name="test1" time="0.000" classname="samplePackage.SampleTest"/>
  <testcase name="test1" time="0.000" classname="samplePackage.SampleTest"/>
  <testcase name="test1" time="3.547" classname="samplePackage.SampleTest"/>
  <testcase name="test1" time="3.266" classname="samplePackage.SampleTest"/>
  <testcase name="test1" time="2.868" classname="samplePackage.SampleTest"/>
  <testcase name="test1" time="3.547" classname="samplePackage.SampleTest"/>
  <testcase name="test1" time="3.701" classname="samplePackage.SampleTest"/>
  <testcase name="test1" time="3.344" classname="samplePackage.SampleTest"/>
  <testcase name="test1" time="0.000" classname="samplePackage.SampleTest"/>
  <testcase name="test1" time="2.844" classname="samplePackage.SampleTest"/>
  <testcase name="test1" time="2.703" classname="samplePackage.SampleTest"/>
  <testcase name="test1" time="3.063" classname="samplePackage.SampleTest"/>
  <testcase name="test1" time="2.719" classname="samplePackage.SampleTest"/>
  <testcase name="test1" time="4.719" classname="samplePackage.SampleTest"/>
  <testcase name="test1" time="3.063" classname="samplePackage.SampleTest"/>
  <testcase name="test1" time="2.846" classname="samplePackage.SampleTest"/>
  <testcase name="test1" time="2.781" classname="samplePackage.SampleTest"/>
  <testcase name="test1" time="8.845" classname="samplePackage.SampleTest"/>
  <testcase name="test1" time="3.079" classname="samplePackage.SampleTest"/>
  <testcase name="test1" time="4.704" classname="samplePackage.SampleTest"/>
  <testcase name="test1" time="0.015" classname="samplePackage.SampleTest"/>
  <testcase name="test1" time="0.000" classname="samplePackage.SampleTest"/>
  <testcase name="test1" time="0.015" classname="samplePackage.SampleTest"/>
  <testcase name="test1" time="0.000" classname="samplePackage.SampleTest"/>
  <testcase name="test1" time="0.000" classname="samplePackage.SampleTest"/>
  <testcase name="test1" time="3.969" classname="samplePackage.SampleTest"/>
  <testcase name="test1" time="3.813" classname="samplePackage.SampleTest"/>
  <testcase name="test1" time="2.998" classname="samplePackage.SampleTest"/>
  <testcase name="test1" time="3.109" classname="samplePackage.SampleTest"/>
  <testcase name="test1" time="2.797" classname="samplePackage.SampleTest"/>
  <testcase name="test1" time="3.031" classname="samplePackage.SampleTest"/>
  <testcase name="test1" time="3.703" classname="samplePackage.SampleTest"/>
  <testcase name="test1" time="2.953" classname="samplePackage.SampleTest"/>
  <testcase name="test1" time="2.734" classname="samplePackage.SampleTest"/>
  <testcase name="test1" time="3.844" classname="samplePackage.SampleTest"/>
  <testcase name="test1" time="0.000" classname="samplePackage.SampleTest"/>
  <testcase name="test1" time="2.734" classname="samplePackage.SampleTest"/>
  <testcase name="test1" time="2.948" classname="samplePackage.SampleTest"/>
  <testcase name="test1" time="2.765" classname="samplePackage.SampleTest"/>
  <testcase name="test1" time="3.329" classname="samplePackage.SampleTest"/>
  <testcase name="test1" time="2.766" classname="samplePackage.SampleTest"/>
  <testcase name="test1" time="0.016" classname="samplePackage.SampleTest"/>
  <testcase name="test1" time="3.188" classname="samplePackage.SampleTest"/>
  <testcase name="test1" time="3.172" classname="samplePackage.SampleTest"/>
  <testcase name="test1" time="0.000" classname="samplePackage.SampleTest"/>
  <testcase name="test1" time="3.175" classname="samplePackage.SampleTest"/>
  <testcase name="test1" time="3.801" classname="samplePackage.SampleTest"/>
  <testcase name="test1" time="3.335" classname="samplePackage.SampleTest"/>
  <testcase name="test1" time="5.969" classname="samplePackage.SampleTest"/>
  <testcase name="test1" time="3.797" classname="samplePackage.SampleTest"/>
  <testcase name="test1" time="3.297" classname="samplePackage.SampleTest"/>
  <testcase name="test1" time="3.063" classname="samplePackage.SampleTest"/>
  <testcase name="test1" time="3.313" classname="samplePackage.SampleTest"/>
  <testcase name="test1" time="0.015" classname="samplePackage.SampleTest"/>
  <testcase name="test1" time="2.934" classname="samplePackage.SampleTest"/>
  <testcase name="test1" time="3.453" classname="samplePackage.SampleTest"/>
  <testcase name="test1" time="3.422" classname="samplePackage.SampleTest"/>
  <testcase name="test1" time="0.015" classname="samplePackage.SampleTest"/>
  <testcase name="test1" time="3.375" classname="samplePackage.SampleTest"/>
  <testcase name="test1" time="3.442" classname="samplePackage.SampleTest"/>
  <testcase name="test1" time="3.969" classname="samplePackage.SampleTest"/>
  <testcase name="test1" time="0.000" classname="samplePackage.SampleTest"/>
  <testcase name="test1" time="0.000" classname="samplePackage.SampleTest"/>
  <testcase name="test1" time="2.719" classname="samplePackage.SampleTest"/>
  <testcase name="test1" time="0.000" classname="samplePackage.SampleTest"/>
  <testcase name="test1" time="2.719" classname="samplePackage.SampleTest"/>
  <testcase name="test1" time="3.487" classname="samplePackage.SampleTest"/>
  <testcase name="test1" time="0.000" classname="samplePackage.SampleTest"/>
  <testcase name="test1" time="0.000" classname="samplePackage.SampleTest"/>
  <testcase name="test1" time="2.973" classname="samplePackage.SampleTest"/>
  <testcase name="test1" time="2.766" classname="samplePackage.SampleTest"/>
  <testcase name="test1" time="0.000" classname="samplePackage.SampleTest"/>
  <testcase name="test1" time="2.875" classname="samplePackage.SampleTest"/>
  <testcase name="test1" time="9.735" classname="samplePackage.SampleTest"/>
  <testcase name="test1" time="0.000" classname="samplePackage.SampleTest"/>
  <testcase name="test1" time="2.860" classname="samplePackage.SampleTest"/>
  <testcase name="test1" time="3.609" classname="samplePackage.SampleTest"/>
  <testcase name="test1" time="2.852" classname="samplePackage.SampleTest"/>
  <testcase name="test1" time="0.000" classname="samplePackage.SampleTest"/>
  <testcase name="test1" time="2.806" classname="samplePackage.SampleTest"/>
  <testcase name="test1" time="3.074" classname="samplePackage.SampleTest"/>
  <testcase name="test1" time="0.000" classname="samplePackage.SampleTest"/>
  <testcase name="test1" time="2.812" classname="samplePackage.SampleTest"/>
  <testcase name="test1" time="3.172" classname="samplePackage.SampleTest"/>
  <testcase name="test1" time="0.000" classname="samplePackage.SampleTest"/>
  <testcase name="test1" time="3.324" classname="samplePackage.SampleTest"/>
  <testcase name="test1" time="3.672" classname="samplePackage.SampleTest"/>
  <testcase name="test1" time="0.000" classname="samplePackage.SampleTest"/>
  <testcase name="test1" time="3.453" classname="samplePackage.SampleTest"/>
  <testcase name="test1" time="4.282" classname="samplePackage.SampleTest"/>
  <testcase name="test1" time="3.693" classname="samplePackage.SampleTest"/>
  <testcase name="test1" time="2.829" classname="samplePackage.SampleTest"/>
  <testcase name="test1" time="3.093" classname="samplePackage.SampleTest"/>
  <testcase name="test1" time="3.485" classname="samplePackage.SampleTest"/>
  <testcase name="test1" time="0.016" classname="samplePackage.SampleTest"/>
  <testcase name="test1" time="3.672" classname="samplePackage.SampleTest"/>
  <testcase name="test1" time="3.016" classname="samplePackage.SampleTest"/>
  <testcase name="test1" time="3.657" classname="samplePackage.SampleTest"/>
  <testcase name="test1" time="3.454" classname="samplePackage.SampleTest"/>
  <testcase name="test1" time="2.804" classname="samplePackage.SampleTest"/>
  <testcase name="test1" time="0.000" classname="samplePackage.SampleTest"/>
  <testcase name="test1" time="3.687" classname="samplePackage.SampleTest"/>
  <testcase name="test1" time="0.000" classname="samplePackage.SampleTest"/>
  <testcase name="test1" time="2.766" classname="samplePackage.SampleTest"/>
  <testcase name="test1" time="3.132" classname="samplePackage.SampleTest"/>
  <testcase name="test1" time="0.000" classname="samplePackage.SampleTest"/>
  <testcase name="test1" time="0.000" classname="samplePackage.SampleTest"/>
  <testcase name="test1" time="3.922" classname="samplePackage.SampleTest"/>
  <testcase name="test1" time="2.672" classname="samplePackage.SampleTest"/>
  <testcase name="test1" time="2.968" classname="samplePackage.SampleTest"/>
  <testcase name="test1" time="0.000" classname="samplePackage.SampleTest"/>
  <testcase name="test1" time="2.934" classname="samplePackage.SampleTest"/>
  <testcase name="test1" time="2.781" classname="samplePackage.SampleTest"/>
  <testcase name="test1" time="0.078" classname="samplePackage.SampleTest"/>
  <testcase name="test1" time="0.000" classname="samplePackage.SampleTest"/>
  <testcase name="test1" time="3.266" classname="samplePackage.SampleTest"/>
  <testcase name="test1" time="2.870" classname="samplePackage.SampleTest"/>
  <testcase name="test1" time="0.000" classname="samplePackage.SampleTest"/>
  <testcase name="test1" time="2.766" classname="samplePackage.SampleTest"/>
  <testcase name="test1" time="4.172" classname="samplePackage.SampleTest"/>
  <testcase name="test1" time="0.016" classname="samplePackage.SampleTest"/>
  <testcase name="test1" time="3.184" classname="samplePackage.SampleTest"/>
  <testcase name="test1" time="0.015" classname="samplePackage.SampleTest"/>
  <testcase name="test1" time="2.688" classname="samplePackage.SampleTest"/>
  <testcase name="test1" time="0.016" classname="samplePackage.SampleTest"/>
  <testcase name="test1" time="0.016" classname="samplePackage.SampleTest"/>
  <testcase name="test1" time="3.124" classname="samplePackage.SampleTest"/>
  <testcase name="test1" time="3.860" classname="samplePackage.SampleTest"/>
  <testcase name="test1" time="2.766" classname="samplePackage.SampleTest"/>
  <testcase name="test1" time="3.984" classname="samplePackage.SampleTest"/>
  <testcase name="test1" time="3.219" classname="samplePackage.SampleTest"/>
  <testcase name="test1" time="4.390" classname="samplePackage.SampleTest"/>
  <testcase name="test1" time="2.860" classname="samplePackage.SampleTest"/>
  <testcase name="test1" time="0.000" classname="samplePackage.SampleTest"/>
  <testcase name="test1" time="3.843" classname="samplePackage.SampleTest"/>
  <testcase name="test1" time="0.000" classname="samplePackage.SampleTest"/>
  <testcase name="test1" time="2.735" classname="samplePackage.SampleTest"/>
  <testcase name="test1" time="2.844" classname="samplePackage.SampleTest"/>
  <testcase name="test1" time="0.016" classname="samplePackage.SampleTest"/>
  <testcase name="test1" time="3.018" classname="samplePackage.SampleTest"/>
  <testcase name="test1" time="3.156" classname="samplePackage.SampleTest"/>
  <testcase name="test1" time="2.750" classname="samplePackage.SampleTest"/>
  <testcase name="test1" time="0.015" classname="samplePackage.SampleTest"/>
  <testcase name="test1" time="3.141" classname="samplePackage.SampleTest"/>
  <testcase name="test1" time="3.344" classname="samplePackage.SampleTest"/>
  <testcase name="test1" time="2.625" classname="samplePackage.SampleTest"/>
  <testcase name="test1" time="2.735" classname="samplePackage.SampleTest"/>
  <testcase name="test1" time="3.594" classname="samplePackage.SampleTest"/>
  <testcase name="test1" time="3.050" classname="samplePackage.SampleTest"/>
  <testcase name="test1" time="2.781" classname="samplePackage.SampleTest"/>
  <testcase name="test1" time="2.718" classname="samplePackage.SampleTest"/>
  <testcase name="test1" time="2.750" classname="samplePackage.SampleTest"/>
  <testcase name="test1" time="3.235" classname="samplePackage.SampleTest"/>
  <testcase name="test1" time="2.868" classname="samplePackage.SampleTest"/>
  <testcase name="test1" time="0.015" classname="samplePackage.SampleTest"/>
  <testcase name="test1" time="2.765" classname="samplePackage.SampleTest"/>
  <testcase name="test1" time="2.922" classname="samplePackage.SampleTest"/>
  <testcase name="test1" time="0.015" classname="samplePackage.SampleTest"/>
  <testcase name="test1" time="3.719" classname="samplePackage.SampleTest"/>
  <testcase name="test1" time="2.781" classname="samplePackage.SampleTest"/>
  <testcase name="test1" time="0.000" classname="samplePackage.SampleTest"/>
  <testcase name="test1" time="2.750" classname="samplePackage.SampleTest"/>
  <testcase name="test1" time="2.810" classname="samplePackage.SampleTest"/>
  <testcase name="test1" time="2.782" classname="samplePackage.SampleTest"/>
  <testcase name="test1" time="3.906" classname="samplePackage.SampleTest"/>
  <testcase name="test1" time="0.000" classname="samplePackage.SampleTest"/>
  <testcase name="test1" time="4.188" classname="samplePackage.SampleTest"/>
  <testcase name="test1" time="2.861" classname="samplePackage.SampleTest"/>
  <testcase name="test1" time="5.210" classname="samplePackage.SampleTest"/>
  <testcase name="test1" time="2.859" classname="samplePackage.SampleTest"/>
  <testcase name="test1" time="3.360" classname="samplePackage.SampleTest"/>
  <testcase name="test1" time="2.750" classname="samplePackage.SampleTest"/>
  <testcase name="test1" time="3.695" classname="samplePackage.SampleTest"/>
  <testcase name="test1" time="2.940" classname="samplePackage.SampleTest"/>
  <testcase name="test1" time="3.157" classname="samplePackage.SampleTest"/>
  <testcase name="test1" time="4.906" classname="samplePackage.SampleTest"/>
  <testcase name="test1" time="0.016" classname="samplePackage.SampleTest"/>
  <testcase name="test1" time="0.000" classname="samplePackage.SampleTest"/>
  <testcase name="test1" time="2.750" classname="samplePackage.SampleTest"/>
  <testcase name="test1" time="3.391" classname="samplePackage.SampleTest"/>
  <testcase name="test1" time="2.875" classname="samplePackage.SampleTest"/>
  <testcase name="test1" time="0.016" classname="samplePackage.SampleTest"/>
  <testcase name="test1" time="3.063" classname="samplePackage.SampleTest"/>
  <testcase name="test1" time="3.556" classname="samplePackage.SampleTest"/>
  <testcase name="test1" time="9.516" classname="samplePackage.SampleTest"/>
  <testcase name="test1" time="5.766" classname="samplePackage.SampleTest"/>
  <testcase name="test1" time="3.547" classname="samplePackage.SampleTest"/>
  <testcase name="test1" time="2.782" classname="samplePackage.SampleTest"/>
  <testcase name="test1" time="4.115" classname="samplePackage.SampleTest"/>
  <testcase name="test1" time="2.719" classname="samplePackage.SampleTest"/>
  <testcase name="test1" time="2.860" classname="samplePackage.SampleTest"/>
  <testcase name="test1" time="2.881" classname="samplePackage.SampleTest"/>
  <testcase name="test1" time="3.156" classname="samplePackage.SampleTest"/>
  <testcase name="test1" time="0.000" classname="samplePackage.SampleTest"/>
  <testcase name="test1" time="26.667" classname="samplePackage.SampleTest"/>
  <testcase name="test1" time="0.000" classname="samplePackage.SampleTest"/>
  <testcase name="test1" time="3.188" classname="samplePackage.SampleTest"/>
  <testcase name="test1" time="0.031" classname="samplePackage.SampleTest"/>
  <testcase name="test1" time="3.641" classname="samplePackage.SampleTest"/>
  <testcase name="test1" time="3.406" classname="samplePackage.SampleTest"/>
  <testcase name="test1" time="3.219" classname="samplePackage.SampleTest"/>
  <testcase name="test1" time="0.016" classname="samplePackage.SampleTest"/>
  <testcase name="test1" time="3.167" classname="samplePackage.SampleTest"/>
  <testcase name="test1" time="3.454" classname="samplePackage.SampleTest"/>
  <testcase name="test1" time="3.704" classname="samplePackage.SampleTest"/>
  <testcase name="test1" time="3.520" classname="samplePackage.SampleTest"/>
  <testcase name="test1" time="0.016" classname="samplePackage.SampleTest"/>
  <testcase name="test1" time="3.762" classname="samplePackage.SampleTest"/>
  <testcase name="test1" time="3.307" classname="samplePackage.SampleTest"/>
  <testcase name="test1" time="3.813" classname="samplePackage.SampleTest"/>
  <testcase name="test1" time="3.765" classname="samplePackage.SampleTest"/>
  <testcase name="test1" time="2.766" classname="samplePackage.SampleTest"/>
  <testcase name="test1" time="2.641" classname="samplePackage.SampleTest"/>
  <testcase name="test1" time="0.000" classname="samplePackage.SampleTest"/>
  <testcase name="test1" time="0.000" classname="samplePackage.SampleTest"/>
  <testcase name="test1" time="4.154" classname="samplePackage.SampleTest"/>
  <testcase name="test1" time="2.750" classname="samplePackage.SampleTest"/>
  <testcase name="test1" time="6.766" classname="samplePackage.SampleTest"/>
  <testcase name="test1" time="2.780" classname="samplePackage.SampleTest"/>
  <testcase name="test1" time="2.766" classname="samplePackage.SampleTest"/>
  <testcase name="test1" time="2.734" classname="samplePackage.SampleTest"/>
  <testcase name="test1" time="2.906" classname="samplePackage.SampleTest"/>
  <testcase name="test1" time="0.000" classname="samplePackage.SampleTest"/>
  <testcase name="test1" time="2.813" classname="samplePackage.SampleTest"/>
  <testcase name="test1" time="0.000" classname="samplePackage.SampleTest"/>
  <testcase name="test1" time="0.000" classname="samplePackage.SampleTest"/>
  <testcase name="test1" time="2.828" classname="samplePackage.SampleTest"/>
  <testcase name="test1" time="3.719" classname="samplePackage.SampleTest"/>
  <testcase name="test1" time="3.436" classname="samplePackage.SampleTest"/>
  <testcase name="test1" time="4.250" classname="samplePackage.SampleTest"/>
  <testcase name="test1" time="3.141" classname="samplePackage.SampleTest"/>
  <testcase name="test1" time="2.735" classname="samplePackage.SampleTest"/>
  <testcase name="test1" time="4.562" classname="samplePackage.SampleTest"/>
  <testcase name="test1" time="2.860" classname="samplePackage.SampleTest"/>
  <testcase name="test1" time="3.089" classname="samplePackage.SampleTest"/>
  <testcase name="test1" time="2.808" classname="samplePackage.SampleTest"/>
  <testcase name="test1" time="0.000" classname="samplePackage.SampleTest"/>
  <testcase name="test1" time="2.734" classname="samplePackage.SampleTest"/>
  <testcase name="test1" time="0.000" classname="samplePackage.SampleTest"/>
  <testcase name="test1" time="2.807" classname="samplePackage.SampleTest"/>
  <testcase name="test1" time="3.397" classname="samplePackage.SampleTest"/>
  <testcase name="test1" time="3.125" classname="samplePackage.SampleTest"/>
  <testcase name="test1" time="2.766" classname="samplePackage.SampleTest"/>
  <testcase name="test1" time="0.015" classname="samplePackage.SampleTest"/>
  <testcase name="test1" time="3.343" classname="samplePackage.SampleTest"/>
  <testcase name="test1" time="3.328" classname="samplePackage.SampleTest"/>
  <testcase name="test1" time="2.750" classname="samplePackage.SampleTest"/>
  <testcase name="test1" time="3.001" classname="samplePackage.SampleTest"/>
  <testcase name="test1" time="3.187" classname="samplePackage.SampleTest"/>
  <testcase name="test1" time="3.608" classname="samplePackage.SampleTest"/>
  <testcase name="test1" time="3.266" classname="samplePackage.SampleTest"/>
  <testcase name="test1" time="3.719" classname="samplePackage.SampleTest"/>
  <testcase name="test1" time="2.862" classname="samplePackage.SampleTest"/>
  <testcase name="test1" time="0.000" classname="samplePackage.SampleTest"/>
  <testcase name="test1" time="0.000" classname="samplePackage.SampleTest"/>
  <testcase name="test1" time="3.110" classname="samplePackage.SampleTest"/>
  <testcase name="test1" time="3.969" classname="samplePackage.SampleTest"/>
  <testcase name="test1" time="2.844" classname="samplePackage.SampleTest"/>
  <testcase name="test1" time="3.047" classname="samplePackage.SampleTest"/>
  <testcase name="test1" time="0.000" classname="samplePackage.SampleTest"/>
  <testcase name="test1" time="0.000" classname="samplePackage.SampleTest"/>
  <testcase name="test1" time="2.594" classname="samplePackage.SampleTest"/>
  <testcase name="test1" time="2.719" classname="samplePackage.SampleTest"/>
  <testcase name="test1" time="4.640" classname="samplePackage.SampleTest"/>
  <testcase name="test1" time="2.766" classname="samplePackage.SampleTest"/>
  <testcase name="test1" time="0.000" classname="samplePackage.SampleTest"/>
  <testcase name="test1" time="4.265" classname="samplePackage.SampleTest"/>
  <testcase name="test1" time="5.453" classname="samplePackage.SampleTest"/>
  <testcase name="test1" time="0.000" classname="samplePackage.SampleTest"/>
  <testcase name="test1" time="2.734" classname="samplePackage.SampleTest"/>
  <testcase name="test1" time="3.781" classname="samplePackage.SampleTest"/>
  <testcase name="test1" time="3.223" classname="samplePackage.SampleTest"/>
  <testcase name="test1" time="0.000" classname="samplePackage.SampleTest"/>
  <testcase name="test1" time="0.000" classname="samplePackage.SampleTest"/>
  <testcase name="test1" time="3.078" classname="samplePackage.SampleTest"/>
  <testcase name="test1" time="0.000" classname="samplePackage.SampleTest"/>
  <testcase name="test1" time="3.563" classname="samplePackage.SampleTest"/>
  <testcase name="test1" time="2.826" classname="samplePackage.SampleTest"/>
  <testcase name="test1" time="2.734" classname="samplePackage.SampleTest"/>
  <testcase name="test1" time="0.000" classname="samplePackage.SampleTest"/>
  <testcase name="test1" time="2.718" classname="samplePackage.SampleTest"/>
  <testcase name="test1" time="2.921" classname="samplePackage.SampleTest"/>
  <testcase name="test1" time="3.008" classname="samplePackage.SampleTest"/>
  <testcase name="test1" time="7.394" classname="samplePackage.SampleTest"/>
  <testcase name="test1" time="3.703" classname="samplePackage.SampleTest"/>
  <testcase name="test1" time="0.000" classname="samplePackage.SampleTest"/>
  <testcase name="test1" time="2.900" classname="samplePackage.SampleTest"/>
  <testcase name="test1" time="3.234" classname="samplePackage.SampleTest"/>
  <testcase name="test1" time="3.321" classname="samplePackage.SampleTest"/>
  <testcase name="test1" time="0.000" classname="samplePackage.SampleTest"/>
  <testcase name="test1" time="4.340" classname="samplePackage.SampleTest"/>
  <testcase name="test1" time="0.000" classname="samplePackage.SampleTest"/>
  <testcase name="test1" time="2.907" classname="samplePackage.SampleTest"/>
  <testcase name="test1" time="2.797" classname="samplePackage.SampleTest"/>
  <testcase name="test1" time="4.816" classname="samplePackage.SampleTest"/>
  <testcase name="test1" time="2.485" classname="samplePackage.SampleTest"/>
  <testcase name="test1" time="2.953" classname="samplePackage.SampleTest"/>
  <testcase name="test1" time="3.250" classname="samplePackage.SampleTest"/>
  <testcase name="test1" time="4.797" classname="samplePackage.SampleTest"/>
  <testcase name="test1" time="3.290" classname="samplePackage.SampleTest"/>
  <testcase name="test1" time="0.000" classname="samplePackage.SampleTest"/>
  <testcase name="test1" time="2.718" classname="samplePackage.SampleTest"/>
  <testcase name="test1" time="3.875" classname="samplePackage.SampleTest"/>
  <testcase name="test1" time="3.297" classname="samplePackage.SampleTest"/>
  <testcase name="test1" time="2.844" classname="samplePackage.SampleTest"/>
  <testcase name="test1" time="2.936" classname="samplePackage.SampleTest"/>
  <testcase name="test1" time="2.703" classname="samplePackage.SampleTest"/>
  <testcase name="test1" time="2.866" classname="samplePackage.SampleTest"/>
  <testcase name="test1" time="3.360" classname="samplePackage.SampleTest"/>
  <testcase name="test1" time="0.016" classname="samplePackage.SampleTest"/>
  <testcase name="test1" time="0.000" classname="samplePackage.SampleTest"/>
  <testcase name="test1" time="2.843" classname="samplePackage.SampleTest"/>
  <testcase name="test1" time="4.062" classname="samplePackage.SampleTest"/>
  <testcase name="test1" time="0.000" classname="samplePackage.SampleTest"/>
  <testcase name="test1" time="0.000" classname="samplePackage.SampleTest"/>
  <testcase name="test1" time="3.170" classname="samplePackage.SampleTest"/>
  <testcase name="test1" time="4.318" classname="samplePackage.SampleTest"/>
  <testcase name="test1" time="0.000" classname="samplePackage.SampleTest"/>
  <testcase name="test1" time="3.172" classname="samplePackage.SampleTest"/>
  <testcase name="test1" time="2.813" classname="samplePackage.SampleTest"/>
  <testcase name="test1" time="3.844" classname="samplePackage.SampleTest"/>
  <testcase name="test1" time="2.719" classname="samplePackage.SampleTest"/>
  <testcase name="test1" time="3.266" classname="samplePackage.SampleTest"/>
  <testcase name="test1" time="2.778" classname="samplePackage.SampleTest"/>
  <testcase name="test1" time="2.860" classname="samplePackage.SampleTest"/>
  <testcase name="test1" time="21.797" classname="samplePackage.SampleTest"/>
  <testcase name="test1" time="2.735" classname="samplePackage.SampleTest"/>
  <testcase name="test1" time="3.783" classname="samplePackage.SampleTest"/>
  <testcase name="test1" time="2.718" classname="samplePackage.SampleTest"/>
  <testcase name="test1" time="0.000" classname="samplePackage.SampleTest"/>
  <testcase name="test1" time="2.609" classname="samplePackage.SampleTest"/>
  <testcase name="test1" time="2.719" classname="samplePackage.SampleTest"/>
  <testcase name="test1" time="3.469" classname="samplePackage.SampleTest"/>
  <testcase name="test1" time="3.964" classname="samplePackage.SampleTest"/>
  <testcase name="test1" time="0.000" classname="samplePackage.SampleTest"/>
  <testcase name="test1" time="3.230" classname="samplePackage.SampleTest"/>
  <testcase name="test1" time="3.688" classname="samplePackage.SampleTest"/>
  <testcase name="test1" time="3.350" classname="samplePackage.SampleTest"/>
  <testcase name="test1" time="6.078" classname="samplePackage.SampleTest"/>
  <testcase name="test1" time="2.953" classname="samplePackage.SampleTest"/>
  <testcase name="test1" time="3.531" classname="samplePackage.SampleTest"/>
  <testcase name="test1" time="2.917" classname="samplePackage.SampleTest"/>
  <testcase name="test1" time="0.016" classname="samplePackage.SampleTest"/>
  <testcase name="test1" time="2.688" classname="samplePackage.SampleTest"/>
  <testcase name="test1" time="3.031" classname="samplePackage.SampleTest"/>
  <testcase name="test1" time="3.860" classname="samplePackage.SampleTest"/>
  <testcase name="test1" time="0.016" classname="samplePackage.SampleTest"/>
  <testcase name="test1" time="3.172" classname="samplePackage.SampleTest"/>
  <testcase name="test1" time="3.110" classname="samplePackage.SampleTest"/>
  <testcase name="test1" time="2.719" classname="samplePackage.SampleTest"/>
  <testcase name="test1" time="5.012" classname="samplePackage.SampleTest"/>
  <testcase name="test1" time="2.887" classname="samplePackage.SampleTest"/>
  <testcase name="test1" time="0.000" classname="samplePackage.SampleTest"/>
  <testcase name="test1" time="3.063" classname="samplePackage.SampleTest"/>
  <testcase name="test1" time="0.000" classname="samplePackage.SampleTest"/>
  <testcase name="test1" time="2.934" classname="samplePackage.SampleTest"/>
  <testcase name="test1" time="2.926" classname="samplePackage.SampleTest"/>
  <testcase name="test1" time="2.750" classname="samplePackage.SampleTest"/>
  <testcase name="test1" time="2.922" classname="samplePackage.SampleTest"/>
  <testcase name="test1" time="0.000" classname="samplePackage.SampleTest"/>
  <testcase name="test1" time="2.899" classname="samplePackage.SampleTest"/>
  <testcase name="test1" time="0.000" classname="samplePackage.SampleTest"/>
  <testcase name="test1" time="2.734" classname="samplePackage.SampleTest"/>
  <testcase name="test1" time="7.578" classname="samplePackage.SampleTest"/>
  <testcase name="test1" time="2.797" classname="samplePackage.SampleTest"/>
  <testcase name="test1" time="0.000" classname="samplePackage.SampleTest"/>
  <testcase name="test1" time="6.000" classname="samplePackage.SampleTest"/>
  <testcase name="test1" time="2.938" classname="samplePackage.SampleTest"/>
  <testcase name="test1" time="4.125" classname="samplePackage.SampleTest"/>
  <testcase name="test1" time="0.015" classname="samplePackage.SampleTest"/>
  <testcase name="test1" time="2.953" classname="samplePackage.SampleTest"/>
  <testcase name="test1" time="2.875" classname="samplePackage.SampleTest"/>
  <testcase name="test1" time="2.842" classname="samplePackage.SampleTest"/>
  <testcase name="test1" time="2.719" classname="samplePackage.SampleTest"/>
  <testcase name="test1" time="3.219" classname="samplePackage.SampleTest"/>
  <testcase name="test1" time="0.000" classname="samplePackage.SampleTest"/>
  <testcase name="test1" time="0.015" classname="samplePackage.SampleTest"/>
  <testcase name="test1" time="2.782" classname="samplePackage.SampleTest"/>
  <testcase name="test1" time="0.000" classname="samplePackage.SampleTest"/>
  <testcase name="test1" time="3.172" classname="samplePackage.SampleTest"/>
  <testcase name="test1" time="2.874" classname="samplePackage.SampleTest"/>
  <testcase name="test1" time="2.987" classname="samplePackage.SampleTest"/>
  <testcase name="test1" time="2.869" classname="samplePackage.SampleTest"/>
  <testcase name="test1" time="2.937" classname="samplePackage.SampleTest"/>
  <testcase name="test1" time="3.091" classname="samplePackage.SampleTest"/>
  <testcase name="test1" time="3.328" classname="samplePackage.SampleTest"/>
  <testcase name="test1" time="3.032" classname="samplePackage.SampleTest"/>
  <testcase name="test1" time="0.000" classname="samplePackage.SampleTest"/>
  <testcase name="test1" time="4.039" classname="samplePackage.SampleTest"/>
  <testcase name="test1" time="3.086" classname="samplePackage.SampleTest"/>
  <testcase name="test1" time="2.782" classname="samplePackage.SampleTest"/>
  <testcase name="test1" time="0.000" classname="samplePackage.SampleTest"/>
  <testcase name="test1" time="0.015" classname="samplePackage.SampleTest"/>
  <testcase name="test1" time="2.891" classname="samplePackage.SampleTest"/>
  <testcase name="test1" time="2.938" classname="samplePackage.SampleTest"/>
  <testcase name="test1" time="2.847" classname="samplePackage.SampleTest"/>
  <testcase name="test1" time="0.000" classname="samplePackage.SampleTest"/>
  <testcase name="test1" time="0.000" classname="samplePackage.SampleTest"/>
  <testcase name="test1" time="3.000" classname="samplePackage.SampleTest"/>
  <testcase name="test1" time="0.000" classname="samplePackage.SampleTest"/>
  <testcase name="test1" time="0.000" classname="samplePackage.SampleTest"/>
  <testcase name="test1" time="2.852" classname="samplePackage.SampleTest"/>
  <testcase name="test1" time="2.781" classname="samplePackage.SampleTest"/>
  <testcase name="test1" time="0.016" classname="samplePackage.SampleTest"/>
  <testcase name="test1" time="2.866" classname="samplePackage.SampleTest"/>
  <testcase name="test1" time="3.110" classname="samplePackage.SampleTest"/>
  <testcase name="test1" time="0.000" classname="samplePackage.SampleTest"/>
  <testcase name="test1" time="3.172" classname="samplePackage.SampleTest"/>
  <testcase name="test1" time="3.656" classname="samplePackage.SampleTest"/>
  <testcase name="test1" time="0.016" classname="samplePackage.SampleTest"/>
  <testcase name="test1" time="0.000" classname="samplePackage.SampleTest"/>
  <testcase name="test1" time="3.235" classname="samplePackage.SampleTest"/>
  <testcase name="test1" time="2.871" classname="samplePackage.SampleTest"/>
  <testcase name="test1" time="0.016" classname="samplePackage.SampleTest"/>
  <testcase name="test1" time="0.000" classname="samplePackage.SampleTest"/>
  <testcase name="test1" time="2.942" classname="samplePackage.SampleTest"/>
  <testcase name="test1" time="4.172" classname="samplePackage.SampleTest"/>
  <testcase name="test1" time="3.719" classname="samplePackage.SampleTest"/>
  <testcase name="test1" time="2.800" classname="samplePackage.SampleTest"/>
  <testcase name="test1" time="0.016" classname="samplePackage.SampleTest"/>
  <testcase name="test1" time="2.859" classname="samplePackage.SampleTest"/>
  <testcase name="test1" time="2.734" classname="samplePackage.SampleTest"/>
  <testcase name="test1" time="3.000" classname="samplePackage.SampleTest"/>
  <testcase name="test1" time="3.594" classname="samplePackage.SampleTest"/>
  <testcase name="test1" time="0.000" classname="samplePackage.SampleTest"/>
  <testcase name="test1" time="4.182" classname="samplePackage.SampleTest"/>
  <testcase name="test1" time="2.797" classname="samplePackage.SampleTest"/>
  <testcase name="test1" time="2.797" classname="samplePackage.SampleTest"/>
  <testcase name="test1" time="4.705" classname="samplePackage.SampleTest"/>
  <testcase name="test1" time="0.000" classname="samplePackage.SampleTest"/>
  <testcase name="test1" time="3.188" classname="samplePackage.SampleTest"/>
  <testcase name="test1" time="3.640" classname="samplePackage.SampleTest"/>
  <testcase name="test1" time="0.000" classname="samplePackage.SampleTest"/>
  <testcase name="test1" time="3.743" classname="samplePackage.SampleTest"/>
  <testcase name="test1" time="0.016" classname="samplePackage.SampleTest"/>
  <testcase name="test1" time="2.766" classname="samplePackage.SampleTest"/>
  <testcase name="test1" time="3.422" classname="samplePackage.SampleTest"/>
  <testcase name="test1" time="2.516" classname="samplePackage.SampleTest"/>
  <testcase name="test1" time="3.188" classname="samplePackage.SampleTest"/>
  <testcase name="test1" time="2.766" classname="samplePackage.SampleTest"/>
  <testcase name="test1" time="0.016" classname="samplePackage.SampleTest"/>
  <testcase name="test1" time="2.875" classname="samplePackage.SampleTest"/>
  <testcase name="test1" time="3.219" classname="samplePackage.SampleTest"/>
  <testcase name="test1" time="3.030" classname="samplePackage.SampleTest"/>
  <testcase name="test1" time="3.610" classname="samplePackage.SampleTest"/>
  <testcase name="test1" time="2.937" classname="samplePackage.SampleTest"/>
  <testcase name="test1" time="0.015" classname="samplePackage.SampleTest"/>
  <testcase name="test1" time="0.000" classname="samplePackage.SampleTest"/>
  <testcase name="test1" time="0.016" classname="samplePackage.SampleTest"/>
  <testcase name="test1" time="2.719" classname="samplePackage.SampleTest"/>
  <testcase name="test1" time="2.858" classname="samplePackage.SampleTest"/>
  <testcase name="test1" time="2.625" classname="samplePackage.SampleTest"/>
  <testcase name="test1" time="2.972" classname="samplePackage.SampleTest"/>
  <testcase name="test1" time="0.016" classname="samplePackage.SampleTest"/>
  <testcase name="test1" time="0.000" classname="samplePackage.SampleTest"/>
  <testcase name="test1" time="8.469" classname="samplePackage.SampleTest"/>
  <testcase name="test1" time="0.000" classname="samplePackage.SampleTest"/>
  <testcase name="test1" time="0.016" classname="samplePackage.SampleTest"/>
  <testcase name="test1" time="3.027" classname="samplePackage.SampleTest"/>
  <testcase name="test1" time="2.672" classname="samplePackage.SampleTest"/>
  <testcase name="test1" time="2.781" classname="samplePackage.SampleTest"/>
  <testcase name="test1" time="3.203" classname="samplePackage.SampleTest"/>
  <testcase name="test1" time="2.875" classname="samplePackage.SampleTest"/>
  <testcase name="test1" time="3.797" classname="samplePackage.SampleTest"/>
  <testcase name="test1" time="0.000" classname="samplePackage.SampleTest"/>
  <testcase name="test1" time="3.594" classname="samplePackage.SampleTest"/>
  <testcase name="test1" time="2.766" classname="samplePackage.SampleTest"/>
  <testcase name="test1" time="0.000" classname="samplePackage.SampleTest"/>
  <testcase name="test1" time="3.156" classname="samplePackage.SampleTest"/>
  <testcase name="test1" time="0.015" classname="samplePackage.SampleTest"/>
  <testcase name="test1" time="3.672" classname="samplePackage.SampleTest"/>
  <testcase name="test1" time="3.516" classname="samplePackage.SampleTest"/>
  <testcase name="test1" time="3.172" classname="samplePackage.SampleTest"/>
  <testcase name="test1" time="2.860" classname="samplePackage.SampleTest"/>
  <testcase name="test1" time="3.125" classname="samplePackage.SampleTest"/>
  <testcase name="test1" time="13.329" classname="samplePackage.SampleTest"/>
  <testcase name="test1" time="5.719" classname="samplePackage.SampleTest"/>
  <testcase name="test1" time="4.314" classname="samplePackage.SampleTest"/>
  <testcase name="test1" time="2.547" classname="samplePackage.SampleTest"/>
  <testcase name="test1" time="2.735" classname="samplePackage.SampleTest"/>
  <testcase name="test1" time="0.015" classname="samplePackage.SampleTest"/>
  <testcase name="test1" time="3.922" classname="samplePackage.SampleTest"/>
  <testcase name="test1" time="2.765" classname="samplePackage.SampleTest"/>
  <testcase name="test1" time="0.000" classname="samplePackage.SampleTest"/>
  <testcase name="test1" time="0.000" classname="samplePackage.SampleTest"/>
  <testcase name="test1" time="3.128" classname="samplePackage.SampleTest"/>
  <testcase name="test1" time="2.703" classname="samplePackage.SampleTest"/>
  <testcase name="test1" time="3.094" classname="samplePackage.SampleTest"/>
  <testcase name="test1" time="3.922" classname="samplePackage.SampleTest"/>
  <testcase name="test1" time="0.000" classname="samplePackage.SampleTest"/>
  <testcase name="test1" time="0.000" classname="samplePackage.SampleTest"/>
  <testcase name="test1" time="2.799" classname="samplePackage.SampleTest"/>
  <testcase name="test1" time="2.812" classname="samplePackage.SampleTest"/>
  <testcase name="test1" time="3.172" classname="samplePackage.SampleTest"/>
  <testcase name="test1" time="2.917" classname="samplePackage.SampleTest"/>
  <testcase name="test1" time="2.782" classname="samplePackage.SampleTest"/>
  <testcase name="test1" time="7.657" classname="samplePackage.SampleTest"/>
  <testcase name="test1" time="3.157" classname="samplePackage.SampleTest"/>
  <testcase name="test1" time="2.808" classname="samplePackage.SampleTest"/>
  <testcase name="test1" time="3.922" classname="samplePackage.SampleTest"/>
  <testcase name="test1" time="2.812" classname="samplePackage.SampleTest"/>
  <testcase name="test1" time="0.000" classname="samplePackage.SampleTest"/>
  <testcase name="test1" time="0.000" classname="samplePackage.SampleTest"/>
  <testcase name="test1" time="4.234" classname="samplePackage.SampleTest"/>
  <testcase name="test1" time="3.586" classname="samplePackage.SampleTest"/>
  <testcase name="test1" time="0.000" classname="samplePackage.SampleTest"/>
  <testcase name="test1" time="3.797" classname="samplePackage.SampleTest"/>
  <testcase name="test1" time="2.735" classname="samplePackage.SampleTest"/>
  <testcase name="test1" time="3.094" classname="samplePackage.SampleTest"/>
  <testcase name="test1" time="0.000" classname="samplePackage.SampleTest"/>
  <testcase name="test1" time="0.000" classname="samplePackage.SampleTest"/>
  <testcase name="test1" time="2.813" classname="samplePackage.SampleTest"/>
  <testcase name="test1" time="0.000" classname="samplePackage.SampleTest"/>
  <testcase name="test1" time="2.766" classname="samplePackage.SampleTest"/>
  <testcase name="test1" time="0.015" classname="samplePackage.SampleTest"/>
  <testcase name="test1" time="2.875" classname="samplePackage.SampleTest"/>
  <testcase name="test1" time="0.000" classname="samplePackage.SampleTest"/>
  <testcase name="test1" time="3.375" classname="samplePackage.SampleTest"/>
  <testcase name="test1" time="2.750" classname="samplePackage.SampleTest"/>
  <testcase name="test1" time="0.000" classname="samplePackage.SampleTest"/>
  <testcase name="test1" time="2.828" classname="samplePackage.SampleTest"/>
  <testcase name="test1" time="0.000" classname="samplePackage.SampleTest"/>
  <testcase name="test1" time="0.000" classname="samplePackage.SampleTest"/>
  <testcase name="test1" time="0.000" classname="samplePackage.SampleTest"/>
  <testcase name="test1" time="2.734" classname="samplePackage.SampleTest"/>
  <testcase name="test1" time="2.750" classname="samplePackage.SampleTest"/>
  <testcase name="test1" time="3.156" classname="samplePackage.SampleTest"/>
  <testcase name="test1" time="2.936" classname="samplePackage.SampleTest"/>
  <testcase name="test1" time="0.000" classname="samplePackage.SampleTest"/>
  <testcase name="test1" time="3.563" classname="samplePackage.SampleTest"/>
  <testcase name="test1" time="0.000" classname="samplePackage.SampleTest"/>
  <testcase name="test1" time="2.783" classname="samplePackage.SampleTest"/>
  <testcase name="test1" time="3.579" classname="samplePackage.SampleTest"/>
  <testcase name="test1" time="3.282" classname="samplePackage.SampleTest"/>
  <testcase name="test1" time="4.344" classname="samplePackage.SampleTest"/>
  <testcase name="test1" time="3.922" classname="samplePackage.SampleTest"/>
  <testcase name="test1" time="2.766" classname="samplePackage.SampleTest"/>
  <testcase name="test1" time="2.735" classname="samplePackage.SampleTest"/>
  <testcase name="test1" time="2.781" classname="samplePackage.SampleTest"/>
  <testcase name="test1" time="0.000" classname="samplePackage.SampleTest"/>
  <testcase name="test1" time="0.000" classname="samplePackage.SampleTest"/>
  <testcase name="test1" time="2.781" classname="samplePackage.SampleTest"/>
  <testcase name="test1" time="3.226" classname="samplePackage.SampleTest"/>
  <testcase name="test1" time="2.860" classname="samplePackage.SampleTest"/>
  <testcase name="test1" time="0.000" classname="samplePackage.SampleTest"/>
  <testcase name="test1" time="2.516" classname="samplePackage.SampleTest"/>
  <testcase name="test1" time="3.563" classname="samplePackage.SampleTest"/>
  <testcase name="test1" time="3.080" classname="samplePackage.SampleTest"/>
  <testcase name="test1" time="0.000" classname="samplePackage.SampleTest"/>
  <testcase name="test1" time="2.844" classname="samplePackage.SampleTest"/>
  <testcase name="test1" time="3.297" classname="samplePackage.SampleTest"/>
  <testcase name="test1" time="3.735" classname="samplePackage.SampleTest"/>
  <testcase name="test1" time="4.218" classname="samplePackage.SampleTest"/>
  <testcase name="test1" time="2.953" classname="samplePackage.SampleTest"/>
  <testcase name="test1" time="2.734" classname="samplePackage.SampleTest"/>
  <testcase name="test1" time="0.000" classname="samplePackage.SampleTest"/>
  <testcase name="test1" time="2.734" classname="samplePackage.SampleTest"/>
  <testcase name="test1" time="2.813" classname="samplePackage.SampleTest"/>
  <testcase name="test1" time="2.859" classname="samplePackage.SampleTest"/>
  <testcase name="test1" time="6.829" classname="samplePackage.SampleTest"/>
  <testcase name="test1" time="5.703" classname="samplePackage.SampleTest"/>
  <testcase name="test1" time="2.912" classname="samplePackage.SampleTest"/>
  <testcase name="test1" time="3.125" classname="samplePackage.SampleTest"/>
  <testcase name="test1" time="0.000" classname="samplePackage.SampleTest"/>
  <testcase name="test1" time="0.016" classname="samplePackage.SampleTest"/>
  <testcase name="test1" time="3.961" classname="samplePackage.SampleTest"/>
  <testcase name="test1" time="0.000" classname="samplePackage.SampleTest"/>
  <testcase name="test1" time="0.000" classname="samplePackage.SampleTest"/>
  <testcase name="test1" time="3.650" classname="samplePackage.SampleTest"/>
  <testcase name="test1" time="2.828" classname="samplePackage.SampleTest"/>
  <testcase name="test1" time="0.000" classname="samplePackage.SampleTest"/>
  <testcase name="test1" time="2.704" classname="samplePackage.SampleTest"/>
  <testcase name="test1" time="3.625" classname="samplePackage.SampleTest"/>
  <testcase name="test1" time="0.000" classname="samplePackage.SampleTest"/>
  <testcase name="test1" time="0.000" classname="samplePackage.SampleTest"/>
  <testcase name="test1" time="3.974" classname="samplePackage.SampleTest"/>
  <testcase name="test1" time="3.859" classname="samplePackage.SampleTest"/>
  <testcase name="test1" time="0.000" classname="samplePackage.SampleTest"/>
  <testcase name="test1" time="2.797" classname="samplePackage.SampleTest"/>
  <testcase name="test1" time="2.640" classname="samplePackage.SampleTest"/>
  <testcase name="test1" time="2.734" classname="samplePackage.SampleTest"/>
  <testcase name="test1" time="3.235" classname="samplePackage.SampleTest"/>
  <testcase name="test1" time="3.078" classname="samplePackage.SampleTest"/>
  <testcase name="test1" time="2.902" classname="samplePackage.SampleTest"/>
  <testcase name="test1" time="4.219" classname="samplePackage.SampleTest"/>
  <testcase name="test1" time="2.751" classname="samplePackage.SampleTest"/>
  <testcase name="test1" time="2.875" classname="samplePackage.SampleTest"/>
  <testcase name="test1" time="7.500" classname="samplePackage.SampleTest"/>
  <testcase name="test1" time="0.000" classname="samplePackage.SampleTest"/>
  <testcase name="test1" time="2.735" classname="samplePackage.SampleTest"/>
  <testcase name="test1" time="3.149" classname="samplePackage.SampleTest"/>
  <testcase name="test1" time="0.000" classname="samplePackage.SampleTest"/>
  <testcase name="test1" time="0.016" classname="samplePackage.SampleTest"/>
  <testcase name="test1" time="0.000" classname="samplePackage.SampleTest"/>
  <testcase name="test1" time="3.390" classname="samplePackage.SampleTest"/>
  <testcase name="test1" time="16.500" classname="samplePackage.SampleTest"/>
  <testcase name="test1" time="2.750" classname="samplePackage.SampleTest"/>
  <testcase name="test1" time="3.187" classname="samplePackage.SampleTest"/>
  <testcase name="test1" time="2.781" classname="samplePackage.SampleTest"/>
  <testcase name="test1" time="0.000" classname="samplePackage.SampleTest"/>
  <testcase name="test1" time="3.266" classname="samplePackage.SampleTest"/>
  <testcase name="test1" time="3.281" classname="samplePackage.SampleTest"/>
  <testcase name="test1" time="2.719" classname="samplePackage.SampleTest"/>
  <testcase name="test1" time="3.234" classname="samplePackage.SampleTest"/>
  <testcase name="test1" time="3.984" classname="samplePackage.SampleTest"/>
  <testcase name="test1" time="2.798" classname="samplePackage.SampleTest"/>
  <testcase name="test1" time="2.750" classname="samplePackage.SampleTest"/>
  <testcase name="test1" time="3.844" classname="samplePackage.SampleTest"/>
  <testcase name="test1" time="0.016" classname="samplePackage.SampleTest"/>
  <testcase name="test1" time="0.000" classname="samplePackage.SampleTest"/>
  <testcase name="test1" time="0.000" classname="samplePackage.SampleTest"/>
  <testcase name="test1" time="0.000" classname="samplePackage.SampleTest"/>
  <testcase name="test1" time="2.918" classname="samplePackage.SampleTest"/>
  <testcase name="test1" time="3.152" classname="samplePackage.SampleTest"/>
  <testcase name="test1" time="3.824" classname="samplePackage.SampleTest"/>
  <testcase name="test1" time="3.219" classname="samplePackage.SampleTest"/>
  <testcase name="test1" time="4.187" classname="samplePackage.SampleTest"/>
  <testcase name="test1" time="0.000" classname="samplePackage.SampleTest"/>
  <testcase name="test1" time="2.500" classname="samplePackage.SampleTest"/>
  <testcase name="test1" time="0.000" classname="samplePackage.SampleTest"/>
  <testcase name="test1" time="3.094" classname="samplePackage.SampleTest"/>
  <testcase name="test1" time="3.297" classname="samplePackage.SampleTest"/>
  <testcase name="test1" time="2.812" classname="samplePackage.SampleTest"/>
  <testcase name="test1" time="9.532" classname="samplePackage.SampleTest"/>
  <testcase name="test1" time="0.016" classname="samplePackage.SampleTest"/>
  <testcase name="test1" time="3.547" classname="samplePackage.SampleTest"/>
  <testcase name="test1" time="2.782" classname="samplePackage.SampleTest"/>
  <testcase name="test1" time="2.836" classname="samplePackage.SampleTest"/>
  <testcase name="test1" time="2.812" classname="samplePackage.SampleTest"/>
  <testcase name="test1" time="3.062" classname="samplePackage.SampleTest"/>
  <testcase name="test1" time="2.844" classname="samplePackage.SampleTest"/>
  <testcase name="test1" time="3.123" classname="samplePackage.SampleTest"/>
  <testcase name="test1" time="0.016" classname="samplePackage.SampleTest"/>
  <testcase name="test1" time="3.032" classname="samplePackage.SampleTest"/>
  <testcase name="test1" time="0.000" classname="samplePackage.SampleTest"/>
  <testcase name="test1" time="3.469" classname="samplePackage.SampleTest"/>
  <testcase name="test1" time="0.000" classname="samplePackage.SampleTest"/>
  <testcase name="test1" time="3.262" classname="samplePackage.SampleTest"/>
  <testcase name="test1" time="2.734" classname="samplePackage.SampleTest"/>
  <testcase name="test1" time="3.812" classname="samplePackage.SampleTest"/>
  <testcase name="test1" time="4.000" classname="samplePackage.SampleTest"/>
  <testcase name="test1" time="2.610" classname="samplePackage.SampleTest"/>
  <testcase name="test1" time="3.172" classname="samplePackage.SampleTest"/>
  <testcase name="test1" time="0.000" classname="samplePackage.SampleTest"/>
  <testcase name="test1" time="3.313" classname="samplePackage.SampleTest"/>
  <testcase name="test1" time="4.009" classname="samplePackage.SampleTest"/>
  <testcase name="test1" time="2.781" classname="samplePackage.SampleTest"/>
  <testcase name="test1" time="2.704" classname="samplePackage.SampleTest"/>
  <testcase name="test1" time="2.875" classname="samplePackage.SampleTest"/>
  <testcase name="test1" time="0.000" classname="samplePackage.SampleTest"/>
  <testcase name="test1" time="0.000" classname="samplePackage.SampleTest"/>
  <testcase name="test1" time="2.875" classname="samplePackage.SampleTest"/>
  <testcase name="test1" time="0.000" classname="samplePackage.SampleTest"/>
  <testcase name="test1" time="0.015" classname="samplePackage.SampleTest"/>
  <testcase name="test1" time="2.844" classname="samplePackage.SampleTest"/>
  <testcase name="test1" time="3.109" classname="samplePackage.SampleTest"/>
  <testcase name="test1" time="0.015" classname="samplePackage.SampleTest"/>
  <testcase name="test1" time="2.766" classname="samplePackage.SampleTest"/>
  <testcase name="test1" time="2.869" classname="samplePackage.SampleTest"/>
  <testcase name="test1" time="3.204" classname="samplePackage.SampleTest"/>
  <testcase name="test1" time="0.000" classname="samplePackage.SampleTest"/>
  <testcase name="test1" time="3.359" classname="samplePackage.SampleTest"/>
  <testcase name="test1" time="3.328" classname="samplePackage.SampleTest"/>
  <testcase name="test1" time="3.515" classname="samplePackage.SampleTest"/>
  <testcase name="test1" time="3.922" classname="samplePackage.SampleTest"/>
  <testcase name="test1" time="2.765" classname="samplePackage.SampleTest"/>
  <testcase name="test1" time="0.000" classname="samplePackage.SampleTest"/>
  <testcase name="test1" time="0.016" classname="samplePackage.SampleTest"/>
  <testcase name="test1" time="3.376" classname="samplePackage.SampleTest"/>
  <testcase name="test1" time="2.765" classname="samplePackage.SampleTest"/>
  <testcase name="test1" time="2.844" classname="samplePackage.SampleTest"/>
  <testcase name="test1" time="3.394" classname="samplePackage.SampleTest"/>
  <testcase name="test1" time="2.969" classname="samplePackage.SampleTest"/>
  <testcase name="test1" time="2.781" classname="samplePackage.SampleTest"/>
  <testcase name="test1" time="7.953" classname="samplePackage.SampleTest"/>
  <testcase name="test1" time="2.891" classname="samplePackage.SampleTest"/>
  <testcase name="test1" time="3.500" classname="samplePackage.SampleTest"/>
  <testcase name="test1" time="3.732" classname="samplePackage.SampleTest"/>
  <testcase name="test1" time="2.751" classname="samplePackage.SampleTest"/>
  <testcase name="test1" time="2.823" classname="samplePackage.SampleTest"/>
  <testcase name="test1" time="3.250" classname="samplePackage.SampleTest"/>
  <testcase name="test1" time="3.141" classname="samplePackage.SampleTest"/>
  <testcase name="test1" time="3.031" classname="samplePackage.SampleTest"/>
  <testcase name="test1" time="5.485" classname="samplePackage.SampleTest"/>
  <testcase name="test1" time="2.750" classname="samplePackage.SampleTest"/>
  <testcase name="test1" time="0.016" classname="samplePackage.SampleTest"/>
  <testcase name="test1" time="4.328" classname="samplePackage.SampleTest"/>
  <testcase name="test1" time="2.766" classname="samplePackage.SampleTest"/>
  <testcase name="test1" time="4.829" classname="samplePackage.SampleTest"/>
  <testcase name="test1" time="3.564" classname="samplePackage.SampleTest"/>
  <testcase name="test1" time="3.844" classname="samplePackage.SampleTest"/>
  <testcase name="test1" time="0.000" classname="samplePackage.SampleTest"/>
  <testcase name="test1" time="2.719" classname="samplePackage.SampleTest"/>
  <testcase name="test1" time="2.782" classname="samplePackage.SampleTest"/>
  <testcase name="test1" time="2.797" classname="samplePackage.SampleTest"/>
  <testcase name="test1" time="2.765" classname="samplePackage.SampleTest"/>
  <testcase name="test1" time="0.000" classname="samplePackage.SampleTest"/>
  <testcase name="test1" time="2.829" classname="samplePackage.SampleTest"/>
  <testcase name="test1" time="2.820" classname="samplePackage.SampleTest"/>
  <testcase name="test1" time="0.000" classname="samplePackage.SampleTest"/>
  <testcase name="test1" time="0.000" classname="samplePackage.SampleTest"/>
  <testcase name="test1" time="0.000" classname="samplePackage.SampleTest"/>
  <testcase name="test1" time="0.000" classname="samplePackage.SampleTest"/>
  <testcase name="test1" time="3.178" classname="samplePackage.SampleTest"/>
  <testcase name="test1" time="4.500" classname="samplePackage.SampleTest"/>
  <testcase name="test1" time="3.828" classname="samplePackage.SampleTest"/>
  <testcase name="test1" time="3.219" classname="samplePackage.SampleTest"/>
  <testcase name="test1" time="0.000" classname="samplePackage.SampleTest"/>
  <testcase name="test1" time="2.896" classname="samplePackage.SampleTest"/>
  <testcase name="test1" time="3.878" classname="samplePackage.SampleTest"/>
  <testcase name="test1" time="4.325" classname="samplePackage.SampleTest"/>
  <testcase name="test1" time="0.000" classname="samplePackage.SampleTest"/>
  <testcase name="test1" time="2.784" classname="samplePackage.SampleTest"/>
  <testcase name="test1" time="0.000" classname="samplePackage.SampleTest"/>
  <testcase name="test1" time="3.248" classname="samplePackage.SampleTest"/>
  <testcase name="test1" time="0.000" classname="samplePackage.SampleTest"/>
  <testcase name="test1" time="4.438" classname="samplePackage.SampleTest"/>
  <testcase name="test1" time="2.858" classname="samplePackage.SampleTest"/>
  <testcase name="test1" time="3.547" classname="samplePackage.SampleTest"/>
  <testcase name="test1" time="3.063" classname="samplePackage.SampleTest"/>
  <testcase name="test1" time="2.610" classname="samplePackage.SampleTest"/>
  <testcase name="test1" time="2.672" classname="samplePackage.SampleTest"/>
  <testcase name="test1" time="0.000" classname="samplePackage.SampleTest"/>
  <testcase name="test1" time="2.719" classname="samplePackage.SampleTest"/>
  <testcase name="test1" time="2.828" classname="samplePackage.SampleTest"/>
  <testcase name="test1" time="2.719" classname="samplePackage.SampleTest"/>
  <testcase name="test1" time="2.719" classname="samplePackage.SampleTest"/>
  <testcase name="test1" time="2.766" classname="samplePackage.SampleTest"/>
  <testcase name="test1" time="3.182" classname="samplePackage.SampleTest"/>
  <testcase name="test1" time="3.390" classname="samplePackage.SampleTest"/>
  <testcase name="test1" time="0.000" classname="samplePackage.SampleTest"/>
  <testcase name="test1" time="6.109" classname="samplePackage.SampleTest"/>
  <testcase name="test1" time="2.734" classname="samplePackage.SampleTest"/>
  <testcase name="test1" time="0.000" classname="samplePackage.SampleTest"/>
  <testcase name="test1" time="0.000" classname="samplePackage.SampleTest"/>
  <testcase name="test1" time="3.657" classname="samplePackage.SampleTest"/>
  <testcase name="test1" time="2.902" classname="samplePackage.SampleTest"/>
  <testcase name="test1" time="0.000" classname="samplePackage.SampleTest"/>
  <testcase name="test1" time="3.282" classname="samplePackage.SampleTest"/>
  <testcase name="test1" time="3.156" classname="samplePackage.SampleTest"/>
  <testcase name="test1" time="0.016" classname="samplePackage.SampleTest"/>
  <testcase name="test1" time="3.906" classname="samplePackage.SampleTest"/>
  <testcase name="test1" time="2.828" classname="samplePackage.SampleTest"/>
  <testcase name="test1" time="2.782" classname="samplePackage.SampleTest"/>
  <testcase name="test1" time="0.016" classname="samplePackage.SampleTest"/>
  <testcase name="test1" time="2.747" classname="samplePackage.SampleTest"/>
  <testcase name="test1" time="0.016" classname="samplePackage.SampleTest"/>
  <testcase name="test1" time="3.109" classname="samplePackage.SampleTest"/>
  <testcase name="test1" time="2.938" classname="samplePackage.SampleTest"/>
  <testcase name="test1" time="23.547" classname="samplePackage.SampleTest"/>
  <testcase name="test1" time="0.016" classname="samplePackage.SampleTest"/>
  <testcase name="test1" time="0.000" classname="samplePackage.SampleTest"/>
  <testcase name="test1" time="0.000" classname="samplePackage.SampleTest"/>
  <testcase name="test1" time="2.751" classname="samplePackage.SampleTest"/>
  <testcase name="test1" time="0.000" classname="samplePackage.SampleTest"/>
  <testcase name="test1" time="3.001" classname="samplePackage.SampleTest"/>
  <testcase name="test1" time="2.877" classname="samplePackage.SampleTest"/>
  <testcase name="test1" time="3.740" classname="samplePackage.SampleTest"/>
  <testcase name="test1" time="0.000" classname="samplePackage.SampleTest"/>
  <testcase name="test1" time="5.515" classname="samplePackage.SampleTest"/>
  <testcase name="test1" time="2.560" classname="samplePackage.SampleTest"/>
  <testcase name="test1" time="3.422" classname="samplePackage.SampleTest"/>
  <testcase name="test1" time="2.828" classname="samplePackage.SampleTest"/>
  <testcase name="test1" time="0.000" classname="samplePackage.SampleTest"/>
  <testcase name="test1" time="4.016" classname="samplePackage.SampleTest"/>
  <testcase name="test1" time="0.000" classname="samplePackage.SampleTest"/>
  <testcase name="test1" time="0.000" classname="samplePackage.SampleTest"/>
  <testcase name="test1" time="3.781" classname="samplePackage.SampleTest"/>
  <testcase name="test1" time="2.890" classname="samplePackage.SampleTest"/>
  <testcase name="test1" time="3.453" classname="samplePackage.SampleTest"/>
  <testcase name="test1" time="0.000" classname="samplePackage.SampleTest"/>
  <testcase name="test1" time="3.906" classname="samplePackage.SampleTest"/>
  <testcase name="test1" time="0.000" classname="samplePackage.SampleTest"/>
  <testcase name="test1" time="3.032" classname="samplePackage.SampleTest"/>
  <testcase name="test1" time="3.750" classname="samplePackage.SampleTest"/>
  <testcase name="test1" time="3.500" classname="samplePackage.SampleTest"/>
  <testcase name="test1" time="3.734" classname="samplePackage.SampleTest"/>
  <testcase name="test1" time="0.000" classname="samplePackage.SampleTest"/>
  <testcase name="test1" time="3.641" classname="samplePackage.SampleTest"/>
  <testcase name="test1" time="0.016" classname="samplePackage.SampleTest"/>
  <testcase name="test1" time="2.803" classname="samplePackage.SampleTest"/>
  <testcase name="test1" time="3.094" classname="samplePackage.SampleTest"/>
  <testcase name="test1" time="3.766" classname="samplePackage.SampleTest"/>
  <testcase name="test1" time="3.438" classname="samplePackage.SampleTest"/>
  <testcase name="test1" time="2.860" classname="samplePackage.SampleTest"/>
  <testcase name="test1" time="2.704" classname="samplePackage.SampleTest"/>
  <testcase name="test1" time="3.407" classname="samplePackage.SampleTest"/>
  <testcase name="test1" time="2.719" classname="samplePackage.SampleTest"/>
  <testcase name="test1" time="0.000" classname="samplePackage.SampleTest"/>
  <testcase name="test1" time="2.881" classname="samplePackage.SampleTest"/>
  <testcase name="test1" time="4.892" classname="samplePackage.SampleTest"/>
  <testcase name="test1" time="2.735" classname="samplePackage.SampleTest"/>
  <testcase name="test1" time="2.797" classname="samplePackage.SampleTest"/>
  <testcase name="test1" time="0.000" classname="samplePackage.SampleTest"/>
  <testcase name="test1" time="2.770" classname="samplePackage.SampleTest"/>
  <testcase name="test1" time="2.885" classname="samplePackage.SampleTest"/>
  <testcase name="test1" time="3.812" classname="samplePackage.SampleTest"/>
  <testcase name="test1" time="0.000" classname="samplePackage.SampleTest"/>
  <testcase name="test1" time="3.266" classname="samplePackage.SampleTest"/>
  <testcase name="test1" time="2.719" classname="samplePackage.SampleTest"/>
  <testcase name="test1" time="5.263" classname="samplePackage.SampleTest"/>
  <testcase name="test1" time="2.735" classname="samplePackage.SampleTest"/>
  <testcase name="test1" time="0.000" classname="samplePackage.SampleTest"/>
  <testcase name="test1" time="2.704" classname="samplePackage.SampleTest"/>
  <testcase name="test1" time="2.750" classname="samplePackage.SampleTest"/>
  <testcase name="test1" time="0.000" classname="samplePackage.SampleTest"/>
  <testcase name="test1" time="2.938" classname="samplePackage.SampleTest"/>
  <testcase name="test1" time="3.188" classname="samplePackage.SampleTest"/>
  <testcase name="test1" time="2.735" classname="samplePackage.SampleTest"/>
  <testcase name="test1" time="4.422" classname="samplePackage.SampleTest"/>
  <testcase name="test1" time="2.828" classname="samplePackage.SampleTest"/>
  <testcase name="test1" time="2.887" classname="samplePackage.SampleTest"/>
  <testcase name="test1" time="3.756" classname="samplePackage.SampleTest"/>
  <testcase name="test1" time="3.219" classname="samplePackage.SampleTest"/>
  <testcase name="test1" time="2.907" classname="samplePackage.SampleTest"/>
  <testcase name="test1" time="0.016" classname="samplePackage.SampleTest"/>
  <testcase name="test1" time="0.000" classname="samplePackage.SampleTest"/>
  <testcase name="test1" time="2.792" classname="samplePackage.SampleTest"/>
  <testcase name="test1" time="0.000" classname="samplePackage.SampleTest"/>
  <testcase name="test1" time="0.015" classname="samplePackage.SampleTest"/>
  <testcase name="test1" time="0.000" classname="samplePackage.SampleTest"/>
  <testcase name="test1" time="3.235" classname="samplePackage.SampleTest"/>
  <testcase name="test1" time="3.074" classname="samplePackage.SampleTest"/>
  <testcase name="test1" time="3.657" classname="samplePackage.SampleTest"/>
  <testcase name="test1" time="2.734" classname="samplePackage.SampleTest"/>
  <testcase name="test1" time="0.000" classname="samplePackage.SampleTest"/>
  <testcase name="test1" time="2.688" classname="samplePackage.SampleTest"/>
  <testcase name="test1" time="2.969" classname="samplePackage.SampleTest"/>
  <testcase name="test1" time="2.735" classname="samplePackage.SampleTest"/>
  <testcase name="test1" time="4.937" classname="samplePackage.SampleTest"/>
  <testcase name="test1" time="3.177" classname="samplePackage.SampleTest"/>
  <testcase name="test1" time="2.916" classname="samplePackage.SampleTest"/>
  <testcase name="test1" time="3.428" classname="samplePackage.SampleTest"/>
  <testcase name="test1" time="3.047" classname="samplePackage.SampleTest"/>
  <testcase name="test1" time="3.015" classname="samplePackage.SampleTest"/>
  <testcase name="test1" time="3.893" classname="samplePackage.SampleTest"/>
  <testcase name="test1" time="5.250" classname="samplePackage.SampleTest"/>
  <testcase name="test1" time="2.859" classname="samplePackage.SampleTest"/>
  <testcase name="test1" time="3.266" classname="samplePackage.SampleTest"/>
  <testcase name="test1" time="2.816" classname="samplePackage.SampleTest"/>
  <testcase name="test1" time="0.000" classname="samplePackage.SampleTest"/>
  <testcase name="test1" time="0.000" classname="samplePackage.SampleTest"/>
  <testcase name="test1" time="0.000" classname="samplePackage.SampleTest"/>
  <testcase name="test1" time="3.266" classname="samplePackage.SampleTest"/>
  <testcase name="test1" time="3.351" classname="samplePackage.SampleTest"/>
  <testcase name="test1" time="2.656" classname="samplePackage.SampleTest"/>
  <testcase name="test1" time="4.155" classname="samplePackage.SampleTest"/>
  <testcase name="test1" time="3.407" classname="samplePackage.SampleTest"/>
  <testcase name="test1" time="3.407" classname="samplePackage.SampleTest"/>
  <testcase name="test1" time="15.282" classname="samplePackage.SampleTest"/>
  <testcase name="test1" time="0.016" classname="samplePackage.SampleTest"/>
  <testcase name="test1" time="3.766" classname="samplePackage.SampleTest"/>
  <testcase name="test1" time="4.406" classname="samplePackage.SampleTest"/>
  <testcase name="test1" time="3.765" classname="samplePackage.SampleTest"/>
  <testcase name="test1" time="3.301" classname="samplePackage.SampleTest"/>
  <testcase name="test1" time="0.000" classname="samplePackage.SampleTest"/>
  <testcase name="test1" time="2.719" classname="samplePackage.SampleTest"/>
  <testcase name="test1" time="0.000" classname="samplePackage.SampleTest"/>
  <testcase name="test1" time="0.000" classname="samplePackage.SampleTest"/>
  <testcase name="test1" time="3.531" classname="samplePackage.SampleTest"/>
  <testcase name="test1" time="2.750" classname="samplePackage.SampleTest"/>
  <testcase name="test1" time="3.188" classname="samplePackage.SampleTest"/>
  <testcase name="test1" time="2.829" classname="samplePackage.SampleTest"/>
  <testcase name="test1" time="3.610" classname="samplePackage.SampleTest"/>
  <testcase name="test1" time="4.000" classname="samplePackage.SampleTest"/>
  <testcase name="test1" time="0.000" classname="samplePackage.SampleTest"/>
  <testcase name="test1" time="2.875" classname="samplePackage.SampleTest"/>
  <testcase name="test1" time="0.000" classname="samplePackage.SampleTest"/>
  <testcase name="test1" time="2.453" classname="samplePackage.SampleTest"/>
  <testcase name="test1" time="0.016" classname="samplePackage.SampleTest"/>
  <testcase name="test1" time="3.211" classname="samplePackage.SampleTest"/>
  <testcase name="test1" time="0.000" classname="samplePackage.SampleTest"/>
  <testcase name="test1" time="2.781" classname="samplePackage.SampleTest"/>
  <testcase name="test1" time="2.719" classname="samplePackage.SampleTest"/>
  <testcase name="test1" time="3.157" classname="samplePackage.SampleTest"/>
  <testcase name="test1" time="3.163" classname="samplePackage.SampleTest"/>
  <testcase name="test1" time="3.375" classname="samplePackage.SampleTest"/>
  <testcase name="test1" time="0.000" classname="samplePackage.SampleTest"/>
  <testcase name="test1" time="3.797" classname="samplePackage.SampleTest"/>
  <testcase name="test1" time="2.834" classname="samplePackage.SampleTest"/>
  <testcase name="test1" time="3.174" classname="samplePackage.SampleTest"/>
  <testcase name="test1" time="3.641" classname="samplePackage.SampleTest"/>
  <testcase name="test1" time="2.719" classname="samplePackage.SampleTest"/>
  <testcase name="test1" time="2.922" classname="samplePackage.SampleTest"/>
  <testcase name="test1" time="2.935" classname="samplePackage.SampleTest"/>
  <testcase name="test1" time="0.000" classname="samplePackage.SampleTest"/>
  <testcase name="test1" time="3.812" classname="samplePackage.SampleTest"/>
  <testcase name="test1" time="2.922" classname="samplePackage.SampleTest"/>
  <testcase name="test1" time="4.157" classname="samplePackage.SampleTest"/>
  <testcase name="test1" time="0.000" classname="samplePackage.SampleTest"/>
  <testcase name="test1" time="2.988" classname="samplePackage.SampleTest"/>
  <testcase name="test1" time="0.000" classname="samplePackage.SampleTest"/>
  <testcase name="test1" time="0.016" classname="samplePackage.SampleTest"/>
  <testcase name="test1" time="4.234" classname="samplePackage.SampleTest"/>
  <testcase name="test1" time="4.130" classname="samplePackage.SampleTest"/>
  <testcase name="test1" time="2.765" classname="samplePackage.SampleTest"/>
  <testcase name="test1" time="3.031" classname="samplePackage.SampleTest"/>
  <testcase name="test1" time="0.000" classname="samplePackage.SampleTest"/>
  <testcase name="test1" time="2.750" classname="samplePackage.SampleTest"/>
  <testcase name="test1" time="2.922" classname="samplePackage.SampleTest"/>
  <testcase name="test1" time="3.234" classname="samplePackage.SampleTest"/>
  <testcase name="test1" time="3.875" classname="samplePackage.SampleTest"/>
  <testcase name="test1" time="5.765" classname="samplePackage.SampleTest"/>
  <testcase name="test1" time="3.532" classname="samplePackage.SampleTest"/>
  <testcase name="test1" time="3.508" classname="samplePackage.SampleTest"/>
  <testcase name="test1" time="0.000" classname="samplePackage.SampleTest"/>
  <testcase name="test1" time="2.703" classname="samplePackage.SampleTest"/>
  <testcase name="test1" time="0.000" classname="samplePackage.SampleTest"/>
  <testcase name="test1" time="2.814" classname="samplePackage.SampleTest"/>
  <testcase name="test1" time="3.844" classname="samplePackage.SampleTest"/>
  <testcase name="test1" time="0.016" classname="samplePackage.SampleTest"/>
  <testcase name="test1" time="3.516" classname="samplePackage.SampleTest"/>
  <testcase name="test1" time="3.469" classname="samplePackage.SampleTest"/>
  <testcase name="test1" time="2.828" classname="samplePackage.SampleTest"/>
  <testcase name="test1" time="3.484" classname="samplePackage.SampleTest"/>
  <testcase name="test1" time="4.813" classname="samplePackage.SampleTest"/>
  <testcase name="test1" time="2.765" classname="samplePackage.SampleTest"/>
  <testcase name="test1" time="3.204" classname="samplePackage.SampleTest"/>
  <testcase name="test1" time="0.000" classname="samplePackage.SampleTest"/>
  <testcase name="test1" time="6.688" classname="samplePackage.SampleTest"/>
  <testcase name="test1" time="0.000" classname="samplePackage.SampleTest"/>
  <testcase name="test1" time="3.437" classname="samplePackage.SampleTest"/>
  <testcase name="test1" time="0.000" classname="samplePackage.SampleTest"/>
  <testcase name="test1" time="3.469" classname="samplePackage.SampleTest"/>
  <testcase name="test1" time="2.782" classname="samplePackage.SampleTest"/>
  <testcase name="test1" time="0.000" classname="samplePackage.SampleTest"/>
  <testcase name="test1" time="3.328" classname="samplePackage.SampleTest"/>
  <testcase name="test1" time="2.797" classname="samplePackage.SampleTest"/>
  <testcase name="test1" time="2.750" classname="samplePackage.SampleTest"/>
  <testcase name="test1" time="4.241" classname="samplePackage.SampleTest"/>
  <testcase name="test1" time="2.734" classname="samplePackage.SampleTest"/>
  <testcase name="test1" time="2.719" classname="samplePackage.SampleTest"/>
  <testcase name="test1" time="2.704" classname="samplePackage.SampleTest"/>
  <testcase name="test1" time="4.281" classname="samplePackage.SampleTest"/>
  <testcase name="test1" time="9.250" classname="samplePackage.SampleTest"/>
  <testcase name="test1" time="0.000" classname="samplePackage.SampleTest"/>
  <testcase name="test1" time="3.485" classname="samplePackage.SampleTest"/>
  <testcase name="test1" time="2.823" classname="samplePackage.SampleTest"/>
  <testcase name="test1" time="2.718" classname="samplePackage.SampleTest"/>
  <testcase name="test1" time="2.719" classname="samplePackage.SampleTest"/>
  <testcase name="test1" time="3.234" classname="samplePackage.SampleTest"/>
  <testcase name="test1" time="2.734" classname="samplePackage.SampleTest"/>
  <testcase name="test1" time="2.750" classname="samplePackage.SampleTest"/>
  <testcase name="test1" time="9.594" classname="samplePackage.SampleTest"/>
  <testcase name="test1" time="2.750" classname="samplePackage.SampleTest"/>
  <testcase name="test1" time="3.265" classname="samplePackage.SampleTest"/>
  <testcase name="test1" time="0.000" classname="samplePackage.SampleTest"/>
  <testcase name="test1" time="3.157" classname="samplePackage.SampleTest"/>
  <testcase name="test1" time="2.750" classname="samplePackage.SampleTest"/>
  <testcase name="test1" time="5.490" classname="samplePackage.SampleTest"/>
  <testcase name="test1" time="2.797" classname="samplePackage.SampleTest"/>
  <testcase name="test1" time="3.174" classname="samplePackage.SampleTest"/>
  <testcase name="test1" time="3.217" classname="samplePackage.SampleTest"/>
  <testcase name="test1" time="3.532" classname="samplePackage.SampleTest"/>
  <testcase name="test1" time="2.734" classname="samplePackage.SampleTest"/>
  <testcase name="test1" time="3.602" classname="samplePackage.SampleTest"/>
  <testcase name="test1" time="3.969" classname="samplePackage.SampleTest"/>
  <testcase name="test1" time="2.750" classname="samplePackage.SampleTest"/>
  <testcase name="test1" time="2.781" classname="samplePackage.SampleTest"/>
  <testcase name="test1" time="3.088" classname="samplePackage.SampleTest"/>
  <testcase name="test1" time="3.235" classname="samplePackage.SampleTest"/>
  <testcase name="test1" time="0.000" classname="samplePackage.SampleTest"/>
  <testcase name="test1" time="0.000" classname="samplePackage.SampleTest"/>
  <testcase name="test1" time="0.000" classname="samplePackage.SampleTest"/>
  <testcase name="test1" time="0.000" classname="samplePackage.SampleTest"/>
  <testcase name="test1" time="3.875" classname="samplePackage.SampleTest"/>
  <testcase name="test1" time="3.983" classname="samplePackage.SampleTest"/>
  <testcase name="test1" time="2.812" classname="samplePackage.SampleTest"/>
  <testcase name="test1" time="3.062" classname="samplePackage.SampleTest"/>
  <testcase name="test1" time="2.750" classname="samplePackage.SampleTest"/>
  <testcase name="test1" time="0.000" classname="samplePackage.SampleTest"/>
  <testcase name="test1" time="3.651" classname="samplePackage.SampleTest"/>
  <testcase name="test1" time="3.219" classname="samplePackage.SampleTest"/>
  <testcase name="test1" time="2.907" classname="samplePackage.SampleTest"/>
  <testcase name="test1" time="0.000" classname="samplePackage.SampleTest"/>
  <testcase name="test1" time="2.750" classname="samplePackage.SampleTest"/>
  <testcase name="test1" time="2.751" classname="samplePackage.SampleTest"/>
  <testcase name="test1" time="3.775" classname="samplePackage.SampleTest"/>
  <testcase name="test1" time="2.875" classname="samplePackage.SampleTest"/>
  <testcase name="test1" time="3.328" classname="samplePackage.SampleTest"/>
  <testcase name="test1" time="2.844" classname="samplePackage.SampleTest"/>
  <testcase name="test1" time="0.000" classname="samplePackage.SampleTest"/>
  <testcase name="test1" time="3.219" classname="samplePackage.SampleTest"/>
  <testcase name="test1" time="2.750" classname="samplePackage.SampleTest"/>
  <testcase name="test1" time="0.000" classname="samplePackage.SampleTest"/>
  <testcase name="test1" time="2.844" classname="samplePackage.SampleTest"/>
  <testcase name="test1" time="0.000" classname="samplePackage.SampleTest"/>
  <testcase name="test1" time="3.735" classname="samplePackage.SampleTest"/>
  <testcase name="test1" time="3.750" classname="samplePackage.SampleTest"/>
  <testcase name="test1" time="2.886" classname="samplePackage.SampleTest"/>
  <testcase name="test1" time="5.000" classname="samplePackage.SampleTest"/>
  <testcase name="test1" time="0.000" classname="samplePackage.SampleTest"/>
  <testcase name="test1" time="4.610" classname="samplePackage.SampleTest"/>
  <testcase name="test1" time="2.797" classname="samplePackage.SampleTest"/>
  <testcase name="test1" time="0.016" classname="samplePackage.SampleTest"/>
  <testcase name="test1" time="2.750" classname="samplePackage.SampleTest"/>
  <testcase name="test1" time="3.625" classname="samplePackage.SampleTest"/>
  <testcase name="test1" time="3.954" classname="samplePackage.SampleTest"/>
  <testcase name="test1" time="2.813" classname="samplePackage.SampleTest"/>
  <testcase name="test1" time="3.625" classname="samplePackage.SampleTest"/>
  <testcase name="test1" time="3.375" classname="samplePackage.SampleTest"/>
  <testcase name="test1" time="0.016" classname="samplePackage.SampleTest"/>
  <testcase name="test1" time="0.016" classname="samplePackage.SampleTest"/>
  <testcase name="test1" time="5.563" classname="samplePackage.SampleTest"/>
  <testcase name="test1" time="4.545" classname="samplePackage.SampleTest"/>
  <testcase name="test1" time="0.000" classname="samplePackage.SampleTest"/>
  <testcase name="test1" time="3.687" classname="samplePackage.SampleTest"/>
  <testcase name="test1" time="3.250" classname="samplePackage.SampleTest"/>
  <testcase name="test1" time="3.279" classname="samplePackage.SampleTest"/>
  <testcase name="test1" time="2.703" classname="samplePackage.SampleTest"/>
  <testcase name="test1" time="2.766" classname="samplePackage.SampleTest"/>
  <testcase name="test1" time="3.957" classname="samplePackage.SampleTest"/>
  <testcase name="test1" time="3.782" classname="samplePackage.SampleTest"/>
  <testcase name="test1" time="3.126" classname="samplePackage.SampleTest"/>
  <testcase name="test1" time="3.375" classname="samplePackage.SampleTest"/>
  <testcase name="test1" time="2.735" classname="samplePackage.SampleTest"/>
  <testcase name="test1" time="2.703" classname="samplePackage.SampleTest"/>
  <testcase name="test1" time="0.000" classname="samplePackage.SampleTest"/>
  <testcase name="test1" time="2.891" classname="samplePackage.SampleTest"/>
  <testcase name="test1" time="4.157" classname="samplePackage.SampleTest"/>
  <testcase name="test1" time="0.000" classname="samplePackage.SampleTest"/>
  <testcase name="test1" time="0.000" classname="samplePackage.SampleTest"/>
  <testcase name="test1" time="2.812" classname="samplePackage.SampleTest"/>
  <testcase name="test1" time="2.844" classname="samplePackage.SampleTest"/>
  <testcase name="test1" time="0.000" classname="samplePackage.SampleTest"/>
  <testcase name="test1" time="2.828" classname="samplePackage.SampleTest"/>
  <testcase name="test1" time="2.954" classname="samplePackage.SampleTest"/>
  <testcase name="test1" time="3.281" classname="samplePackage.SampleTest"/>
  <testcase name="test1" time="2.781" classname="samplePackage.SampleTest"/>
  <testcase name="test1" time="0.000" classname="samplePackage.SampleTest"/>
  <testcase name="test1" time="0.000" classname="samplePackage.SampleTest"/>
  <testcase name="test1" time="0.000" classname="samplePackage.SampleTest"/>
  <testcase name="test1" time="0.000" classname="samplePackage.SampleTest"/>
  <testcase name="test1" time="2.750" classname="samplePackage.SampleTest"/>
  <testcase name="test1" time="3.821" classname="samplePackage.SampleTest"/>
  <testcase name="test1" time="3.032" classname="samplePackage.SampleTest"/>
  <testcase name="test1" time="0.016" classname="samplePackage.SampleTest"/>
  <testcase name="test1" time="0.000" classname="samplePackage.SampleTest"/>
  <testcase name="test1" time="2.891" classname="samplePackage.SampleTest"/>
  <testcase name="test1" time="0.000" classname="samplePackage.SampleTest"/>
  <testcase name="test1" time="0.000" classname="samplePackage.SampleTest"/>
  <testcase name="test1" time="0.016" classname="samplePackage.SampleTest"/>
  <testcase name="test1" time="4.313" classname="samplePackage.SampleTest"/>
  <testcase name="test1" time="2.750" classname="samplePackage.SampleTest"/>
  <testcase name="test1" time="3.453" classname="samplePackage.SampleTest"/>
  <testcase name="test1" time="2.969" classname="samplePackage.SampleTest"/>
  <testcase name="test1" time="3.979" classname="samplePackage.SampleTest"/>
  <testcase name="test1" time="0.000" classname="samplePackage.SampleTest"/>
  <testcase name="test1" time="3.047" classname="samplePackage.SampleTest"/>
  <testcase name="test1" time="2.734" classname="samplePackage.SampleTest"/>
  <testcase name="test1" time="3.515" classname="samplePackage.SampleTest"/>
  <testcase name="test1" time="3.344" classname="samplePackage.SampleTest"/>
  <testcase name="test1" time="2.828" classname="samplePackage.SampleTest"/>
  <testcase name="test1" time="4.082" classname="samplePackage.SampleTest"/>
  <testcase name="test1" time="3.035" classname="samplePackage.SampleTest"/>
  <testcase name="test1" time="4.072" classname="samplePackage.SampleTest"/>
  <testcase name="test1" time="3.188" classname="samplePackage.SampleTest"/>
  <testcase name="test1" time="2.703" classname="samplePackage.SampleTest"/>
  <testcase name="test1" time="2.822" classname="samplePackage.SampleTest"/>
  <testcase name="test1" time="3.765" classname="samplePackage.SampleTest"/>
  <testcase name="test1" time="3.563" classname="samplePackage.SampleTest"/>
  <testcase name="test1" time="0.000" classname="samplePackage.SampleTest"/>
  <testcase name="test1" time="2.641" classname="samplePackage.SampleTest"/>
  <testcase name="test1" time="0.016" classname="samplePackage.SampleTest"/>
  <testcase name="test1" time="2.718" classname="samplePackage.SampleTest"/>
  <testcase name="test1" time="0.000" classname="samplePackage.SampleTest"/>
  <testcase name="test1" time="0.000" classname="samplePackage.SampleTest"/>
  <testcase name="test1" time="0.000" classname="samplePackage.SampleTest"/>
  <testcase name="test1" time="2.937" classname="samplePackage.SampleTest"/>
  <testcase name="test1" time="3.406" classname="samplePackage.SampleTest"/>
  <testcase name="test1" time="0.000" classname="samplePackage.SampleTest"/>
  <testcase name="test1" time="0.000" classname="samplePackage.SampleTest"/>
  <testcase name="test1" time="0.016" classname="samplePackage.SampleTest"/>
  <testcase name="test1" time="2.829" classname="samplePackage.SampleTest"/>
  <testcase name="test1" time="2.750" classname="samplePackage.SampleTest"/>
  <testcase name="test1" time="3.266" classname="samplePackage.SampleTest"/>
  <testcase name="test1" time="2.719" classname="samplePackage.SampleTest"/>
  <testcase name="test1" time="3.531" classname="samplePackage.SampleTest"/>
  <testcase name="test1" time="2.844" classname="samplePackage.SampleTest"/>
  <testcase name="test1" time="9.719" classname="samplePackage.SampleTest"/>
  <testcase name="test1" time="3.036" classname="samplePackage.SampleTest"/>
  <testcase name="test1" time="0.000" classname="samplePackage.SampleTest"/>
  <testcase name="test1" time="3.705" classname="samplePackage.SampleTest"/>
  <testcase name="test1" time="3.000" classname="samplePackage.SampleTest"/>
  <testcase name="test1" time="0.016" classname="samplePackage.SampleTest"/>
  <testcase name="test1" time="0.000" classname="samplePackage.SampleTest"/>
  <testcase name="test1" time="2.735" classname="samplePackage.SampleTest"/>
  <testcase name="test1" time="3.500" classname="samplePackage.SampleTest"/>
  <testcase name="test1" time="2.750" classname="samplePackage.SampleTest"/>
  <testcase name="test1" time="3.266" classname="samplePackage.SampleTest"/>
  <testcase name="test1" time="0.016" classname="samplePackage.SampleTest"/>
  <testcase name="test1" time="2.891" classname="samplePackage.SampleTest"/>
  <testcase name="test1" time="3.219" classname="samplePackage.SampleTest"/>
  <testcase name="test1" time="0.000" classname="samplePackage.SampleTest"/>
  <testcase name="test1" time="3.078" classname="samplePackage.SampleTest"/>
  <testcase name="test1" time="0.000" classname="samplePackage.SampleTest"/>
  <testcase name="test1" time="3.376" classname="samplePackage.SampleTest"/>
  <testcase name="test1" time="2.808" classname="samplePackage.SampleTest"/>
  <testcase name="test1" time="3.516" classname="samplePackage.SampleTest"/>
  <testcase name="test1" time="2.909" classname="samplePackage.SampleTest"/>
  <testcase name="test1" time="0.000" classname="samplePackage.SampleTest"/>
  <testcase name="test1" time="2.844" classname="samplePackage.SampleTest"/>
  <testcase name="test1" time="2.891" classname="samplePackage.SampleTest"/>
  <testcase name="test1" time="0.000" classname="samplePackage.SampleTest"/>
  <testcase name="test1" time="0.000" classname="samplePackage.SampleTest"/>
  <testcase name="test1" time="13.313" classname="samplePackage.SampleTest"/>
  <testcase name="test1" time="3.312" classname="samplePackage.SampleTest"/>
  <testcase name="test1" time="0.000" classname="samplePackage.SampleTest"/>
  <testcase name="test1" time="0.000" classname="samplePackage.SampleTest"/>
  <testcase name="test1" time="3.859" classname="samplePackage.SampleTest"/>
  <testcase name="test1" time="3.265" classname="samplePackage.SampleTest"/>
  <testcase name="test1" time="6.404" classname="samplePackage.SampleTest"/>
  <testcase name="test1" time="2.844" classname="samplePackage.SampleTest"/>
  <testcase name="test1" time="3.379" classname="samplePackage.SampleTest"/>
  <testcase name="test1" time="3.219" classname="samplePackage.SampleTest"/>
  <testcase name="test1" time="0.000" classname="samplePackage.SampleTest"/>
  <testcase name="test1" time="2.766" classname="samplePackage.SampleTest"/>
  <testcase name="test1" time="3.162" classname="samplePackage.SampleTest"/>
  <testcase name="test1" time="2.813" classname="samplePackage.SampleTest"/>
  <testcase name="test1" time="3.063" classname="samplePackage.SampleTest"/>
  <testcase name="test1" time="3.469" classname="samplePackage.SampleTest"/>
  <testcase name="test1" time="3.125" classname="samplePackage.SampleTest"/>
  <testcase name="test1" time="13.922" classname="samplePackage.SampleTest"/>
  <testcase name="test1" time="0.000" classname="samplePackage.SampleTest"/>
  <testcase name="test1" time="2.984" classname="samplePackage.SampleTest"/>
  <testcase name="test1" time="2.781" classname="samplePackage.SampleTest"/>
  <testcase name="test1" time="3.200" classname="samplePackage.SampleTest"/>
  <testcase name="test1" time="2.735" classname="samplePackage.SampleTest"/>
  <testcase name="test1" time="3.328" classname="samplePackage.SampleTest"/>
  <testcase name="test1" time="3.172" classname="samplePackage.SampleTest"/>
  <testcase name="test1" time="0.000" classname="samplePackage.SampleTest"/>
  <testcase name="test1" time="4.384" classname="samplePackage.SampleTest"/>
  <testcase name="test1" time="3.187" classname="samplePackage.SampleTest"/>
  <testcase name="test1" time="2.547" classname="samplePackage.SampleTest"/>
  <testcase name="test1" time="3.156" classname="samplePackage.SampleTest"/>
  <testcase name="test1" time="3.454" classname="samplePackage.SampleTest"/>
  <testcase name="test1" time="23.813" classname="samplePackage.SampleTest"/>
  <testcase name="test1" time="3.828" classname="samplePackage.SampleTest"/>
  <testcase name="test1" time="0.000" classname="samplePackage.SampleTest"/>
  <testcase name="test1" time="3.073" classname="samplePackage.SampleTest"/>
  <testcase name="test1" time="2.735" classname="samplePackage.SampleTest"/>
  <testcase name="test1" time="0.015" classname="samplePackage.SampleTest"/>
  <testcase name="test1" time="0.015" classname="samplePackage.SampleTest"/>
  <testcase name="test1" time="0.000" classname="samplePackage.SampleTest"/>
  <testcase name="test1" time="0.000" classname="samplePackage.SampleTest"/>
  <testcase name="test1" time="2.734" classname="samplePackage.SampleTest"/>
  <testcase name="test1" time="0.000" classname="samplePackage.SampleTest"/>
  <testcase name="test1" time="2.797" classname="samplePackage.SampleTest"/>
  <testcase name="test1" time="3.033" classname="samplePackage.SampleTest"/>
  <testcase name="test1" time="3.953" classname="samplePackage.SampleTest"/>
  <testcase name="test1" time="0.000" classname="samplePackage.SampleTest"/>
  <testcase name="test1" time="0.000" classname="samplePackage.SampleTest"/>
  <testcase name="test1" time="2.719" classname="samplePackage.SampleTest"/>
  <testcase name="test1" time="2.778" classname="samplePackage.SampleTest"/>
  <testcase name="test1" time="2.750" classname="samplePackage.SampleTest"/>
  <testcase name="test1" time="0.000" classname="samplePackage.SampleTest"/>
  <testcase name="test1" time="3.766" classname="samplePackage.SampleTest"/>
  <testcase name="test1" time="0.016" classname="samplePackage.SampleTest"/>
  <testcase name="test1" time="2.750" classname="samplePackage.SampleTest"/>
  <testcase name="test1" time="0.015" classname="samplePackage.SampleTest"/>
  <testcase name="test1" time="2.825" classname="samplePackage.SampleTest"/>
  <testcase name="test1" time="3.641" classname="samplePackage.SampleTest"/>
  <testcase name="test1" time="4.140" classname="samplePackage.SampleTest"/>
  <testcase name="test1" time="3.360" classname="samplePackage.SampleTest"/>
  <testcase name="test1" time="3.141" classname="samplePackage.SampleTest"/>
  <testcase name="test1" time="3.125" classname="samplePackage.SampleTest"/>
  <testcase name="test1" time="2.782" classname="samplePackage.SampleTest"/>
  <testcase name="test1" time="0.016" classname="samplePackage.SampleTest"/>
  <testcase name="test1" time="2.843" classname="samplePackage.SampleTest"/>
  <testcase name="test1" time="0.016" classname="samplePackage.SampleTest"/>
  <testcase name="test1" time="2.937" classname="samplePackage.SampleTest"/>
  <testcase name="test1" time="0.000" classname="samplePackage.SampleTest"/>
  <testcase name="test1" time="3.547" classname="samplePackage.SampleTest"/>
  <testcase name="test1" time="3.625" classname="samplePackage.SampleTest"/>
  <testcase name="test1" time="3.516" classname="samplePackage.SampleTest"/>
  <testcase name="test1" time="3.041" classname="samplePackage.SampleTest"/>
  <testcase name="test1" time="0.000" classname="samplePackage.SampleTest"/>
  <testcase name="test1" time="2.734" classname="samplePackage.SampleTest"/>
  <testcase name="test1" time="0.000" classname="samplePackage.SampleTest"/>
  <testcase name="test1" time="3.828" classname="samplePackage.SampleTest"/>
  <testcase name="test1" time="2.821" classname="samplePackage.SampleTest"/>
  <testcase name="test1" time="3.891" classname="samplePackage.SampleTest"/>
  <testcase name="test1" time="3.105" classname="samplePackage.SampleTest"/>
  <testcase name="test1" time="0.000" classname="samplePackage.SampleTest"/>
  <testcase name="test1" time="3.172" classname="samplePackage.SampleTest"/>
  <testcase name="test1" time="2.766" classname="samplePackage.SampleTest"/>
  <testcase name="test1" time="3.579" classname="samplePackage.SampleTest"/>
  <testcase name="test1" time="2.719" classname="samplePackage.SampleTest"/>
  <testcase name="test1" time="3.859" classname="samplePackage.SampleTest"/>
  <testcase name="test1" time="3.157" classname="samplePackage.SampleTest"/>
  <testcase name="test1" time="0.000" classname="samplePackage.SampleTest"/>
  <testcase name="test1" time="2.516" classname="samplePackage.SampleTest"/>
  <testcase name="test1" time="0.000" classname="samplePackage.SampleTest"/>
  <testcase name="test1" time="2.842" classname="samplePackage.SampleTest"/>
  <testcase name="test1" time="3.813" classname="samplePackage.SampleTest"/>
  <testcase name="test1" time="0.000" classname="samplePackage.SampleTest"/>
  <testcase name="test1" time="0.000" classname="samplePackage.SampleTest"/>
  <testcase name="test1" time="3.360" classname="samplePackage.SampleTest"/>
  <testcase name="test1" time="2.968" classname="samplePackage.SampleTest"/>
  <testcase name="test1" time="3.239" classname="samplePackage.SampleTest"/>
  <testcase name="test1" time="2.640" classname="samplePackage.SampleTest"/>
  <testcase name="test1" time="2.928" classname="samplePackage.SampleTest"/>
  <testcase name="test1" time="0.000" classname="samplePackage.SampleTest"/>
  <testcase name="test1" time="3.891" classname="samplePackage.SampleTest"/>
  <testcase name="test1" time="0.000" classname="samplePackage.SampleTest"/>
  <testcase name="test1" time="2.688" classname="samplePackage.SampleTest"/>
  <testcase name="test1" time="3.547" classname="samplePackage.SampleTest"/>
  <testcase name="test1" time="3.002" classname="samplePackage.SampleTest"/>
  <testcase name="test1" time="3.203" classname="samplePackage.SampleTest"/>
  <testcase name="test1" time="4.172" classname="samplePackage.SampleTest"/>
  <testcase name="test1" time="0.000" classname="samplePackage.SampleTest"/>
  <testcase name="test1" time="0.000" classname="samplePackage.SampleTest"/>
  <testcase name="test1" time="3.922" classname="samplePackage.SampleTest"/>
  <testcase name="test1" time="2.906" classname="samplePackage.SampleTest"/>
  <testcase name="test1" time="4.265" classname="samplePackage.SampleTest"/>
  <testcase name="test1" time="2.919" classname="samplePackage.SampleTest"/>
  <testcase name="test1" time="3.062" classname="samplePackage.SampleTest"/>
  <testcase name="test1" time="2.750" classname="samplePackage.SampleTest"/>
  <testcase name="test1" time="3.219" classname="samplePackage.SampleTest"/>
  <testcase name="test1" time="0.000" classname="samplePackage.SampleTest"/>
  <testcase name="test1" time="3.266" classname="samplePackage.SampleTest"/>
  <testcase name="test1" time="3.498" classname="samplePackage.SampleTest"/>
  <testcase name="test1" time="0.000" classname="samplePackage.SampleTest"/>
  <testcase name="test1" time="2.704" classname="samplePackage.SampleTest"/>
  <testcase name="test1" time="14.251" classname="samplePackage.SampleTest"/>
  <testcase name="test1" time="0.000" classname="samplePackage.SampleTest"/>
  <testcase name="test1" time="0.000" classname="samplePackage.SampleTest"/>
  <testcase name="test1" time="3.203" classname="samplePackage.SampleTest"/>
  <testcase name="test1" time="2.844" classname="samplePackage.SampleTest"/>
  <testcase name="test1" time="3.906" classname="samplePackage.SampleTest"/>
  <testcase name="test1" time="3.102" classname="samplePackage.SampleTest"/>
  <testcase name="test1" time="0.000" classname="samplePackage.SampleTest"/>
  <testcase name="test1" time="3.157" classname="samplePackage.SampleTest"/>
  <testcase name="test1" time="2.863" classname="samplePackage.SampleTest"/>
  <testcase name="test1" time="3.984" classname="samplePackage.SampleTest"/>
  <testcase name="test1" time="0.000" classname="samplePackage.SampleTest"/>
  <testcase name="test1" time="2.797" classname="samplePackage.SampleTest"/>
  <testcase name="test1" time="2.703" classname="samplePackage.SampleTest"/>
  <testcase name="test1" time="3.594" classname="samplePackage.SampleTest"/>
  <testcase name="test1" time="2.656" classname="samplePackage.SampleTest"/>
  <testcase name="test1" time="3.529" classname="samplePackage.SampleTest"/>
  <testcase name="test1" time="3.922" classname="samplePackage.SampleTest"/>
  <testcase name="test1" time="0.000" classname="samplePackage.SampleTest"/>
  <testcase name="test1" time="3.703" classname="samplePackage.SampleTest"/>
  <testcase name="test1" time="0.000" classname="samplePackage.SampleTest"/>
  <testcase name="test1" time="2.734" classname="samplePackage.SampleTest"/>
  <testcase name="test1" time="2.625" classname="samplePackage.SampleTest"/>
  <testcase name="test1" time="0.000" classname="samplePackage.SampleTest"/>
  <testcase name="test1" time="4.610" classname="samplePackage.SampleTest"/>
  <testcase name="test1" time="6.147" classname="samplePackage.SampleTest"/>
  <testcase name="test1" time="0.016" classname="samplePackage.SampleTest"/>
  <testcase name="test1" time="3.906" classname="samplePackage.SampleTest"/>
  <testcase name="test1" time="4.250" classname="samplePackage.SampleTest"/>
  <testcase name="test1" time="2.734" classname="samplePackage.SampleTest"/>
  <testcase name="test1" time="0.000" classname="samplePackage.SampleTest"/>
  <testcase name="test1" time="3.432" classname="samplePackage.SampleTest"/>
  <testcase name="test1" time="0.016" classname="samplePackage.SampleTest"/>
  <testcase name="test1" time="3.125" classname="samplePackage.SampleTest"/>
  <testcase name="test1" time="3.359" classname="samplePackage.SampleTest"/>
  <testcase name="test1" time="3.079" classname="samplePackage.SampleTest"/>
  <testcase name="test1" time="3.266" classname="samplePackage.SampleTest"/>
  <testcase name="test1" time="0.000" classname="samplePackage.SampleTest"/>
  <testcase name="test1" time="0.000" classname="samplePackage.SampleTest"/>
  <testcase name="test1" time="0.000" classname="samplePackage.SampleTest"/>
  <testcase name="test1" time="0.000" classname="samplePackage.SampleTest"/>
  <testcase name="test1" time="0.000" classname="samplePackage.SampleTest"/>
  <testcase name="test1" time="3.085" classname="samplePackage.SampleTest"/>
  <testcase name="test1" time="3.438" classname="samplePackage.SampleTest"/>
  <testcase name="test1" time="2.719" classname="samplePackage.SampleTest"/>
  <testcase name="test1" time="2.797" classname="samplePackage.SampleTest"/>
  <testcase name="test1" time="2.814" classname="samplePackage.SampleTest"/>
  <testcase name="test1" time="0.016" classname="samplePackage.SampleTest"/>
  <testcase name="test1" time="3.156" classname="samplePackage.SampleTest"/>
  <testcase name="test1" time="3.359" classname="samplePackage.SampleTest"/>
  <testcase name="test1" time="5.063" classname="samplePackage.SampleTest"/>
  <testcase name="test1" time="3.172" classname="samplePackage.SampleTest"/>
  <testcase name="test1" time="3.204" classname="samplePackage.SampleTest"/>
  <testcase name="test1" time="3.922" classname="samplePackage.SampleTest"/>
  <testcase name="test1" time="2.500" classname="samplePackage.SampleTest"/>
  <testcase name="test1" time="2.750" classname="samplePackage.SampleTest"/>
  <testcase name="test1" time="3.694" classname="samplePackage.SampleTest"/>
  <testcase name="test1" time="0.015" classname="samplePackage.SampleTest"/>
  <testcase name="test1" time="0.000" classname="samplePackage.SampleTest"/>
  <testcase name="test1" time="0.000" classname="samplePackage.SampleTest"/>
  <testcase name="test1" time="4.094" classname="samplePackage.SampleTest"/>
  <testcase name="test1" time="2.911" classname="samplePackage.SampleTest"/>
  <testcase name="test1" time="0.016" classname="samplePackage.SampleTest"/>
  <testcase name="test1" time="3.204" classname="samplePackage.SampleTest"/>
  <testcase name="test1" time="5.672" classname="samplePackage.SampleTest"/>
  <testcase name="test1" time="2.896" classname="samplePackage.SampleTest"/>
  <testcase name="test1" time="0.016" classname="samplePackage.SampleTest"/>
  <testcase name="test1" time="3.285" classname="samplePackage.SampleTest"/>
  <testcase name="test1" time="2.750" classname="samplePackage.SampleTest"/>
  <testcase name="test1" time="3.157" classname="samplePackage.SampleTest"/>
  <testcase name="test1" time="0.015" classname="samplePackage.SampleTest"/>
  <testcase name="test1" time="2.772" classname="samplePackage.SampleTest"/>
  <testcase name="test1" time="2.875" classname="samplePackage.SampleTest"/>
  <testcase name="test1" time="4.797" classname="samplePackage.SampleTest"/>
  <testcase name="test1" time="2.916" classname="samplePackage.SampleTest"/>
  <testcase name="test1" time="4.243" classname="samplePackage.SampleTest"/>
  <testcase name="test1" time="2.811" classname="samplePackage.SampleTest"/>
  <testcase name="test1" time="2.969" classname="samplePackage.SampleTest"/>
  <testcase name="test1" time="4.708" classname="samplePackage.SampleTest"/>
  <testcase name="test1" time="2.751" classname="samplePackage.SampleTest"/>
  <testcase name="test1" time="3.594" classname="samplePackage.SampleTest"/>
  <testcase name="test1" time="2.750" classname="samplePackage.SampleTest"/>
  <testcase name="test1" time="3.343" classname="samplePackage.SampleTest"/>
  <testcase name="test1" time="2.500" classname="samplePackage.SampleTest"/>
  <testcase name="test1" time="3.657" classname="samplePackage.SampleTest"/>
  <testcase name="test1" time="2.781" classname="samplePackage.SampleTest"/>
  <testcase name="test1" time="3.485" classname="samplePackage.SampleTest"/>
  <testcase name="test1" time="2.782" classname="samplePackage.SampleTest"/>
  <testcase name="test1" time="0.015" classname="samplePackage.SampleTest"/>
  <testcase name="test1" time="0.000" classname="samplePackage.SampleTest"/>
  <testcase name="test1" time="2.961" classname="samplePackage.SampleTest"/>
  <testcase name="test1" time="0.016" classname="samplePackage.SampleTest"/>
  <testcase name="test1" time="2.735" classname="samplePackage.SampleTest"/>
  <testcase name="test1" time="3.482" classname="samplePackage.SampleTest"/>
  <testcase name="test1" time="0.000" classname="samplePackage.SampleTest"/>
  <testcase name="test1" time="0.000" classname="samplePackage.SampleTest"/>
  <testcase name="test1" time="3.953" classname="samplePackage.SampleTest"/>
  <testcase name="test1" time="0.015" classname="samplePackage.SampleTest"/>
  <testcase name="test1" time="3.000" classname="samplePackage.SampleTest"/>
  <testcase name="test1" time="2.875" classname="samplePackage.SampleTest"/>
  <testcase name="test1" time="2.735" classname="samplePackage.SampleTest"/>
  <testcase name="test1" time="0.000" classname="samplePackage.SampleTest"/>
  <testcase name="test1" time="0.016" classname="samplePackage.SampleTest"/>
  <testcase name="test1" time="2.980" classname="samplePackage.SampleTest"/>
  <testcase name="test1" time="0.015" classname="samplePackage.SampleTest"/>
  <testcase name="test1" time="3.484" classname="samplePackage.SampleTest"/>
  <testcase name="test1" time="2.781" classname="samplePackage.SampleTest"/>
  <testcase name="test1" time="2.719" classname="samplePackage.SampleTest"/>
  <testcase name="test1" time="0.000" classname="samplePackage.SampleTest"/>
  <testcase name="test1" time="2.907" classname="samplePackage.SampleTest"/>
  <testcase name="test1" time="4.455" classname="samplePackage.SampleTest"/>
  <testcase name="test1" time="2.891" classname="samplePackage.SampleTest"/>
  <testcase name="test1" time="3.109" classname="samplePackage.SampleTest"/>
  <testcase name="test1" time="2.797" classname="samplePackage.SampleTest"/>
  <testcase name="test1" time="2.734" classname="samplePackage.SampleTest"/>
  <testcase name="test1" time="3.797" classname="samplePackage.SampleTest"/>
  <testcase name="test1" time="3.188" classname="samplePackage.SampleTest"/>
  <testcase name="test1" time="2.812" classname="samplePackage.SampleTest"/>
  <testcase name="test1" time="4.235" classname="samplePackage.SampleTest"/>
  <testcase name="test1" time="2.782" classname="samplePackage.SampleTest"/>
  <testcase name="test1" time="3.610" classname="samplePackage.SampleTest"/>
  <testcase name="test1" time="0.000" classname="samplePackage.SampleTest"/>
  <testcase name="test1" time="0.000" classname="samplePackage.SampleTest"/>
  <testcase name="test1" time="2.625" classname="samplePackage.SampleTest"/>
  <testcase name="test1" time="0.000" classname="samplePackage.SampleTest"/>
  <testcase name="test1" time="3.157" classname="samplePackage.SampleTest"/>
  <testcase name="test1" time="0.000" classname="samplePackage.SampleTest"/>
  <testcase name="test1" time="2.860" classname="samplePackage.SampleTest"/>
  <testcase name="test1" time="3.070" classname="samplePackage.SampleTest"/>
  <testcase name="test1" time="2.766" classname="samplePackage.SampleTest"/>
  <testcase name="test1" time="2.687" classname="samplePackage.SampleTest"/>
  <testcase name="test1" time="2.805" classname="samplePackage.SampleTest"/>
  <testcase name="test1" time="3.516" classname="samplePackage.SampleTest"/>
  <testcase name="test1" time="0.000" classname="samplePackage.SampleTest"/>
  <testcase name="test1" time="2.750" classname="samplePackage.SampleTest"/>
  <testcase name="test1" time="3.032" classname="samplePackage.SampleTest"/>
  <testcase name="test1" time="3.250" classname="samplePackage.SampleTest"/>
  <testcase name="test1" time="0.016" classname="samplePackage.SampleTest"/>
  <testcase name="test1" time="5.344" classname="samplePackage.SampleTest"/>
  <testcase name="test1" time="0.000" classname="samplePackage.SampleTest"/>
  <testcase name="test1" time="0.000" classname="samplePackage.SampleTest"/>
  <testcase name="test1" time="3.469" classname="samplePackage.SampleTest"/>
  <testcase name="test1" time="0.000" classname="samplePackage.SampleTest"/>
  <testcase name="test1" time="11.001" classname="samplePackage.SampleTest"/>
  <testcase name="test1" time="3.793" classname="samplePackage.SampleTest"/>
  <testcase name="test1" time="0.016" classname="samplePackage.SampleTest"/>
  <testcase name="test1" time="3.531" classname="samplePackage.SampleTest"/>
  <testcase name="test1" time="3.891" classname="samplePackage.SampleTest"/>
  <testcase name="test1" time="0.000" classname="samplePackage.SampleTest"/>
  <testcase name="test1" time="3.328" classname="samplePackage.SampleTest"/>
  <testcase name="test1" time="3.154" classname="samplePackage.SampleTest"/>
  <testcase name="test1" time="7.828" classname="samplePackage.SampleTest"/>
  <testcase name="test1" time="23.126" classname="samplePackage.SampleTest"/>
  <testcase name="test1" time="2.750" classname="samplePackage.SampleTest"/>
  <testcase name="test1" time="4.219" classname="samplePackage.SampleTest"/>
  <testcase name="test1" time="4.287" classname="samplePackage.SampleTest"/>
  <testcase name="test1" time="3.015" classname="samplePackage.SampleTest"/>
  <testcase name="test1" time="0.000" classname="samplePackage.SampleTest"/>
  <testcase name="test1" time="2.907" classname="samplePackage.SampleTest"/>
  <testcase name="test1" time="2.500" classname="samplePackage.SampleTest"/>
  <testcase name="test1" time="0.000" classname="samplePackage.SampleTest"/>
  <testcase name="test1" time="2.797" classname="samplePackage.SampleTest"/>
  <testcase name="test1" time="0.015" classname="samplePackage.SampleTest"/>
  <testcase name="test1" time="4.578" classname="samplePackage.SampleTest"/>
  <testcase name="test1" time="2.826" classname="samplePackage.SampleTest"/>
  <testcase name="test1" time="0.015" classname="samplePackage.SampleTest"/>
  <testcase name="test1" time="2.766" classname="samplePackage.SampleTest"/>
  <testcase name="test1" time="0.000" classname="samplePackage.SampleTest"/>
  <testcase name="test1" time="12.282" classname="samplePackage.SampleTest"/>
  <testcase name="test1" time="2.719" classname="samplePackage.SampleTest"/>
  <testcase name="test1" time="4.865" classname="samplePackage.SampleTest"/>
  <testcase name="test1" time="2.735" classname="samplePackage.SampleTest"/>
  <testcase name="test1" time="2.484" classname="samplePackage.SampleTest"/>
  <testcase name="test1" time="4.891" classname="samplePackage.SampleTest"/>
  <testcase name="test1" time="0.000" classname="samplePackage.SampleTest"/>
  <testcase name="test1" time="0.000" classname="samplePackage.SampleTest"/>
  <testcase name="test1" time="3.344" classname="samplePackage.SampleTest"/>
  <testcase name="test1" time="4.172" classname="samplePackage.SampleTest"/>
  <testcase name="test1" time="2.969" classname="samplePackage.SampleTest"/>
  <testcase name="test1" time="6.534" classname="samplePackage.SampleTest"/>
  <testcase name="test1" time="3.025" classname="samplePackage.SampleTest"/>
  <testcase name="test1" time="2.516" classname="samplePackage.SampleTest"/>
  <testcase name="test1" time="4.100" classname="samplePackage.SampleTest"/>
  <testcase name="test1" time="3.328" classname="samplePackage.SampleTest"/>
  <testcase name="test1" time="0.000" classname="samplePackage.SampleTest"/>
  <testcase name="test1" time="2.750" classname="samplePackage.SampleTest"/>
  <testcase name="test1" time="3.094" classname="samplePackage.SampleTest"/>
  <testcase name="test1" time="2.735" classname="samplePackage.SampleTest"/>
  <testcase name="test1" time="0.000" classname="samplePackage.SampleTest"/>
  <testcase name="test1" time="0.000" classname="samplePackage.SampleTest"/>
  <testcase name="test1" time="3.050" classname="samplePackage.SampleTest"/>
  <testcase name="test1" time="2.906" classname="samplePackage.SampleTest"/>
  <testcase name="test1" time="3.454" classname="samplePackage.SampleTest"/>
  <testcase name="test1" time="0.000" classname="samplePackage.SampleTest"/>
  <testcase name="test1" time="3.797" classname="samplePackage.SampleTest"/>
  <testcase name="test1" time="3.032" classname="samplePackage.SampleTest"/>
  <testcase name="test1" time="2.861" classname="samplePackage.SampleTest"/>
  <testcase name="test1" time="0.000" classname="samplePackage.SampleTest"/>
  <testcase name="test1" time="2.859" classname="samplePackage.SampleTest"/>
  <testcase name="test1" time="11.266" classname="samplePackage.SampleTest"/>
  <testcase name="test1" time="3.210" classname="samplePackage.SampleTest"/>
  <testcase name="test1" time="2.797" classname="samplePackage.SampleTest"/>
  <testcase name="test1" time="3.107" classname="samplePackage.SampleTest"/>
  <testcase name="test1" time="0.000" classname="samplePackage.SampleTest"/>
  <testcase name="test1" time="2.782" classname="samplePackage.SampleTest"/>
  <testcase name="test1" time="3.313" classname="samplePackage.SampleTest"/>
  <testcase name="test1" time="0.000" classname="samplePackage.SampleTest"/>
  <testcase name="test1" time="3.172" classname="samplePackage.SampleTest"/>
  <testcase name="test1" time="0.000" classname="samplePackage.SampleTest"/>
  <testcase name="test1" time="0.000" classname="samplePackage.SampleTest"/>
  <testcase name="test1" time="0.016" classname="samplePackage.SampleTest"/>
  <testcase name="test1" time="2.735" classname="samplePackage.SampleTest"/>
  <testcase name="test1" time="4.789" classname="samplePackage.SampleTest"/>
  <testcase name="test1" time="0.000" classname="samplePackage.SampleTest"/>
  <testcase name="test1" time="2.688" classname="samplePackage.SampleTest"/>
  <testcase name="test1" time="2.735" classname="samplePackage.SampleTest"/>
  <testcase name="test1" time="3.734" classname="samplePackage.SampleTest"/>
  <testcase name="test1" time="3.231" classname="samplePackage.SampleTest"/>
  <testcase name="test1" time="0.000" classname="samplePackage.SampleTest"/>
  <testcase name="test1" time="5.282" classname="samplePackage.SampleTest"/>
  <testcase name="test1" time="0.000" classname="samplePackage.SampleTest"/>
  <testcase name="test1" time="0.000" classname="samplePackage.SampleTest"/>
  <testcase name="test1" time="0.000" classname="samplePackage.SampleTest"/>
  <testcase name="test1" time="0.015" classname="samplePackage.SampleTest"/>
  <testcase name="test1" time="0.016" classname="samplePackage.SampleTest"/>
  <testcase name="test1" time="0.000" classname="samplePackage.SampleTest"/>
  <testcase name="test1" time="0.000" classname="samplePackage.SampleTest"/>
  <testcase name="test1" time="2.844" classname="samplePackage.SampleTest"/>
  <testcase name="test1" time="3.859" classname="samplePackage.SampleTest"/>
  <testcase name="test1" time="3.516" classname="samplePackage.SampleTest"/>
  <testcase name="test1" time="2.735" classname="samplePackage.SampleTest"/>
  <testcase name="test1" time="5.016" classname="samplePackage.SampleTest"/>
  <testcase name="test1" time="0.000" classname="samplePackage.SampleTest"/>
  <testcase name="test1" time="3.528" classname="samplePackage.SampleTest"/>
  <testcase name="test1" time="2.766" classname="samplePackage.SampleTest"/>
  <testcase name="test1" time="4.515" classname="samplePackage.SampleTest"/>
  <testcase name="test1" time="3.734" classname="samplePackage.SampleTest"/>
  <testcase name="test1" time="2.921" classname="samplePackage.SampleTest"/>
  <testcase name="test1" time="2.750" classname="samplePackage.SampleTest"/>
  <testcase name="test1" time="2.703" classname="samplePackage.SampleTest"/>
  <testcase name="test1" time="2.750" classname="samplePackage.SampleTest"/>
  <testcase name="test1" time="2.929" classname="samplePackage.SampleTest"/>
  <testcase name="test1" time="3.253" classname="samplePackage.SampleTest"/>
  <testcase name="test1" time="0.000" classname="samplePackage.SampleTest"/>
  <testcase name="test1" time="2.688" classname="samplePackage.SampleTest"/>
  <testcase name="test1" time="2.532" classname="samplePackage.SampleTest"/>
  <testcase name="test1" time="3.078" classname="samplePackage.SampleTest"/>
  <testcase name="test1" time="3.080" classname="samplePackage.SampleTest"/>
  <testcase name="test1" time="2.750" classname="samplePackage.SampleTest"/>
  <testcase name="test1" time="3.344" classname="samplePackage.SampleTest"/>
  <testcase name="test1" time="4.173" classname="samplePackage.SampleTest"/>
  <testcase name="test1" time="0.000" classname="samplePackage.SampleTest"/>
  <testcase name="test1" time="2.750" classname="samplePackage.SampleTest"/>
  <testcase name="test1" time="2.891" classname="samplePackage.SampleTest"/>
  <testcase name="test1" time="2.765" classname="samplePackage.SampleTest"/>
  <testcase name="test1" time="2.907" classname="samplePackage.SampleTest"/>
  <testcase name="test1" time="3.125" classname="samplePackage.SampleTest"/>
  <testcase name="test1" time="2.734" classname="samplePackage.SampleTest"/>
  <testcase name="test1" time="4.784" classname="samplePackage.SampleTest"/>
  <testcase name="test1" time="2.766" classname="samplePackage.SampleTest"/>
  <testcase name="test1" time="2.719" classname="samplePackage.SampleTest"/>
  <testcase name="test1" time="0.000" classname="samplePackage.SampleTest"/>
  <testcase name="test1" time="5.031" classname="samplePackage.SampleTest"/>
  <testcase name="test1" time="3.491" classname="samplePackage.SampleTest"/>
  <testcase name="test1" time="3.469" classname="samplePackage.SampleTest"/>
  <testcase name="test1" time="0.015" classname="samplePackage.SampleTest"/>
  <testcase name="test1" time="3.563" classname="samplePackage.SampleTest"/>
  <testcase name="test1" time="3.422" classname="samplePackage.SampleTest"/>
  <testcase name="test1" time="3.907" classname="samplePackage.SampleTest"/>
  <testcase name="test1" time="2.750" classname="samplePackage.SampleTest"/>
  <testcase name="test1" time="2.719" classname="samplePackage.SampleTest"/>
  <testcase name="test1" time="0.000" classname="samplePackage.SampleTest"/>
  <testcase name="test1" time="2.792" classname="samplePackage.SampleTest"/>
  <testcase name="test1" time="0.000" classname="samplePackage.SampleTest"/>
  <testcase name="test1" time="0.000" classname="samplePackage.SampleTest"/>
  <testcase name="test1" time="3.400" classname="samplePackage.SampleTest"/>
  <testcase name="test1" time="3.360" classname="samplePackage.SampleTest"/>
  <testcase name="test1" time="6.657" classname="samplePackage.SampleTest"/>
  <testcase name="test1" time="2.890" classname="samplePackage.SampleTest"/>
  <testcase name="test1" time="3.703" classname="samplePackage.SampleTest"/>
  <testcase name="test1" time="2.734" classname="samplePackage.SampleTest"/>
  <testcase name="test1" time="0.000" classname="samplePackage.SampleTest"/>
  <testcase name="test1" time="3.608" classname="samplePackage.SampleTest"/>
  <testcase name="test1" time="3.703" classname="samplePackage.SampleTest"/>
  <testcase name="test1" time="2.794" classname="samplePackage.SampleTest"/>
  <testcase name="test1" time="4.453" classname="samplePackage.SampleTest"/>
  <testcase name="test1" time="0.000" classname="samplePackage.SampleTest"/>
  <testcase name="test1" time="0.000" classname="samplePackage.SampleTest"/>
  <testcase name="test1" time="2.938" classname="samplePackage.SampleTest"/>
  <testcase name="test1" time="4.295" classname="samplePackage.SampleTest"/>
  <testcase name="test1" time="0.000" classname="samplePackage.SampleTest"/>
  <testcase name="test1" time="2.797" classname="samplePackage.SampleTest"/>
  <testcase name="test1" time="2.766" classname="samplePackage.SampleTest"/>
  <testcase name="test1" time="4.297" classname="samplePackage.SampleTest"/>
  <testcase name="test1" time="2.578" classname="samplePackage.SampleTest"/>
  <testcase name="test1" time="3.808" classname="samplePackage.SampleTest"/>
  <testcase name="test1" time="0.000" classname="samplePackage.SampleTest"/>
  <testcase name="test1" time="0.000" classname="samplePackage.SampleTest"/>
  <testcase name="test1" time="3.172" classname="samplePackage.SampleTest"/>
  <testcase name="test1" time="3.961" classname="samplePackage.SampleTest"/>
  <testcase name="test1" time="2.688" classname="samplePackage.SampleTest"/>
  <testcase name="test1" time="4.188" classname="samplePackage.SampleTest"/>
  <testcase name="test1" time="3.219" classname="samplePackage.SampleTest"/>
  <testcase name="test1" time="0.000" classname="samplePackage.SampleTest"/>
  <testcase name="test1" time="0.000" classname="samplePackage.SampleTest"/>
  <testcase name="test1" time="0.000" classname="samplePackage.SampleTest"/>
  <testcase name="test1" time="0.000" classname="samplePackage.SampleTest"/>
  <testcase name="test1" time="2.782" classname="samplePackage.SampleTest"/>
  <testcase name="test1" time="3.140" classname="samplePackage.SampleTest"/>
  <testcase name="test1" time="0.000" classname="samplePackage.SampleTest"/>
  <testcase name="test1" time="0.015" classname="samplePackage.SampleTest"/>
  <testcase name="test1" time="3.672" classname="samplePackage.SampleTest"/>
  <testcase name="test1" time="2.889" classname="samplePackage.SampleTest"/>
  <testcase name="test1" time="3.661" classname="samplePackage.SampleTest"/>
  <testcase name="test1" time="0.000" classname="samplePackage.SampleTest"/>
  <testcase name="test1" time="3.562" classname="samplePackage.SampleTest"/>
  <testcase name="test1" time="4.578" classname="samplePackage.SampleTest"/>
  <testcase name="test1" time="0.000" classname="samplePackage.SampleTest"/>
  <testcase name="test1" time="0.000" classname="samplePackage.SampleTest"/>
  <testcase name="test1" time="0.000" classname="samplePackage.SampleTest"/>
  <testcase name="test1" time="2.891" classname="samplePackage.SampleTest"/>
  <testcase name="test1" time="10.469" classname="samplePackage.SampleTest"/>
  <testcase name="test1" time="0.000" classname="samplePackage.SampleTest"/>
  <testcase name="test1" time="0.000" classname="samplePackage.SampleTest"/>
  <testcase name="test1" time="3.187" classname="samplePackage.SampleTest"/>
  <testcase name="test1" time="3.844" classname="samplePackage.SampleTest"/>
  <testcase name="test1" time="2.906" classname="samplePackage.SampleTest"/>
  <testcase name="test1" time="3.673" classname="samplePackage.SampleTest"/>
  <testcase name="test1" time="3.578" classname="samplePackage.SampleTest"/>
  <testcase name="test1" time="3.433" classname="samplePackage.SampleTest"/>
  <testcase name="test1" time="7.844" classname="samplePackage.SampleTest"/>
  <testcase name="test1" time="2.703" classname="samplePackage.SampleTest"/>
  <testcase name="test1" time="2.784" classname="samplePackage.SampleTest"/>
  <testcase name="test1" time="3.015" classname="samplePackage.SampleTest"/>
  <testcase name="test1" time="3.687" classname="samplePackage.SampleTest"/>
  <testcase name="test1" time="0.000" classname="samplePackage.SampleTest"/>
  <testcase name="test1" time="0.000" classname="samplePackage.SampleTest"/>
  <testcase name="test1" time="2.750" classname="samplePackage.SampleTest"/>
  <testcase name="test1" time="3.422" classname="samplePackage.SampleTest"/>
  <testcase name="test1" time="4.750" classname="samplePackage.SampleTest"/>
  <testcase name="test1" time="6.109" classname="samplePackage.SampleTest"/>
  <testcase name="test1" time="0.000" classname="samplePackage.SampleTest"/>
  <testcase name="test1" time="0.000" classname="samplePackage.SampleTest"/>
  <testcase name="test1" time="3.234" classname="samplePackage.SampleTest"/>
  <testcase name="test1" time="3.125" classname="samplePackage.SampleTest"/>
  <testcase name="test1" time="2.703" classname="samplePackage.SampleTest"/>
  <testcase name="test1" time="2.687" classname="samplePackage.SampleTest"/>
  <testcase name="test1" time="2.859" classname="samplePackage.SampleTest"/>
  <testcase name="test1" time="0.000" classname="samplePackage.SampleTest"/>
  <testcase name="test1" time="0.000" classname="samplePackage.SampleTest"/>
  <testcase name="test1" time="4.031" classname="samplePackage.SampleTest"/>
  <testcase name="test1" time="3.234" classname="samplePackage.SampleTest"/>
  <testcase name="test1" time="3.984" classname="samplePackage.SampleTest"/>
  <testcase name="test1" time="2.687" classname="samplePackage.SampleTest"/>
  <testcase name="test1" time="0.000" classname="samplePackage.SampleTest"/>
  <testcase name="test1" time="2.781" classname="samplePackage.SampleTest"/>
  <testcase name="test1" time="2.734" classname="samplePackage.SampleTest"/>
  <testcase name="test1" time="2.984" classname="samplePackage.SampleTest"/>
  <testcase name="test1" time="2.906" classname="samplePackage.SampleTest"/>
  <testcase name="test1" time="2.950" classname="samplePackage.SampleTest"/>
  <testcase name="test1" time="3.172" classname="samplePackage.SampleTest"/>
  <testcase name="test1" time="3.125" classname="samplePackage.SampleTest"/>
  <testcase name="test1" time="3.031" classname="samplePackage.SampleTest"/>
  <testcase name="test1" time="3.735" classname="samplePackage.SampleTest"/>
  <testcase name="test1" time="0.000" classname="samplePackage.SampleTest"/>
  <testcase name="test1" time="0.000" classname="samplePackage.SampleTest"/>
  <testcase name="test1" time="0.000" classname="samplePackage.SampleTest"/>
  <testcase name="test1" time="2.888" classname="samplePackage.SampleTest"/>
  <testcase name="test1" time="3.883" classname="samplePackage.SampleTest"/>
  <testcase name="test1" time="3.093" classname="samplePackage.SampleTest"/>
  <testcase name="test1" time="4.497" classname="samplePackage.SampleTest"/>
  <testcase name="test1" time="2.750" classname="samplePackage.SampleTest"/>
  <testcase name="test1" time="4.156" classname="samplePackage.SampleTest"/>
  <testcase name="test1" time="2.844" classname="samplePackage.SampleTest"/>
  <testcase name="test1" time="2.734" classname="samplePackage.SampleTest"/>
  <testcase name="test1" time="2.688" classname="samplePackage.SampleTest"/>
  <testcase name="test1" time="0.000" classname="samplePackage.SampleTest"/>
  <testcase name="test1" time="2.913" classname="samplePackage.SampleTest"/>
  <testcase name="test1" time="0.000" classname="samplePackage.SampleTest"/>
  <testcase name="test1" time="3.422" classname="samplePackage.SampleTest"/>
  <testcase name="test1" time="2.872" classname="samplePackage.SampleTest"/>
  <testcase name="test1" time="2.820" classname="samplePackage.SampleTest"/>
  <testcase name="test1" time="4.032" classname="samplePackage.SampleTest"/>
  <testcase name="test1" time="0.000" classname="samplePackage.SampleTest"/>
  <testcase name="test1" time="0.015" classname="samplePackage.SampleTest"/>
  <testcase name="test1" time="3.344" classname="samplePackage.SampleTest"/>
  <testcase name="test1" time="4.125" classname="samplePackage.SampleTest"/>
  <testcase name="test1" time="0.000" classname="samplePackage.SampleTest"/>
  <testcase name="test1" time="2.922" classname="samplePackage.SampleTest"/>
  <testcase name="test1" time="0.016" classname="samplePackage.SampleTest"/>
  <testcase name="test1" time="0.016" classname="samplePackage.SampleTest"/>
  <testcase name="test1" time="0.000" classname="samplePackage.SampleTest"/>
  <testcase name="test1" time="4.042" classname="samplePackage.SampleTest"/>
  <testcase name="test1" time="3.235" classname="samplePackage.SampleTest"/>
  <testcase name="test1" time="2.890" classname="samplePackage.SampleTest"/>
  <testcase name="test1" time="3.417" classname="samplePackage.SampleTest"/>
  <testcase name="test1" time="2.734" classname="samplePackage.SampleTest"/>
  <testcase name="test1" time="2.969" classname="samplePackage.SampleTest"/>
  <testcase name="test1" time="2.735" classname="samplePackage.SampleTest"/>
  <testcase name="test1" time="3.063" classname="samplePackage.SampleTest"/>
  <testcase name="test1" time="2.735" classname="samplePackage.SampleTest"/>
  <testcase name="test1" time="0.000" classname="samplePackage.SampleTest"/>
  <testcase name="test1" time="0.000" classname="samplePackage.SampleTest"/>
  <testcase name="test1" time="4.016" classname="samplePackage.SampleTest"/>
  <testcase name="test1" time="2.719" classname="samplePackage.SampleTest"/>
  <testcase name="test1" time="3.125" classname="samplePackage.SampleTest"/>
  <testcase name="test1" time="0.000" classname="samplePackage.SampleTest"/>
  <testcase name="test1" time="2.718" classname="samplePackage.SampleTest"/>
  <testcase name="test1" time="4.515" classname="samplePackage.SampleTest"/>
  <testcase name="test1" time="0.016" classname="samplePackage.SampleTest"/>
  <testcase name="test1" time="3.204" classname="samplePackage.SampleTest"/>
  <testcase name="test1" time="2.834" classname="samplePackage.SampleTest"/>
  <testcase name="test1" time="3.109" classname="samplePackage.SampleTest"/>
  <testcase name="test1" time="2.795" classname="samplePackage.SampleTest"/>
  <testcase name="test1" time="5.203" classname="samplePackage.SampleTest"/>
  <testcase name="test1" time="4.028" classname="samplePackage.SampleTest"/>
  <testcase name="test1" time="0.000" classname="samplePackage.SampleTest"/>
  <testcase name="test1" time="0.000" classname="samplePackage.SampleTest"/>
  <testcase name="test1" time="2.777" classname="samplePackage.SampleTest"/>
  <testcase name="test1" time="3.765" classname="samplePackage.SampleTest"/>
  <testcase name="test1" time="3.797" classname="samplePackage.SampleTest"/>
  <testcase name="test1" time="0.000" classname="samplePackage.SampleTest"/>
  <testcase name="test1" time="2.734" classname="samplePackage.SampleTest"/>
  <testcase name="test1" time="3.265" classname="samplePackage.SampleTest"/>
  <testcase name="test1" time="3.235" classname="samplePackage.SampleTest"/>
  <testcase name="test1" time="0.000" classname="samplePackage.SampleTest"/>
  <testcase name="test1" time="2.971" classname="samplePackage.SampleTest"/>
  <testcase name="test1" time="0.015" classname="samplePackage.SampleTest"/>
  <testcase name="test1" time="0.000" classname="samplePackage.SampleTest"/>
  <testcase name="test1" time="0.016" classname="samplePackage.SampleTest"/>
  <testcase name="test1" time="3.626" classname="samplePackage.SampleTest"/>
  <testcase name="test1" time="0.000" classname="samplePackage.SampleTest"/>
  <testcase name="test1" time="3.297" classname="samplePackage.SampleTest"/>
  <testcase name="test1" time="2.875" classname="samplePackage.SampleTest"/>
  <testcase name="test1" time="3.078" classname="samplePackage.SampleTest"/>
  <testcase name="test1" time="4.438" classname="samplePackage.SampleTest"/>
  <testcase name="test1" time="3.148" classname="samplePackage.SampleTest"/>
  <testcase name="test1" time="2.799" classname="samplePackage.SampleTest"/>
  <testcase name="test1" time="0.000" classname="samplePackage.SampleTest"/>
  <testcase name="test1" time="4.568" classname="samplePackage.SampleTest"/>
  <testcase name="test1" time="0.000" classname="samplePackage.SampleTest"/>
  <testcase name="test1" time="2.857" classname="samplePackage.SampleTest"/>
  <testcase name="test1" time="3.469" classname="samplePackage.SampleTest"/>
  <testcase name="test1" time="0.000" classname="samplePackage.SampleTest"/>
  <testcase name="test1" time="0.016" classname="samplePackage.SampleTest"/>
  <testcase name="test1" time="0.000" classname="samplePackage.SampleTest"/>
  <testcase name="test1" time="2.751" classname="samplePackage.SampleTest"/>
  <testcase name="test1" time="0.000" classname="samplePackage.SampleTest"/>
  <testcase name="test1" time="0.000" classname="samplePackage.SampleTest"/>
  <testcase name="test1" time="3.780" classname="samplePackage.SampleTest"/>
  <testcase name="test1" time="5.817" classname="samplePackage.SampleTest"/>
  <testcase name="test1" time="0.000" classname="samplePackage.SampleTest"/>
  <testcase name="test1" time="3.578" classname="samplePackage.SampleTest"/>
  <testcase name="test1" time="2.797" classname="samplePackage.SampleTest"/>
  <testcase name="test1" time="2.875" classname="samplePackage.SampleTest"/>
  <testcase name="test1" time="2.531" classname="samplePackage.SampleTest"/>
  <testcase name="test1" time="3.250" classname="samplePackage.SampleTest"/>
  <testcase name="test1" time="2.718" classname="samplePackage.SampleTest"/>
  <testcase name="test1" time="0.000" classname="samplePackage.SampleTest"/>
  <testcase name="test1" time="2.718" classname="samplePackage.SampleTest"/>
  <testcase name="test1" time="0.000" classname="samplePackage.SampleTest"/>
  <testcase name="test1" time="3.359" classname="samplePackage.SampleTest"/>
  <testcase name="test1" time="2.687" classname="samplePackage.SampleTest"/>
  <testcase name="test1" time="5.453" classname="samplePackage.SampleTest"/>
  <testcase name="test1" time="3.294" classname="samplePackage.SampleTest"/>
  <testcase name="test1" time="3.156" classname="samplePackage.SampleTest"/>
  <testcase name="test1" time="0.000" classname="samplePackage.SampleTest"/>
  <testcase name="test1" time="2.859" classname="samplePackage.SampleTest"/>
  <testcase name="test1" time="0.000" classname="samplePackage.SampleTest"/>
  <testcase name="test1" time="3.867" classname="samplePackage.SampleTest"/>
  <testcase name="test1" time="3.937" classname="samplePackage.SampleTest"/>
  <testcase name="test1" time="3.406" classname="samplePackage.SampleTest"/>
  <testcase name="test1" time="0.000" classname="samplePackage.SampleTest"/>
  <testcase name="test1" time="3.031" classname="samplePackage.SampleTest"/>
  <testcase name="test1" time="2.875" classname="samplePackage.SampleTest"/>
  <testcase name="test1" time="0.000" classname="samplePackage.SampleTest"/>
  <testcase name="test1" time="3.657" classname="samplePackage.SampleTest"/>
  <testcase name="test1" time="2.868" classname="samplePackage.SampleTest"/>
  <testcase name="test1" time="2.781" classname="samplePackage.SampleTest"/>
  <testcase name="test1" time="7.375" classname="samplePackage.SampleTest"/>
  <testcase name="test1" time="2.880" classname="samplePackage.SampleTest"/>
  <testcase name="test1" time="2.882" classname="samplePackage.SampleTest"/>
  <testcase name="test1" time="2.719" classname="samplePackage.SampleTest"/>
  <testcase name="test1" time="0.016" classname="samplePackage.SampleTest"/>
  <testcase name="test1" time="3.141" classname="samplePackage.SampleTest"/>
  <testcase name="test1" time="2.765" classname="samplePackage.SampleTest"/>
  <testcase name="test1" time="0.000" classname="samplePackage.SampleTest"/>
  <testcase name="test1" time="2.907" classname="samplePackage.SampleTest"/>
  <testcase name="test1" time="7.824" classname="samplePackage.SampleTest"/>
  <testcase name="test1" time="2.844" classname="samplePackage.SampleTest"/>
  <testcase name="test1" time="0.000" classname="samplePackage.SampleTest"/>
  <testcase name="test1" time="3.250" classname="samplePackage.SampleTest"/>
  <testcase name="test1" time="3.591" classname="samplePackage.SampleTest"/>
  <testcase name="test1" time="4.110" classname="samplePackage.SampleTest"/>
  <testcase name="test1" time="0.000" classname="samplePackage.SampleTest"/>
  <testcase name="test1" time="2.674" classname="samplePackage.SampleTest"/>
  <testcase name="test1" time="0.000" classname="samplePackage.SampleTest"/>
  <testcase name="test1" time="4.234" classname="samplePackage.SampleTest"/>
  <testcase name="test1" time="3.406" classname="samplePackage.SampleTest"/>
  <testcase name="test1" time="3.172" classname="samplePackage.SampleTest"/>
  <testcase name="test1" time="3.250" classname="samplePackage.SampleTest"/>
  <testcase name="test1" time="0.016" classname="samplePackage.SampleTest"/>
  <testcase name="test1" time="3.328" classname="samplePackage.SampleTest"/>
  <testcase name="test1" time="0.000" classname="samplePackage.SampleTest"/>
  <testcase name="test1" time="3.188" classname="samplePackage.SampleTest"/>
  <testcase name="test1" time="4.187" classname="samplePackage.SampleTest"/>
  <testcase name="test1" time="2.719" classname="samplePackage.SampleTest"/>
  <testcase name="test1" time="0.000" classname="samplePackage.SampleTest"/>
  <testcase name="test1" time="2.984" classname="samplePackage.SampleTest"/>
  <testcase name="test1" time="0.000" classname="samplePackage.SampleTest"/>
  <testcase name="test1" time="0.000" classname="samplePackage.SampleTest"/>
  <testcase name="test1" time="2.781" classname="samplePackage.SampleTest"/>
  <testcase name="test1" time="3.844" classname="samplePackage.SampleTest"/>
  <testcase name="test1" time="3.391" classname="samplePackage.SampleTest"/>
  <testcase name="test1" time="3.156" classname="samplePackage.SampleTest"/>
  <testcase name="test1" time="3.260" classname="samplePackage.SampleTest"/>
  <testcase name="test1" time="2.813" classname="samplePackage.SampleTest"/>
  <testcase name="test1" time="3.391" classname="samplePackage.SampleTest"/>
  <testcase name="test1" time="0.000" classname="samplePackage.SampleTest"/>
  <testcase name="test1" time="4.860" classname="samplePackage.SampleTest"/>
  <testcase name="test1" time="2.703" classname="samplePackage.SampleTest"/>
  <testcase name="test1" time="0.000" classname="samplePackage.SampleTest"/>
  <testcase name="test1" time="3.617" classname="samplePackage.SampleTest"/>
  <testcase name="test1" time="3.227" classname="samplePackage.SampleTest"/>
  <testcase name="test1" time="2.984" classname="samplePackage.SampleTest"/>
  <testcase name="test1" time="2.873" classname="samplePackage.SampleTest"/>
  <testcase name="test1" time="0.000" classname="samplePackage.SampleTest"/>
  <testcase name="test1" time="3.047" classname="samplePackage.SampleTest"/>
  <testcase name="test1" time="0.016" classname="samplePackage.SampleTest"/>
  <testcase name="test1" time="2.735" classname="samplePackage.SampleTest"/>
  <testcase name="test1" time="6.828" classname="samplePackage.SampleTest"/>
  <testcase name="test1" time="2.750" classname="samplePackage.SampleTest"/>
  <testcase name="test1" time="2.735" classname="samplePackage.SampleTest"/>
  <testcase name="test1" time="2.884" classname="samplePackage.SampleTest"/>
  <testcase name="test1" time="0.016" classname="samplePackage.SampleTest"/>
  <testcase name="test1" time="22.751" classname="samplePackage.SampleTest"/>
  <testcase name="test1" time="3.017" classname="samplePackage.SampleTest"/>
  <testcase name="test1" time="0.015" classname="samplePackage.SampleTest"/>
  <testcase name="test1" time="0.000" classname="samplePackage.SampleTest"/>
  <testcase name="test1" time="3.407" classname="samplePackage.SampleTest"/>
  <testcase name="test1" time="0.015" classname="samplePackage.SampleTest"/>
  <testcase name="test1" time="2.656" classname="samplePackage.SampleTest"/>
  <testcase name="test1" time="2.719" classname="samplePackage.SampleTest"/>
  <testcase name="test1" time="2.816" classname="samplePackage.SampleTest"/>
  <testcase name="test1" time="2.872" classname="samplePackage.SampleTest"/>
  <testcase name="test1" time="2.563" classname="samplePackage.SampleTest"/>
  <testcase name="test1" time="7.719" classname="samplePackage.SampleTest"/>
  <testcase name="test1" time="3.944" classname="samplePackage.SampleTest"/>
  <testcase name="test1" time="3.125" classname="samplePackage.SampleTest"/>
  <testcase name="test1" time="3.875" classname="samplePackage.SampleTest"/>
  <testcase name="test1" time="2.763" classname="samplePackage.SampleTest"/>
  <testcase name="test1" time="3.328" classname="samplePackage.SampleTest"/>
  <testcase name="test1" time="0.000" classname="samplePackage.SampleTest"/>
  <testcase name="test1" time="0.000" classname="samplePackage.SampleTest"/>
  <testcase name="test1" time="3.609" classname="samplePackage.SampleTest"/>
  <testcase name="test1" time="2.859" classname="samplePackage.SampleTest"/>
  <testcase name="test1" time="2.894" classname="samplePackage.SampleTest"/>
  <testcase name="test1" time="3.219" classname="samplePackage.SampleTest"/>
  <testcase name="test1" time="0.000" classname="samplePackage.SampleTest"/>
  <testcase name="test1" time="2.860" classname="samplePackage.SampleTest"/>
  <testcase name="test1" time="3.703" classname="samplePackage.SampleTest"/>
  <testcase name="test1" time="0.000" classname="samplePackage.SampleTest"/>
  <testcase name="test1" time="3.875" classname="samplePackage.SampleTest"/>
  <testcase name="test1" time="2.875" classname="samplePackage.SampleTest"/>
  <testcase name="test1" time="3.378" classname="samplePackage.SampleTest"/>
  <testcase name="test1" time="3.094" classname="samplePackage.SampleTest"/>
  <testcase name="test1" time="2.735" classname="samplePackage.SampleTest"/>
  <testcase name="test1" time="2.769" classname="samplePackage.SampleTest"/>
  <testcase name="test1" time="0.000" classname="samplePackage.SampleTest"/>
  <testcase name="test1" time="0.016" classname="samplePackage.SampleTest"/>
  <testcase name="test1" time="2.781" classname="samplePackage.SampleTest"/>
  <testcase name="test1" time="3.593" classname="samplePackage.SampleTest"/>
  <testcase name="test1" time="3.262" classname="samplePackage.SampleTest"/>
  <testcase name="test1" time="4.422" classname="samplePackage.SampleTest"/>
  <testcase name="test1" time="2.765" classname="samplePackage.SampleTest"/>
  <testcase name="test1" time="2.719" classname="samplePackage.SampleTest"/>
  <testcase name="test1" time="3.922" classname="samplePackage.SampleTest"/>
  <testcase name="test1" time="4.141" classname="samplePackage.SampleTest"/>
  <testcase name="test1" time="6.188" classname="samplePackage.SampleTest"/>
  <testcase name="test1" time="0.015" classname="samplePackage.SampleTest"/>
  <testcase name="test1" time="0.000" classname="samplePackage.SampleTest"/>
  <testcase name="test1" time="2.938" classname="samplePackage.SampleTest"/>
  <testcase name="test1" time="0.000" classname="samplePackage.SampleTest"/>
  <testcase name="test1" time="0.000" classname="samplePackage.SampleTest"/>
  <testcase name="test1" time="2.860" classname="samplePackage.SampleTest"/>
  <testcase name="test1" time="0.000" classname="samplePackage.SampleTest"/>
  <testcase name="test1" time="2.734" classname="samplePackage.SampleTest"/>
  <testcase name="test1" time="2.766" classname="samplePackage.SampleTest"/>
  <testcase name="test1" time="2.719" classname="samplePackage.SampleTest"/>
  <testcase name="test1" time="4.531" classname="samplePackage.SampleTest"/>
  <testcase name="test1" time="2.750" classname="samplePackage.SampleTest"/>
  <testcase name="test1" time="0.016" classname="samplePackage.SampleTest"/>
  <testcase name="test1" time="0.000" classname="samplePackage.SampleTest"/>
  <testcase name="test1" time="3.203" classname="samplePackage.SampleTest"/>
  <testcase name="test1" time="2.687" classname="samplePackage.SampleTest"/>
  <testcase name="test1" time="0.000" classname="samplePackage.SampleTest"/>
  <testcase name="test1" time="3.703" classname="samplePackage.SampleTest"/>
  <testcase name="test1" time="3.141" classname="samplePackage.SampleTest"/>
  <testcase name="test1" time="0.000" classname="samplePackage.SampleTest"/>
  <testcase name="test1" time="2.704" classname="samplePackage.SampleTest"/>
  <testcase name="test1" time="2.516" classname="samplePackage.SampleTest"/>
  <testcase name="test1" time="2.719" classname="samplePackage.SampleTest"/>
  <testcase name="test1" time="4.007" classname="samplePackage.SampleTest"/>
  <testcase name="test1" time="3.251" classname="samplePackage.SampleTest"/>
  <testcase name="test1" time="2.734" classname="samplePackage.SampleTest"/>
  <testcase name="test1" time="3.781" classname="samplePackage.SampleTest"/>
  <testcase name="test1" time="2.704" classname="samplePackage.SampleTest"/>
  <testcase name="test1" time="2.750" classname="samplePackage.SampleTest"/>
  <testcase name="test1" time="3.813" classname="samplePackage.SampleTest"/>
  <testcase name="test1" time="3.422" classname="samplePackage.SampleTest"/>
  <testcase name="test1" time="0.000" classname="samplePackage.SampleTest"/>
  <testcase name="test1" time="2.734" classname="samplePackage.SampleTest"/>
  <testcase name="test1" time="3.786" classname="samplePackage.SampleTest"/>
  <testcase name="test1" time="5.271" classname="samplePackage.SampleTest"/>
  <testcase name="test1" time="2.766" classname="samplePackage.SampleTest"/>
  <testcase name="test1" time="3.235" classname="samplePackage.SampleTest"/>
  <testcase name="test1" time="3.203" classname="samplePackage.SampleTest"/>
  <testcase name="test1" time="3.250" classname="samplePackage.SampleTest"/>
  <testcase name="test1" time="0.000" classname="samplePackage.SampleTest"/>
  <testcase name="test1" time="2.839" classname="samplePackage.SampleTest"/>
  <testcase name="test1" time="3.162" classname="samplePackage.SampleTest"/>
  <testcase name="test1" time="3.068" classname="samplePackage.SampleTest"/>
  <testcase name="test1" time="0.000" classname="samplePackage.SampleTest"/>
  <testcase name="test1" time="5.251" classname="samplePackage.SampleTest"/>
  <testcase name="test1" time="2.861" classname="samplePackage.SampleTest"/>
  <testcase name="test1" time="2.610" classname="samplePackage.SampleTest"/>
  <testcase name="test1" time="3.062" classname="samplePackage.SampleTest"/>
  <testcase name="test1" time="2.985" classname="samplePackage.SampleTest"/>
  <testcase name="test1" time="0.000" classname="samplePackage.SampleTest"/>
  <testcase name="test1" time="3.406" classname="samplePackage.SampleTest"/>
  <testcase name="test1" time="0.000" classname="samplePackage.SampleTest"/>
  <testcase name="test1" time="3.688" classname="samplePackage.SampleTest"/>
  <testcase name="test1" time="2.750" classname="samplePackage.SampleTest"/>
  <testcase name="test1" time="0.000" classname="samplePackage.SampleTest"/>
  <testcase name="test1" time="3.140" classname="samplePackage.SampleTest"/>
  <testcase name="test1" time="2.719" classname="samplePackage.SampleTest"/>
  <testcase name="test1" time="0.000" classname="samplePackage.SampleTest"/>
  <testcase name="test1" time="2.985" classname="samplePackage.SampleTest"/>
  <testcase name="test1" time="3.453" classname="samplePackage.SampleTest"/>
  <testcase name="test1" time="2.750" classname="samplePackage.SampleTest"/>
  <testcase name="test1" time="2.992" classname="samplePackage.SampleTest"/>
  <testcase name="test1" time="0.000" classname="samplePackage.SampleTest"/>
  <testcase name="test1" time="3.376" classname="samplePackage.SampleTest"/>
  <testcase name="test1" time="3.109" classname="samplePackage.SampleTest"/>
  <testcase name="test1" time="0.016" classname="samplePackage.SampleTest"/>
  <testcase name="test1" time="3.672" classname="samplePackage.SampleTest"/>
  <testcase name="test1" time="2.766" classname="samplePackage.SampleTest"/>
  <testcase name="test1" time="3.874" classname="samplePackage.SampleTest"/>
  <testcase name="test1" time="3.469" classname="samplePackage.SampleTest"/>
  <testcase name="test1" time="0.000" classname="samplePackage.SampleTest"/>
  <testcase name="test1" time="3.609" classname="samplePackage.SampleTest"/>
  <testcase name="test1" time="0.000" classname="samplePackage.SampleTest"/>
  <testcase name="test1" time="3.407" classname="samplePackage.SampleTest"/>
  <testcase name="test1" time="4.812" classname="samplePackage.SampleTest"/>
  <testcase name="test1" time="4.016" classname="samplePackage.SampleTest"/>
  <testcase name="test1" time="0.000" classname="samplePackage.SampleTest"/>
  <testcase name="test1" time="0.000" classname="samplePackage.SampleTest"/>
  <testcase name="test1" time="3.029" classname="samplePackage.SampleTest"/>
  <testcase name="test1" time="3.092" classname="samplePackage.SampleTest"/>
  <testcase name="test1" time="0.000" classname="samplePackage.SampleTest"/>
  <testcase name="test1" time="3.172" classname="samplePackage.SampleTest"/>
  <testcase name="test1" time="2.974" classname="samplePackage.SampleTest"/>
  <testcase name="test1" time="5.860" classname="samplePackage.SampleTest"/>
  <testcase name="test1" time="0.000" classname="samplePackage.SampleTest"/>
  <testcase name="test1" time="3.685" classname="samplePackage.SampleTest"/>
  <testcase name="test1" time="3.703" classname="samplePackage.SampleTest"/>
  <testcase name="test1" time="0.000" classname="samplePackage.SampleTest"/>
  <testcase name="test1" time="5.781" classname="samplePackage.SampleTest"/>
  <testcase name="test1" time="4.519" classname="samplePackage.SampleTest"/>
  <testcase name="test1" time="3.813" classname="samplePackage.SampleTest"/>
  <testcase name="test1" time="2.719" classname="samplePackage.SampleTest"/>
  <testcase name="test1" time="4.953" classname="samplePackage.SampleTest"/>
  <testcase name="test1" time="2.719" classname="samplePackage.SampleTest"/>
  <testcase name="test1" time="0.000" classname="samplePackage.SampleTest"/>
  <testcase name="test1" time="2.735" classname="samplePackage.SampleTest"/>
  <testcase name="test1" time="3.584" classname="samplePackage.SampleTest"/>
  <testcase name="test1" time="0.015" classname="samplePackage.SampleTest"/>
  <testcase name="test1" time="3.453" classname="samplePackage.SampleTest"/>
  <testcase name="test1" time="3.193" classname="samplePackage.SampleTest"/>
  <testcase name="test1" time="0.000" classname="samplePackage.SampleTest"/>
  <testcase name="test1" time="3.765" classname="samplePackage.SampleTest"/>
  <testcase name="test1" time="2.734" classname="samplePackage.SampleTest"/>
  <testcase name="test1" time="4.641" classname="samplePackage.SampleTest"/>
  <testcase name="test1" time="2.814" classname="samplePackage.SampleTest"/>
  <testcase name="test1" time="0.000" classname="samplePackage.SampleTest"/>
  <testcase name="test1" time="2.750" classname="samplePackage.SampleTest"/>
  <testcase name="test1" time="2.822" classname="samplePackage.SampleTest"/>
  <testcase name="test1" time="2.875" classname="samplePackage.SampleTest"/>
  <testcase name="test1" time="3.027" classname="samplePackage.SampleTest"/>
  <testcase name="test1" time="4.015" classname="samplePackage.SampleTest"/>
  <testcase name="test1" time="0.000" classname="samplePackage.SampleTest"/>
  <testcase name="test1" time="0.000" classname="samplePackage.SampleTest"/>
  <testcase name="test1" time="2.937" classname="samplePackage.SampleTest"/>
  <testcase name="test1" time="4.031" classname="samplePackage.SampleTest"/>
  <testcase name="test1" time="3.172" classname="samplePackage.SampleTest"/>
  <testcase name="test1" time="2.828" classname="samplePackage.SampleTest"/>
  <testcase name="test1" time="3.344" classname="samplePackage.SampleTest"/>
  <testcase name="test1" time="3.641" classname="samplePackage.SampleTest"/>
  <testcase name="test1" time="3.859" classname="samplePackage.SampleTest"/>
  <testcase name="test1" time="3.445" classname="samplePackage.SampleTest"/>
  <testcase name="test1" time="0.016" classname="samplePackage.SampleTest"/>
  <testcase name="test1" time="2.828" classname="samplePackage.SampleTest"/>
  <testcase name="test1" time="7.376" classname="samplePackage.SampleTest"/>
  <testcase name="test1" time="3.829" classname="samplePackage.SampleTest"/>
  <testcase name="test1" time="0.000" classname="samplePackage.SampleTest"/>
  <testcase name="test1" time="2.750" classname="samplePackage.SampleTest"/>
  <testcase name="test1" time="3.016" classname="samplePackage.SampleTest"/>
  <testcase name="test1" time="2.734" classname="samplePackage.SampleTest"/>
  <testcase name="test1" time="3.000" classname="samplePackage.SampleTest"/>
  <testcase name="test1" time="0.016" classname="samplePackage.SampleTest"/>
  <testcase name="test1" time="0.000" classname="samplePackage.SampleTest"/>
  <testcase name="test1" time="0.000" classname="samplePackage.SampleTest"/>
  <testcase name="test1" time="2.734" classname="samplePackage.SampleTest"/>
</testsuite> <!-- samplePackage.SampleTest -->
