<?xml version="1.0" encoding="UTF-8"?>
<!-- Generated by org.testng.reporters.JUnitReportReporter -->
<testsuite hostname="DeskTop-Prakash" name="samplePackage.RunBlogPosts" tests="1" failures="0" timestamp="27 Jun 2017 18:47:25 GMT" time="69.720" errors="1">
  <testcase name="test" time="69.720" classname="samplePackage.RunBlogPosts">
    <error type="org.openqa.selenium.WebDriverException" message="Failed to connect to binary FirefoxBinary(C:\Program Files\Mozilla Firefox\firefox.exe) on port 7055; process output follows: 
498589200263	addons.xpi	DEBUG	Calling bootstrap method startup on firefox@getpocket.com version 1.0.2
1498589200264	addons.xpi	DEBUG	Registering manifest for C:\Program Files\Mozilla Firefox\browser\features\loop@mozilla.org.xpi
1498589200265	addons.xpi	DEBUG	Calling bootstrap method startup on loop@mozilla.org version 1.3.2
1498589200285	addons.xpi	DEBUG	Registering manifest for C:\Program Files\Mozilla Firefox\browser\features\websensehelper@mozilla.org.xpi
1498589200286	addons.xpi	DEBUG	Calling bootstrap method startup on websensehelper@mozilla.org version 1.0
1498589200290	addons.manager	DEBUG	Registering shutdown blocker for XPIProvider
1498589200290	addons.manager	DEBUG	Provider finished startup: XPIProvider
1498589200290	addons.manager	DEBUG	Starting provider: LightweightThemeManager
1498589200290	addons.manager	DEBUG	Registering shutdown blocker for LightweightThemeManager
1498589200291	addons.manager	DEBUG	Provider finished startup: LightweightThemeManager
1498589200291	addons.manager	DEBUG	Starting provider: GMPProvider
1498589200299	addons.manager	DEBUG	Registering shutdown blocker for GMPProvider
1498589200300	addons.manager	DEBUG	Provider finished startup: GMPProvider
1498589200300	addons.manager	DEBUG	Starting provider: PluginProvider
1498589200300	addons.manager	DEBUG	Registering shutdown blocker for PluginProvider
1498589200300	addons.manager	DEBUG	Provider finished startup: PluginProvider
1498589200301	addons.manager	DEBUG	Completed startup sequence
[GFX1]: Potential driver version mismatch ignored due to missing DLLs 0.0.0.0 and 0.0.0.0
Crash Annotation GraphicsCriticalError: |[0][GFX1-]: VendorIDMismatch V 0x8086 0x1414 (t=5.58959) [GFX1-]: VendorIDMismatch V 0x8086 0x1414
1498589206072	addons.manager	DEBUG	Starting provider: &lt;unnamed-provider&gt;
1498589206072	addons.manager	DEBUG	Registering shutdown blocker for &lt;unnamed-provider&gt;
1498589206073	addons.manager	DEBUG	Provider finished startup: &lt;unnamed-provider&gt;
1498589206457	DeferredSave.extensions.json	DEBUG	Write succeeded
1498589206458	addons.xpi-utils	DEBUG	XPI Database saved, setting schema version preference to 17
1498589206459	DeferredSave.extensions.json	DEBUG	Starting timer
1498589206485	DeferredSave.extensions.json	DEBUG	Starting write
1498589206515	addons.repository	DEBUG	No addons.json found.
1498589206517	DeferredSave.addons.json	DEBUG	Save changes
1498589206522	DeferredSave.addons.json	DEBUG	Starting timer
1498589206602	addons.manager	DEBUG	Starting provider: PreviousExperimentProvider
1498589206602	addons.manager	DEBUG	Registering shutdown blocker for PreviousExperimentProvider
1498589206603	addons.manager	DEBUG	Provider finished startup: PreviousExperimentProvider
1498589206613	DeferredSave.addons.json	DEBUG	Starting write
1498589206632	DeferredSave.extensions.json	DEBUG	Write succeeded
1498589206679	DeferredSave.addons.json	DEBUG	Write succeeded
1498589231913	addons.xpi	DEBUG	Calling bootstrap method shutdown on e10srollout@mozilla.org version 1.0
1498589231916	addons.xpi	DEBUG	Calling bootstrap method shutdown on firefox@getpocket.com version 1.0.2
1498589231918	addons.xpi	DEBUG	Calling bootstrap method shutdown on loop@mozilla.org version 1.3.2
1498589231926	addons.xpi	DEBUG	Calling bootstrap method shutdown on websensehelper@mozilla.org version 1.0
1498589232569	addons.manager	DEBUG	shutdown
1498589232571	addons.manager	DEBUG	Calling shutdown blocker for XPIProvider
1498589232572	addons.xpi	DEBUG	shutdown
1498589232573	addons.xpi-utils	DEBUG	shutdown
1498589232579	addons.manager	DEBUG	Calling shutdown blocker for LightweightThemeManager
1498589232581	addons.manager	DEBUG	Calling shutdown blocker for GMPProvider
1498589232604	addons.manager	DEBUG	Calling shutdown blocker for PluginProvider
1498589232606	addons.manager	DEBUG	Calling shutdown blocker for &lt;unnamed-provider&gt;
1498589232614	addons.manager	DEBUG	Calling shutdown blocker for PreviousExperimentProvider
1498589232630	addons.xpi	DEBUG	Notifying XPI shutdown observers
1498589232643	addons.manager	DEBUG	Async provider shutdown done

Build info: version: &#039;2.48.2&#039;, revision: &#039;41bccdd&#039;, time: &#039;2015-10-09 19:55:52&#039;
System info: host: &#039;DeskTop-Prakash&#039;, ip: &#039;192.168.1.106&#039;, os.name: &#039;Windows 10&#039;, os.arch: &#039;amd64&#039;, os.version: &#039;10.0&#039;, java.version: &#039;1.8.0_131&#039;
Driver info: driver.version: FirefoxDriver">
      <![CDATA[org.openqa.selenium.WebDriverException: Failed to connect to binary FirefoxBinary(C:\Program Files\Mozilla Firefox\firefox.exe) on port 7055; process output follows: 
498589200263	addons.xpi	DEBUG	Calling bootstrap method startup on firefox@getpocket.com version 1.0.2
1498589200264	addons.xpi	DEBUG	Registering manifest for C:\Program Files\Mozilla Firefox\browser\features\loop@mozilla.org.xpi
1498589200265	addons.xpi	DEBUG	Calling bootstrap method startup on loop@mozilla.org version 1.3.2
1498589200285	addons.xpi	DEBUG	Registering manifest for C:\Program Files\Mozilla Firefox\browser\features\websensehelper@mozilla.org.xpi
1498589200286	addons.xpi	DEBUG	Calling bootstrap method startup on websensehelper@mozilla.org version 1.0
1498589200290	addons.manager	DEBUG	Registering shutdown blocker for XPIProvider
1498589200290	addons.manager	DEBUG	Provider finished startup: XPIProvider
1498589200290	addons.manager	DEBUG	Starting provider: LightweightThemeManager
1498589200290	addons.manager	DEBUG	Registering shutdown blocker for LightweightThemeManager
1498589200291	addons.manager	DEBUG	Provider finished startup: LightweightThemeManager
1498589200291	addons.manager	DEBUG	Starting provider: GMPProvider
1498589200299	addons.manager	DEBUG	Registering shutdown blocker for GMPProvider
1498589200300	addons.manager	DEBUG	Provider finished startup: GMPProvider
1498589200300	addons.manager	DEBUG	Starting provider: PluginProvider
1498589200300	addons.manager	DEBUG	Registering shutdown blocker for PluginProvider
1498589200300	addons.manager	DEBUG	Provider finished startup: PluginProvider
1498589200301	addons.manager	DEBUG	Completed startup sequence
[GFX1]: Potential driver version mismatch ignored due to missing DLLs 0.0.0.0 and 0.0.0.0
Crash Annotation GraphicsCriticalError: |[0][GFX1-]: VendorIDMismatch V 0x8086 0x1414 (t=5.58959) [GFX1-]: VendorIDMismatch V 0x8086 0x1414
1498589206072	addons.manager	DEBUG	Starting provider: <unnamed-provider>
1498589206072	addons.manager	DEBUG	Registering shutdown blocker for <unnamed-provider>
1498589206073	addons.manager	DEBUG	Provider finished startup: <unnamed-provider>
1498589206457	DeferredSave.extensions.json	DEBUG	Write succeeded
1498589206458	addons.xpi-utils	DEBUG	XPI Database saved, setting schema version preference to 17
1498589206459	DeferredSave.extensions.json	DEBUG	Starting timer
1498589206485	DeferredSave.extensions.json	DEBUG	Starting write
1498589206515	addons.repository	DEBUG	No addons.json found.
1498589206517	DeferredSave.addons.json	DEBUG	Save changes
1498589206522	DeferredSave.addons.json	DEBUG	Starting timer
1498589206602	addons.manager	DEBUG	Starting provider: PreviousExperimentProvider
1498589206602	addons.manager	DEBUG	Registering shutdown blocker for PreviousExperimentProvider
1498589206603	addons.manager	DEBUG	Provider finished startup: PreviousExperimentProvider
1498589206613	DeferredSave.addons.json	DEBUG	Starting write
1498589206632	DeferredSave.extensions.json	DEBUG	Write succeeded
1498589206679	DeferredSave.addons.json	DEBUG	Write succeeded
1498589231913	addons.xpi	DEBUG	Calling bootstrap method shutdown on e10srollout@mozilla.org version 1.0
1498589231916	addons.xpi	DEBUG	Calling bootstrap method shutdown on firefox@getpocket.com version 1.0.2
1498589231918	addons.xpi	DEBUG	Calling bootstrap method shutdown on loop@mozilla.org version 1.3.2
1498589231926	addons.xpi	DEBUG	Calling bootstrap method shutdown on websensehelper@mozilla.org version 1.0
1498589232569	addons.manager	DEBUG	shutdown
1498589232571	addons.manager	DEBUG	Calling shutdown blocker for XPIProvider
1498589232572	addons.xpi	DEBUG	shutdown
1498589232573	addons.xpi-utils	DEBUG	shutdown
1498589232579	addons.manager	DEBUG	Calling shutdown blocker for LightweightThemeManager
1498589232581	addons.manager	DEBUG	Calling shutdown blocker for GMPProvider
1498589232604	addons.manager	DEBUG	Calling shutdown blocker for PluginProvider
1498589232606	addons.manager	DEBUG	Calling shutdown blocker for <unnamed-provider>
1498589232614	addons.manager	DEBUG	Calling shutdown blocker for PreviousExperimentProvider
1498589232630	addons.xpi	DEBUG	Notifying XPI shutdown observers
1498589232643	addons.manager	DEBUG	Async provider shutdown done

Build info: version: '2.48.2', revision: '41bccdd', time: '2015-10-09 19:55:52'
System info: host: 'DeskTop-Prakash', ip: '192.168.1.106', os.name: 'Windows 10', os.arch: 'amd64', os.version: '10.0', java.version: '1.8.0_131'
Driver info: driver.version: FirefoxDriver
	at org.openqa.selenium.firefox.internal.NewProfileExtensionConnection.start(NewProfileExtensionConnection.java:134)
	at org.openqa.selenium.firefox.FirefoxDriver.startClient(FirefoxDriver.java:271)
	at org.openqa.selenium.remote.RemoteWebDriver.<init>(RemoteWebDriver.java:117)
	at org.openqa.selenium.firefox.FirefoxDriver.<init>(FirefoxDriver.java:218)
	at org.openqa.selenium.firefox.FirefoxDriver.<init>(FirefoxDriver.java:211)
	at org.openqa.selenium.firefox.FirefoxDriver.<init>(FirefoxDriver.java:207)
	at org.openqa.selenium.firefox.FirefoxDriver.<init>(FirefoxDriver.java:124)
	at samplePackage.RunBlogPosts.test(RunBlogPosts.java:28)
	at sun.reflect.NativeMethodAccessorImpl.invoke0(Native Method)
	at sun.reflect.NativeMethodAccessorImpl.invoke(Unknown Source)
	at sun.reflect.DelegatingMethodAccessorImpl.invoke(Unknown Source)
	at java.lang.reflect.Method.invoke(Unknown Source)
	at org.testng.internal.MethodInvocationHelper.invokeMethod(MethodInvocationHelper.java:85)
	at org.testng.internal.Invoker.invokeMethod(Invoker.java:639)
	at org.testng.internal.Invoker.invokeTestMethod(Invoker.java:821)
	at org.testng.internal.Invoker.invokeTestMethods(Invoker.java:1131)
	at org.testng.internal.TestMethodWorker.invokeTestMethods(TestMethodWorker.java:124)
	at org.testng.internal.TestMethodWorker.run(TestMethodWorker.java:108)
	at org.testng.TestRunner.privateRun(TestRunner.java:773)
	at org.testng.TestRunner.run(TestRunner.java:623)
	at org.testng.SuiteRunner.runTest(SuiteRunner.java:357)
	at org.testng.SuiteRunner.runSequentially(SuiteRunner.java:352)
	at org.testng.SuiteRunner.privateRun(SuiteRunner.java:310)
	at org.testng.SuiteRunner.run(SuiteRunner.java:259)
	at org.testng.SuiteRunnerWorker.runSuite(SuiteRunnerWorker.java:52)
	at org.testng.SuiteRunnerWorker.run(SuiteRunnerWorker.java:86)
	at org.testng.TestNG.runSuitesSequentially(TestNG.java:1185)
	at org.testng.TestNG.runSuitesLocally(TestNG.java:1110)
	at org.testng.TestNG.run(TestNG.java:1018)
	at org.testng.remote.AbstractRemoteTestNG.run(AbstractRemoteTestNG.java:132)
	at org.testng.remote.RemoteTestNG.initAndRun(RemoteTestNG.java:230)
	at org.testng.remote.RemoteTestNG.main(RemoteTestNG.java:76)
Caused by: org.openqa.selenium.firefox.NotConnectedException: Unable to connect to host 127.0.0.1 on port 7055 after 45000 ms. Firefox console output:
498589200263	addons.xpi	DEBUG	Calling bootstrap method startup on firefox@getpocket.com version 1.0.2
1498589200264	addons.xpi	DEBUG	Registering manifest for C:\Program Files\Mozilla Firefox\browser\features\loop@mozilla.org.xpi
1498589200265	addons.xpi	DEBUG	Calling bootstrap method startup on loop@mozilla.org version 1.3.2
1498589200285	addons.xpi	DEBUG	Registering manifest for C:\Program Files\Mozilla Firefox\browser\features\websensehelper@mozilla.org.xpi
1498589200286	addons.xpi	DEBUG	Calling bootstrap method startup on websensehelper@mozilla.org version 1.0
1498589200290	addons.manager	DEBUG	Registering shutdown blocker for XPIProvider
1498589200290	addons.manager	DEBUG	Provider finished startup: XPIProvider
1498589200290	addons.manager	DEBUG	Starting provider: LightweightThemeManager
1498589200290	addons.manager	DEBUG	Registering shutdown blocker for LightweightThemeManager
1498589200291	addons.manager	DEBUG	Provider finished startup: LightweightThemeManager
1498589200291	addons.manager	DEBUG	Starting provider: GMPProvider
1498589200299	addons.manager	DEBUG	Registering shutdown blocker for GMPProvider
1498589200300	addons.manager	DEBUG	Provider finished startup: GMPProvider
1498589200300	addons.manager	DEBUG	Starting provider: PluginProvider
1498589200300	addons.manager	DEBUG	Registering shutdown blocker for PluginProvider
1498589200300	addons.manager	DEBUG	Provider finished startup: PluginProvider
1498589200301	addons.manager	DEBUG	Completed startup sequence
[GFX1]: Potential driver version mismatch ignored due to missing DLLs 0.0.0.0 and 0.0.0.0
Crash Annotation GraphicsCriticalError: |[0][GFX1-]: VendorIDMismatch V 0x8086 0x1414 (t=5.58959) [GFX1-]: VendorIDMismatch V 0x8086 0x1414
1498589206072	addons.manager	DEBUG	Starting provider: <unnamed-provider>
1498589206072	addons.manager	DEBUG	Registering shutdown blocker for <unnamed-provider>
1498589206073	addons.manager	DEBUG	Provider finished startup: <unnamed-provider>
1498589206457	DeferredSave.extensions.json	DEBUG	Write succeeded
1498589206458	addons.xpi-utils	DEBUG	XPI Database saved, setting schema version preference to 17
1498589206459	DeferredSave.extensions.json	DEBUG	Starting timer
1498589206485	DeferredSave.extensions.json	DEBUG	Starting write
1498589206515	addons.repository	DEBUG	No addons.json found.
1498589206517	DeferredSave.addons.json	DEBUG	Save changes
1498589206522	DeferredSave.addons.json	DEBUG	Starting timer
1498589206602	addons.manager	DEBUG	Starting provider: PreviousExperimentProvider
1498589206602	addons.manager	DEBUG	Registering shutdown blocker for PreviousExperimentProvider
1498589206603	addons.manager	DEBUG	Provider finished startup: PreviousExperimentProvider
1498589206613	DeferredSave.addons.json	DEBUG	Starting write
1498589206632	DeferredSave.extensions.json	DEBUG	Write succeeded
1498589206679	DeferredSave.addons.json	DEBUG	Write succeeded
1498589231913	addons.xpi	DEBUG	Calling bootstrap method shutdown on e10srollout@mozilla.org version 1.0
1498589231916	addons.xpi	DEBUG	Calling bootstrap method shutdown on firefox@getpocket.com version 1.0.2
1498589231918	addons.xpi	DEBUG	Calling bootstrap method shutdown on loop@mozilla.org version 1.3.2
1498589231926	addons.xpi	DEBUG	Calling bootstrap method shutdown on websensehelper@mozilla.org version 1.0
1498589232569	addons.manager	DEBUG	shutdown
1498589232571	addons.manager	DEBUG	Calling shutdown blocker for XPIProvider
1498589232572	addons.xpi	DEBUG	shutdown
1498589232573	addons.xpi-utils	DEBUG	shutdown
1498589232579	addons.manager	DEBUG	Calling shutdown blocker for LightweightThemeManager
1498589232581	addons.manager	DEBUG	Calling shutdown blocker for GMPProvider
1498589232604	addons.manager	DEBUG	Calling shutdown blocker for PluginProvider
1498589232606	addons.manager	DEBUG	Calling shutdown blocker for <unnamed-provider>
1498589232614	addons.manager	DEBUG	Calling shutdown blocker for PreviousExperimentProvider
1498589232630	addons.xpi	DEBUG	Notifying XPI shutdown observers
1498589232643	addons.manager	DEBUG	Async provider shutdown done

	at org.openqa.selenium.firefox.internal.NewProfileExtensionConnection.start(NewProfileExtensionConnection.java:122)
	... 31 more
]]>
    </error>
  </testcase> <!-- test -->
</testsuite> <!-- samplePackage.RunBlogPosts -->
