<?xml version="1.0" encoding="UTF-8"?>
<!-- Generated by org.testng.reporters.JUnitReportReporter -->
<testsuite hostname="DeskTop-Prakash" name="samplePackage.BrowserStack" tests="100" failures="0" timestamp="24 Jul 2017 15:21:20 GMT" time="1794.693" errors="0">
  <testcase name="test" time="12.268" classname="samplePackage.BrowserStack"/>
  <testcase name="test" time="17.555" classname="samplePackage.BrowserStack"/>
  <testcase name="test" time="22.514" classname="samplePackage.BrowserStack"/>
  <testcase name="test" time="21.509" classname="samplePackage.BrowserStack"/>
  <testcase name="test" time="15.698" classname="samplePackage.BrowserStack"/>
  <testcase name="test" time="14.502" classname="samplePackage.BrowserStack"/>
  <testcase name="test" time="11.765" classname="samplePackage.BrowserStack"/>
  <testcase name="test" time="11.902" classname="samplePackage.BrowserStack"/>
  <testcase name="test" time="12.639" classname="samplePackage.BrowserStack"/>
  <testcase name="test" time="11.727" classname="samplePackage.BrowserStack"/>
  <testcase name="test" time="12.281" classname="samplePackage.BrowserStack"/>
  <testcase name="test" time="19.547" classname="samplePackage.BrowserStack"/>
  <testcase name="test" time="14.635" classname="samplePackage.BrowserStack"/>
  <testcase name="test" time="12.403" classname="samplePackage.BrowserStack"/>
  <testcase name="test" time="13.540" classname="samplePackage.BrowserStack"/>
  <testcase name="test" time="12.316" classname="samplePackage.BrowserStack"/>
  <testcase name="test" time="19.141" classname="samplePackage.BrowserStack"/>
  <testcase name="test" time="15.920" classname="samplePackage.BrowserStack"/>
  <testcase name="test" time="12.125" classname="samplePackage.BrowserStack"/>
  <testcase name="test" time="16.502" classname="samplePackage.BrowserStack"/>
  <testcase name="test" time="21.992" classname="samplePackage.BrowserStack"/>
  <testcase name="test" time="11.904" classname="samplePackage.BrowserStack"/>
  <testcase name="test" time="13.232" classname="samplePackage.BrowserStack"/>
  <testcase name="test" time="25.309" classname="samplePackage.BrowserStack"/>
  <testcase name="test" time="12.218" classname="samplePackage.BrowserStack"/>
  <testcase name="test" time="13.096" classname="samplePackage.BrowserStack"/>
  <testcase name="test" time="15.096" classname="samplePackage.BrowserStack"/>
  <testcase name="test" time="12.864" classname="samplePackage.BrowserStack"/>
  <testcase name="test" time="13.780" classname="samplePackage.BrowserStack"/>
  <testcase name="test" time="25.498" classname="samplePackage.BrowserStack"/>
  <testcase name="test" time="17.400" classname="samplePackage.BrowserStack"/>
  <testcase name="test" time="11.897" classname="samplePackage.BrowserStack"/>
  <testcase name="test" time="22.634" classname="samplePackage.BrowserStack"/>
  <testcase name="test" time="11.934" classname="samplePackage.BrowserStack"/>
  <testcase name="test" time="23.167" classname="samplePackage.BrowserStack"/>
  <testcase name="test" time="14.826" classname="samplePackage.BrowserStack"/>
  <testcase name="test" time="18.035" classname="samplePackage.BrowserStack"/>
  <testcase name="test" time="12.214" classname="samplePackage.BrowserStack"/>
  <testcase name="test" time="11.607" classname="samplePackage.BrowserStack"/>
  <testcase name="test" time="12.050" classname="samplePackage.BrowserStack"/>
  <testcase name="test" time="12.327" classname="samplePackage.BrowserStack"/>
  <testcase name="test" time="12.104" classname="samplePackage.BrowserStack"/>
  <testcase name="test" time="41.150" classname="samplePackage.BrowserStack"/>
  <testcase name="test" time="21.182" classname="samplePackage.BrowserStack"/>
  <testcase name="test" time="11.907" classname="samplePackage.BrowserStack"/>
  <testcase name="test" time="21.317" classname="samplePackage.BrowserStack"/>
  <testcase name="test" time="11.901" classname="samplePackage.BrowserStack"/>
  <testcase name="test" time="13.675" classname="samplePackage.BrowserStack"/>
  <testcase name="test" time="12.263" classname="samplePackage.BrowserStack"/>
  <testcase name="test" time="11.780" classname="samplePackage.BrowserStack"/>
  <testcase name="test" time="14.577" classname="samplePackage.BrowserStack"/>
  <testcase name="test" time="29.036" classname="samplePackage.BrowserStack"/>
  <testcase name="test" time="14.519" classname="samplePackage.BrowserStack"/>
  <testcase name="test" time="12.248" classname="samplePackage.BrowserStack"/>
  <testcase name="test" time="20.652" classname="samplePackage.BrowserStack"/>
  <testcase name="test" time="12.505" classname="samplePackage.BrowserStack"/>
  <testcase name="test" time="11.895" classname="samplePackage.BrowserStack"/>
  <testcase name="test" time="11.314" classname="samplePackage.BrowserStack"/>
  <testcase name="test" time="11.837" classname="samplePackage.BrowserStack"/>
  <testcase name="test" time="30.306" classname="samplePackage.BrowserStack"/>
  <testcase name="test" time="11.730" classname="samplePackage.BrowserStack"/>
  <testcase name="test" time="12.025" classname="samplePackage.BrowserStack"/>
  <testcase name="test" time="16.311" classname="samplePackage.BrowserStack"/>
  <testcase name="test" time="13.830" classname="samplePackage.BrowserStack"/>
  <testcase name="test" time="22.234" classname="samplePackage.BrowserStack"/>
  <testcase name="test" time="47.552" classname="samplePackage.BrowserStack"/>
  <testcase name="test" time="29.680" classname="samplePackage.BrowserStack"/>
  <testcase name="test" time="34.879" classname="samplePackage.BrowserStack"/>
  <testcase name="test" time="19.711" classname="samplePackage.BrowserStack"/>
  <testcase name="test" time="11.849" classname="samplePackage.BrowserStack"/>
  <testcase name="test" time="12.642" classname="samplePackage.BrowserStack"/>
  <testcase name="test" time="21.300" classname="samplePackage.BrowserStack"/>
  <testcase name="test" time="32.562" classname="samplePackage.BrowserStack"/>
  <testcase name="test" time="22.113" classname="samplePackage.BrowserStack"/>
  <testcase name="test" time="41.891" classname="samplePackage.BrowserStack"/>
  <testcase name="test" time="12.101" classname="samplePackage.BrowserStack"/>
  <testcase name="test" time="42.064" classname="samplePackage.BrowserStack"/>
  <testcase name="test" time="11.660" classname="samplePackage.BrowserStack"/>
  <testcase name="test" time="11.683" classname="samplePackage.BrowserStack"/>
  <testcase name="test" time="23.067" classname="samplePackage.BrowserStack"/>
  <testcase name="test" time="11.810" classname="samplePackage.BrowserStack"/>
  <testcase name="test" time="21.302" classname="samplePackage.BrowserStack"/>
  <testcase name="test" time="11.548" classname="samplePackage.BrowserStack"/>
  <testcase name="test" time="13.738" classname="samplePackage.BrowserStack"/>
  <testcase name="test" time="58.386" classname="samplePackage.BrowserStack"/>
  <testcase name="test" time="13.552" classname="samplePackage.BrowserStack"/>
  <testcase name="test" time="36.994" classname="samplePackage.BrowserStack"/>
  <testcase name="test" time="22.341" classname="samplePackage.BrowserStack"/>
  <testcase name="test" time="26.365" classname="samplePackage.BrowserStack"/>
  <testcase name="test" time="41.552" classname="samplePackage.BrowserStack"/>
  <testcase name="test" time="12.925" classname="samplePackage.BrowserStack"/>
  <testcase name="test" time="11.373" classname="samplePackage.BrowserStack"/>
  <testcase name="test" time="12.439" classname="samplePackage.BrowserStack"/>
  <testcase name="test" time="11.611" classname="samplePackage.BrowserStack"/>
  <testcase name="test" time="16.563" classname="samplePackage.BrowserStack"/>
  <testcase name="test" time="13.066" classname="samplePackage.BrowserStack"/>
  <testcase name="test" time="12.158" classname="samplePackage.BrowserStack"/>
  <testcase name="test" time="11.711" classname="samplePackage.BrowserStack"/>
  <testcase name="test" time="12.391" classname="samplePackage.BrowserStack"/>
  <testcase name="test" time="12.247" classname="samplePackage.BrowserStack"/>
</testsuite> <!-- samplePackage.BrowserStack -->
